[2022-10-28T19:10:26.483+0000] {taskinstance.py:1165} INFO - Dependencies all met for <TaskInstance: ENG_hourly_process_v1.get_hourly_demand scheduled__2022-10-26T17:05:00+00:00 [queued]>
[2022-10-28T19:10:26.540+0000] {taskinstance.py:1165} INFO - Dependencies all met for <TaskInstance: ENG_hourly_process_v1.get_hourly_demand scheduled__2022-10-26T17:05:00+00:00 [queued]>
[2022-10-28T19:10:26.541+0000] {taskinstance.py:1362} INFO - 
--------------------------------------------------------------------------------
[2022-10-28T19:10:26.541+0000] {taskinstance.py:1363} INFO - Starting attempt 1 of 2
[2022-10-28T19:10:26.541+0000] {taskinstance.py:1364} INFO - 
--------------------------------------------------------------------------------
[2022-10-28T19:10:31.647+0000] {taskinstance.py:1383} INFO - Executing <Task(PythonOperator): get_hourly_demand> on 2022-10-26 17:05:00+00:00
[2022-10-28T19:10:31.701+0000] {standard_task_runner.py:82} INFO - Running: ['***', 'tasks', 'run', 'ENG_hourly_process_v1', 'get_hourly_demand', 'scheduled__2022-10-26T17:05:00+00:00', '--job-id', '94', '--raw', '--subdir', 'DAGS_FOLDER/ENG_hourly_process_dag.py', '--cfg-path', '/tmp/tmpwp331113']
[2022-10-28T19:10:31.716+0000] {standard_task_runner.py:83} INFO - Job 94: Subtask get_hourly_demand
[2022-10-28T19:10:31.728+0000] {standard_task_runner.py:55} INFO - Started process 6221 to run task
[2022-10-28T19:10:32.518+0000] {task_command.py:376} INFO - Running <TaskInstance: ENG_hourly_process_v1.get_hourly_demand scheduled__2022-10-26T17:05:00+00:00 [running]> on host f011703e6eb5
[2022-10-28T19:10:33.567+0000] {taskinstance.py:1592} INFO - Exporting the following env vars:
AIRFLOW_CTX_DAG_EMAIL=colmo786@gmail.com
AIRFLOW_CTX_DAG_OWNER=energy
AIRFLOW_CTX_DAG_ID=ENG_hourly_process_v1
AIRFLOW_CTX_TASK_ID=get_hourly_demand
AIRFLOW_CTX_EXECUTION_DATE=2022-10-26T17:05:00+00:00
AIRFLOW_CTX_TRY_NUMBER=1
AIRFLOW_CTX_DAG_RUN_ID=scheduled__2022-10-26T17:05:00+00:00
[2022-10-28T19:10:33.875+0000] {logging_mixin.py:120} WARNING - /home/***/.local/lib/python3.7/site-packages/***/utils/context.py:297 AirflowContextDeprecationWarning: Accessing 'execution_date' from the template is deprecated and will be removed in a future version. Please use 'data_interval_start' or 'logical_date' instead.
[2022-10-28T19:10:34.015+0000] {logging_mixin.py:120} INFO - INFO Module build_postgres_cnxn: DB Connection to host local_pgdb Ok
[2022-10-28T19:10:34.346+0000] {logging_mixin.py:120} INFO - INFO api_request_to_pandas: API request executed Ok. Number of records returned: 288
[2022-10-28T19:10:34.738+0000] {logging_mixin.py:120} INFO - INFO api_request_to_pandas: API request executed Ok. Number of records returned: 19
[2022-10-28T19:10:34.758+0000] {logging_mixin.py:120} INFO - INFO is_holiday. URL request for 2022-10-26 Ok.
[2022-10-28T19:10:34.828+0000] {logging_mixin.py:120} INFO - INFO get_hourly_demand - 24 records were upserted. Table cammesa_db.hourly_demand.
[2022-10-28T19:10:34.830+0000] {logging_mixin.py:120} INFO - INFO get_hourly_demand execution:  2022-10-26T17:05:00+00:00
[2022-10-28T19:10:34.832+0000] {python.py:177} INFO - Done. Returned value was: None
[2022-10-28T19:10:34.874+0000] {taskinstance.py:1406} INFO - Marking task as SUCCESS. dag_id=ENG_hourly_process_v1, task_id=get_hourly_demand, execution_date=20221026T170500, start_date=20221028T191026, end_date=20221028T191034
[2022-10-28T19:10:34.969+0000] {local_task_job.py:164} INFO - Task exited with return code 0
[2022-10-28T19:10:35.063+0000] {local_task_job.py:273} INFO - 1 downstream tasks scheduled from follow-on schedule check
[2022-10-29T00:35:57.987+0000] {taskinstance.py:1165} INFO - Dependencies all met for <TaskInstance: ENG_hourly_process_v1.get_hourly_demand scheduled__2022-10-26T17:05:00+00:00 [queued]>
[2022-10-29T00:35:58.079+0000] {taskinstance.py:1165} INFO - Dependencies all met for <TaskInstance: ENG_hourly_process_v1.get_hourly_demand scheduled__2022-10-26T17:05:00+00:00 [queued]>
[2022-10-29T00:35:58.082+0000] {taskinstance.py:1362} INFO - 
--------------------------------------------------------------------------------
[2022-10-29T00:35:58.084+0000] {taskinstance.py:1363} INFO - Starting attempt 1 of 2
[2022-10-29T00:35:58.086+0000] {taskinstance.py:1364} INFO - 
--------------------------------------------------------------------------------
[2022-10-29T00:35:58.338+0000] {taskinstance.py:1383} INFO - Executing <Task(PythonOperator): get_hourly_demand> on 2022-10-26 17:05:00+00:00
[2022-10-29T00:35:58.420+0000] {standard_task_runner.py:55} INFO - Started process 842 to run task
[2022-10-29T00:35:58.563+0000] {standard_task_runner.py:82} INFO - Running: ['***', 'tasks', 'run', 'ENG_hourly_process_v1', 'get_hourly_demand', 'scheduled__2022-10-26T17:05:00+00:00', '--job-id', '36', '--raw', '--subdir', 'DAGS_FOLDER/ENG_hourly_process_dag.py', '--cfg-path', '/tmp/tmpupjbmfwg']
[2022-10-29T00:35:58.651+0000] {standard_task_runner.py:83} INFO - Job 36: Subtask get_hourly_demand
[2022-10-29T00:35:59.340+0000] {task_command.py:376} INFO - Running <TaskInstance: ENG_hourly_process_v1.get_hourly_demand scheduled__2022-10-26T17:05:00+00:00 [running]> on host 6800cd8e39a3
[2022-10-29T00:36:00.479+0000] {taskinstance.py:1592} INFO - Exporting the following env vars:
AIRFLOW_CTX_DAG_EMAIL=colmo786@gmail.com
AIRFLOW_CTX_DAG_OWNER=energy
AIRFLOW_CTX_DAG_ID=ENG_hourly_process_v1
AIRFLOW_CTX_TASK_ID=get_hourly_demand
AIRFLOW_CTX_EXECUTION_DATE=2022-10-26T17:05:00+00:00
AIRFLOW_CTX_TRY_NUMBER=1
AIRFLOW_CTX_DAG_RUN_ID=scheduled__2022-10-26T17:05:00+00:00
[2022-10-29T00:36:00.657+0000] {logging_mixin.py:120} WARNING - /home/***/.local/lib/python3.7/site-packages/***/utils/context.py:297 AirflowContextDeprecationWarning: Accessing 'execution_date' from the template is deprecated and will be removed in a future version. Please use 'data_interval_start' or 'logical_date' instead.
[2022-10-29T00:36:00.788+0000] {logging_mixin.py:120} INFO - INFO Module build_postgres_cnxn: DB Connection to host local_pgdb Ok
[2022-10-29T00:36:01.226+0000] {logging_mixin.py:120} INFO - INFO api_request_to_pandas: API request executed Ok. Number of records returned: 288
[2022-10-29T00:36:02.020+0000] {logging_mixin.py:120} INFO - INFO api_request_to_pandas: API request executed Ok. Number of records returned: 19
[2022-10-29T00:36:02.022+0000] {logging_mixin.py:120} INFO - INFO is_holiday. URL request for 2022-10-26 Ok.
[2022-10-29T00:36:02.134+0000] {logging_mixin.py:120} INFO - INFO get_hourly_demand - 24 records were upserted. Table cammesa_db.hourly_demand.
[2022-10-29T00:36:02.134+0000] {logging_mixin.py:120} INFO - INFO get_hourly_demand execution:  2022-10-26T17:05:00+00:00
[2022-10-29T00:36:02.135+0000] {python.py:177} INFO - Done. Returned value was: None
[2022-10-29T00:36:02.185+0000] {taskinstance.py:1406} INFO - Marking task as SUCCESS. dag_id=ENG_hourly_process_v1, task_id=get_hourly_demand, execution_date=20221026T170500, start_date=20221029T003558, end_date=20221029T003602
[2022-10-29T00:36:03.006+0000] {local_task_job.py:164} INFO - Task exited with return code 0
[2022-10-29T00:36:03.195+0000] {local_task_job.py:273} INFO - 1 downstream tasks scheduled from follow-on schedule check
