[2022-10-27T23:01:58.547+0000] {taskinstance.py:1165} INFO - Dependencies all met for <TaskInstance: get_hourly_demand_v2.get_hourly_demand scheduled__2022-10-27T20:05:00+00:00 [queued]>
[2022-10-27T23:01:58.706+0000] {taskinstance.py:1165} INFO - Dependencies all met for <TaskInstance: get_hourly_demand_v2.get_hourly_demand scheduled__2022-10-27T20:05:00+00:00 [queued]>
[2022-10-27T23:01:58.706+0000] {taskinstance.py:1362} INFO - 
--------------------------------------------------------------------------------
[2022-10-27T23:01:58.706+0000] {taskinstance.py:1363} INFO - Starting attempt 1 of 2
[2022-10-27T23:01:58.707+0000] {taskinstance.py:1364} INFO - 
--------------------------------------------------------------------------------
[2022-10-27T23:01:59.121+0000] {taskinstance.py:1383} INFO - Executing <Task(PythonOperator): get_hourly_demand> on 2022-10-27 20:05:00+00:00
[2022-10-27T23:01:59.143+0000] {standard_task_runner.py:55} INFO - Started process 305 to run task
[2022-10-27T23:01:59.237+0000] {standard_task_runner.py:82} INFO - Running: ['***', 'tasks', 'run', 'get_hourly_demand_v2', 'get_hourly_demand', 'scheduled__2022-10-27T20:05:00+00:00', '--job-id', '50', '--raw', '--subdir', 'DAGS_FOLDER/hourly_demand_dag.py', '--cfg-path', '/tmp/tmp931hpd8f']
[2022-10-27T23:01:59.253+0000] {standard_task_runner.py:83} INFO - Job 50: Subtask get_hourly_demand
[2022-10-27T23:02:00.523+0000] {task_command.py:376} INFO - Running <TaskInstance: get_hourly_demand_v2.get_hourly_demand scheduled__2022-10-27T20:05:00+00:00 [running]> on host b19062265769
[2022-10-27T23:02:02.626+0000] {taskinstance.py:1592} INFO - Exporting the following env vars:
AIRFLOW_CTX_DAG_EMAIL=colmo786@gmail.com
AIRFLOW_CTX_DAG_OWNER=energy
AIRFLOW_CTX_DAG_ID=get_hourly_demand_v2
AIRFLOW_CTX_TASK_ID=get_hourly_demand
AIRFLOW_CTX_EXECUTION_DATE=2022-10-27T20:05:00+00:00
AIRFLOW_CTX_TRY_NUMBER=1
AIRFLOW_CTX_DAG_RUN_ID=scheduled__2022-10-27T20:05:00+00:00
[2022-10-27T23:02:02.705+0000] {logging_mixin.py:120} WARNING - /home/***/.local/lib/python3.7/site-packages/***/utils/context.py:297 AirflowContextDeprecationWarning: Accessing 'execution_date' from the template is deprecated and will be removed in a future version. Please use 'data_interval_start' or 'logical_date' instead.
[2022-10-27T23:02:02.867+0000] {logging_mixin.py:120} INFO - INFO Module build_postgres_cnxn: DB Connection to host local_pgdb Ok
[2022-10-27T23:02:03.634+0000] {logging_mixin.py:120} INFO - INFO api_request_to_pandas: API request executed Ok. Number of records returned: 239
[2022-10-27T23:02:04.279+0000] {logging_mixin.py:120} INFO - INFO api_request_to_pandas: API request executed Ok. Number of records returned: 19
[2022-10-27T23:02:04.282+0000] {logging_mixin.py:120} INFO - INFO is_holiday. URL request for 2022-10-27 Ok.
[2022-10-27T23:02:04.485+0000] {logging_mixin.py:120} INFO - INFO get_hourly_demand - 19 records were upserted. Table cammesa_db.hourly_demand.
[2022-10-27T23:02:04.487+0000] {logging_mixin.py:120} INFO - INFO get_hourly_demand execution:  2022-10-27T20:05:00+00:00
[2022-10-27T23:02:04.487+0000] {python.py:177} INFO - Done. Returned value was: None
[2022-10-27T23:02:04.646+0000] {taskinstance.py:1406} INFO - Marking task as SUCCESS. dag_id=get_hourly_demand_v2, task_id=get_hourly_demand, execution_date=20221027T200500, start_date=20221027T230158, end_date=20221027T230204
[2022-10-27T23:02:05.154+0000] {local_task_job.py:164} INFO - Task exited with return code 0
[2022-10-27T23:02:05.628+0000] {local_task_job.py:273} INFO - 0 downstream tasks scheduled from follow-on schedule check
[2022-10-28T03:14:37.858+0000] {taskinstance.py:1165} INFO - Dependencies all met for <TaskInstance: get_hourly_demand_v2.get_hourly_demand scheduled__2022-10-27T20:05:00+00:00 [queued]>
[2022-10-28T03:14:37.949+0000] {taskinstance.py:1165} INFO - Dependencies all met for <TaskInstance: get_hourly_demand_v2.get_hourly_demand scheduled__2022-10-27T20:05:00+00:00 [queued]>
[2022-10-28T03:14:37.950+0000] {taskinstance.py:1362} INFO - 
--------------------------------------------------------------------------------
[2022-10-28T03:14:37.950+0000] {taskinstance.py:1363} INFO - Starting attempt 1 of 2
[2022-10-28T03:14:37.964+0000] {taskinstance.py:1364} INFO - 
--------------------------------------------------------------------------------
[2022-10-28T03:14:38.217+0000] {taskinstance.py:1383} INFO - Executing <Task(PythonOperator): get_hourly_demand> on 2022-10-27 20:05:00+00:00
[2022-10-28T03:14:38.227+0000] {standard_task_runner.py:55} INFO - Started process 813 to run task
[2022-10-28T03:14:38.275+0000] {standard_task_runner.py:82} INFO - Running: ['***', 'tasks', 'run', 'get_hourly_demand_v2', 'get_hourly_demand', 'scheduled__2022-10-27T20:05:00+00:00', '--job-id', '47', '--raw', '--subdir', 'DAGS_FOLDER/hourly_demand_dag.py', '--cfg-path', '/tmp/tmpizhhgwhh']
[2022-10-28T03:14:38.291+0000] {standard_task_runner.py:83} INFO - Job 47: Subtask get_hourly_demand
[2022-10-28T03:14:38.764+0000] {task_command.py:376} INFO - Running <TaskInstance: get_hourly_demand_v2.get_hourly_demand scheduled__2022-10-27T20:05:00+00:00 [running]> on host 96776771a69f
[2022-10-28T03:14:39.142+0000] {taskinstance.py:1592} INFO - Exporting the following env vars:
AIRFLOW_CTX_DAG_EMAIL=colmo786@gmail.com
AIRFLOW_CTX_DAG_OWNER=energy
AIRFLOW_CTX_DAG_ID=get_hourly_demand_v2
AIRFLOW_CTX_TASK_ID=get_hourly_demand
AIRFLOW_CTX_EXECUTION_DATE=2022-10-27T20:05:00+00:00
AIRFLOW_CTX_TRY_NUMBER=1
AIRFLOW_CTX_DAG_RUN_ID=scheduled__2022-10-27T20:05:00+00:00
[2022-10-28T03:14:39.164+0000] {logging_mixin.py:120} WARNING - /home/***/.local/lib/python3.7/site-packages/***/utils/context.py:297 AirflowContextDeprecationWarning: Accessing 'execution_date' from the template is deprecated and will be removed in a future version. Please use 'data_interval_start' or 'logical_date' instead.
[2022-10-28T03:14:39.220+0000] {logging_mixin.py:120} INFO - INFO Module build_postgres_cnxn: DB Connection to host local_pgdb Ok
[2022-10-28T03:14:39.398+0000] {logging_mixin.py:120} INFO - INFO api_request_to_pandas: API request executed Ok. Number of records returned: 288
[2022-10-28T03:14:39.784+0000] {logging_mixin.py:120} INFO - INFO api_request_to_pandas: API request executed Ok. Number of records returned: 19
[2022-10-28T03:14:39.787+0000] {logging_mixin.py:120} INFO - INFO is_holiday. URL request for 2022-10-27 Ok.
[2022-10-28T03:14:39.861+0000] {logging_mixin.py:120} INFO - INFO get_hourly_demand - 24 records were upserted. Table cammesa_db.hourly_demand.
[2022-10-28T03:14:39.864+0000] {logging_mixin.py:120} INFO - INFO get_hourly_demand execution:  2022-10-27T20:05:00+00:00
[2022-10-28T03:14:39.869+0000] {python.py:177} INFO - Done. Returned value was: None
[2022-10-28T03:14:39.926+0000] {taskinstance.py:1406} INFO - Marking task as SUCCESS. dag_id=get_hourly_demand_v2, task_id=get_hourly_demand, execution_date=20221027T200500, start_date=20221028T031437, end_date=20221028T031439
[2022-10-28T03:14:40.074+0000] {local_task_job.py:164} INFO - Task exited with return code 0
[2022-10-28T03:14:40.122+0000] {local_task_job.py:273} INFO - 0 downstream tasks scheduled from follow-on schedule check
[2022-10-28T18:01:45.177+0000] {taskinstance.py:1165} INFO - Dependencies all met for <TaskInstance: get_hourly_demand_v2.get_hourly_demand scheduled__2022-10-27T20:05:00+00:00 [queued]>
[2022-10-28T18:01:45.286+0000] {taskinstance.py:1165} INFO - Dependencies all met for <TaskInstance: get_hourly_demand_v2.get_hourly_demand scheduled__2022-10-27T20:05:00+00:00 [queued]>
[2022-10-28T18:01:45.287+0000] {taskinstance.py:1362} INFO - 
--------------------------------------------------------------------------------
[2022-10-28T18:01:45.287+0000] {taskinstance.py:1363} INFO - Starting attempt 1 of 2
[2022-10-28T18:01:45.287+0000] {taskinstance.py:1364} INFO - 
--------------------------------------------------------------------------------
[2022-10-28T18:01:45.464+0000] {taskinstance.py:1383} INFO - Executing <Task(PythonOperator): get_hourly_demand> on 2022-10-27 20:05:00+00:00
[2022-10-28T18:01:45.508+0000] {standard_task_runner.py:55} INFO - Started process 1026 to run task
[2022-10-28T18:01:45.543+0000] {standard_task_runner.py:82} INFO - Running: ['***', 'tasks', 'run', 'get_hourly_demand_v2', 'get_hourly_demand', 'scheduled__2022-10-27T20:05:00+00:00', '--job-id', '44', '--raw', '--subdir', 'DAGS_FOLDER/hourly_demand_dag.py', '--cfg-path', '/tmp/tmpdx7nk8a4']
[2022-10-28T18:01:45.609+0000] {standard_task_runner.py:83} INFO - Job 44: Subtask get_hourly_demand
[2022-10-28T18:01:45.925+0000] {task_command.py:376} INFO - Running <TaskInstance: get_hourly_demand_v2.get_hourly_demand scheduled__2022-10-27T20:05:00+00:00 [running]> on host f011703e6eb5
[2022-10-28T18:01:46.552+0000] {taskinstance.py:1592} INFO - Exporting the following env vars:
AIRFLOW_CTX_DAG_EMAIL=colmo786@gmail.com
AIRFLOW_CTX_DAG_OWNER=energy
AIRFLOW_CTX_DAG_ID=get_hourly_demand_v2
AIRFLOW_CTX_TASK_ID=get_hourly_demand
AIRFLOW_CTX_EXECUTION_DATE=2022-10-27T20:05:00+00:00
AIRFLOW_CTX_TRY_NUMBER=1
AIRFLOW_CTX_DAG_RUN_ID=scheduled__2022-10-27T20:05:00+00:00
[2022-10-28T18:01:46.687+0000] {logging_mixin.py:120} WARNING - /home/***/.local/lib/python3.7/site-packages/***/utils/context.py:297 AirflowContextDeprecationWarning: Accessing 'execution_date' from the template is deprecated and will be removed in a future version. Please use 'data_interval_start' or 'logical_date' instead.
[2022-10-28T18:01:46.762+0000] {logging_mixin.py:120} INFO - INFO Module build_postgres_cnxn: DB Connection to host local_pgdb Ok
[2022-10-28T18:01:46.990+0000] {logging_mixin.py:120} INFO - INFO api_request_to_pandas: API request executed Ok. Number of records returned: 288
[2022-10-28T18:01:47.380+0000] {logging_mixin.py:120} INFO - INFO api_request_to_pandas: API request executed Ok. Number of records returned: 19
[2022-10-28T18:01:47.384+0000] {logging_mixin.py:120} INFO - INFO is_holiday. URL request for 2022-10-27 Ok.
[2022-10-28T18:01:47.411+0000] {logging_mixin.py:120} INFO - INFO get_hourly_demand - 24 records were upserted. Table cammesa_db.hourly_demand.
[2022-10-28T18:01:47.412+0000] {logging_mixin.py:120} INFO - INFO get_hourly_demand execution:  2022-10-27T20:05:00+00:00
[2022-10-28T18:01:47.412+0000] {python.py:177} INFO - Done. Returned value was: None
[2022-10-28T18:01:47.509+0000] {taskinstance.py:1406} INFO - Marking task as SUCCESS. dag_id=get_hourly_demand_v2, task_id=get_hourly_demand, execution_date=20221027T200500, start_date=20221028T180145, end_date=20221028T180147
[2022-10-28T18:01:47.665+0000] {local_task_job.py:164} INFO - Task exited with return code 0
[2022-10-28T18:01:48.125+0000] {local_task_job.py:273} INFO - 0 downstream tasks scheduled from follow-on schedule check
