[2022-10-26T22:31:55.603+0000] {taskinstance.py:1165} INFO - Dependencies all met for <TaskInstance: get_hourly_demand_v2.get_hourly_demand scheduled__2022-10-26T05:05:00+00:00 [queued]>
[2022-10-26T22:31:55.657+0000] {taskinstance.py:1165} INFO - Dependencies all met for <TaskInstance: get_hourly_demand_v2.get_hourly_demand scheduled__2022-10-26T05:05:00+00:00 [queued]>
[2022-10-26T22:31:55.669+0000] {taskinstance.py:1362} INFO - 
--------------------------------------------------------------------------------
[2022-10-26T22:31:55.669+0000] {taskinstance.py:1363} INFO - Starting attempt 1 of 2
[2022-10-26T22:31:55.670+0000] {taskinstance.py:1364} INFO - 
--------------------------------------------------------------------------------
[2022-10-26T22:31:56.444+0000] {taskinstance.py:1383} INFO - Executing <Task(PythonOperator): get_hourly_demand> on 2022-10-26 05:05:00+00:00
[2022-10-26T22:31:56.494+0000] {standard_task_runner.py:55} INFO - Started process 346 to run task
[2022-10-26T22:31:56.545+0000] {standard_task_runner.py:82} INFO - Running: ['***', 'tasks', 'run', 'get_hourly_demand_v2', 'get_hourly_demand', 'scheduled__2022-10-26T05:05:00+00:00', '--job-id', '7', '--raw', '--subdir', 'DAGS_FOLDER/hourly_demand_dag.py', '--cfg-path', '/tmp/tmp8mzwc2hs']
[2022-10-26T22:31:56.553+0000] {standard_task_runner.py:83} INFO - Job 7: Subtask get_hourly_demand
[2022-10-26T22:31:57.508+0000] {task_command.py:376} INFO - Running <TaskInstance: get_hourly_demand_v2.get_hourly_demand scheduled__2022-10-26T05:05:00+00:00 [running]> on host b19062265769
[2022-10-26T22:32:01.024+0000] {taskinstance.py:1592} INFO - Exporting the following env vars:
AIRFLOW_CTX_DAG_EMAIL=colmo786@gmail.com
AIRFLOW_CTX_DAG_OWNER=energy
AIRFLOW_CTX_DAG_ID=get_hourly_demand_v2
AIRFLOW_CTX_TASK_ID=get_hourly_demand
AIRFLOW_CTX_EXECUTION_DATE=2022-10-26T05:05:00+00:00
AIRFLOW_CTX_TRY_NUMBER=1
AIRFLOW_CTX_DAG_RUN_ID=scheduled__2022-10-26T05:05:00+00:00
[2022-10-26T22:32:01.139+0000] {logging_mixin.py:120} WARNING - /home/***/.local/lib/python3.7/site-packages/***/utils/context.py:297 AirflowContextDeprecationWarning: Accessing 'execution_date' from the template is deprecated and will be removed in a future version. Please use 'data_interval_start' or 'logical_date' instead.
[2022-10-26T22:32:01.248+0000] {logging_mixin.py:120} INFO - INFO Module build_postgres_cnxn: DB Connection to host local_pgdb Ok
[2022-10-26T22:32:02.651+0000] {logging_mixin.py:120} INFO - INFO api_request_to_pandas: API request executed Ok. Number of records returned: 233
[2022-10-26T22:32:03.260+0000] {logging_mixin.py:120} INFO - INFO api_request_to_pandas: API request executed Ok. Number of records returned: 19
[2022-10-26T22:32:03.262+0000] {logging_mixin.py:120} INFO - INFO is_holiday. URL request for 2022-10-26 Ok.
[2022-10-26T22:32:10.936+0000] {logging_mixin.py:120} INFO - INFO get_hourly_demand - 19 records were upserted. Table cammesa_db.hourly_demand.
[2022-10-26T22:32:10.941+0000] {logging_mixin.py:120} INFO - INFO get_hourly_demand execution:  2022-10-26T05:05:00+00:00
[2022-10-26T22:32:10.941+0000] {python.py:177} INFO - Done. Returned value was: None
[2022-10-26T22:32:11.523+0000] {taskinstance.py:1406} INFO - Marking task as SUCCESS. dag_id=get_hourly_demand_v2, task_id=get_hourly_demand, execution_date=20221026T050500, start_date=20221026T223155, end_date=20221026T223211
[2022-10-26T22:32:12.784+0000] {local_task_job.py:164} INFO - Task exited with return code 0
[2022-10-26T22:32:13.661+0000] {local_task_job.py:273} INFO - 0 downstream tasks scheduled from follow-on schedule check
[2022-10-28T03:14:02.051+0000] {taskinstance.py:1165} INFO - Dependencies all met for <TaskInstance: get_hourly_demand_v2.get_hourly_demand scheduled__2022-10-26T05:05:00+00:00 [queued]>
[2022-10-28T03:14:02.095+0000] {taskinstance.py:1165} INFO - Dependencies all met for <TaskInstance: get_hourly_demand_v2.get_hourly_demand scheduled__2022-10-26T05:05:00+00:00 [queued]>
[2022-10-28T03:14:02.131+0000] {taskinstance.py:1362} INFO - 
--------------------------------------------------------------------------------
[2022-10-28T03:14:02.131+0000] {taskinstance.py:1363} INFO - Starting attempt 1 of 2
[2022-10-28T03:14:02.131+0000] {taskinstance.py:1364} INFO - 
--------------------------------------------------------------------------------
[2022-10-28T03:14:02.820+0000] {taskinstance.py:1383} INFO - Executing <Task(PythonOperator): get_hourly_demand> on 2022-10-26 05:05:00+00:00
[2022-10-28T03:14:02.828+0000] {standard_task_runner.py:55} INFO - Started process 663 to run task
[2022-10-28T03:14:02.870+0000] {standard_task_runner.py:82} INFO - Running: ['***', 'tasks', 'run', 'get_hourly_demand_v2', 'get_hourly_demand', 'scheduled__2022-10-26T05:05:00+00:00', '--job-id', '8', '--raw', '--subdir', 'DAGS_FOLDER/hourly_demand_dag.py', '--cfg-path', '/tmp/tmpbhcr5_qh']
[2022-10-28T03:14:02.872+0000] {standard_task_runner.py:83} INFO - Job 8: Subtask get_hourly_demand
[2022-10-28T03:14:03.345+0000] {task_command.py:376} INFO - Running <TaskInstance: get_hourly_demand_v2.get_hourly_demand scheduled__2022-10-26T05:05:00+00:00 [running]> on host 96776771a69f
[2022-10-28T03:14:03.755+0000] {taskinstance.py:1592} INFO - Exporting the following env vars:
AIRFLOW_CTX_DAG_EMAIL=colmo786@gmail.com
AIRFLOW_CTX_DAG_OWNER=energy
AIRFLOW_CTX_DAG_ID=get_hourly_demand_v2
AIRFLOW_CTX_TASK_ID=get_hourly_demand
AIRFLOW_CTX_EXECUTION_DATE=2022-10-26T05:05:00+00:00
AIRFLOW_CTX_TRY_NUMBER=1
AIRFLOW_CTX_DAG_RUN_ID=scheduled__2022-10-26T05:05:00+00:00
[2022-10-28T03:14:03.792+0000] {logging_mixin.py:120} WARNING - /home/***/.local/lib/python3.7/site-packages/***/utils/context.py:297 AirflowContextDeprecationWarning: Accessing 'execution_date' from the template is deprecated and will be removed in a future version. Please use 'data_interval_start' or 'logical_date' instead.
[2022-10-28T03:14:03.824+0000] {logging_mixin.py:120} INFO - INFO Module build_postgres_cnxn: DB Connection to host local_pgdb Ok
[2022-10-28T03:14:03.957+0000] {logging_mixin.py:120} INFO - INFO api_request_to_pandas: API request executed Ok. Number of records returned: 288
[2022-10-28T03:14:04.362+0000] {logging_mixin.py:120} INFO - INFO api_request_to_pandas: API request executed Ok. Number of records returned: 19
[2022-10-28T03:14:04.364+0000] {logging_mixin.py:120} INFO - INFO is_holiday. URL request for 2022-10-26 Ok.
[2022-10-28T03:14:04.413+0000] {logging_mixin.py:120} INFO - INFO get_hourly_demand - 24 records were upserted. Table cammesa_db.hourly_demand.
[2022-10-28T03:14:04.416+0000] {logging_mixin.py:120} INFO - INFO get_hourly_demand execution:  2022-10-26T05:05:00+00:00
[2022-10-28T03:14:04.417+0000] {python.py:177} INFO - Done. Returned value was: None
[2022-10-28T03:14:04.482+0000] {taskinstance.py:1406} INFO - Marking task as SUCCESS. dag_id=get_hourly_demand_v2, task_id=get_hourly_demand, execution_date=20221026T050500, start_date=20221028T031402, end_date=20221028T031404
[2022-10-28T03:14:04.723+0000] {local_task_job.py:164} INFO - Task exited with return code 0
[2022-10-28T03:14:04.845+0000] {local_task_job.py:273} INFO - 0 downstream tasks scheduled from follow-on schedule check
