[2022-10-28T22:26:55.225+0000] {taskinstance.py:1165} INFO - Dependencies all met for <TaskInstance: ENG_hourly_process_v1.get_hourly_demand scheduled__2022-10-26T04:05:00+00:00 [queued]>
[2022-10-28T22:26:55.324+0000] {taskinstance.py:1165} INFO - Dependencies all met for <TaskInstance: ENG_hourly_process_v1.get_hourly_demand scheduled__2022-10-26T04:05:00+00:00 [queued]>
[2022-10-28T22:26:55.324+0000] {taskinstance.py:1362} INFO - 
--------------------------------------------------------------------------------
[2022-10-28T22:26:55.324+0000] {taskinstance.py:1363} INFO - Starting attempt 1 of 2
[2022-10-28T22:26:55.325+0000] {taskinstance.py:1364} INFO - 
--------------------------------------------------------------------------------
[2022-10-28T22:26:55.532+0000] {taskinstance.py:1383} INFO - Executing <Task(PythonOperator): get_hourly_demand> on 2022-10-26 04:05:00+00:00
[2022-10-28T22:26:55.589+0000] {standard_task_runner.py:55} INFO - Started process 708 to run task
[2022-10-28T22:26:55.618+0000] {standard_task_runner.py:82} INFO - Running: ['***', 'tasks', 'run', 'ENG_hourly_process_v1', 'get_hourly_demand', 'scheduled__2022-10-26T04:05:00+00:00', '--job-id', '2', '--raw', '--subdir', 'DAGS_FOLDER/ENG_hourly_process_dag.py', '--cfg-path', '/tmp/tmpe3rzh0g3']
[2022-10-28T22:26:55.672+0000] {standard_task_runner.py:83} INFO - Job 2: Subtask get_hourly_demand
[2022-10-28T22:27:14.943+0000] {task_command.py:376} INFO - Running <TaskInstance: ENG_hourly_process_v1.get_hourly_demand scheduled__2022-10-26T04:05:00+00:00 [running]> on host 74ce152bc4b9
[2022-10-28T22:27:15.960+0000] {taskinstance.py:1592} INFO - Exporting the following env vars:
AIRFLOW_CTX_DAG_EMAIL=colmo786@gmail.com
AIRFLOW_CTX_DAG_OWNER=energy
AIRFLOW_CTX_DAG_ID=ENG_hourly_process_v1
AIRFLOW_CTX_TASK_ID=get_hourly_demand
AIRFLOW_CTX_EXECUTION_DATE=2022-10-26T04:05:00+00:00
AIRFLOW_CTX_TRY_NUMBER=1
AIRFLOW_CTX_DAG_RUN_ID=scheduled__2022-10-26T04:05:00+00:00
[2022-10-28T22:27:16.059+0000] {logging_mixin.py:120} WARNING - /home/***/.local/lib/python3.7/site-packages/***/utils/context.py:297 AirflowContextDeprecationWarning: Accessing 'execution_date' from the template is deprecated and will be removed in a future version. Please use 'data_interval_start' or 'logical_date' instead.
[2022-10-28T22:27:16.200+0000] {logging_mixin.py:120} INFO - INFO Module build_postgres_cnxn: DB Connection to host local_pgdb Ok
[2022-10-28T22:27:19.176+0000] {logging_mixin.py:120} INFO - INFO api_request_to_pandas: API request executed Ok. Number of records returned: 288
[2022-10-28T22:27:19.660+0000] {logging_mixin.py:120} INFO - INFO api_request_to_pandas: API request executed Ok. Number of records returned: 19
[2022-10-28T22:27:19.664+0000] {logging_mixin.py:120} INFO - INFO is_holiday. URL request for 2022-10-26 Ok.
[2022-10-28T22:27:19.740+0000] {logging_mixin.py:120} INFO - INFO get_hourly_demand - 24 records were upserted. Table cammesa_db.hourly_demand.
[2022-10-28T22:27:19.741+0000] {logging_mixin.py:120} INFO - INFO get_hourly_demand execution:  2022-10-26T04:05:00+00:00
[2022-10-28T22:27:19.741+0000] {python.py:177} INFO - Done. Returned value was: None
[2022-10-28T22:27:19.822+0000] {taskinstance.py:1406} INFO - Marking task as SUCCESS. dag_id=ENG_hourly_process_v1, task_id=get_hourly_demand, execution_date=20221026T040500, start_date=20221028T222655, end_date=20221028T222719
[2022-10-28T22:27:19.909+0000] {local_task_job.py:164} INFO - Task exited with return code 0
[2022-10-28T22:27:20.008+0000] {local_task_job.py:273} INFO - 1 downstream tasks scheduled from follow-on schedule check
[2022-10-29T00:33:10.409+0000] {taskinstance.py:1165} INFO - Dependencies all met for <TaskInstance: ENG_hourly_process_v1.get_hourly_demand scheduled__2022-10-26T04:05:00+00:00 [queued]>
[2022-10-29T00:33:10.599+0000] {taskinstance.py:1165} INFO - Dependencies all met for <TaskInstance: ENG_hourly_process_v1.get_hourly_demand scheduled__2022-10-26T04:05:00+00:00 [queued]>
[2022-10-29T00:33:10.630+0000] {taskinstance.py:1362} INFO - 
--------------------------------------------------------------------------------
[2022-10-29T00:33:10.630+0000] {taskinstance.py:1363} INFO - Starting attempt 1 of 2
[2022-10-29T00:33:10.631+0000] {taskinstance.py:1364} INFO - 
--------------------------------------------------------------------------------
[2022-10-29T00:33:11.987+0000] {taskinstance.py:1383} INFO - Executing <Task(PythonOperator): get_hourly_demand> on 2022-10-26 04:05:00+00:00
[2022-10-29T00:33:12.225+0000] {standard_task_runner.py:55} INFO - Started process 300 to run task
[2022-10-29T00:33:12.836+0000] {standard_task_runner.py:82} INFO - Running: ['***', 'tasks', 'run', 'ENG_hourly_process_v1', 'get_hourly_demand', 'scheduled__2022-10-26T04:05:00+00:00', '--job-id', '5', '--raw', '--subdir', 'DAGS_FOLDER/ENG_hourly_process_dag.py', '--cfg-path', '/tmp/tmpka4n1ra6']
[2022-10-29T00:33:12.867+0000] {standard_task_runner.py:83} INFO - Job 5: Subtask get_hourly_demand
[2022-10-29T00:33:13.267+0000] {task_command.py:376} INFO - Running <TaskInstance: ENG_hourly_process_v1.get_hourly_demand scheduled__2022-10-26T04:05:00+00:00 [running]> on host 6800cd8e39a3
[2022-10-29T00:33:14.283+0000] {taskinstance.py:1592} INFO - Exporting the following env vars:
AIRFLOW_CTX_DAG_EMAIL=colmo786@gmail.com
AIRFLOW_CTX_DAG_OWNER=energy
AIRFLOW_CTX_DAG_ID=ENG_hourly_process_v1
AIRFLOW_CTX_TASK_ID=get_hourly_demand
AIRFLOW_CTX_EXECUTION_DATE=2022-10-26T04:05:00+00:00
AIRFLOW_CTX_TRY_NUMBER=1
AIRFLOW_CTX_DAG_RUN_ID=scheduled__2022-10-26T04:05:00+00:00
[2022-10-29T00:33:14.382+0000] {logging_mixin.py:120} WARNING - /home/***/.local/lib/python3.7/site-packages/***/utils/context.py:297 AirflowContextDeprecationWarning: Accessing 'execution_date' from the template is deprecated and will be removed in a future version. Please use 'data_interval_start' or 'logical_date' instead.
[2022-10-29T00:33:14.427+0000] {logging_mixin.py:120} INFO - INFO Module build_postgres_cnxn: DB Connection to host local_pgdb Ok
[2022-10-29T00:33:14.949+0000] {logging_mixin.py:120} INFO - INFO api_request_to_pandas: API request executed Ok. Number of records returned: 288
[2022-10-29T00:33:15.663+0000] {logging_mixin.py:120} INFO - INFO api_request_to_pandas: API request executed Ok. Number of records returned: 19
[2022-10-29T00:33:15.672+0000] {logging_mixin.py:120} INFO - INFO is_holiday. URL request for 2022-10-26 Ok.
[2022-10-29T00:33:15.747+0000] {logging_mixin.py:120} INFO - INFO get_hourly_demand - 24 records were upserted. Table cammesa_db.hourly_demand.
[2022-10-29T00:33:15.747+0000] {logging_mixin.py:120} INFO - INFO get_hourly_demand execution:  2022-10-26T04:05:00+00:00
[2022-10-29T00:33:15.748+0000] {python.py:177} INFO - Done. Returned value was: None
[2022-10-29T00:33:15.802+0000] {taskinstance.py:1406} INFO - Marking task as SUCCESS. dag_id=ENG_hourly_process_v1, task_id=get_hourly_demand, execution_date=20221026T040500, start_date=20221029T003310, end_date=20221029T003315
[2022-10-29T00:33:16.010+0000] {local_task_job.py:164} INFO - Task exited with return code 0
[2022-10-29T00:33:16.109+0000] {local_task_job.py:273} INFO - 1 downstream tasks scheduled from follow-on schedule check
