[2022-10-26T21:35:02.202+0000] {taskinstance.py:1165} INFO - Dependencies all met for <TaskInstance: get_hourly_demand_v2.get_hourly_demand scheduled__2022-10-26T03:05:00+00:00 [queued]>
[2022-10-26T21:35:02.267+0000] {taskinstance.py:1165} INFO - Dependencies all met for <TaskInstance: get_hourly_demand_v2.get_hourly_demand scheduled__2022-10-26T03:05:00+00:00 [queued]>
[2022-10-26T21:35:02.267+0000] {taskinstance.py:1362} INFO - 
--------------------------------------------------------------------------------
[2022-10-26T21:35:02.268+0000] {taskinstance.py:1363} INFO - Starting attempt 1 of 2
[2022-10-26T21:35:02.268+0000] {taskinstance.py:1364} INFO - 
--------------------------------------------------------------------------------
[2022-10-26T21:35:04.702+0000] {taskinstance.py:1383} INFO - Executing <Task(PythonOperator): get_hourly_demand> on 2022-10-26 03:05:00+00:00
[2022-10-26T21:35:04.959+0000] {standard_task_runner.py:55} INFO - Started process 298 to run task
[2022-10-26T21:35:05.453+0000] {standard_task_runner.py:82} INFO - Running: ['***', 'tasks', 'run', 'get_hourly_demand_v2', 'get_hourly_demand', 'scheduled__2022-10-26T03:05:00+00:00', '--job-id', '8', '--raw', '--subdir', 'DAGS_FOLDER/hourly_demand_dag.py', '--cfg-path', '/tmp/tmp37zjhddj']
[2022-10-26T21:35:05.581+0000] {standard_task_runner.py:83} INFO - Job 8: Subtask get_hourly_demand
[2022-10-26T21:35:11.328+0000] {task_command.py:376} INFO - Running <TaskInstance: get_hourly_demand_v2.get_hourly_demand scheduled__2022-10-26T03:05:00+00:00 [running]> on host f694475c41c8
[2022-10-26T21:35:12.865+0000] {taskinstance.py:1592} INFO - Exporting the following env vars:
AIRFLOW_CTX_DAG_EMAIL=colmo786@gmail.com
AIRFLOW_CTX_DAG_OWNER=energy
AIRFLOW_CTX_DAG_ID=get_hourly_demand_v2
AIRFLOW_CTX_TASK_ID=get_hourly_demand
AIRFLOW_CTX_EXECUTION_DATE=2022-10-26T03:05:00+00:00
AIRFLOW_CTX_TRY_NUMBER=1
AIRFLOW_CTX_DAG_RUN_ID=scheduled__2022-10-26T03:05:00+00:00
[2022-10-26T21:35:12.915+0000] {logging_mixin.py:120} WARNING - /home/***/.local/lib/python3.7/site-packages/***/utils/context.py:297 AirflowContextDeprecationWarning: Accessing 'execution_date' from the template is deprecated and will be removed in a future version. Please use 'data_interval_start' or 'logical_date' instead.
[2022-10-26T21:35:12.979+0000] {logging_mixin.py:120} INFO - INFO Module build_postgres_cnxn: DB Connection to host local_pgdb Ok
[2022-10-26T21:35:15.543+0000] {logging_mixin.py:120} INFO - INFO api_request_to_pandas: API request executed Ok. Number of records returned: 222
[2022-10-26T21:35:16.146+0000] {logging_mixin.py:120} INFO - INFO api_request_to_pandas: API request executed Ok. Number of records returned: 19
[2022-10-26T21:35:16.148+0000] {logging_mixin.py:120} INFO - INFO is_holiday. URL request for 2022-10-26 Ok.
[2022-10-26T21:35:16.238+0000] {logging_mixin.py:120} INFO - INFO get_hourly_demand - 18 records were upserted. Table cammesa_db.hourly_demand.
[2022-10-26T21:35:16.239+0000] {logging_mixin.py:120} INFO - INFO get_hourly_demand execution:  2022-10-26T03:05:00+00:00
[2022-10-26T21:35:16.239+0000] {python.py:177} INFO - Done. Returned value was: None
[2022-10-26T21:35:16.323+0000] {taskinstance.py:1406} INFO - Marking task as SUCCESS. dag_id=get_hourly_demand_v2, task_id=get_hourly_demand, execution_date=20221026T030500, start_date=20221026T213502, end_date=20221026T213516
[2022-10-26T21:35:17.088+0000] {local_task_job.py:164} INFO - Task exited with return code 0
[2022-10-26T21:35:17.324+0000] {local_task_job.py:273} INFO - 0 downstream tasks scheduled from follow-on schedule check
[2022-10-26T22:31:51.381+0000] {taskinstance.py:1165} INFO - Dependencies all met for <TaskInstance: get_hourly_demand_v2.get_hourly_demand scheduled__2022-10-26T03:05:00+00:00 [queued]>
[2022-10-26T22:31:51.450+0000] {taskinstance.py:1165} INFO - Dependencies all met for <TaskInstance: get_hourly_demand_v2.get_hourly_demand scheduled__2022-10-26T03:05:00+00:00 [queued]>
[2022-10-26T22:31:51.450+0000] {taskinstance.py:1362} INFO - 
--------------------------------------------------------------------------------
[2022-10-26T22:31:51.451+0000] {taskinstance.py:1363} INFO - Starting attempt 1 of 2
[2022-10-26T22:31:51.451+0000] {taskinstance.py:1364} INFO - 
--------------------------------------------------------------------------------
[2022-10-26T22:31:51.557+0000] {taskinstance.py:1383} INFO - Executing <Task(PythonOperator): get_hourly_demand> on 2022-10-26 03:05:00+00:00
[2022-10-26T22:31:51.563+0000] {standard_task_runner.py:55} INFO - Started process 328 to run task
[2022-10-26T22:31:51.610+0000] {standard_task_runner.py:82} INFO - Running: ['***', 'tasks', 'run', 'get_hourly_demand_v2', 'get_hourly_demand', 'scheduled__2022-10-26T03:05:00+00:00', '--job-id', '5', '--raw', '--subdir', 'DAGS_FOLDER/hourly_demand_dag.py', '--cfg-path', '/tmp/tmptad8d4l2']
[2022-10-26T22:31:51.613+0000] {standard_task_runner.py:83} INFO - Job 5: Subtask get_hourly_demand
[2022-10-26T22:31:52.061+0000] {task_command.py:376} INFO - Running <TaskInstance: get_hourly_demand_v2.get_hourly_demand scheduled__2022-10-26T03:05:00+00:00 [running]> on host b19062265769
[2022-10-26T22:31:53.825+0000] {taskinstance.py:1592} INFO - Exporting the following env vars:
AIRFLOW_CTX_DAG_EMAIL=colmo786@gmail.com
AIRFLOW_CTX_DAG_OWNER=energy
AIRFLOW_CTX_DAG_ID=get_hourly_demand_v2
AIRFLOW_CTX_TASK_ID=get_hourly_demand
AIRFLOW_CTX_EXECUTION_DATE=2022-10-26T03:05:00+00:00
AIRFLOW_CTX_TRY_NUMBER=1
AIRFLOW_CTX_DAG_RUN_ID=scheduled__2022-10-26T03:05:00+00:00
[2022-10-26T22:31:53.951+0000] {logging_mixin.py:120} WARNING - /home/***/.local/lib/python3.7/site-packages/***/utils/context.py:297 AirflowContextDeprecationWarning: Accessing 'execution_date' from the template is deprecated and will be removed in a future version. Please use 'data_interval_start' or 'logical_date' instead.
[2022-10-26T22:31:54.042+0000] {logging_mixin.py:120} INFO - INFO Module build_postgres_cnxn: DB Connection to host local_pgdb Ok
[2022-10-26T22:31:56.603+0000] {logging_mixin.py:120} INFO - INFO api_request_to_pandas: API request executed Ok. Number of records returned: 233
[2022-10-26T22:31:57.578+0000] {logging_mixin.py:120} INFO - INFO api_request_to_pandas: API request executed Ok. Number of records returned: 19
[2022-10-26T22:31:57.615+0000] {logging_mixin.py:120} INFO - INFO is_holiday. URL request for 2022-10-26 Ok.
[2022-10-26T22:31:57.648+0000] {logging_mixin.py:120} INFO - INFO get_hourly_demand - 19 records were upserted. Table cammesa_db.hourly_demand.
[2022-10-26T22:31:57.649+0000] {logging_mixin.py:120} INFO - INFO get_hourly_demand execution:  2022-10-26T03:05:00+00:00
[2022-10-26T22:31:57.649+0000] {python.py:177} INFO - Done. Returned value was: None
[2022-10-26T22:31:57.860+0000] {taskinstance.py:1406} INFO - Marking task as SUCCESS. dag_id=get_hourly_demand_v2, task_id=get_hourly_demand, execution_date=20221026T030500, start_date=20221026T223151, end_date=20221026T223157
[2022-10-26T22:31:59.605+0000] {local_task_job.py:164} INFO - Task exited with return code 0
[2022-10-26T22:32:00.055+0000] {local_task_job.py:273} INFO - 0 downstream tasks scheduled from follow-on schedule check
[2022-10-28T03:13:59.342+0000] {taskinstance.py:1165} INFO - Dependencies all met for <TaskInstance: get_hourly_demand_v2.get_hourly_demand scheduled__2022-10-26T03:05:00+00:00 [queued]>
[2022-10-28T03:13:59.410+0000] {taskinstance.py:1165} INFO - Dependencies all met for <TaskInstance: get_hourly_demand_v2.get_hourly_demand scheduled__2022-10-26T03:05:00+00:00 [queued]>
[2022-10-28T03:13:59.410+0000] {taskinstance.py:1362} INFO - 
--------------------------------------------------------------------------------
[2022-10-28T03:13:59.411+0000] {taskinstance.py:1363} INFO - Starting attempt 1 of 2
[2022-10-28T03:13:59.411+0000] {taskinstance.py:1364} INFO - 
--------------------------------------------------------------------------------
[2022-10-28T03:13:59.729+0000] {taskinstance.py:1383} INFO - Executing <Task(PythonOperator): get_hourly_demand> on 2022-10-26 03:05:00+00:00
[2022-10-28T03:13:59.813+0000] {standard_task_runner.py:55} INFO - Started process 656 to run task
[2022-10-28T03:13:59.856+0000] {standard_task_runner.py:82} INFO - Running: ['***', 'tasks', 'run', 'get_hourly_demand_v2', 'get_hourly_demand', 'scheduled__2022-10-26T03:05:00+00:00', '--job-id', '6', '--raw', '--subdir', 'DAGS_FOLDER/hourly_demand_dag.py', '--cfg-path', '/tmp/tmpthtssrh4']
[2022-10-28T03:13:59.890+0000] {standard_task_runner.py:83} INFO - Job 6: Subtask get_hourly_demand
[2022-10-28T03:14:00.268+0000] {task_command.py:376} INFO - Running <TaskInstance: get_hourly_demand_v2.get_hourly_demand scheduled__2022-10-26T03:05:00+00:00 [running]> on host 96776771a69f
[2022-10-28T03:14:01.065+0000] {taskinstance.py:1592} INFO - Exporting the following env vars:
AIRFLOW_CTX_DAG_EMAIL=colmo786@gmail.com
AIRFLOW_CTX_DAG_OWNER=energy
AIRFLOW_CTX_DAG_ID=get_hourly_demand_v2
AIRFLOW_CTX_TASK_ID=get_hourly_demand
AIRFLOW_CTX_EXECUTION_DATE=2022-10-26T03:05:00+00:00
AIRFLOW_CTX_TRY_NUMBER=1
AIRFLOW_CTX_DAG_RUN_ID=scheduled__2022-10-26T03:05:00+00:00
[2022-10-28T03:14:01.142+0000] {logging_mixin.py:120} WARNING - /home/***/.local/lib/python3.7/site-packages/***/utils/context.py:297 AirflowContextDeprecationWarning: Accessing 'execution_date' from the template is deprecated and will be removed in a future version. Please use 'data_interval_start' or 'logical_date' instead.
[2022-10-28T03:14:01.257+0000] {logging_mixin.py:120} INFO - INFO Module build_postgres_cnxn: DB Connection to host local_pgdb Ok
[2022-10-28T03:14:01.630+0000] {logging_mixin.py:120} INFO - INFO api_request_to_pandas: API request executed Ok. Number of records returned: 288
[2022-10-28T03:14:02.304+0000] {logging_mixin.py:120} INFO - INFO api_request_to_pandas: API request executed Ok. Number of records returned: 19
[2022-10-28T03:14:02.429+0000] {logging_mixin.py:120} INFO - INFO is_holiday. URL request for 2022-10-26 Ok.
[2022-10-28T03:14:02.507+0000] {logging_mixin.py:120} INFO - INFO get_hourly_demand - 24 records were upserted. Table cammesa_db.hourly_demand.
[2022-10-28T03:14:02.511+0000] {logging_mixin.py:120} INFO - INFO get_hourly_demand execution:  2022-10-26T03:05:00+00:00
[2022-10-28T03:14:02.512+0000] {python.py:177} INFO - Done. Returned value was: None
[2022-10-28T03:14:02.591+0000] {taskinstance.py:1406} INFO - Marking task as SUCCESS. dag_id=get_hourly_demand_v2, task_id=get_hourly_demand, execution_date=20221026T030500, start_date=20221028T031359, end_date=20221028T031402
[2022-10-28T03:14:02.755+0000] {local_task_job.py:164} INFO - Task exited with return code 0
[2022-10-28T03:14:02.921+0000] {local_task_job.py:273} INFO - 0 downstream tasks scheduled from follow-on schedule check
[2022-10-28T17:58:21.317+0000] {taskinstance.py:1165} INFO - Dependencies all met for <TaskInstance: get_hourly_demand_v2.get_hourly_demand scheduled__2022-10-26T03:05:00+00:00 [queued]>
[2022-10-28T17:58:21.637+0000] {taskinstance.py:1165} INFO - Dependencies all met for <TaskInstance: get_hourly_demand_v2.get_hourly_demand scheduled__2022-10-26T03:05:00+00:00 [queued]>
[2022-10-28T17:58:21.652+0000] {taskinstance.py:1362} INFO - 
--------------------------------------------------------------------------------
[2022-10-28T17:58:21.652+0000] {taskinstance.py:1363} INFO - Starting attempt 1 of 2
[2022-10-28T17:58:21.652+0000] {taskinstance.py:1364} INFO - 
--------------------------------------------------------------------------------
[2022-10-28T17:58:22.083+0000] {taskinstance.py:1383} INFO - Executing <Task(PythonOperator): get_hourly_demand> on 2022-10-26 03:05:00+00:00
[2022-10-28T17:58:22.241+0000] {standard_task_runner.py:55} INFO - Started process 743 to run task
[2022-10-28T17:58:22.309+0000] {standard_task_runner.py:82} INFO - Running: ['***', 'tasks', 'run', 'get_hourly_demand_v2', 'get_hourly_demand', 'scheduled__2022-10-26T03:05:00+00:00', '--job-id', '4', '--raw', '--subdir', 'DAGS_FOLDER/hourly_demand_dag.py', '--cfg-path', '/tmp/tmpnezluh9m']
[2022-10-28T17:58:22.369+0000] {standard_task_runner.py:83} INFO - Job 4: Subtask get_hourly_demand
[2022-10-28T17:58:22.747+0000] {task_command.py:376} INFO - Running <TaskInstance: get_hourly_demand_v2.get_hourly_demand scheduled__2022-10-26T03:05:00+00:00 [running]> on host f011703e6eb5
[2022-10-28T17:58:23.675+0000] {taskinstance.py:1592} INFO - Exporting the following env vars:
AIRFLOW_CTX_DAG_EMAIL=colmo786@gmail.com
AIRFLOW_CTX_DAG_OWNER=energy
AIRFLOW_CTX_DAG_ID=get_hourly_demand_v2
AIRFLOW_CTX_TASK_ID=get_hourly_demand
AIRFLOW_CTX_EXECUTION_DATE=2022-10-26T03:05:00+00:00
AIRFLOW_CTX_TRY_NUMBER=1
AIRFLOW_CTX_DAG_RUN_ID=scheduled__2022-10-26T03:05:00+00:00
[2022-10-28T17:58:23.811+0000] {logging_mixin.py:120} WARNING - /home/***/.local/lib/python3.7/site-packages/***/utils/context.py:297 AirflowContextDeprecationWarning: Accessing 'execution_date' from the template is deprecated and will be removed in a future version. Please use 'data_interval_start' or 'logical_date' instead.
[2022-10-28T17:58:23.965+0000] {logging_mixin.py:120} INFO - INFO Module build_postgres_cnxn: DB Connection to host local_pgdb Ok
[2022-10-28T17:58:24.221+0000] {logging_mixin.py:120} INFO - INFO api_request_to_pandas: API request executed Ok. Number of records returned: 288
[2022-10-28T17:58:24.820+0000] {logging_mixin.py:120} INFO - INFO api_request_to_pandas: API request executed Ok. Number of records returned: 19
[2022-10-28T17:58:24.822+0000] {logging_mixin.py:120} INFO - INFO is_holiday. URL request for 2022-10-26 Ok.
[2022-10-28T17:58:24.909+0000] {logging_mixin.py:120} INFO - INFO get_hourly_demand - 24 records were upserted. Table cammesa_db.hourly_demand.
[2022-10-28T17:58:24.912+0000] {logging_mixin.py:120} INFO - INFO get_hourly_demand execution:  2022-10-26T03:05:00+00:00
[2022-10-28T17:58:24.912+0000] {python.py:177} INFO - Done. Returned value was: None
[2022-10-28T17:58:25.145+0000] {taskinstance.py:1406} INFO - Marking task as SUCCESS. dag_id=get_hourly_demand_v2, task_id=get_hourly_demand, execution_date=20221026T030500, start_date=20221028T175821, end_date=20221028T175825
[2022-10-28T17:58:25.400+0000] {local_task_job.py:164} INFO - Task exited with return code 0
[2022-10-28T17:58:25.669+0000] {local_task_job.py:273} INFO - 0 downstream tasks scheduled from follow-on schedule check
