[2022-10-27T23:01:25.954+0000] {taskinstance.py:1165} INFO - Dependencies all met for <TaskInstance: get_hourly_demand_v2.get_hourly_demand scheduled__2022-10-27T10:05:00+00:00 [queued]>
[2022-10-27T23:01:26.304+0000] {taskinstance.py:1165} INFO - Dependencies all met for <TaskInstance: get_hourly_demand_v2.get_hourly_demand scheduled__2022-10-27T10:05:00+00:00 [queued]>
[2022-10-27T23:01:26.304+0000] {taskinstance.py:1362} INFO - 
--------------------------------------------------------------------------------
[2022-10-27T23:01:26.395+0000] {taskinstance.py:1363} INFO - Starting attempt 1 of 2
[2022-10-27T23:01:26.396+0000] {taskinstance.py:1364} INFO - 
--------------------------------------------------------------------------------
[2022-10-27T23:01:27.040+0000] {taskinstance.py:1383} INFO - Executing <Task(PythonOperator): get_hourly_demand> on 2022-10-27 10:05:00+00:00
[2022-10-27T23:01:27.045+0000] {standard_task_runner.py:55} INFO - Started process 261 to run task
[2022-10-27T23:01:27.085+0000] {standard_task_runner.py:82} INFO - Running: ['***', 'tasks', 'run', 'get_hourly_demand_v2', 'get_hourly_demand', 'scheduled__2022-10-27T10:05:00+00:00', '--job-id', '40', '--raw', '--subdir', 'DAGS_FOLDER/hourly_demand_dag.py', '--cfg-path', '/tmp/tmpmvqms_5o']
[2022-10-27T23:01:27.087+0000] {standard_task_runner.py:83} INFO - Job 40: Subtask get_hourly_demand
[2022-10-27T23:01:28.618+0000] {task_command.py:376} INFO - Running <TaskInstance: get_hourly_demand_v2.get_hourly_demand scheduled__2022-10-27T10:05:00+00:00 [running]> on host b19062265769
[2022-10-27T23:01:30.492+0000] {taskinstance.py:1592} INFO - Exporting the following env vars:
AIRFLOW_CTX_DAG_EMAIL=colmo786@gmail.com
AIRFLOW_CTX_DAG_OWNER=energy
AIRFLOW_CTX_DAG_ID=get_hourly_demand_v2
AIRFLOW_CTX_TASK_ID=get_hourly_demand
AIRFLOW_CTX_EXECUTION_DATE=2022-10-27T10:05:00+00:00
AIRFLOW_CTX_TRY_NUMBER=1
AIRFLOW_CTX_DAG_RUN_ID=scheduled__2022-10-27T10:05:00+00:00
[2022-10-27T23:01:30.587+0000] {logging_mixin.py:120} WARNING - /home/***/.local/lib/python3.7/site-packages/***/utils/context.py:297 AirflowContextDeprecationWarning: Accessing 'execution_date' from the template is deprecated and will be removed in a future version. Please use 'data_interval_start' or 'logical_date' instead.
[2022-10-27T23:01:30.808+0000] {logging_mixin.py:120} INFO - INFO Module build_postgres_cnxn: DB Connection to host local_pgdb Ok
[2022-10-27T23:01:31.675+0000] {logging_mixin.py:120} INFO - INFO api_request_to_pandas: API request executed Ok. Number of records returned: 239
[2022-10-27T23:01:32.223+0000] {logging_mixin.py:120} INFO - INFO api_request_to_pandas: API request executed Ok. Number of records returned: 19
[2022-10-27T23:01:32.225+0000] {logging_mixin.py:120} INFO - INFO is_holiday. URL request for 2022-10-27 Ok.
[2022-10-27T23:01:32.421+0000] {logging_mixin.py:120} INFO - INFO get_hourly_demand - 19 records were upserted. Table cammesa_db.hourly_demand.
[2022-10-27T23:01:32.424+0000] {logging_mixin.py:120} INFO - INFO get_hourly_demand execution:  2022-10-27T10:05:00+00:00
[2022-10-27T23:01:32.424+0000] {python.py:177} INFO - Done. Returned value was: None
[2022-10-27T23:01:32.605+0000] {taskinstance.py:1406} INFO - Marking task as SUCCESS. dag_id=get_hourly_demand_v2, task_id=get_hourly_demand, execution_date=20221027T100500, start_date=20221027T230125, end_date=20221027T230132
[2022-10-27T23:01:33.408+0000] {local_task_job.py:164} INFO - Task exited with return code 0
[2022-10-27T23:01:33.695+0000] {local_task_job.py:273} INFO - 0 downstream tasks scheduled from follow-on schedule check
[2022-10-28T03:14:27.281+0000] {taskinstance.py:1165} INFO - Dependencies all met for <TaskInstance: get_hourly_demand_v2.get_hourly_demand scheduled__2022-10-27T10:05:00+00:00 [queued]>
[2022-10-28T03:14:27.371+0000] {taskinstance.py:1165} INFO - Dependencies all met for <TaskInstance: get_hourly_demand_v2.get_hourly_demand scheduled__2022-10-27T10:05:00+00:00 [queued]>
[2022-10-28T03:14:27.372+0000] {taskinstance.py:1362} INFO - 
--------------------------------------------------------------------------------
[2022-10-28T03:14:27.372+0000] {taskinstance.py:1363} INFO - Starting attempt 1 of 2
[2022-10-28T03:14:27.372+0000] {taskinstance.py:1364} INFO - 
--------------------------------------------------------------------------------
[2022-10-28T03:14:27.474+0000] {taskinstance.py:1383} INFO - Executing <Task(PythonOperator): get_hourly_demand> on 2022-10-27 10:05:00+00:00
[2022-10-28T03:14:27.480+0000] {standard_task_runner.py:55} INFO - Started process 760 to run task
[2022-10-28T03:14:27.506+0000] {standard_task_runner.py:82} INFO - Running: ['***', 'tasks', 'run', 'get_hourly_demand_v2', 'get_hourly_demand', 'scheduled__2022-10-27T10:05:00+00:00', '--job-id', '37', '--raw', '--subdir', 'DAGS_FOLDER/hourly_demand_dag.py', '--cfg-path', '/tmp/tmp0uin9m09']
[2022-10-28T03:14:27.509+0000] {standard_task_runner.py:83} INFO - Job 37: Subtask get_hourly_demand
[2022-10-28T03:14:27.679+0000] {task_command.py:376} INFO - Running <TaskInstance: get_hourly_demand_v2.get_hourly_demand scheduled__2022-10-27T10:05:00+00:00 [running]> on host 96776771a69f
[2022-10-28T03:14:27.888+0000] {taskinstance.py:1592} INFO - Exporting the following env vars:
AIRFLOW_CTX_DAG_EMAIL=colmo786@gmail.com
AIRFLOW_CTX_DAG_OWNER=energy
AIRFLOW_CTX_DAG_ID=get_hourly_demand_v2
AIRFLOW_CTX_TASK_ID=get_hourly_demand
AIRFLOW_CTX_EXECUTION_DATE=2022-10-27T10:05:00+00:00
AIRFLOW_CTX_TRY_NUMBER=1
AIRFLOW_CTX_DAG_RUN_ID=scheduled__2022-10-27T10:05:00+00:00
[2022-10-28T03:14:27.903+0000] {logging_mixin.py:120} WARNING - /home/***/.local/lib/python3.7/site-packages/***/utils/context.py:297 AirflowContextDeprecationWarning: Accessing 'execution_date' from the template is deprecated and will be removed in a future version. Please use 'data_interval_start' or 'logical_date' instead.
[2022-10-28T03:14:27.949+0000] {logging_mixin.py:120} INFO - INFO Module build_postgres_cnxn: DB Connection to host local_pgdb Ok
[2022-10-28T03:14:28.091+0000] {logging_mixin.py:120} INFO - INFO api_request_to_pandas: API request executed Ok. Number of records returned: 288
[2022-10-28T03:14:28.417+0000] {logging_mixin.py:120} INFO - INFO api_request_to_pandas: API request executed Ok. Number of records returned: 19
[2022-10-28T03:14:28.419+0000] {logging_mixin.py:120} INFO - INFO is_holiday. URL request for 2022-10-27 Ok.
[2022-10-28T03:14:28.426+0000] {logging_mixin.py:120} INFO - INFO get_hourly_demand - 24 records were upserted. Table cammesa_db.hourly_demand.
[2022-10-28T03:14:28.427+0000] {logging_mixin.py:120} INFO - INFO get_hourly_demand execution:  2022-10-27T10:05:00+00:00
[2022-10-28T03:14:28.428+0000] {python.py:177} INFO - Done. Returned value was: None
[2022-10-28T03:14:28.452+0000] {taskinstance.py:1406} INFO - Marking task as SUCCESS. dag_id=get_hourly_demand_v2, task_id=get_hourly_demand, execution_date=20221027T100500, start_date=20221028T031427, end_date=20221028T031428
[2022-10-28T03:14:28.507+0000] {local_task_job.py:164} INFO - Task exited with return code 0
[2022-10-28T03:14:28.543+0000] {local_task_job.py:273} INFO - 0 downstream tasks scheduled from follow-on schedule check
[2022-10-28T18:01:23.332+0000] {taskinstance.py:1165} INFO - Dependencies all met for <TaskInstance: get_hourly_demand_v2.get_hourly_demand scheduled__2022-10-27T10:05:00+00:00 [queued]>
[2022-10-28T18:01:23.476+0000] {taskinstance.py:1165} INFO - Dependencies all met for <TaskInstance: get_hourly_demand_v2.get_hourly_demand scheduled__2022-10-27T10:05:00+00:00 [queued]>
[2022-10-28T18:01:23.482+0000] {taskinstance.py:1362} INFO - 
--------------------------------------------------------------------------------
[2022-10-28T18:01:23.482+0000] {taskinstance.py:1363} INFO - Starting attempt 1 of 2
[2022-10-28T18:01:23.514+0000] {taskinstance.py:1364} INFO - 
--------------------------------------------------------------------------------
[2022-10-28T18:01:24.731+0000] {taskinstance.py:1383} INFO - Executing <Task(PythonOperator): get_hourly_demand> on 2022-10-27 10:05:00+00:00
[2022-10-28T18:01:24.838+0000] {standard_task_runner.py:55} INFO - Started process 979 to run task
[2022-10-28T18:01:24.850+0000] {standard_task_runner.py:82} INFO - Running: ['***', 'tasks', 'run', 'get_hourly_demand_v2', 'get_hourly_demand', 'scheduled__2022-10-27T10:05:00+00:00', '--job-id', '34', '--raw', '--subdir', 'DAGS_FOLDER/hourly_demand_dag.py', '--cfg-path', '/tmp/tmpqefmzqvn']
[2022-10-28T18:01:24.945+0000] {standard_task_runner.py:83} INFO - Job 34: Subtask get_hourly_demand
[2022-10-28T18:01:25.606+0000] {task_command.py:376} INFO - Running <TaskInstance: get_hourly_demand_v2.get_hourly_demand scheduled__2022-10-27T10:05:00+00:00 [running]> on host f011703e6eb5
[2022-10-28T18:01:26.445+0000] {taskinstance.py:1592} INFO - Exporting the following env vars:
AIRFLOW_CTX_DAG_EMAIL=colmo786@gmail.com
AIRFLOW_CTX_DAG_OWNER=energy
AIRFLOW_CTX_DAG_ID=get_hourly_demand_v2
AIRFLOW_CTX_TASK_ID=get_hourly_demand
AIRFLOW_CTX_EXECUTION_DATE=2022-10-27T10:05:00+00:00
AIRFLOW_CTX_TRY_NUMBER=1
AIRFLOW_CTX_DAG_RUN_ID=scheduled__2022-10-27T10:05:00+00:00
[2022-10-28T18:01:26.491+0000] {logging_mixin.py:120} WARNING - /home/***/.local/lib/python3.7/site-packages/***/utils/context.py:297 AirflowContextDeprecationWarning: Accessing 'execution_date' from the template is deprecated and will be removed in a future version. Please use 'data_interval_start' or 'logical_date' instead.
[2022-10-28T18:01:26.576+0000] {logging_mixin.py:120} INFO - INFO Module build_postgres_cnxn: DB Connection to host local_pgdb Ok
[2022-10-28T18:01:26.761+0000] {logging_mixin.py:120} INFO - INFO api_request_to_pandas: API request executed Ok. Number of records returned: 288
[2022-10-28T18:01:27.115+0000] {logging_mixin.py:120} INFO - INFO api_request_to_pandas: API request executed Ok. Number of records returned: 19
[2022-10-28T18:01:27.131+0000] {logging_mixin.py:120} INFO - INFO is_holiday. URL request for 2022-10-27 Ok.
[2022-10-28T18:01:27.169+0000] {logging_mixin.py:120} INFO - INFO get_hourly_demand - 24 records were upserted. Table cammesa_db.hourly_demand.
[2022-10-28T18:01:27.174+0000] {logging_mixin.py:120} INFO - INFO get_hourly_demand execution:  2022-10-27T10:05:00+00:00
[2022-10-28T18:01:27.175+0000] {python.py:177} INFO - Done. Returned value was: None
[2022-10-28T18:01:27.296+0000] {taskinstance.py:1406} INFO - Marking task as SUCCESS. dag_id=get_hourly_demand_v2, task_id=get_hourly_demand, execution_date=20221027T100500, start_date=20221028T180123, end_date=20221028T180127
[2022-10-28T18:01:27.436+0000] {local_task_job.py:164} INFO - Task exited with return code 0
[2022-10-28T18:01:27.519+0000] {local_task_job.py:273} INFO - 0 downstream tasks scheduled from follow-on schedule check
