[2022-10-28T19:29:49.498+0000] {taskinstance.py:1165} INFO - Dependencies all met for <TaskInstance: ENG_hourly_process_v1.get_hourly_demand scheduled__2022-10-28T06:05:00+00:00 [queued]>
[2022-10-28T19:29:49.540+0000] {taskinstance.py:1165} INFO - Dependencies all met for <TaskInstance: ENG_hourly_process_v1.get_hourly_demand scheduled__2022-10-28T06:05:00+00:00 [queued]>
[2022-10-28T19:29:49.540+0000] {taskinstance.py:1362} INFO - 
--------------------------------------------------------------------------------
[2022-10-28T19:29:49.541+0000] {taskinstance.py:1363} INFO - Starting attempt 1 of 2
[2022-10-28T19:29:49.541+0000] {taskinstance.py:1364} INFO - 
--------------------------------------------------------------------------------
[2022-10-28T19:29:49.668+0000] {taskinstance.py:1383} INFO - Executing <Task(PythonOperator): get_hourly_demand> on 2022-10-28 06:05:00+00:00
[2022-10-28T19:29:49.733+0000] {standard_task_runner.py:55} INFO - Started process 259 to run task
[2022-10-28T19:29:49.709+0000] {standard_task_runner.py:82} INFO - Running: ['***', 'tasks', 'run', 'ENG_hourly_process_v1', 'get_hourly_demand', 'scheduled__2022-10-28T06:05:00+00:00', '--job-id', '147', '--raw', '--subdir', 'DAGS_FOLDER/ENG_hourly_process_dag.py', '--cfg-path', '/tmp/tmph_dves9n']
[2022-10-28T19:29:49.790+0000] {standard_task_runner.py:83} INFO - Job 147: Subtask get_hourly_demand
[2022-10-28T19:29:50.498+0000] {task_command.py:376} INFO - Running <TaskInstance: ENG_hourly_process_v1.get_hourly_demand scheduled__2022-10-28T06:05:00+00:00 [running]> on host f011703e6eb5
[2022-10-28T19:29:51.358+0000] {taskinstance.py:1592} INFO - Exporting the following env vars:
AIRFLOW_CTX_DAG_EMAIL=colmo786@gmail.com
AIRFLOW_CTX_DAG_OWNER=energy
AIRFLOW_CTX_DAG_ID=ENG_hourly_process_v1
AIRFLOW_CTX_TASK_ID=get_hourly_demand
AIRFLOW_CTX_EXECUTION_DATE=2022-10-28T06:05:00+00:00
AIRFLOW_CTX_TRY_NUMBER=1
AIRFLOW_CTX_DAG_RUN_ID=scheduled__2022-10-28T06:05:00+00:00
[2022-10-28T19:29:51.461+0000] {logging_mixin.py:120} WARNING - /home/***/.local/lib/python3.7/site-packages/***/utils/context.py:297 AirflowContextDeprecationWarning: Accessing 'execution_date' from the template is deprecated and will be removed in a future version. Please use 'data_interval_start' or 'logical_date' instead.
[2022-10-28T19:29:51.543+0000] {logging_mixin.py:120} INFO - INFO Module build_postgres_cnxn: DB Connection to host local_pgdb Ok
[2022-10-28T19:29:52.053+0000] {logging_mixin.py:120} INFO - INFO api_request_to_pandas: API request executed Ok. Number of records returned: 196
[2022-10-28T19:29:52.594+0000] {logging_mixin.py:120} INFO - INFO api_request_to_pandas: API request executed Ok. Number of records returned: 19
[2022-10-28T19:29:52.639+0000] {logging_mixin.py:120} INFO - INFO is_holiday. URL request for 2022-10-28 Ok.
[2022-10-28T19:29:52.764+0000] {logging_mixin.py:120} INFO - INFO get_hourly_demand - 16 records were upserted. Table cammesa_db.hourly_demand.
[2022-10-28T19:29:52.769+0000] {logging_mixin.py:120} INFO - INFO get_hourly_demand execution:  2022-10-28T06:05:00+00:00
[2022-10-28T19:29:52.775+0000] {python.py:177} INFO - Done. Returned value was: None
[2022-10-28T19:29:52.868+0000] {taskinstance.py:1406} INFO - Marking task as SUCCESS. dag_id=ENG_hourly_process_v1, task_id=get_hourly_demand, execution_date=20221028T060500, start_date=20221028T192949, end_date=20221028T192952
[2022-10-28T19:29:53.216+0000] {local_task_job.py:164} INFO - Task exited with return code 0
[2022-10-28T19:29:53.573+0000] {local_task_job.py:273} INFO - 1 downstream tasks scheduled from follow-on schedule check
[2022-10-29T00:40:39.359+0000] {taskinstance.py:1165} INFO - Dependencies all met for <TaskInstance: ENG_hourly_process_v1.get_hourly_demand scheduled__2022-10-28T06:05:00+00:00 [queued]>
[2022-10-29T00:40:39.821+0000] {taskinstance.py:1165} INFO - Dependencies all met for <TaskInstance: ENG_hourly_process_v1.get_hourly_demand scheduled__2022-10-28T06:05:00+00:00 [queued]>
[2022-10-29T00:40:39.821+0000] {taskinstance.py:1362} INFO - 
--------------------------------------------------------------------------------
[2022-10-29T00:40:39.826+0000] {taskinstance.py:1363} INFO - Starting attempt 1 of 2
[2022-10-29T00:40:39.833+0000] {taskinstance.py:1364} INFO - 
--------------------------------------------------------------------------------
[2022-10-29T00:40:40.600+0000] {taskinstance.py:1383} INFO - Executing <Task(PythonOperator): get_hourly_demand> on 2022-10-28 06:05:00+00:00
[2022-10-29T00:40:40.751+0000] {standard_task_runner.py:55} INFO - Started process 1896 to run task
[2022-10-29T00:40:40.899+0000] {standard_task_runner.py:82} INFO - Running: ['***', 'tasks', 'run', 'ENG_hourly_process_v1', 'get_hourly_demand', 'scheduled__2022-10-28T06:05:00+00:00', '--job-id', '99', '--raw', '--subdir', 'DAGS_FOLDER/ENG_hourly_process_dag.py', '--cfg-path', '/tmp/tmp9kxz29m3']
[2022-10-29T00:40:41.108+0000] {standard_task_runner.py:83} INFO - Job 99: Subtask get_hourly_demand
[2022-10-29T00:40:41.712+0000] {task_command.py:376} INFO - Running <TaskInstance: ENG_hourly_process_v1.get_hourly_demand scheduled__2022-10-28T06:05:00+00:00 [running]> on host 6800cd8e39a3
[2022-10-29T00:40:42.728+0000] {taskinstance.py:1592} INFO - Exporting the following env vars:
AIRFLOW_CTX_DAG_EMAIL=colmo786@gmail.com
AIRFLOW_CTX_DAG_OWNER=energy
AIRFLOW_CTX_DAG_ID=ENG_hourly_process_v1
AIRFLOW_CTX_TASK_ID=get_hourly_demand
AIRFLOW_CTX_EXECUTION_DATE=2022-10-28T06:05:00+00:00
AIRFLOW_CTX_TRY_NUMBER=1
AIRFLOW_CTX_DAG_RUN_ID=scheduled__2022-10-28T06:05:00+00:00
[2022-10-29T00:40:42.753+0000] {logging_mixin.py:120} WARNING - /home/***/.local/lib/python3.7/site-packages/***/utils/context.py:297 AirflowContextDeprecationWarning: Accessing 'execution_date' from the template is deprecated and will be removed in a future version. Please use 'data_interval_start' or 'logical_date' instead.
[2022-10-29T00:40:42.807+0000] {logging_mixin.py:120} INFO - INFO Module build_postgres_cnxn: DB Connection to host local_pgdb Ok
[2022-10-29T00:40:42.978+0000] {logging_mixin.py:120} INFO - INFO api_request_to_pandas: API request executed Ok. Number of records returned: 259
[2022-10-29T00:40:43.460+0000] {logging_mixin.py:120} INFO - INFO api_request_to_pandas: API request executed Ok. Number of records returned: 19
[2022-10-29T00:40:43.463+0000] {logging_mixin.py:120} INFO - INFO is_holiday. URL request for 2022-10-28 Ok.
[2022-10-29T00:40:43.553+0000] {logging_mixin.py:120} INFO - INFO get_hourly_demand - 21 records were upserted. Table cammesa_db.hourly_demand.
[2022-10-29T00:40:43.555+0000] {logging_mixin.py:120} INFO - INFO get_hourly_demand execution:  2022-10-28T06:05:00+00:00
[2022-10-29T00:40:43.556+0000] {python.py:177} INFO - Done. Returned value was: None
[2022-10-29T00:40:43.608+0000] {taskinstance.py:1406} INFO - Marking task as SUCCESS. dag_id=ENG_hourly_process_v1, task_id=get_hourly_demand, execution_date=20221028T060500, start_date=20221029T004039, end_date=20221029T004043
[2022-10-29T00:40:44.616+0000] {local_task_job.py:164} INFO - Task exited with return code 0
[2022-10-29T00:40:45.046+0000] {local_task_job.py:273} INFO - 1 downstream tasks scheduled from follow-on schedule check
