[2022-10-26T19:51:30.427+0000] {taskinstance.py:1165} INFO - Dependencies all met for <TaskInstance: get_hourly_demand_v1.get_hourly_demand manual__2022-10-26T19:51:28.589382+00:00 [queued]>
[2022-10-26T19:51:30.447+0000] {taskinstance.py:1165} INFO - Dependencies all met for <TaskInstance: get_hourly_demand_v1.get_hourly_demand manual__2022-10-26T19:51:28.589382+00:00 [queued]>
[2022-10-26T19:51:30.447+0000] {taskinstance.py:1362} INFO - 
--------------------------------------------------------------------------------
[2022-10-26T19:51:30.448+0000] {taskinstance.py:1363} INFO - Starting attempt 1 of 2
[2022-10-26T19:51:30.448+0000] {taskinstance.py:1364} INFO - 
--------------------------------------------------------------------------------
[2022-10-26T19:51:30.479+0000] {taskinstance.py:1383} INFO - Executing <Task(PythonOperator): get_hourly_demand> on 2022-10-26 19:51:28.589382+00:00
[2022-10-26T19:51:30.488+0000] {standard_task_runner.py:55} INFO - Started process 499 to run task
[2022-10-26T19:51:30.495+0000] {standard_task_runner.py:82} INFO - Running: ['***', 'tasks', 'run', 'get_hourly_demand_v1', 'get_hourly_demand', 'manual__2022-10-26T19:51:28.589382+00:00', '--job-id', '5', '--raw', '--subdir', 'DAGS_FOLDER/hourly_demand_dag.py', '--cfg-path', '/tmp/tmpikpzbk8i']
[2022-10-26T19:51:30.497+0000] {standard_task_runner.py:83} INFO - Job 5: Subtask get_hourly_demand
[2022-10-26T19:51:30.601+0000] {task_command.py:376} INFO - Running <TaskInstance: get_hourly_demand_v1.get_hourly_demand manual__2022-10-26T19:51:28.589382+00:00 [running]> on host e08a6f070669
[2022-10-26T19:51:30.697+0000] {taskinstance.py:1592} INFO - Exporting the following env vars:
AIRFLOW_CTX_DAG_EMAIL=colmo786@gmail.com
AIRFLOW_CTX_DAG_OWNER=energy
AIRFLOW_CTX_DAG_ID=get_hourly_demand_v1
AIRFLOW_CTX_TASK_ID=get_hourly_demand
AIRFLOW_CTX_EXECUTION_DATE=2022-10-26T19:51:28.589382+00:00
AIRFLOW_CTX_TRY_NUMBER=1
AIRFLOW_CTX_DAG_RUN_ID=manual__2022-10-26T19:51:28.589382+00:00
[2022-10-26T19:51:30.763+0000] {logging_mixin.py:120} INFO - Pandas Version: 1.3.5
[2022-10-26T19:51:30.764+0000] {logging_mixin.py:120} INFO - Python Version: 3.7.15 (default, Oct 11 2022, 20:48:03) 
[GCC 10.2.1 20210110]
[2022-10-26T19:51:30.766+0000] {warnings.py:110} WARNING - /home/***/.local/lib/python3.7/site-packages/***/utils/context.py:297: AirflowContextDeprecationWarning: Accessing 'execution_date' from the template is deprecated and will be removed in a future version. Please use 'data_interval_start' or 'logical_date' instead.
  warnings.warn(_create_deprecation_warning(k, replacements))

[2022-10-26T19:51:30.766+0000] {logging_mixin.py:120} INFO - Fecha: 2022-10-26T19:51:28.589382+00:00
[2022-10-26T19:51:30.780+0000] {logging_mixin.py:120} INFO - INFO Module build_postgres_cnxn: DB Connection to host local_pgdb Ok
[2022-10-26T19:51:31.410+0000] {logging_mixin.py:120} INFO - INFO api_request_to_pandas: API request executed Ok. Number of records returned: 201
[2022-10-26T19:51:32.050+0000] {logging_mixin.py:120} INFO - INFO api_request_to_pandas: API request executed Ok. Number of records returned: 19
[2022-10-26T19:51:32.052+0000] {logging_mixin.py:120} INFO - INFO is_holiday. URL request for 2022-10-26 Ok.
[2022-10-26T19:51:32.083+0000] {logging_mixin.py:120} INFO - INFO get_hourly_demand - 16 records were upserted. Table cammesa_db.hourly_demand.
[2022-10-26T19:51:32.084+0000] {logging_mixin.py:120} INFO - INFO get_hourly_demand execution:  2022-10-26T19:51:28.589382+00:00
[2022-10-26T19:51:32.084+0000] {python.py:177} INFO - Done. Returned value was: None
[2022-10-26T19:51:32.127+0000] {taskinstance.py:1406} INFO - Marking task as SUCCESS. dag_id=get_hourly_demand_v1, task_id=get_hourly_demand, execution_date=20221026T195128, start_date=20221026T195130, end_date=20221026T195132
[2022-10-26T19:51:32.211+0000] {local_task_job.py:164} INFO - Task exited with return code 0
[2022-10-26T19:51:32.272+0000] {local_task_job.py:273} INFO - 0 downstream tasks scheduled from follow-on schedule check
