[2022-10-28T19:25:13.338+0000] {taskinstance.py:1165} INFO - Dependencies all met for <TaskInstance: ENG_hourly_process_v1.get_hourly_demand scheduled__2022-10-28T02:05:00+00:00 [queued]>
[2022-10-28T19:25:13.445+0000] {taskinstance.py:1165} INFO - Dependencies all met for <TaskInstance: ENG_hourly_process_v1.get_hourly_demand scheduled__2022-10-28T02:05:00+00:00 [queued]>
[2022-10-28T19:25:13.445+0000] {taskinstance.py:1362} INFO - 
--------------------------------------------------------------------------------
[2022-10-28T19:25:13.447+0000] {taskinstance.py:1363} INFO - Starting attempt 1 of 2
[2022-10-28T19:25:13.447+0000] {taskinstance.py:1364} INFO - 
--------------------------------------------------------------------------------
[2022-10-28T19:25:13.563+0000] {taskinstance.py:1383} INFO - Executing <Task(PythonOperator): get_hourly_demand> on 2022-10-28 02:05:00+00:00
[2022-10-28T19:25:13.590+0000] {standard_task_runner.py:55} INFO - Started process 7221 to run task
[2022-10-28T19:25:13.596+0000] {standard_task_runner.py:82} INFO - Running: ['***', 'tasks', 'run', 'ENG_hourly_process_v1', 'get_hourly_demand', 'scheduled__2022-10-28T02:05:00+00:00', '--job-id', '135', '--raw', '--subdir', 'DAGS_FOLDER/ENG_hourly_process_dag.py', '--cfg-path', '/tmp/tmpnplnjl1m']
[2022-10-28T19:25:13.612+0000] {standard_task_runner.py:83} INFO - Job 135: Subtask get_hourly_demand
[2022-10-28T19:25:14.365+0000] {task_command.py:376} INFO - Running <TaskInstance: ENG_hourly_process_v1.get_hourly_demand scheduled__2022-10-28T02:05:00+00:00 [running]> on host f011703e6eb5
[2022-10-28T19:25:21.133+0000] {taskinstance.py:1592} INFO - Exporting the following env vars:
AIRFLOW_CTX_DAG_EMAIL=colmo786@gmail.com
AIRFLOW_CTX_DAG_OWNER=energy
AIRFLOW_CTX_DAG_ID=ENG_hourly_process_v1
AIRFLOW_CTX_TASK_ID=get_hourly_demand
AIRFLOW_CTX_EXECUTION_DATE=2022-10-28T02:05:00+00:00
AIRFLOW_CTX_TRY_NUMBER=1
AIRFLOW_CTX_DAG_RUN_ID=scheduled__2022-10-28T02:05:00+00:00
[2022-10-28T19:25:21.224+0000] {logging_mixin.py:120} WARNING - /home/***/.local/lib/python3.7/site-packages/***/utils/context.py:297 AirflowContextDeprecationWarning: Accessing 'execution_date' from the template is deprecated and will be removed in a future version. Please use 'data_interval_start' or 'logical_date' instead.
[2022-10-28T19:25:21.263+0000] {logging_mixin.py:120} INFO - INFO Module build_postgres_cnxn: DB Connection to host local_pgdb Ok
[2022-10-28T19:25:21.480+0000] {logging_mixin.py:120} INFO - INFO api_request_to_pandas: API request executed Ok. Number of records returned: 196
[2022-10-28T19:25:21.919+0000] {logging_mixin.py:120} INFO - INFO api_request_to_pandas: API request executed Ok. Number of records returned: 19
[2022-10-28T19:25:21.931+0000] {logging_mixin.py:120} INFO - INFO is_holiday. URL request for 2022-10-28 Ok.
[2022-10-28T19:25:21.987+0000] {logging_mixin.py:120} INFO - INFO get_hourly_demand - 16 records were upserted. Table cammesa_db.hourly_demand.
[2022-10-28T19:25:21.989+0000] {logging_mixin.py:120} INFO - INFO get_hourly_demand execution:  2022-10-28T02:05:00+00:00
[2022-10-28T19:25:21.990+0000] {python.py:177} INFO - Done. Returned value was: None
[2022-10-28T19:25:22.077+0000] {taskinstance.py:1406} INFO - Marking task as SUCCESS. dag_id=ENG_hourly_process_v1, task_id=get_hourly_demand, execution_date=20221028T020500, start_date=20221028T192513, end_date=20221028T192522
[2022-10-28T19:25:22.882+0000] {local_task_job.py:164} INFO - Task exited with return code 0
[2022-10-28T19:25:23.055+0000] {local_task_job.py:273} INFO - 1 downstream tasks scheduled from follow-on schedule check
[2022-10-29T00:40:33.053+0000] {taskinstance.py:1165} INFO - Dependencies all met for <TaskInstance: ENG_hourly_process_v1.get_hourly_demand scheduled__2022-10-28T02:05:00+00:00 [queued]>
[2022-10-29T00:40:33.208+0000] {taskinstance.py:1165} INFO - Dependencies all met for <TaskInstance: ENG_hourly_process_v1.get_hourly_demand scheduled__2022-10-28T02:05:00+00:00 [queued]>
[2022-10-29T00:40:33.215+0000] {taskinstance.py:1362} INFO - 
--------------------------------------------------------------------------------
[2022-10-29T00:40:33.215+0000] {taskinstance.py:1363} INFO - Starting attempt 1 of 2
[2022-10-29T00:40:33.217+0000] {taskinstance.py:1364} INFO - 
--------------------------------------------------------------------------------
[2022-10-29T00:40:33.358+0000] {taskinstance.py:1383} INFO - Executing <Task(PythonOperator): get_hourly_demand> on 2022-10-28 02:05:00+00:00
[2022-10-29T00:40:33.388+0000] {standard_task_runner.py:55} INFO - Started process 1865 to run task
[2022-10-29T00:40:33.486+0000] {standard_task_runner.py:82} INFO - Running: ['***', 'tasks', 'run', 'ENG_hourly_process_v1', 'get_hourly_demand', 'scheduled__2022-10-28T02:05:00+00:00', '--job-id', '95', '--raw', '--subdir', 'DAGS_FOLDER/ENG_hourly_process_dag.py', '--cfg-path', '/tmp/tmpawa_07qq']
[2022-10-29T00:40:33.520+0000] {standard_task_runner.py:83} INFO - Job 95: Subtask get_hourly_demand
[2022-10-29T00:40:34.175+0000] {task_command.py:376} INFO - Running <TaskInstance: ENG_hourly_process_v1.get_hourly_demand scheduled__2022-10-28T02:05:00+00:00 [running]> on host 6800cd8e39a3
[2022-10-29T00:40:34.914+0000] {taskinstance.py:1592} INFO - Exporting the following env vars:
AIRFLOW_CTX_DAG_EMAIL=colmo786@gmail.com
AIRFLOW_CTX_DAG_OWNER=energy
AIRFLOW_CTX_DAG_ID=ENG_hourly_process_v1
AIRFLOW_CTX_TASK_ID=get_hourly_demand
AIRFLOW_CTX_EXECUTION_DATE=2022-10-28T02:05:00+00:00
AIRFLOW_CTX_TRY_NUMBER=1
AIRFLOW_CTX_DAG_RUN_ID=scheduled__2022-10-28T02:05:00+00:00
[2022-10-29T00:40:34.926+0000] {logging_mixin.py:120} WARNING - /home/***/.local/lib/python3.7/site-packages/***/utils/context.py:297 AirflowContextDeprecationWarning: Accessing 'execution_date' from the template is deprecated and will be removed in a future version. Please use 'data_interval_start' or 'logical_date' instead.
[2022-10-29T00:40:35.017+0000] {logging_mixin.py:120} INFO - INFO Module build_postgres_cnxn: DB Connection to host local_pgdb Ok
[2022-10-29T00:40:35.159+0000] {logging_mixin.py:120} INFO - INFO api_request_to_pandas: API request executed Ok. Number of records returned: 259
[2022-10-29T00:40:35.556+0000] {logging_mixin.py:120} INFO - INFO api_request_to_pandas: API request executed Ok. Number of records returned: 19
[2022-10-29T00:40:35.562+0000] {logging_mixin.py:120} INFO - INFO is_holiday. URL request for 2022-10-28 Ok.
[2022-10-29T00:40:35.597+0000] {logging_mixin.py:120} INFO - INFO get_hourly_demand - 21 records were upserted. Table cammesa_db.hourly_demand.
[2022-10-29T00:40:35.600+0000] {logging_mixin.py:120} INFO - INFO get_hourly_demand execution:  2022-10-28T02:05:00+00:00
[2022-10-29T00:40:35.600+0000] {python.py:177} INFO - Done. Returned value was: None
[2022-10-29T00:40:35.633+0000] {taskinstance.py:1406} INFO - Marking task as SUCCESS. dag_id=ENG_hourly_process_v1, task_id=get_hourly_demand, execution_date=20221028T020500, start_date=20221029T004033, end_date=20221029T004035
[2022-10-29T00:40:35.823+0000] {local_task_job.py:164} INFO - Task exited with return code 0
[2022-10-29T00:40:36.030+0000] {local_task_job.py:273} INFO - 1 downstream tasks scheduled from follow-on schedule check
