[2022-10-27T23:00:55.182+0000] {taskinstance.py:1165} INFO - Dependencies all met for <TaskInstance: get_hourly_demand_v2.get_hourly_demand scheduled__2022-10-27T02:05:00+00:00 [queued]>
[2022-10-27T23:00:55.395+0000] {taskinstance.py:1165} INFO - Dependencies all met for <TaskInstance: get_hourly_demand_v2.get_hourly_demand scheduled__2022-10-27T02:05:00+00:00 [queued]>
[2022-10-27T23:00:55.395+0000] {taskinstance.py:1362} INFO - 
--------------------------------------------------------------------------------
[2022-10-27T23:00:55.396+0000] {taskinstance.py:1363} INFO - Starting attempt 1 of 2
[2022-10-27T23:00:55.396+0000] {taskinstance.py:1364} INFO - 
--------------------------------------------------------------------------------
[2022-10-27T23:00:57.702+0000] {taskinstance.py:1383} INFO - Executing <Task(PythonOperator): get_hourly_demand> on 2022-10-27 02:05:00+00:00
[2022-10-27T23:00:57.999+0000] {standard_task_runner.py:82} INFO - Running: ['***', 'tasks', 'run', 'get_hourly_demand_v2', 'get_hourly_demand', 'scheduled__2022-10-27T02:05:00+00:00', '--job-id', '33', '--raw', '--subdir', 'DAGS_FOLDER/hourly_demand_dag.py', '--cfg-path', '/tmp/tmp348g4fmr']
[2022-10-27T23:00:58.003+0000] {standard_task_runner.py:83} INFO - Job 33: Subtask get_hourly_demand
[2022-10-27T23:00:58.032+0000] {standard_task_runner.py:55} INFO - Started process 226 to run task
[2022-10-27T23:01:03.508+0000] {task_command.py:376} INFO - Running <TaskInstance: get_hourly_demand_v2.get_hourly_demand scheduled__2022-10-27T02:05:00+00:00 [running]> on host b19062265769
[2022-10-27T23:01:07.092+0000] {taskinstance.py:1592} INFO - Exporting the following env vars:
AIRFLOW_CTX_DAG_EMAIL=colmo786@gmail.com
AIRFLOW_CTX_DAG_OWNER=energy
AIRFLOW_CTX_DAG_ID=get_hourly_demand_v2
AIRFLOW_CTX_TASK_ID=get_hourly_demand
AIRFLOW_CTX_EXECUTION_DATE=2022-10-27T02:05:00+00:00
AIRFLOW_CTX_TRY_NUMBER=1
AIRFLOW_CTX_DAG_RUN_ID=scheduled__2022-10-27T02:05:00+00:00
[2022-10-27T23:01:07.804+0000] {logging_mixin.py:120} WARNING - /home/***/.local/lib/python3.7/site-packages/***/utils/context.py:297 AirflowContextDeprecationWarning: Accessing 'execution_date' from the template is deprecated and will be removed in a future version. Please use 'data_interval_start' or 'logical_date' instead.
[2022-10-27T23:01:08.362+0000] {logging_mixin.py:120} INFO - INFO Module build_postgres_cnxn: DB Connection to host local_pgdb Ok
[2022-10-27T23:01:09.574+0000] {logging_mixin.py:120} INFO - INFO api_request_to_pandas: API request executed Ok. Number of records returned: 239
[2022-10-27T23:01:11.184+0000] {logging_mixin.py:120} INFO - INFO api_request_to_pandas: API request executed Ok. Number of records returned: 19
[2022-10-27T23:01:11.375+0000] {logging_mixin.py:120} INFO - INFO is_holiday. URL request for 2022-10-27 Ok.
[2022-10-27T23:01:12.487+0000] {logging_mixin.py:120} INFO - INFO get_hourly_demand - 19 records were upserted. Table cammesa_db.hourly_demand.
[2022-10-27T23:01:12.513+0000] {logging_mixin.py:120} INFO - INFO get_hourly_demand execution:  2022-10-27T02:05:00+00:00
[2022-10-27T23:01:12.513+0000] {python.py:177} INFO - Done. Returned value was: None
[2022-10-27T23:01:12.633+0000] {taskinstance.py:1406} INFO - Marking task as SUCCESS. dag_id=get_hourly_demand_v2, task_id=get_hourly_demand, execution_date=20221027T020500, start_date=20221027T230055, end_date=20221027T230112
[2022-10-27T23:01:13.139+0000] {local_task_job.py:164} INFO - Task exited with return code 0
[2022-10-27T23:01:14.251+0000] {local_task_job.py:273} INFO - 0 downstream tasks scheduled from follow-on schedule check
[2022-10-28T03:14:23.080+0000] {taskinstance.py:1165} INFO - Dependencies all met for <TaskInstance: get_hourly_demand_v2.get_hourly_demand scheduled__2022-10-27T02:05:00+00:00 [queued]>
[2022-10-28T03:14:23.156+0000] {taskinstance.py:1165} INFO - Dependencies all met for <TaskInstance: get_hourly_demand_v2.get_hourly_demand scheduled__2022-10-27T02:05:00+00:00 [queued]>
[2022-10-28T03:14:23.157+0000] {taskinstance.py:1362} INFO - 
--------------------------------------------------------------------------------
[2022-10-28T03:14:23.157+0000] {taskinstance.py:1363} INFO - Starting attempt 1 of 2
[2022-10-28T03:14:23.157+0000] {taskinstance.py:1364} INFO - 
--------------------------------------------------------------------------------
[2022-10-28T03:14:23.493+0000] {taskinstance.py:1383} INFO - Executing <Task(PythonOperator): get_hourly_demand> on 2022-10-27 02:05:00+00:00
[2022-10-28T03:14:23.498+0000] {standard_task_runner.py:55} INFO - Started process 739 to run task
[2022-10-28T03:14:23.518+0000] {standard_task_runner.py:82} INFO - Running: ['***', 'tasks', 'run', 'get_hourly_demand_v2', 'get_hourly_demand', 'scheduled__2022-10-27T02:05:00+00:00', '--job-id', '29', '--raw', '--subdir', 'DAGS_FOLDER/hourly_demand_dag.py', '--cfg-path', '/tmp/tmpoa82oyyo']
[2022-10-28T03:14:23.522+0000] {standard_task_runner.py:83} INFO - Job 29: Subtask get_hourly_demand
[2022-10-28T03:14:23.841+0000] {task_command.py:376} INFO - Running <TaskInstance: get_hourly_demand_v2.get_hourly_demand scheduled__2022-10-27T02:05:00+00:00 [running]> on host 96776771a69f
[2022-10-28T03:14:24.285+0000] {taskinstance.py:1592} INFO - Exporting the following env vars:
AIRFLOW_CTX_DAG_EMAIL=colmo786@gmail.com
AIRFLOW_CTX_DAG_OWNER=energy
AIRFLOW_CTX_DAG_ID=get_hourly_demand_v2
AIRFLOW_CTX_TASK_ID=get_hourly_demand
AIRFLOW_CTX_EXECUTION_DATE=2022-10-27T02:05:00+00:00
AIRFLOW_CTX_TRY_NUMBER=1
AIRFLOW_CTX_DAG_RUN_ID=scheduled__2022-10-27T02:05:00+00:00
[2022-10-28T03:14:24.307+0000] {logging_mixin.py:120} WARNING - /home/***/.local/lib/python3.7/site-packages/***/utils/context.py:297 AirflowContextDeprecationWarning: Accessing 'execution_date' from the template is deprecated and will be removed in a future version. Please use 'data_interval_start' or 'logical_date' instead.
[2022-10-28T03:14:24.379+0000] {logging_mixin.py:120} INFO - INFO Module build_postgres_cnxn: DB Connection to host local_pgdb Ok
[2022-10-28T03:14:24.558+0000] {logging_mixin.py:120} INFO - INFO api_request_to_pandas: API request executed Ok. Number of records returned: 288
[2022-10-28T03:14:24.921+0000] {logging_mixin.py:120} INFO - INFO api_request_to_pandas: API request executed Ok. Number of records returned: 19
[2022-10-28T03:14:24.923+0000] {logging_mixin.py:120} INFO - INFO is_holiday. URL request for 2022-10-27 Ok.
[2022-10-28T03:14:24.963+0000] {logging_mixin.py:120} INFO - INFO get_hourly_demand - 24 records were upserted. Table cammesa_db.hourly_demand.
[2022-10-28T03:14:24.964+0000] {logging_mixin.py:120} INFO - INFO get_hourly_demand execution:  2022-10-27T02:05:00+00:00
[2022-10-28T03:14:24.964+0000] {python.py:177} INFO - Done. Returned value was: None
[2022-10-28T03:14:25.001+0000] {taskinstance.py:1406} INFO - Marking task as SUCCESS. dag_id=get_hourly_demand_v2, task_id=get_hourly_demand, execution_date=20221027T020500, start_date=20221028T031423, end_date=20221028T031425
[2022-10-28T03:14:25.114+0000] {local_task_job.py:164} INFO - Task exited with return code 0
[2022-10-28T03:14:25.224+0000] {local_task_job.py:273} INFO - 0 downstream tasks scheduled from follow-on schedule check
[2022-10-28T17:59:49.300+0000] {taskinstance.py:1165} INFO - Dependencies all met for <TaskInstance: get_hourly_demand_v2.get_hourly_demand scheduled__2022-10-27T02:05:00+00:00 [queued]>
[2022-10-28T17:59:49.456+0000] {taskinstance.py:1165} INFO - Dependencies all met for <TaskInstance: get_hourly_demand_v2.get_hourly_demand scheduled__2022-10-27T02:05:00+00:00 [queued]>
[2022-10-28T17:59:49.456+0000] {taskinstance.py:1362} INFO - 
--------------------------------------------------------------------------------
[2022-10-28T17:59:49.456+0000] {taskinstance.py:1363} INFO - Starting attempt 1 of 2
[2022-10-28T17:59:49.456+0000] {taskinstance.py:1364} INFO - 
--------------------------------------------------------------------------------
[2022-10-28T17:59:49.889+0000] {taskinstance.py:1383} INFO - Executing <Task(PythonOperator): get_hourly_demand> on 2022-10-27 02:05:00+00:00
[2022-10-28T17:59:49.943+0000] {standard_task_runner.py:55} INFO - Started process 856 to run task
[2022-10-28T17:59:49.961+0000] {standard_task_runner.py:82} INFO - Running: ['***', 'tasks', 'run', 'get_hourly_demand_v2', 'get_hourly_demand', 'scheduled__2022-10-27T02:05:00+00:00', '--job-id', '23', '--raw', '--subdir', 'DAGS_FOLDER/hourly_demand_dag.py', '--cfg-path', '/tmp/tmpm1a2sigl']
[2022-10-28T17:59:49.975+0000] {standard_task_runner.py:83} INFO - Job 23: Subtask get_hourly_demand
[2022-10-28T17:59:50.651+0000] {task_command.py:376} INFO - Running <TaskInstance: get_hourly_demand_v2.get_hourly_demand scheduled__2022-10-27T02:05:00+00:00 [running]> on host f011703e6eb5
[2022-10-28T17:59:51.257+0000] {taskinstance.py:1592} INFO - Exporting the following env vars:
AIRFLOW_CTX_DAG_EMAIL=colmo786@gmail.com
AIRFLOW_CTX_DAG_OWNER=energy
AIRFLOW_CTX_DAG_ID=get_hourly_demand_v2
AIRFLOW_CTX_TASK_ID=get_hourly_demand
AIRFLOW_CTX_EXECUTION_DATE=2022-10-27T02:05:00+00:00
AIRFLOW_CTX_TRY_NUMBER=1
AIRFLOW_CTX_DAG_RUN_ID=scheduled__2022-10-27T02:05:00+00:00
[2022-10-28T17:59:51.300+0000] {logging_mixin.py:120} WARNING - /home/***/.local/lib/python3.7/site-packages/***/utils/context.py:297 AirflowContextDeprecationWarning: Accessing 'execution_date' from the template is deprecated and will be removed in a future version. Please use 'data_interval_start' or 'logical_date' instead.
[2022-10-28T17:59:51.371+0000] {logging_mixin.py:120} INFO - INFO Module build_postgres_cnxn: DB Connection to host local_pgdb Ok
[2022-10-28T17:59:51.554+0000] {logging_mixin.py:120} INFO - INFO api_request_to_pandas: API request executed Ok. Number of records returned: 288
[2022-10-28T17:59:51.986+0000] {logging_mixin.py:120} INFO - INFO api_request_to_pandas: API request executed Ok. Number of records returned: 19
[2022-10-28T17:59:51.997+0000] {logging_mixin.py:120} INFO - INFO is_holiday. URL request for 2022-10-27 Ok.
[2022-10-28T17:59:52.035+0000] {logging_mixin.py:120} INFO - INFO get_hourly_demand - 24 records were upserted. Table cammesa_db.hourly_demand.
[2022-10-28T17:59:52.036+0000] {logging_mixin.py:120} INFO - INFO get_hourly_demand execution:  2022-10-27T02:05:00+00:00
[2022-10-28T17:59:52.037+0000] {python.py:177} INFO - Done. Returned value was: None
[2022-10-28T17:59:52.086+0000] {taskinstance.py:1406} INFO - Marking task as SUCCESS. dag_id=get_hourly_demand_v2, task_id=get_hourly_demand, execution_date=20221027T020500, start_date=20221028T175949, end_date=20221028T175952
[2022-10-28T17:59:52.282+0000] {local_task_job.py:164} INFO - Task exited with return code 0
[2022-10-28T17:59:52.433+0000] {local_task_job.py:273} INFO - 0 downstream tasks scheduled from follow-on schedule check
