[2022-10-28T19:15:02.780+0000] {taskinstance.py:1165} INFO - Dependencies all met for <TaskInstance: ENG_hourly_process_v1.get_hourly_demand scheduled__2022-10-26T20:05:00+00:00 [queued]>
[2022-10-28T19:15:03.072+0000] {taskinstance.py:1165} INFO - Dependencies all met for <TaskInstance: ENG_hourly_process_v1.get_hourly_demand scheduled__2022-10-26T20:05:00+00:00 [queued]>
[2022-10-28T19:15:03.072+0000] {taskinstance.py:1362} INFO - 
--------------------------------------------------------------------------------
[2022-10-28T19:15:03.072+0000] {taskinstance.py:1363} INFO - Starting attempt 1 of 2
[2022-10-28T19:15:03.073+0000] {taskinstance.py:1364} INFO - 
--------------------------------------------------------------------------------
[2022-10-28T19:15:05.002+0000] {taskinstance.py:1383} INFO - Executing <Task(PythonOperator): get_hourly_demand> on 2022-10-26 20:05:00+00:00
[2022-10-28T19:15:05.154+0000] {standard_task_runner.py:55} INFO - Started process 6535 to run task
[2022-10-28T19:15:05.240+0000] {standard_task_runner.py:82} INFO - Running: ['***', 'tasks', 'run', 'ENG_hourly_process_v1', 'get_hourly_demand', 'scheduled__2022-10-26T20:05:00+00:00', '--job-id', '106', '--raw', '--subdir', 'DAGS_FOLDER/ENG_hourly_process_dag.py', '--cfg-path', '/tmp/tmpklfl1lny']
[2022-10-28T19:15:05.255+0000] {standard_task_runner.py:83} INFO - Job 106: Subtask get_hourly_demand
[2022-10-28T19:15:09.453+0000] {task_command.py:376} INFO - Running <TaskInstance: ENG_hourly_process_v1.get_hourly_demand scheduled__2022-10-26T20:05:00+00:00 [running]> on host f011703e6eb5
[2022-10-28T19:15:29.448+0000] {taskinstance.py:1592} INFO - Exporting the following env vars:
AIRFLOW_CTX_DAG_EMAIL=colmo786@gmail.com
AIRFLOW_CTX_DAG_OWNER=energy
AIRFLOW_CTX_DAG_ID=ENG_hourly_process_v1
AIRFLOW_CTX_TASK_ID=get_hourly_demand
AIRFLOW_CTX_EXECUTION_DATE=2022-10-26T20:05:00+00:00
AIRFLOW_CTX_TRY_NUMBER=1
AIRFLOW_CTX_DAG_RUN_ID=scheduled__2022-10-26T20:05:00+00:00
[2022-10-28T19:15:29.543+0000] {logging_mixin.py:120} WARNING - /home/***/.local/lib/python3.7/site-packages/***/utils/context.py:297 AirflowContextDeprecationWarning: Accessing 'execution_date' from the template is deprecated and will be removed in a future version. Please use 'data_interval_start' or 'logical_date' instead.
[2022-10-28T19:15:29.691+0000] {logging_mixin.py:120} INFO - INFO Module build_postgres_cnxn: DB Connection to host local_pgdb Ok
[2022-10-28T19:15:31.030+0000] {logging_mixin.py:120} INFO - INFO api_request_to_pandas: API request executed Ok. Number of records returned: 288
[2022-10-28T19:15:31.703+0000] {logging_mixin.py:120} INFO - INFO api_request_to_pandas: API request executed Ok. Number of records returned: 19
[2022-10-28T19:15:31.750+0000] {logging_mixin.py:120} INFO - INFO is_holiday. URL request for 2022-10-26 Ok.
[2022-10-28T19:15:31.887+0000] {logging_mixin.py:120} INFO - INFO get_hourly_demand - 24 records were upserted. Table cammesa_db.hourly_demand.
[2022-10-28T19:15:31.888+0000] {logging_mixin.py:120} INFO - INFO get_hourly_demand execution:  2022-10-26T20:05:00+00:00
[2022-10-28T19:15:31.888+0000] {python.py:177} INFO - Done. Returned value was: None
[2022-10-28T19:15:32.062+0000] {taskinstance.py:1406} INFO - Marking task as SUCCESS. dag_id=ENG_hourly_process_v1, task_id=get_hourly_demand, execution_date=20221026T200500, start_date=20221028T191502, end_date=20221028T191532
[2022-10-28T19:15:32.947+0000] {local_task_job.py:164} INFO - Task exited with return code 0
[2022-10-28T19:15:33.378+0000] {local_task_job.py:273} INFO - 1 downstream tasks scheduled from follow-on schedule check
[2022-10-29T00:36:05.061+0000] {taskinstance.py:1165} INFO - Dependencies all met for <TaskInstance: ENG_hourly_process_v1.get_hourly_demand scheduled__2022-10-26T20:05:00+00:00 [queued]>
[2022-10-29T00:36:05.103+0000] {taskinstance.py:1165} INFO - Dependencies all met for <TaskInstance: ENG_hourly_process_v1.get_hourly_demand scheduled__2022-10-26T20:05:00+00:00 [queued]>
[2022-10-29T00:36:05.109+0000] {taskinstance.py:1362} INFO - 
--------------------------------------------------------------------------------
[2022-10-29T00:36:05.111+0000] {taskinstance.py:1363} INFO - Starting attempt 1 of 2
[2022-10-29T00:36:05.112+0000] {taskinstance.py:1364} INFO - 
--------------------------------------------------------------------------------
[2022-10-29T00:36:05.156+0000] {taskinstance.py:1383} INFO - Executing <Task(PythonOperator): get_hourly_demand> on 2022-10-26 20:05:00+00:00
[2022-10-29T00:36:05.179+0000] {standard_task_runner.py:55} INFO - Started process 867 to run task
[2022-10-29T00:36:05.193+0000] {standard_task_runner.py:82} INFO - Running: ['***', 'tasks', 'run', 'ENG_hourly_process_v1', 'get_hourly_demand', 'scheduled__2022-10-26T20:05:00+00:00', '--job-id', '40', '--raw', '--subdir', 'DAGS_FOLDER/ENG_hourly_process_dag.py', '--cfg-path', '/tmp/tmpnetbx7ix']
[2022-10-29T00:36:05.235+0000] {standard_task_runner.py:83} INFO - Job 40: Subtask get_hourly_demand
[2022-10-29T00:36:05.936+0000] {task_command.py:376} INFO - Running <TaskInstance: ENG_hourly_process_v1.get_hourly_demand scheduled__2022-10-26T20:05:00+00:00 [running]> on host 6800cd8e39a3
[2022-10-29T00:36:07.027+0000] {taskinstance.py:1592} INFO - Exporting the following env vars:
AIRFLOW_CTX_DAG_EMAIL=colmo786@gmail.com
AIRFLOW_CTX_DAG_OWNER=energy
AIRFLOW_CTX_DAG_ID=ENG_hourly_process_v1
AIRFLOW_CTX_TASK_ID=get_hourly_demand
AIRFLOW_CTX_EXECUTION_DATE=2022-10-26T20:05:00+00:00
AIRFLOW_CTX_TRY_NUMBER=1
AIRFLOW_CTX_DAG_RUN_ID=scheduled__2022-10-26T20:05:00+00:00
[2022-10-29T00:36:07.058+0000] {logging_mixin.py:120} WARNING - /home/***/.local/lib/python3.7/site-packages/***/utils/context.py:297 AirflowContextDeprecationWarning: Accessing 'execution_date' from the template is deprecated and will be removed in a future version. Please use 'data_interval_start' or 'logical_date' instead.
[2022-10-29T00:36:07.199+0000] {logging_mixin.py:120} INFO - INFO Module build_postgres_cnxn: DB Connection to host local_pgdb Ok
[2022-10-29T00:36:07.362+0000] {logging_mixin.py:120} INFO - INFO api_request_to_pandas: API request executed Ok. Number of records returned: 288
[2022-10-29T00:36:07.829+0000] {logging_mixin.py:120} INFO - INFO api_request_to_pandas: API request executed Ok. Number of records returned: 19
[2022-10-29T00:36:07.870+0000] {logging_mixin.py:120} INFO - INFO is_holiday. URL request for 2022-10-26 Ok.
[2022-10-29T00:36:07.938+0000] {logging_mixin.py:120} INFO - INFO get_hourly_demand - 24 records were upserted. Table cammesa_db.hourly_demand.
[2022-10-29T00:36:07.940+0000] {logging_mixin.py:120} INFO - INFO get_hourly_demand execution:  2022-10-26T20:05:00+00:00
[2022-10-29T00:36:07.941+0000] {python.py:177} INFO - Done. Returned value was: None
[2022-10-29T00:36:08.050+0000] {taskinstance.py:1406} INFO - Marking task as SUCCESS. dag_id=ENG_hourly_process_v1, task_id=get_hourly_demand, execution_date=20221026T200500, start_date=20221029T003605, end_date=20221029T003608
[2022-10-29T00:36:08.237+0000] {local_task_job.py:164} INFO - Task exited with return code 0
[2022-10-29T00:36:09.879+0000] {local_task_job.py:273} INFO - 0 downstream tasks scheduled from follow-on schedule check
