[2022-10-26T21:33:09.690+0000] {taskinstance.py:1165} INFO - Dependencies all met for <TaskInstance: get_hourly_demand_v2.get_hourly_demand scheduled__2022-10-26T02:05:00+00:00 [queued]>
[2022-10-26T21:33:09.937+0000] {taskinstance.py:1165} INFO - Dependencies all met for <TaskInstance: get_hourly_demand_v2.get_hourly_demand scheduled__2022-10-26T02:05:00+00:00 [queued]>
[2022-10-26T21:33:09.938+0000] {taskinstance.py:1362} INFO - 
--------------------------------------------------------------------------------
[2022-10-26T21:33:09.938+0000] {taskinstance.py:1363} INFO - Starting attempt 1 of 2
[2022-10-26T21:33:09.938+0000] {taskinstance.py:1364} INFO - 
--------------------------------------------------------------------------------
[2022-10-26T21:33:10.249+0000] {taskinstance.py:1383} INFO - Executing <Task(PythonOperator): get_hourly_demand> on 2022-10-26 02:05:00+00:00
[2022-10-26T21:33:10.299+0000] {standard_task_runner.py:55} INFO - Started process 264 to run task
[2022-10-26T21:33:10.393+0000] {standard_task_runner.py:82} INFO - Running: ['***', 'tasks', 'run', 'get_hourly_demand_v2', 'get_hourly_demand', 'scheduled__2022-10-26T02:05:00+00:00', '--job-id', '7', '--raw', '--subdir', 'DAGS_FOLDER/hourly_demand_dag.py', '--cfg-path', '/tmp/tmpvous6pj6']
[2022-10-26T21:33:10.426+0000] {standard_task_runner.py:83} INFO - Job 7: Subtask get_hourly_demand
[2022-10-26T21:33:54.769+0000] {task_command.py:376} INFO - Running <TaskInstance: get_hourly_demand_v2.get_hourly_demand scheduled__2022-10-26T02:05:00+00:00 [running]> on host f694475c41c8
[2022-10-26T21:34:30.647+0000] {taskinstance.py:1592} INFO - Exporting the following env vars:
AIRFLOW_CTX_DAG_EMAIL=colmo786@gmail.com
AIRFLOW_CTX_DAG_OWNER=energy
AIRFLOW_CTX_DAG_ID=get_hourly_demand_v2
AIRFLOW_CTX_TASK_ID=get_hourly_demand
AIRFLOW_CTX_EXECUTION_DATE=2022-10-26T02:05:00+00:00
AIRFLOW_CTX_TRY_NUMBER=1
AIRFLOW_CTX_DAG_RUN_ID=scheduled__2022-10-26T02:05:00+00:00
[2022-10-26T21:34:33.004+0000] {logging_mixin.py:120} WARNING - /home/***/.local/lib/python3.7/site-packages/***/utils/context.py:297 AirflowContextDeprecationWarning: Accessing 'execution_date' from the template is deprecated and will be removed in a future version. Please use 'data_interval_start' or 'logical_date' instead.
[2022-10-26T21:34:36.662+0000] {logging_mixin.py:120} INFO - INFO Module build_postgres_cnxn: DB Connection to host local_pgdb Ok
[2022-10-26T21:35:04.585+0000] {logging_mixin.py:120} INFO - INFO api_request_to_pandas: API request executed Ok. Number of records returned: 222
[2022-10-26T21:35:08.249+0000] {logging_mixin.py:120} INFO - INFO api_request_to_pandas: API request executed Ok. Number of records returned: 19
[2022-10-26T21:35:08.251+0000] {logging_mixin.py:120} INFO - INFO is_holiday. URL request for 2022-10-26 Ok.
[2022-10-26T21:35:08.930+0000] {logging_mixin.py:120} INFO - INFO get_hourly_demand - 18 records were upserted. Table cammesa_db.hourly_demand.
[2022-10-26T21:35:08.934+0000] {logging_mixin.py:120} INFO - INFO get_hourly_demand execution:  2022-10-26T02:05:00+00:00
[2022-10-26T21:35:08.934+0000] {python.py:177} INFO - Done. Returned value was: None
[2022-10-26T21:35:09.468+0000] {taskinstance.py:1406} INFO - Marking task as SUCCESS. dag_id=get_hourly_demand_v2, task_id=get_hourly_demand, execution_date=20221026T020500, start_date=20221026T213309, end_date=20221026T213509
[2022-10-26T21:35:10.333+0000] {local_task_job.py:164} INFO - Task exited with return code 0
[2022-10-26T21:35:12.113+0000] {local_task_job.py:273} INFO - 0 downstream tasks scheduled from follow-on schedule check
[2022-10-26T22:31:51.573+0000] {taskinstance.py:1165} INFO - Dependencies all met for <TaskInstance: get_hourly_demand_v2.get_hourly_demand scheduled__2022-10-26T02:05:00+00:00 [queued]>
[2022-10-26T22:31:51.749+0000] {taskinstance.py:1165} INFO - Dependencies all met for <TaskInstance: get_hourly_demand_v2.get_hourly_demand scheduled__2022-10-26T02:05:00+00:00 [queued]>
[2022-10-26T22:31:51.750+0000] {taskinstance.py:1362} INFO - 
--------------------------------------------------------------------------------
[2022-10-26T22:31:51.750+0000] {taskinstance.py:1363} INFO - Starting attempt 1 of 2
[2022-10-26T22:31:51.750+0000] {taskinstance.py:1364} INFO - 
--------------------------------------------------------------------------------
[2022-10-26T22:31:52.229+0000] {taskinstance.py:1383} INFO - Executing <Task(PythonOperator): get_hourly_demand> on 2022-10-26 02:05:00+00:00
[2022-10-26T22:31:52.264+0000] {standard_task_runner.py:55} INFO - Started process 339 to run task
[2022-10-26T22:31:52.353+0000] {standard_task_runner.py:82} INFO - Running: ['***', 'tasks', 'run', 'get_hourly_demand_v2', 'get_hourly_demand', 'scheduled__2022-10-26T02:05:00+00:00', '--job-id', '6', '--raw', '--subdir', 'DAGS_FOLDER/hourly_demand_dag.py', '--cfg-path', '/tmp/tmp1j30bqau']
[2022-10-26T22:31:52.355+0000] {standard_task_runner.py:83} INFO - Job 6: Subtask get_hourly_demand
[2022-10-26T22:31:53.271+0000] {task_command.py:376} INFO - Running <TaskInstance: get_hourly_demand_v2.get_hourly_demand scheduled__2022-10-26T02:05:00+00:00 [running]> on host b19062265769
[2022-10-26T22:31:56.464+0000] {taskinstance.py:1592} INFO - Exporting the following env vars:
AIRFLOW_CTX_DAG_EMAIL=colmo786@gmail.com
AIRFLOW_CTX_DAG_OWNER=energy
AIRFLOW_CTX_DAG_ID=get_hourly_demand_v2
AIRFLOW_CTX_TASK_ID=get_hourly_demand
AIRFLOW_CTX_EXECUTION_DATE=2022-10-26T02:05:00+00:00
AIRFLOW_CTX_TRY_NUMBER=1
AIRFLOW_CTX_DAG_RUN_ID=scheduled__2022-10-26T02:05:00+00:00
[2022-10-26T22:31:56.538+0000] {logging_mixin.py:120} WARNING - /home/***/.local/lib/python3.7/site-packages/***/utils/context.py:297 AirflowContextDeprecationWarning: Accessing 'execution_date' from the template is deprecated and will be removed in a future version. Please use 'data_interval_start' or 'logical_date' instead.
[2022-10-26T22:31:56.641+0000] {logging_mixin.py:120} INFO - INFO Module build_postgres_cnxn: DB Connection to host local_pgdb Ok
[2022-10-26T22:31:57.391+0000] {logging_mixin.py:120} INFO - INFO api_request_to_pandas: API request executed Ok. Number of records returned: 233
[2022-10-26T22:31:57.998+0000] {logging_mixin.py:120} INFO - INFO api_request_to_pandas: API request executed Ok. Number of records returned: 19
[2022-10-26T22:31:58.015+0000] {logging_mixin.py:120} INFO - INFO is_holiday. URL request for 2022-10-26 Ok.
[2022-10-26T22:31:58.196+0000] {logging_mixin.py:120} INFO - INFO get_hourly_demand - 19 records were upserted. Table cammesa_db.hourly_demand.
[2022-10-26T22:31:58.199+0000] {logging_mixin.py:120} INFO - INFO get_hourly_demand execution:  2022-10-26T02:05:00+00:00
[2022-10-26T22:31:58.200+0000] {python.py:177} INFO - Done. Returned value was: None
[2022-10-26T22:31:58.384+0000] {taskinstance.py:1406} INFO - Marking task as SUCCESS. dag_id=get_hourly_demand_v2, task_id=get_hourly_demand, execution_date=20221026T020500, start_date=20221026T223151, end_date=20221026T223158
[2022-10-26T22:31:59.744+0000] {local_task_job.py:164} INFO - Task exited with return code 0
[2022-10-26T22:32:00.061+0000] {local_task_job.py:273} INFO - 0 downstream tasks scheduled from follow-on schedule check
[2022-10-28T03:13:58.695+0000] {taskinstance.py:1165} INFO - Dependencies all met for <TaskInstance: get_hourly_demand_v2.get_hourly_demand scheduled__2022-10-26T02:05:00+00:00 [queued]>
[2022-10-28T03:13:58.781+0000] {taskinstance.py:1165} INFO - Dependencies all met for <TaskInstance: get_hourly_demand_v2.get_hourly_demand scheduled__2022-10-26T02:05:00+00:00 [queued]>
[2022-10-28T03:13:58.781+0000] {taskinstance.py:1362} INFO - 
--------------------------------------------------------------------------------
[2022-10-28T03:13:58.781+0000] {taskinstance.py:1363} INFO - Starting attempt 1 of 2
[2022-10-28T03:13:58.781+0000] {taskinstance.py:1364} INFO - 
--------------------------------------------------------------------------------
[2022-10-28T03:13:58.879+0000] {taskinstance.py:1383} INFO - Executing <Task(PythonOperator): get_hourly_demand> on 2022-10-26 02:05:00+00:00
[2022-10-28T03:13:58.886+0000] {standard_task_runner.py:55} INFO - Started process 647 to run task
[2022-10-28T03:13:58.907+0000] {standard_task_runner.py:82} INFO - Running: ['***', 'tasks', 'run', 'get_hourly_demand_v2', 'get_hourly_demand', 'scheduled__2022-10-26T02:05:00+00:00', '--job-id', '5', '--raw', '--subdir', 'DAGS_FOLDER/hourly_demand_dag.py', '--cfg-path', '/tmp/tmp9122tdod']
[2022-10-28T03:13:58.917+0000] {standard_task_runner.py:83} INFO - Job 5: Subtask get_hourly_demand
[2022-10-28T03:13:59.290+0000] {task_command.py:376} INFO - Running <TaskInstance: get_hourly_demand_v2.get_hourly_demand scheduled__2022-10-26T02:05:00+00:00 [running]> on host 96776771a69f
[2022-10-28T03:14:00.641+0000] {taskinstance.py:1592} INFO - Exporting the following env vars:
AIRFLOW_CTX_DAG_EMAIL=colmo786@gmail.com
AIRFLOW_CTX_DAG_OWNER=energy
AIRFLOW_CTX_DAG_ID=get_hourly_demand_v2
AIRFLOW_CTX_TASK_ID=get_hourly_demand
AIRFLOW_CTX_EXECUTION_DATE=2022-10-26T02:05:00+00:00
AIRFLOW_CTX_TRY_NUMBER=1
AIRFLOW_CTX_DAG_RUN_ID=scheduled__2022-10-26T02:05:00+00:00
[2022-10-28T03:14:00.891+0000] {logging_mixin.py:120} WARNING - /home/***/.local/lib/python3.7/site-packages/***/utils/context.py:297 AirflowContextDeprecationWarning: Accessing 'execution_date' from the template is deprecated and will be removed in a future version. Please use 'data_interval_start' or 'logical_date' instead.
[2022-10-28T03:14:01.008+0000] {logging_mixin.py:120} INFO - INFO Module build_postgres_cnxn: DB Connection to host local_pgdb Ok
[2022-10-28T03:14:01.428+0000] {logging_mixin.py:120} INFO - INFO api_request_to_pandas: API request executed Ok. Number of records returned: 288
[2022-10-28T03:14:02.094+0000] {logging_mixin.py:120} INFO - INFO api_request_to_pandas: API request executed Ok. Number of records returned: 19
[2022-10-28T03:14:02.109+0000] {logging_mixin.py:120} INFO - INFO is_holiday. URL request for 2022-10-26 Ok.
[2022-10-28T03:14:02.230+0000] {logging_mixin.py:120} INFO - INFO get_hourly_demand - 24 records were upserted. Table cammesa_db.hourly_demand.
[2022-10-28T03:14:02.232+0000] {logging_mixin.py:120} INFO - INFO get_hourly_demand execution:  2022-10-26T02:05:00+00:00
[2022-10-28T03:14:02.233+0000] {python.py:177} INFO - Done. Returned value was: None
[2022-10-28T03:14:02.353+0000] {taskinstance.py:1406} INFO - Marking task as SUCCESS. dag_id=get_hourly_demand_v2, task_id=get_hourly_demand, execution_date=20221026T020500, start_date=20221028T031358, end_date=20221028T031402
[2022-10-28T03:14:02.762+0000] {local_task_job.py:164} INFO - Task exited with return code 0
[2022-10-28T03:14:03.006+0000] {local_task_job.py:273} INFO - 0 downstream tasks scheduled from follow-on schedule check
[2022-10-28T17:58:21.184+0000] {taskinstance.py:1165} INFO - Dependencies all met for <TaskInstance: get_hourly_demand_v2.get_hourly_demand scheduled__2022-10-26T02:05:00+00:00 [queued]>
[2022-10-28T17:58:21.398+0000] {taskinstance.py:1165} INFO - Dependencies all met for <TaskInstance: get_hourly_demand_v2.get_hourly_demand scheduled__2022-10-26T02:05:00+00:00 [queued]>
[2022-10-28T17:58:21.398+0000] {taskinstance.py:1362} INFO - 
--------------------------------------------------------------------------------
[2022-10-28T17:58:21.398+0000] {taskinstance.py:1363} INFO - Starting attempt 1 of 2
[2022-10-28T17:58:21.398+0000] {taskinstance.py:1364} INFO - 
--------------------------------------------------------------------------------
[2022-10-28T17:58:22.106+0000] {taskinstance.py:1383} INFO - Executing <Task(PythonOperator): get_hourly_demand> on 2022-10-26 02:05:00+00:00
[2022-10-28T17:58:22.162+0000] {standard_task_runner.py:82} INFO - Running: ['***', 'tasks', 'run', 'get_hourly_demand_v2', 'get_hourly_demand', 'scheduled__2022-10-26T02:05:00+00:00', '--job-id', '5', '--raw', '--subdir', 'DAGS_FOLDER/hourly_demand_dag.py', '--cfg-path', '/tmp/tmpcdbu0unt']
[2022-10-28T17:58:22.170+0000] {standard_task_runner.py:83} INFO - Job 5: Subtask get_hourly_demand
[2022-10-28T17:58:22.139+0000] {standard_task_runner.py:55} INFO - Started process 742 to run task
[2022-10-28T17:58:23.175+0000] {task_command.py:376} INFO - Running <TaskInstance: get_hourly_demand_v2.get_hourly_demand scheduled__2022-10-26T02:05:00+00:00 [running]> on host f011703e6eb5
[2022-10-28T17:58:24.173+0000] {taskinstance.py:1592} INFO - Exporting the following env vars:
AIRFLOW_CTX_DAG_EMAIL=colmo786@gmail.com
AIRFLOW_CTX_DAG_OWNER=energy
AIRFLOW_CTX_DAG_ID=get_hourly_demand_v2
AIRFLOW_CTX_TASK_ID=get_hourly_demand
AIRFLOW_CTX_EXECUTION_DATE=2022-10-26T02:05:00+00:00
AIRFLOW_CTX_TRY_NUMBER=1
AIRFLOW_CTX_DAG_RUN_ID=scheduled__2022-10-26T02:05:00+00:00
[2022-10-28T17:58:24.287+0000] {logging_mixin.py:120} WARNING - /home/***/.local/lib/python3.7/site-packages/***/utils/context.py:297 AirflowContextDeprecationWarning: Accessing 'execution_date' from the template is deprecated and will be removed in a future version. Please use 'data_interval_start' or 'logical_date' instead.
[2022-10-28T17:58:24.435+0000] {logging_mixin.py:120} INFO - INFO Module build_postgres_cnxn: DB Connection to host local_pgdb Ok
[2022-10-28T17:58:24.738+0000] {logging_mixin.py:120} INFO - INFO api_request_to_pandas: API request executed Ok. Number of records returned: 288
[2022-10-28T17:58:25.204+0000] {logging_mixin.py:120} INFO - INFO api_request_to_pandas: API request executed Ok. Number of records returned: 19
[2022-10-28T17:58:25.211+0000] {logging_mixin.py:120} INFO - INFO is_holiday. URL request for 2022-10-26 Ok.
[2022-10-28T17:58:25.335+0000] {logging_mixin.py:120} INFO - INFO get_hourly_demand - 24 records were upserted. Table cammesa_db.hourly_demand.
[2022-10-28T17:58:25.363+0000] {logging_mixin.py:120} INFO - INFO get_hourly_demand execution:  2022-10-26T02:05:00+00:00
[2022-10-28T17:58:25.364+0000] {python.py:177} INFO - Done. Returned value was: None
[2022-10-28T17:58:25.552+0000] {taskinstance.py:1406} INFO - Marking task as SUCCESS. dag_id=get_hourly_demand_v2, task_id=get_hourly_demand, execution_date=20221026T020500, start_date=20221028T175821, end_date=20221028T175825
[2022-10-28T17:58:26.092+0000] {local_task_job.py:164} INFO - Task exited with return code 0
[2022-10-28T17:58:26.461+0000] {local_task_job.py:273} INFO - 0 downstream tasks scheduled from follow-on schedule check
