[2022-10-28T03:14:40.689+0000] {taskinstance.py:1165} INFO - Dependencies all met for <TaskInstance: get_hourly_demand_v2.get_hourly_demand scheduled__2022-10-28T02:05:00+00:00 [queued]>
[2022-10-28T03:14:40.707+0000] {taskinstance.py:1165} INFO - Dependencies all met for <TaskInstance: get_hourly_demand_v2.get_hourly_demand scheduled__2022-10-28T02:05:00+00:00 [queued]>
[2022-10-28T03:14:40.708+0000] {taskinstance.py:1362} INFO - 
--------------------------------------------------------------------------------
[2022-10-28T03:14:40.708+0000] {taskinstance.py:1363} INFO - Starting attempt 1 of 2
[2022-10-28T03:14:40.708+0000] {taskinstance.py:1364} INFO - 
--------------------------------------------------------------------------------
[2022-10-28T03:14:40.725+0000] {taskinstance.py:1383} INFO - Executing <Task(PythonOperator): get_hourly_demand> on 2022-10-28 02:05:00+00:00
[2022-10-28T03:14:40.730+0000] {standard_task_runner.py:55} INFO - Started process 820 to run task
[2022-10-28T03:14:40.738+0000] {standard_task_runner.py:82} INFO - Running: ['***', 'tasks', 'run', 'get_hourly_demand_v2', 'get_hourly_demand', 'scheduled__2022-10-28T02:05:00+00:00', '--job-id', '53', '--raw', '--subdir', 'DAGS_FOLDER/hourly_demand_dag.py', '--cfg-path', '/tmp/tmpubcr60oi']
[2022-10-28T03:14:40.741+0000] {standard_task_runner.py:83} INFO - Job 53: Subtask get_hourly_demand
[2022-10-28T03:14:40.829+0000] {task_command.py:376} INFO - Running <TaskInstance: get_hourly_demand_v2.get_hourly_demand scheduled__2022-10-28T02:05:00+00:00 [running]> on host 96776771a69f
[2022-10-28T03:14:40.914+0000] {taskinstance.py:1592} INFO - Exporting the following env vars:
AIRFLOW_CTX_DAG_EMAIL=colmo786@gmail.com
AIRFLOW_CTX_DAG_OWNER=energy
AIRFLOW_CTX_DAG_ID=get_hourly_demand_v2
AIRFLOW_CTX_TASK_ID=get_hourly_demand
AIRFLOW_CTX_EXECUTION_DATE=2022-10-28T02:05:00+00:00
AIRFLOW_CTX_TRY_NUMBER=1
AIRFLOW_CTX_DAG_RUN_ID=scheduled__2022-10-28T02:05:00+00:00
[2022-10-28T03:14:40.923+0000] {logging_mixin.py:120} WARNING - /home/***/.local/lib/python3.7/site-packages/***/utils/context.py:297 AirflowContextDeprecationWarning: Accessing 'execution_date' from the template is deprecated and will be removed in a future version. Please use 'data_interval_start' or 'logical_date' instead.
[2022-10-28T03:14:40.933+0000] {logging_mixin.py:120} INFO - INFO Module build_postgres_cnxn: DB Connection to host local_pgdb Ok
[2022-10-28T03:14:41.050+0000] {logging_mixin.py:120} INFO - INFO api_request_to_pandas: API request executed Ok. Number of records returned: 2
[2022-10-28T03:14:41.063+0000] {logging_mixin.py:120} INFO - INFO get_hourly_demand - No Data to upsert. Date: 2022-10-28
[2022-10-28T03:14:41.064+0000] {logging_mixin.py:120} INFO - INFO get_hourly_demand execution:  2022-10-28T02:05:00+00:00
[2022-10-28T03:14:41.064+0000] {python.py:177} INFO - Done. Returned value was: None
[2022-10-28T03:14:41.093+0000] {taskinstance.py:1406} INFO - Marking task as SUCCESS. dag_id=get_hourly_demand_v2, task_id=get_hourly_demand, execution_date=20221028T020500, start_date=20221028T031440, end_date=20221028T031441
[2022-10-28T03:14:41.150+0000] {local_task_job.py:164} INFO - Task exited with return code 0
[2022-10-28T03:14:41.283+0000] {local_task_job.py:273} INFO - 0 downstream tasks scheduled from follow-on schedule check
[2022-10-28T18:02:12.034+0000] {taskinstance.py:1165} INFO - Dependencies all met for <TaskInstance: get_hourly_demand_v2.get_hourly_demand scheduled__2022-10-28T02:05:00+00:00 [queued]>
[2022-10-28T18:02:12.187+0000] {taskinstance.py:1165} INFO - Dependencies all met for <TaskInstance: get_hourly_demand_v2.get_hourly_demand scheduled__2022-10-28T02:05:00+00:00 [queued]>
[2022-10-28T18:02:12.196+0000] {taskinstance.py:1362} INFO - 
--------------------------------------------------------------------------------
[2022-10-28T18:02:12.203+0000] {taskinstance.py:1363} INFO - Starting attempt 1 of 2
[2022-10-28T18:02:12.214+0000] {taskinstance.py:1364} INFO - 
--------------------------------------------------------------------------------
[2022-10-28T18:02:12.395+0000] {taskinstance.py:1383} INFO - Executing <Task(PythonOperator): get_hourly_demand> on 2022-10-28 02:05:00+00:00
[2022-10-28T18:02:12.425+0000] {standard_task_runner.py:55} INFO - Started process 1057 to run task
[2022-10-28T18:02:12.458+0000] {standard_task_runner.py:82} INFO - Running: ['***', 'tasks', 'run', 'get_hourly_demand_v2', 'get_hourly_demand', 'scheduled__2022-10-28T02:05:00+00:00', '--job-id', '50', '--raw', '--subdir', 'DAGS_FOLDER/hourly_demand_dag.py', '--cfg-path', '/tmp/tmp3baczo0i']
[2022-10-28T18:02:12.473+0000] {standard_task_runner.py:83} INFO - Job 50: Subtask get_hourly_demand
[2022-10-28T18:02:12.827+0000] {task_command.py:376} INFO - Running <TaskInstance: get_hourly_demand_v2.get_hourly_demand scheduled__2022-10-28T02:05:00+00:00 [running]> on host f011703e6eb5
[2022-10-28T18:02:13.827+0000] {taskinstance.py:1592} INFO - Exporting the following env vars:
AIRFLOW_CTX_DAG_EMAIL=colmo786@gmail.com
AIRFLOW_CTX_DAG_OWNER=energy
AIRFLOW_CTX_DAG_ID=get_hourly_demand_v2
AIRFLOW_CTX_TASK_ID=get_hourly_demand
AIRFLOW_CTX_EXECUTION_DATE=2022-10-28T02:05:00+00:00
AIRFLOW_CTX_TRY_NUMBER=1
AIRFLOW_CTX_DAG_RUN_ID=scheduled__2022-10-28T02:05:00+00:00
[2022-10-28T18:02:13.876+0000] {logging_mixin.py:120} WARNING - /home/***/.local/lib/python3.7/site-packages/***/utils/context.py:297 AirflowContextDeprecationWarning: Accessing 'execution_date' from the template is deprecated and will be removed in a future version. Please use 'data_interval_start' or 'logical_date' instead.
[2022-10-28T18:02:13.916+0000] {logging_mixin.py:120} INFO - INFO Module build_postgres_cnxn: DB Connection to host local_pgdb Ok
[2022-10-28T18:02:14.138+0000] {logging_mixin.py:120} INFO - INFO api_request_to_pandas: API request executed Ok. Number of records returned: 180
[2022-10-28T18:02:14.517+0000] {logging_mixin.py:120} INFO - INFO api_request_to_pandas: API request executed Ok. Number of records returned: 19
[2022-10-28T18:02:14.520+0000] {logging_mixin.py:120} INFO - INFO is_holiday. URL request for 2022-10-28 Ok.
[2022-10-28T18:02:14.546+0000] {logging_mixin.py:120} INFO - INFO get_hourly_demand - 14 records were upserted. Table cammesa_db.hourly_demand.
[2022-10-28T18:02:14.548+0000] {logging_mixin.py:120} INFO - INFO get_hourly_demand execution:  2022-10-28T02:05:00+00:00
[2022-10-28T18:02:14.549+0000] {python.py:177} INFO - Done. Returned value was: None
[2022-10-28T18:02:14.590+0000] {taskinstance.py:1406} INFO - Marking task as SUCCESS. dag_id=get_hourly_demand_v2, task_id=get_hourly_demand, execution_date=20221028T020500, start_date=20221028T180212, end_date=20221028T180214
[2022-10-28T18:02:14.652+0000] {local_task_job.py:164} INFO - Task exited with return code 0
[2022-10-28T18:02:14.727+0000] {local_task_job.py:273} INFO - 0 downstream tasks scheduled from follow-on schedule check
