[2022-10-28T13:44:42.336+0000] {taskinstance.py:1165} INFO - Dependencies all met for <TaskInstance: get_hourly_demand_v2.get_hourly_demand scheduled__2022-10-28T12:05:00+00:00 [queued]>
[2022-10-28T13:44:42.479+0000] {taskinstance.py:1165} INFO - Dependencies all met for <TaskInstance: get_hourly_demand_v2.get_hourly_demand scheduled__2022-10-28T12:05:00+00:00 [queued]>
[2022-10-28T13:44:42.490+0000] {taskinstance.py:1362} INFO - 
--------------------------------------------------------------------------------
[2022-10-28T13:44:42.490+0000] {taskinstance.py:1363} INFO - Starting attempt 1 of 2
[2022-10-28T13:44:42.493+0000] {taskinstance.py:1364} INFO - 
--------------------------------------------------------------------------------
[2022-10-28T13:44:42.733+0000] {taskinstance.py:1383} INFO - Executing <Task(PythonOperator): get_hourly_demand> on 2022-10-28 12:05:00+00:00
[2022-10-28T13:44:42.741+0000] {standard_task_runner.py:55} INFO - Started process 4673 to run task
[2022-10-28T13:44:42.766+0000] {standard_task_runner.py:82} INFO - Running: ['***', 'tasks', 'run', 'get_hourly_demand_v2', 'get_hourly_demand', 'scheduled__2022-10-28T12:05:00+00:00', '--job-id', '64', '--raw', '--subdir', 'DAGS_FOLDER/hourly_demand_dag.py', '--cfg-path', '/tmp/tmprrcadqp7']
[2022-10-28T13:44:42.816+0000] {standard_task_runner.py:83} INFO - Job 64: Subtask get_hourly_demand
[2022-10-28T13:44:43.491+0000] {task_command.py:376} INFO - Running <TaskInstance: get_hourly_demand_v2.get_hourly_demand scheduled__2022-10-28T12:05:00+00:00 [running]> on host 96776771a69f
[2022-10-28T13:44:44.420+0000] {taskinstance.py:1592} INFO - Exporting the following env vars:
AIRFLOW_CTX_DAG_EMAIL=colmo786@gmail.com
AIRFLOW_CTX_DAG_OWNER=energy
AIRFLOW_CTX_DAG_ID=get_hourly_demand_v2
AIRFLOW_CTX_TASK_ID=get_hourly_demand
AIRFLOW_CTX_EXECUTION_DATE=2022-10-28T12:05:00+00:00
AIRFLOW_CTX_TRY_NUMBER=1
AIRFLOW_CTX_DAG_RUN_ID=scheduled__2022-10-28T12:05:00+00:00
[2022-10-28T13:44:44.459+0000] {logging_mixin.py:120} WARNING - /home/***/.local/lib/python3.7/site-packages/***/utils/context.py:297 AirflowContextDeprecationWarning: Accessing 'execution_date' from the template is deprecated and will be removed in a future version. Please use 'data_interval_start' or 'logical_date' instead.
[2022-10-28T13:44:44.504+0000] {logging_mixin.py:120} INFO - INFO Module build_postgres_cnxn: DB Connection to host local_pgdb Ok
[2022-10-28T13:44:44.866+0000] {logging_mixin.py:120} INFO - INFO api_request_to_pandas: API request executed Ok. Number of records returned: 128
[2022-10-28T13:44:45.204+0000] {logging_mixin.py:120} INFO - INFO api_request_to_pandas: API request executed Ok. Number of records returned: 19
[2022-10-28T13:44:45.207+0000] {logging_mixin.py:120} INFO - INFO is_holiday. URL request for 2022-10-28 Ok.
[2022-10-28T13:44:45.273+0000] {logging_mixin.py:120} INFO - INFO get_hourly_demand - 10 records were upserted. Table cammesa_db.hourly_demand.
[2022-10-28T13:44:45.274+0000] {logging_mixin.py:120} INFO - INFO get_hourly_demand execution:  2022-10-28T12:05:00+00:00
[2022-10-28T13:44:45.275+0000] {python.py:177} INFO - Done. Returned value was: None
[2022-10-28T13:44:45.378+0000] {taskinstance.py:1406} INFO - Marking task as SUCCESS. dag_id=get_hourly_demand_v2, task_id=get_hourly_demand, execution_date=20221028T120500, start_date=20221028T134442, end_date=20221028T134445
[2022-10-28T13:44:45.525+0000] {local_task_job.py:164} INFO - Task exited with return code 0
[2022-10-28T13:44:45.609+0000] {local_task_job.py:273} INFO - 0 downstream tasks scheduled from follow-on schedule check
[2022-10-28T18:02:43.297+0000] {taskinstance.py:1165} INFO - Dependencies all met for <TaskInstance: get_hourly_demand_v2.get_hourly_demand scheduled__2022-10-28T12:05:00+00:00 [queued]>
[2022-10-28T18:02:43.362+0000] {taskinstance.py:1165} INFO - Dependencies all met for <TaskInstance: get_hourly_demand_v2.get_hourly_demand scheduled__2022-10-28T12:05:00+00:00 [queued]>
[2022-10-28T18:02:43.362+0000] {taskinstance.py:1362} INFO - 
--------------------------------------------------------------------------------
[2022-10-28T18:02:43.363+0000] {taskinstance.py:1363} INFO - Starting attempt 1 of 2
[2022-10-28T18:02:43.363+0000] {taskinstance.py:1364} INFO - 
--------------------------------------------------------------------------------
[2022-10-28T18:02:43.477+0000] {taskinstance.py:1383} INFO - Executing <Task(PythonOperator): get_hourly_demand> on 2022-10-28 12:05:00+00:00
[2022-10-28T18:02:43.517+0000] {standard_task_runner.py:55} INFO - Started process 1103 to run task
[2022-10-28T18:02:43.560+0000] {standard_task_runner.py:82} INFO - Running: ['***', 'tasks', 'run', 'get_hourly_demand_v2', 'get_hourly_demand', 'scheduled__2022-10-28T12:05:00+00:00', '--job-id', '62', '--raw', '--subdir', 'DAGS_FOLDER/hourly_demand_dag.py', '--cfg-path', '/tmp/tmp6a_fw9xu']
[2022-10-28T18:02:43.570+0000] {standard_task_runner.py:83} INFO - Job 62: Subtask get_hourly_demand
[2022-10-28T18:02:43.799+0000] {task_command.py:376} INFO - Running <TaskInstance: get_hourly_demand_v2.get_hourly_demand scheduled__2022-10-28T12:05:00+00:00 [running]> on host f011703e6eb5
[2022-10-28T18:02:44.324+0000] {taskinstance.py:1592} INFO - Exporting the following env vars:
AIRFLOW_CTX_DAG_EMAIL=colmo786@gmail.com
AIRFLOW_CTX_DAG_OWNER=energy
AIRFLOW_CTX_DAG_ID=get_hourly_demand_v2
AIRFLOW_CTX_TASK_ID=get_hourly_demand
AIRFLOW_CTX_EXECUTION_DATE=2022-10-28T12:05:00+00:00
AIRFLOW_CTX_TRY_NUMBER=1
AIRFLOW_CTX_DAG_RUN_ID=scheduled__2022-10-28T12:05:00+00:00
[2022-10-28T18:02:44.381+0000] {logging_mixin.py:120} WARNING - /home/***/.local/lib/python3.7/site-packages/***/utils/context.py:297 AirflowContextDeprecationWarning: Accessing 'execution_date' from the template is deprecated and will be removed in a future version. Please use 'data_interval_start' or 'logical_date' instead.
[2022-10-28T18:02:44.413+0000] {logging_mixin.py:120} INFO - INFO Module build_postgres_cnxn: DB Connection to host local_pgdb Ok
[2022-10-28T18:02:44.687+0000] {logging_mixin.py:120} INFO - INFO api_request_to_pandas: API request executed Ok. Number of records returned: 180
[2022-10-28T18:02:45.198+0000] {logging_mixin.py:120} INFO - INFO api_request_to_pandas: API request executed Ok. Number of records returned: 19
[2022-10-28T18:02:45.212+0000] {logging_mixin.py:120} INFO - INFO is_holiday. URL request for 2022-10-28 Ok.
[2022-10-28T18:02:45.252+0000] {logging_mixin.py:120} INFO - INFO get_hourly_demand - 14 records were upserted. Table cammesa_db.hourly_demand.
[2022-10-28T18:02:45.261+0000] {logging_mixin.py:120} INFO - INFO get_hourly_demand execution:  2022-10-28T12:05:00+00:00
[2022-10-28T18:02:45.262+0000] {python.py:177} INFO - Done. Returned value was: None
[2022-10-28T18:02:45.295+0000] {taskinstance.py:1406} INFO - Marking task as SUCCESS. dag_id=get_hourly_demand_v2, task_id=get_hourly_demand, execution_date=20221028T120500, start_date=20221028T180243, end_date=20221028T180245
[2022-10-28T18:02:45.506+0000] {local_task_job.py:164} INFO - Task exited with return code 0
[2022-10-28T18:02:45.720+0000] {local_task_job.py:273} INFO - 0 downstream tasks scheduled from follow-on schedule check
