[2022-10-26T22:06:35.932+0000] {taskinstance.py:1165} INFO - Dependencies all met for <TaskInstance: get_hourly_demand_v2.get_hourly_demand scheduled__2022-10-26T21:05:00+00:00 [queued]>
[2022-10-26T22:06:35.947+0000] {taskinstance.py:1165} INFO - Dependencies all met for <TaskInstance: get_hourly_demand_v2.get_hourly_demand scheduled__2022-10-26T21:05:00+00:00 [queued]>
[2022-10-26T22:06:35.948+0000] {taskinstance.py:1362} INFO - 
--------------------------------------------------------------------------------
[2022-10-26T22:06:35.948+0000] {taskinstance.py:1363} INFO - Starting attempt 1 of 2
[2022-10-26T22:06:35.948+0000] {taskinstance.py:1364} INFO - 
--------------------------------------------------------------------------------
[2022-10-26T22:06:35.978+0000] {taskinstance.py:1383} INFO - Executing <Task(PythonOperator): get_hourly_demand> on 2022-10-26 21:05:00+00:00
[2022-10-26T22:06:35.983+0000] {standard_task_runner.py:55} INFO - Started process 190 to run task
[2022-10-26T22:06:35.988+0000] {standard_task_runner.py:82} INFO - Running: ['***', 'tasks', 'run', 'get_hourly_demand_v2', 'get_hourly_demand', 'scheduled__2022-10-26T21:05:00+00:00', '--job-id', '29', '--raw', '--subdir', 'DAGS_FOLDER/hourly_demand_dag.py', '--cfg-path', '/tmp/tmp_h_y7e6i']
[2022-10-26T22:06:35.991+0000] {standard_task_runner.py:83} INFO - Job 29: Subtask get_hourly_demand
[2022-10-26T22:06:36.082+0000] {task_command.py:376} INFO - Running <TaskInstance: get_hourly_demand_v2.get_hourly_demand scheduled__2022-10-26T21:05:00+00:00 [running]> on host f694475c41c8
[2022-10-26T22:06:36.219+0000] {taskinstance.py:1592} INFO - Exporting the following env vars:
AIRFLOW_CTX_DAG_EMAIL=colmo786@gmail.com
AIRFLOW_CTX_DAG_OWNER=energy
AIRFLOW_CTX_DAG_ID=get_hourly_demand_v2
AIRFLOW_CTX_TASK_ID=get_hourly_demand
AIRFLOW_CTX_EXECUTION_DATE=2022-10-26T21:05:00+00:00
AIRFLOW_CTX_TRY_NUMBER=1
AIRFLOW_CTX_DAG_RUN_ID=scheduled__2022-10-26T21:05:00+00:00
[2022-10-26T22:06:36.240+0000] {logging_mixin.py:120} WARNING - /home/***/.local/lib/python3.7/site-packages/***/utils/context.py:297 AirflowContextDeprecationWarning: Accessing 'execution_date' from the template is deprecated and will be removed in a future version. Please use 'data_interval_start' or 'logical_date' instead.
[2022-10-26T22:06:36.258+0000] {logging_mixin.py:120} INFO - INFO Module build_postgres_cnxn: DB Connection to host local_pgdb Ok
[2022-10-26T22:06:36.811+0000] {logging_mixin.py:120} INFO - INFO api_request_to_pandas: API request executed Ok. Number of records returned: 228
[2022-10-26T22:06:37.227+0000] {logging_mixin.py:120} INFO - INFO api_request_to_pandas: API request executed Ok. Number of records returned: 19
[2022-10-26T22:06:37.230+0000] {logging_mixin.py:120} INFO - INFO is_holiday. URL request for 2022-10-26 Ok.
[2022-10-26T22:06:37.257+0000] {logging_mixin.py:120} INFO - INFO get_hourly_demand - 19 records were upserted. Table cammesa_db.hourly_demand.
[2022-10-26T22:06:37.261+0000] {logging_mixin.py:120} INFO - INFO get_hourly_demand execution:  2022-10-26T21:05:00+00:00
[2022-10-26T22:06:37.264+0000] {python.py:177} INFO - Done. Returned value was: None
[2022-10-26T22:06:37.294+0000] {taskinstance.py:1406} INFO - Marking task as SUCCESS. dag_id=get_hourly_demand_v2, task_id=get_hourly_demand, execution_date=20221026T210500, start_date=20221026T220635, end_date=20221026T220637
[2022-10-26T22:06:37.377+0000] {local_task_job.py:164} INFO - Task exited with return code 0
[2022-10-26T22:06:37.415+0000] {local_task_job.py:273} INFO - 0 downstream tasks scheduled from follow-on schedule check
[2022-10-26T22:34:00.354+0000] {taskinstance.py:1165} INFO - Dependencies all met for <TaskInstance: get_hourly_demand_v2.get_hourly_demand scheduled__2022-10-26T21:05:00+00:00 [queued]>
[2022-10-26T22:34:00.649+0000] {taskinstance.py:1165} INFO - Dependencies all met for <TaskInstance: get_hourly_demand_v2.get_hourly_demand scheduled__2022-10-26T21:05:00+00:00 [queued]>
[2022-10-26T22:34:00.649+0000] {taskinstance.py:1362} INFO - 
--------------------------------------------------------------------------------
[2022-10-26T22:34:00.678+0000] {taskinstance.py:1363} INFO - Starting attempt 1 of 2
[2022-10-26T22:34:00.679+0000] {taskinstance.py:1364} INFO - 
--------------------------------------------------------------------------------
[2022-10-26T22:34:01.575+0000] {taskinstance.py:1383} INFO - Executing <Task(PythonOperator): get_hourly_demand> on 2022-10-26 21:05:00+00:00
[2022-10-26T22:34:01.724+0000] {standard_task_runner.py:55} INFO - Started process 452 to run task
[2022-10-26T22:34:01.698+0000] {standard_task_runner.py:82} INFO - Running: ['***', 'tasks', 'run', 'get_hourly_demand_v2', 'get_hourly_demand', 'scheduled__2022-10-26T21:05:00+00:00', '--job-id', '23', '--raw', '--subdir', 'DAGS_FOLDER/hourly_demand_dag.py', '--cfg-path', '/tmp/tmptn59ep8p']
[2022-10-26T22:34:01.761+0000] {standard_task_runner.py:83} INFO - Job 23: Subtask get_hourly_demand
[2022-10-26T22:34:02.510+0000] {task_command.py:376} INFO - Running <TaskInstance: get_hourly_demand_v2.get_hourly_demand scheduled__2022-10-26T21:05:00+00:00 [running]> on host b19062265769
[2022-10-26T22:34:04.442+0000] {taskinstance.py:1592} INFO - Exporting the following env vars:
AIRFLOW_CTX_DAG_EMAIL=colmo786@gmail.com
AIRFLOW_CTX_DAG_OWNER=energy
AIRFLOW_CTX_DAG_ID=get_hourly_demand_v2
AIRFLOW_CTX_TASK_ID=get_hourly_demand
AIRFLOW_CTX_EXECUTION_DATE=2022-10-26T21:05:00+00:00
AIRFLOW_CTX_TRY_NUMBER=1
AIRFLOW_CTX_DAG_RUN_ID=scheduled__2022-10-26T21:05:00+00:00
[2022-10-26T22:34:04.458+0000] {logging_mixin.py:120} WARNING - /home/***/.local/lib/python3.7/site-packages/***/utils/context.py:297 AirflowContextDeprecationWarning: Accessing 'execution_date' from the template is deprecated and will be removed in a future version. Please use 'data_interval_start' or 'logical_date' instead.
[2022-10-26T22:34:04.476+0000] {logging_mixin.py:120} INFO - INFO Module build_postgres_cnxn: DB Connection to host local_pgdb Ok
[2022-10-26T22:34:04.950+0000] {logging_mixin.py:120} INFO - INFO api_request_to_pandas: API request executed Ok. Number of records returned: 233
[2022-10-26T22:34:05.326+0000] {logging_mixin.py:120} INFO - INFO api_request_to_pandas: API request executed Ok. Number of records returned: 19
[2022-10-26T22:34:05.334+0000] {logging_mixin.py:120} INFO - INFO is_holiday. URL request for 2022-10-26 Ok.
[2022-10-26T22:34:05.365+0000] {logging_mixin.py:120} INFO - INFO get_hourly_demand - 19 records were upserted. Table cammesa_db.hourly_demand.
[2022-10-26T22:34:05.366+0000] {logging_mixin.py:120} INFO - INFO get_hourly_demand execution:  2022-10-26T21:05:00+00:00
[2022-10-26T22:34:05.366+0000] {python.py:177} INFO - Done. Returned value was: None
[2022-10-26T22:34:05.406+0000] {taskinstance.py:1406} INFO - Marking task as SUCCESS. dag_id=get_hourly_demand_v2, task_id=get_hourly_demand, execution_date=20221026T210500, start_date=20221026T223400, end_date=20221026T223405
[2022-10-26T22:34:05.496+0000] {local_task_job.py:164} INFO - Task exited with return code 0
[2022-10-26T22:34:05.560+0000] {local_task_job.py:273} INFO - 0 downstream tasks scheduled from follow-on schedule check
[2022-10-28T03:14:16.503+0000] {taskinstance.py:1165} INFO - Dependencies all met for <TaskInstance: get_hourly_demand_v2.get_hourly_demand scheduled__2022-10-26T21:05:00+00:00 [queued]>
[2022-10-28T03:14:16.562+0000] {taskinstance.py:1165} INFO - Dependencies all met for <TaskInstance: get_hourly_demand_v2.get_hourly_demand scheduled__2022-10-26T21:05:00+00:00 [queued]>
[2022-10-28T03:14:16.564+0000] {taskinstance.py:1362} INFO - 
--------------------------------------------------------------------------------
[2022-10-28T03:14:16.572+0000] {taskinstance.py:1363} INFO - Starting attempt 1 of 2
[2022-10-28T03:14:16.572+0000] {taskinstance.py:1364} INFO - 
--------------------------------------------------------------------------------
[2022-10-28T03:14:16.649+0000] {taskinstance.py:1383} INFO - Executing <Task(PythonOperator): get_hourly_demand> on 2022-10-26 21:05:00+00:00
[2022-10-28T03:14:16.655+0000] {standard_task_runner.py:55} INFO - Started process 708 to run task
[2022-10-28T03:14:16.661+0000] {standard_task_runner.py:82} INFO - Running: ['***', 'tasks', 'run', 'get_hourly_demand_v2', 'get_hourly_demand', 'scheduled__2022-10-26T21:05:00+00:00', '--job-id', '24', '--raw', '--subdir', 'DAGS_FOLDER/hourly_demand_dag.py', '--cfg-path', '/tmp/tmpxj6x8_tk']
[2022-10-28T03:14:16.663+0000] {standard_task_runner.py:83} INFO - Job 24: Subtask get_hourly_demand
[2022-10-28T03:14:16.840+0000] {task_command.py:376} INFO - Running <TaskInstance: get_hourly_demand_v2.get_hourly_demand scheduled__2022-10-26T21:05:00+00:00 [running]> on host 96776771a69f
[2022-10-28T03:14:17.050+0000] {taskinstance.py:1592} INFO - Exporting the following env vars:
AIRFLOW_CTX_DAG_EMAIL=colmo786@gmail.com
AIRFLOW_CTX_DAG_OWNER=energy
AIRFLOW_CTX_DAG_ID=get_hourly_demand_v2
AIRFLOW_CTX_TASK_ID=get_hourly_demand
AIRFLOW_CTX_EXECUTION_DATE=2022-10-26T21:05:00+00:00
AIRFLOW_CTX_TRY_NUMBER=1
AIRFLOW_CTX_DAG_RUN_ID=scheduled__2022-10-26T21:05:00+00:00
[2022-10-28T03:14:17.067+0000] {logging_mixin.py:120} WARNING - /home/***/.local/lib/python3.7/site-packages/***/utils/context.py:297 AirflowContextDeprecationWarning: Accessing 'execution_date' from the template is deprecated and will be removed in a future version. Please use 'data_interval_start' or 'logical_date' instead.
[2022-10-28T03:14:17.083+0000] {logging_mixin.py:120} INFO - INFO Module build_postgres_cnxn: DB Connection to host local_pgdb Ok
[2022-10-28T03:14:17.211+0000] {logging_mixin.py:120} INFO - INFO api_request_to_pandas: API request executed Ok. Number of records returned: 288
[2022-10-28T03:14:17.536+0000] {logging_mixin.py:120} INFO - INFO api_request_to_pandas: API request executed Ok. Number of records returned: 19
[2022-10-28T03:14:17.540+0000] {logging_mixin.py:120} INFO - INFO is_holiday. URL request for 2022-10-26 Ok.
[2022-10-28T03:14:17.569+0000] {logging_mixin.py:120} INFO - INFO get_hourly_demand - 24 records were upserted. Table cammesa_db.hourly_demand.
[2022-10-28T03:14:17.571+0000] {logging_mixin.py:120} INFO - INFO get_hourly_demand execution:  2022-10-26T21:05:00+00:00
[2022-10-28T03:14:17.571+0000] {python.py:177} INFO - Done. Returned value was: None
[2022-10-28T03:14:17.603+0000] {taskinstance.py:1406} INFO - Marking task as SUCCESS. dag_id=get_hourly_demand_v2, task_id=get_hourly_demand, execution_date=20221026T210500, start_date=20221028T031416, end_date=20221028T031417
[2022-10-28T03:14:17.691+0000] {local_task_job.py:164} INFO - Task exited with return code 0
[2022-10-28T03:14:17.760+0000] {local_task_job.py:273} INFO - 0 downstream tasks scheduled from follow-on schedule check
[2022-10-28T17:59:35.536+0000] {taskinstance.py:1165} INFO - Dependencies all met for <TaskInstance: get_hourly_demand_v2.get_hourly_demand scheduled__2022-10-26T21:05:00+00:00 [queued]>
[2022-10-28T17:59:35.777+0000] {taskinstance.py:1165} INFO - Dependencies all met for <TaskInstance: get_hourly_demand_v2.get_hourly_demand scheduled__2022-10-26T21:05:00+00:00 [queued]>
[2022-10-28T17:59:35.800+0000] {taskinstance.py:1362} INFO - 
--------------------------------------------------------------------------------
[2022-10-28T17:59:35.834+0000] {taskinstance.py:1363} INFO - Starting attempt 1 of 2
[2022-10-28T17:59:35.848+0000] {taskinstance.py:1364} INFO - 
--------------------------------------------------------------------------------
[2022-10-28T17:59:36.835+0000] {taskinstance.py:1383} INFO - Executing <Task(PythonOperator): get_hourly_demand> on 2022-10-26 21:05:00+00:00
[2022-10-28T17:59:36.997+0000] {standard_task_runner.py:55} INFO - Started process 842 to run task
[2022-10-28T17:59:37.053+0000] {standard_task_runner.py:82} INFO - Running: ['***', 'tasks', 'run', 'get_hourly_demand_v2', 'get_hourly_demand', 'scheduled__2022-10-26T21:05:00+00:00', '--job-id', '18', '--raw', '--subdir', 'DAGS_FOLDER/hourly_demand_dag.py', '--cfg-path', '/tmp/tmpc3g0dngp']
[2022-10-28T17:59:37.113+0000] {standard_task_runner.py:83} INFO - Job 18: Subtask get_hourly_demand
[2022-10-28T17:59:37.947+0000] {task_command.py:376} INFO - Running <TaskInstance: get_hourly_demand_v2.get_hourly_demand scheduled__2022-10-26T21:05:00+00:00 [running]> on host f011703e6eb5
[2022-10-28T17:59:39.327+0000] {taskinstance.py:1592} INFO - Exporting the following env vars:
AIRFLOW_CTX_DAG_EMAIL=colmo786@gmail.com
AIRFLOW_CTX_DAG_OWNER=energy
AIRFLOW_CTX_DAG_ID=get_hourly_demand_v2
AIRFLOW_CTX_TASK_ID=get_hourly_demand
AIRFLOW_CTX_EXECUTION_DATE=2022-10-26T21:05:00+00:00
AIRFLOW_CTX_TRY_NUMBER=1
AIRFLOW_CTX_DAG_RUN_ID=scheduled__2022-10-26T21:05:00+00:00
[2022-10-28T17:59:39.413+0000] {logging_mixin.py:120} WARNING - /home/***/.local/lib/python3.7/site-packages/***/utils/context.py:297 AirflowContextDeprecationWarning: Accessing 'execution_date' from the template is deprecated and will be removed in a future version. Please use 'data_interval_start' or 'logical_date' instead.
[2022-10-28T17:59:39.485+0000] {logging_mixin.py:120} INFO - INFO Module build_postgres_cnxn: DB Connection to host local_pgdb Ok
[2022-10-28T17:59:39.801+0000] {logging_mixin.py:120} INFO - INFO api_request_to_pandas: API request executed Ok. Number of records returned: 288
[2022-10-28T17:59:40.282+0000] {logging_mixin.py:120} INFO - INFO api_request_to_pandas: API request executed Ok. Number of records returned: 19
[2022-10-28T17:59:40.309+0000] {logging_mixin.py:120} INFO - INFO is_holiday. URL request for 2022-10-26 Ok.
[2022-10-28T17:59:40.410+0000] {logging_mixin.py:120} INFO - INFO get_hourly_demand - 24 records were upserted. Table cammesa_db.hourly_demand.
[2022-10-28T17:59:40.413+0000] {logging_mixin.py:120} INFO - INFO get_hourly_demand execution:  2022-10-26T21:05:00+00:00
[2022-10-28T17:59:40.413+0000] {python.py:177} INFO - Done. Returned value was: None
[2022-10-28T17:59:40.531+0000] {taskinstance.py:1406} INFO - Marking task as SUCCESS. dag_id=get_hourly_demand_v2, task_id=get_hourly_demand, execution_date=20221026T210500, start_date=20221028T175935, end_date=20221028T175940
[2022-10-28T17:59:40.908+0000] {local_task_job.py:164} INFO - Task exited with return code 0
[2022-10-28T17:59:41.140+0000] {local_task_job.py:273} INFO - 0 downstream tasks scheduled from follow-on schedule check
