[2022-10-28T01:06:04.757+0000] {taskinstance.py:1165} INFO - Dependencies all met for <TaskInstance: get_hourly_demand_v2.get_hourly_demand scheduled__2022-10-28T00:05:00+00:00 [queued]>
[2022-10-28T01:06:04.769+0000] {taskinstance.py:1165} INFO - Dependencies all met for <TaskInstance: get_hourly_demand_v2.get_hourly_demand scheduled__2022-10-28T00:05:00+00:00 [queued]>
[2022-10-28T01:06:04.770+0000] {taskinstance.py:1362} INFO - 
--------------------------------------------------------------------------------
[2022-10-28T01:06:04.770+0000] {taskinstance.py:1363} INFO - Starting attempt 2 of 2
[2022-10-28T01:06:04.770+0000] {taskinstance.py:1364} INFO - 
--------------------------------------------------------------------------------
[2022-10-28T01:06:04.787+0000] {taskinstance.py:1383} INFO - Executing <Task(PythonOperator): get_hourly_demand> on 2022-10-28 00:05:00+00:00
[2022-10-28T01:06:04.793+0000] {standard_task_runner.py:55} INFO - Started process 8991 to run task
[2022-10-28T01:06:04.796+0000] {standard_task_runner.py:82} INFO - Running: ['***', 'tasks', 'run', 'get_hourly_demand_v2', 'get_hourly_demand', 'scheduled__2022-10-28T00:05:00+00:00', '--job-id', '55', '--raw', '--subdir', 'DAGS_FOLDER/hourly_demand_dag.py', '--cfg-path', '/tmp/tmpkm13fqim']
[2022-10-28T01:06:04.798+0000] {standard_task_runner.py:83} INFO - Job 55: Subtask get_hourly_demand
[2022-10-28T01:06:04.963+0000] {task_command.py:376} INFO - Running <TaskInstance: get_hourly_demand_v2.get_hourly_demand scheduled__2022-10-28T00:05:00+00:00 [running]> on host b19062265769
[2022-10-28T01:06:05.065+0000] {taskinstance.py:1592} INFO - Exporting the following env vars:
AIRFLOW_CTX_DAG_EMAIL=colmo786@gmail.com
AIRFLOW_CTX_DAG_OWNER=energy
AIRFLOW_CTX_DAG_ID=get_hourly_demand_v2
AIRFLOW_CTX_TASK_ID=get_hourly_demand
AIRFLOW_CTX_EXECUTION_DATE=2022-10-28T00:05:00+00:00
AIRFLOW_CTX_TRY_NUMBER=2
AIRFLOW_CTX_DAG_RUN_ID=scheduled__2022-10-28T00:05:00+00:00
[2022-10-28T01:06:05.074+0000] {logging_mixin.py:120} WARNING - /home/***/.local/lib/python3.7/site-packages/***/utils/context.py:297 AirflowContextDeprecationWarning: Accessing 'execution_date' from the template is deprecated and will be removed in a future version. Please use 'data_interval_start' or 'logical_date' instead.
[2022-10-28T01:06:05.085+0000] {logging_mixin.py:120} INFO - INFO Module build_postgres_cnxn: DB Connection to host local_pgdb Ok
[2022-10-28T01:06:05.185+0000] {logging_mixin.py:120} INFO - INFO api_request_to_pandas: API request executed Ok. Number of records returned: 0
[2022-10-28T01:06:05.185+0000] {taskinstance.py:1851} ERROR - Task failed with exception
Traceback (most recent call last):
  File "/home/airflow/.local/lib/python3.7/site-packages/airflow/operators/python.py", line 175, in execute
    return_value = self.execute_callable()
  File "/home/airflow/.local/lib/python3.7/site-packages/airflow/operators/python.py", line 193, in execute_callable
    return self.python_callable(*self.op_args, **self.op_kwargs)
  File "/opt/airflow/dags/hourly_demand_dag.py", line 50, in get_hourly_demand
    , user=user, password=password, port=port, verbose=True)
  File "/opt/airflow/dags/energy.py", line 156, in _get_hourly_demand
    df_demand.fecha = pd.to_datetime(df_demand.fecha.astype(str).str[:19], format='%Y-%m-%d %H:%M:%S')
  File "/home/airflow/.local/lib/python3.7/site-packages/pandas/core/generic.py", line 5487, in __getattr__
    return object.__getattribute__(self, name)
AttributeError: 'DataFrame' object has no attribute 'fecha'
[2022-10-28T01:06:05.197+0000] {taskinstance.py:1406} INFO - Marking task as FAILED. dag_id=get_hourly_demand_v2, task_id=get_hourly_demand, execution_date=20221028T000500, start_date=20221028T010604, end_date=20221028T010605
[2022-10-28T01:06:05.218+0000] {standard_task_runner.py:105} ERROR - Failed to execute job 55 for task get_hourly_demand ('DataFrame' object has no attribute 'fecha'; 8991)
[2022-10-28T01:06:05.227+0000] {local_task_job.py:164} INFO - Task exited with return code 1
[2022-10-28T01:06:05.247+0000] {local_task_job.py:273} INFO - 0 downstream tasks scheduled from follow-on schedule check
