[2022-10-28T01:05:02.562+0000] {taskinstance.py:1165} INFO - Dependencies all met for <TaskInstance: get_hourly_demand_v2.get_hourly_demand scheduled__2022-10-28T00:05:00+00:00 [queued]>
[2022-10-28T01:05:02.578+0000] {taskinstance.py:1165} INFO - Dependencies all met for <TaskInstance: get_hourly_demand_v2.get_hourly_demand scheduled__2022-10-28T00:05:00+00:00 [queued]>
[2022-10-28T01:05:02.579+0000] {taskinstance.py:1362} INFO - 
--------------------------------------------------------------------------------
[2022-10-28T01:05:02.579+0000] {taskinstance.py:1363} INFO - Starting attempt 1 of 2
[2022-10-28T01:05:02.579+0000] {taskinstance.py:1364} INFO - 
--------------------------------------------------------------------------------
[2022-10-28T01:05:02.602+0000] {taskinstance.py:1383} INFO - Executing <Task(PythonOperator): get_hourly_demand> on 2022-10-28 00:05:00+00:00
[2022-10-28T01:05:02.607+0000] {standard_task_runner.py:55} INFO - Started process 8919 to run task
[2022-10-28T01:05:02.610+0000] {standard_task_runner.py:82} INFO - Running: ['***', 'tasks', 'run', 'get_hourly_demand_v2', 'get_hourly_demand', 'scheduled__2022-10-28T00:05:00+00:00', '--job-id', '54', '--raw', '--subdir', 'DAGS_FOLDER/hourly_demand_dag.py', '--cfg-path', '/tmp/tmpww__8wmm']
[2022-10-28T01:05:02.612+0000] {standard_task_runner.py:83} INFO - Job 54: Subtask get_hourly_demand
[2022-10-28T01:05:02.683+0000] {task_command.py:376} INFO - Running <TaskInstance: get_hourly_demand_v2.get_hourly_demand scheduled__2022-10-28T00:05:00+00:00 [running]> on host b19062265769
[2022-10-28T01:05:02.768+0000] {taskinstance.py:1592} INFO - Exporting the following env vars:
AIRFLOW_CTX_DAG_EMAIL=colmo786@gmail.com
AIRFLOW_CTX_DAG_OWNER=energy
AIRFLOW_CTX_DAG_ID=get_hourly_demand_v2
AIRFLOW_CTX_TASK_ID=get_hourly_demand
AIRFLOW_CTX_EXECUTION_DATE=2022-10-28T00:05:00+00:00
AIRFLOW_CTX_TRY_NUMBER=1
AIRFLOW_CTX_DAG_RUN_ID=scheduled__2022-10-28T00:05:00+00:00
[2022-10-28T01:05:02.777+0000] {logging_mixin.py:120} WARNING - /home/***/.local/lib/python3.7/site-packages/***/utils/context.py:297 AirflowContextDeprecationWarning: Accessing 'execution_date' from the template is deprecated and will be removed in a future version. Please use 'data_interval_start' or 'logical_date' instead.
[2022-10-28T01:05:02.787+0000] {logging_mixin.py:120} INFO - INFO Module build_postgres_cnxn: DB Connection to host local_pgdb Ok
[2022-10-28T01:05:03.048+0000] {logging_mixin.py:120} INFO - INFO api_request_to_pandas: API request executed Ok. Number of records returned: 0
[2022-10-28T01:05:03.048+0000] {taskinstance.py:1851} ERROR - Task failed with exception
Traceback (most recent call last):
  File "/home/airflow/.local/lib/python3.7/site-packages/airflow/operators/python.py", line 175, in execute
    return_value = self.execute_callable()
  File "/home/airflow/.local/lib/python3.7/site-packages/airflow/operators/python.py", line 193, in execute_callable
    return self.python_callable(*self.op_args, **self.op_kwargs)
  File "/opt/airflow/dags/hourly_demand_dag.py", line 50, in get_hourly_demand
    , user=user, password=password, port=port, verbose=True)
  File "/opt/airflow/dags/energy.py", line 156, in _get_hourly_demand
    df_demand.fecha = pd.to_datetime(df_demand.fecha.astype(str).str[:19], format='%Y-%m-%d %H:%M:%S')
  File "/home/airflow/.local/lib/python3.7/site-packages/pandas/core/generic.py", line 5487, in __getattr__
    return object.__getattribute__(self, name)
AttributeError: 'DataFrame' object has no attribute 'fecha'
[2022-10-28T01:05:03.063+0000] {taskinstance.py:1406} INFO - Marking task as UP_FOR_RETRY. dag_id=get_hourly_demand_v2, task_id=get_hourly_demand, execution_date=20221028T000500, start_date=20221028T010502, end_date=20221028T010503
[2022-10-28T01:05:03.084+0000] {standard_task_runner.py:105} ERROR - Failed to execute job 54 for task get_hourly_demand ('DataFrame' object has no attribute 'fecha'; 8919)
[2022-10-28T01:05:03.104+0000] {local_task_job.py:164} INFO - Task exited with return code 1
[2022-10-28T01:05:03.133+0000] {local_task_job.py:273} INFO - 0 downstream tasks scheduled from follow-on schedule check
[2022-10-28T03:14:39.834+0000] {taskinstance.py:1165} INFO - Dependencies all met for <TaskInstance: get_hourly_demand_v2.get_hourly_demand scheduled__2022-10-28T00:05:00+00:00 [queued]>
[2022-10-28T03:14:39.926+0000] {taskinstance.py:1165} INFO - Dependencies all met for <TaskInstance: get_hourly_demand_v2.get_hourly_demand scheduled__2022-10-28T00:05:00+00:00 [queued]>
[2022-10-28T03:14:39.927+0000] {taskinstance.py:1362} INFO - 
--------------------------------------------------------------------------------
[2022-10-28T03:14:39.927+0000] {taskinstance.py:1363} INFO - Starting attempt 1 of 2
[2022-10-28T03:14:39.927+0000] {taskinstance.py:1364} INFO - 
--------------------------------------------------------------------------------
[2022-10-28T03:14:40.019+0000] {taskinstance.py:1383} INFO - Executing <Task(PythonOperator): get_hourly_demand> on 2022-10-28 00:05:00+00:00
[2022-10-28T03:14:40.026+0000] {standard_task_runner.py:55} INFO - Started process 817 to run task
[2022-10-28T03:14:40.048+0000] {standard_task_runner.py:82} INFO - Running: ['***', 'tasks', 'run', 'get_hourly_demand_v2', 'get_hourly_demand', 'scheduled__2022-10-28T00:05:00+00:00', '--job-id', '50', '--raw', '--subdir', 'DAGS_FOLDER/hourly_demand_dag.py', '--cfg-path', '/tmp/tmpgd221tpo']
[2022-10-28T03:14:40.057+0000] {standard_task_runner.py:83} INFO - Job 50: Subtask get_hourly_demand
[2022-10-28T03:14:40.254+0000] {task_command.py:376} INFO - Running <TaskInstance: get_hourly_demand_v2.get_hourly_demand scheduled__2022-10-28T00:05:00+00:00 [running]> on host 96776771a69f
[2022-10-28T03:14:40.433+0000] {taskinstance.py:1592} INFO - Exporting the following env vars:
AIRFLOW_CTX_DAG_EMAIL=colmo786@gmail.com
AIRFLOW_CTX_DAG_OWNER=energy
AIRFLOW_CTX_DAG_ID=get_hourly_demand_v2
AIRFLOW_CTX_TASK_ID=get_hourly_demand
AIRFLOW_CTX_EXECUTION_DATE=2022-10-28T00:05:00+00:00
AIRFLOW_CTX_TRY_NUMBER=1
AIRFLOW_CTX_DAG_RUN_ID=scheduled__2022-10-28T00:05:00+00:00
[2022-10-28T03:14:40.449+0000] {logging_mixin.py:120} WARNING - /home/***/.local/lib/python3.7/site-packages/***/utils/context.py:297 AirflowContextDeprecationWarning: Accessing 'execution_date' from the template is deprecated and will be removed in a future version. Please use 'data_interval_start' or 'logical_date' instead.
[2022-10-28T03:14:40.466+0000] {logging_mixin.py:120} INFO - INFO Module build_postgres_cnxn: DB Connection to host local_pgdb Ok
[2022-10-28T03:14:40.653+0000] {logging_mixin.py:120} INFO - INFO api_request_to_pandas: API request executed Ok. Number of records returned: 2
[2022-10-28T03:14:40.665+0000] {logging_mixin.py:120} INFO - INFO get_hourly_demand - No Data to upsert. Date: 2022-10-28
[2022-10-28T03:14:40.665+0000] {logging_mixin.py:120} INFO - INFO get_hourly_demand execution:  2022-10-28T00:05:00+00:00
[2022-10-28T03:14:40.666+0000] {python.py:177} INFO - Done. Returned value was: None
[2022-10-28T03:14:40.680+0000] {taskinstance.py:1406} INFO - Marking task as SUCCESS. dag_id=get_hourly_demand_v2, task_id=get_hourly_demand, execution_date=20221028T000500, start_date=20221028T031439, end_date=20221028T031440
[2022-10-28T03:14:40.726+0000] {local_task_job.py:164} INFO - Task exited with return code 0
[2022-10-28T03:14:40.760+0000] {local_task_job.py:273} INFO - 0 downstream tasks scheduled from follow-on schedule check
[2022-10-28T18:02:07.665+0000] {taskinstance.py:1165} INFO - Dependencies all met for <TaskInstance: get_hourly_demand_v2.get_hourly_demand scheduled__2022-10-28T00:05:00+00:00 [queued]>
[2022-10-28T18:02:07.765+0000] {taskinstance.py:1165} INFO - Dependencies all met for <TaskInstance: get_hourly_demand_v2.get_hourly_demand scheduled__2022-10-28T00:05:00+00:00 [queued]>
[2022-10-28T18:02:07.765+0000] {taskinstance.py:1362} INFO - 
--------------------------------------------------------------------------------
[2022-10-28T18:02:07.765+0000] {taskinstance.py:1363} INFO - Starting attempt 1 of 2
[2022-10-28T18:02:07.765+0000] {taskinstance.py:1364} INFO - 
--------------------------------------------------------------------------------
[2022-10-28T18:02:08.101+0000] {taskinstance.py:1383} INFO - Executing <Task(PythonOperator): get_hourly_demand> on 2022-10-28 00:05:00+00:00
[2022-10-28T18:02:08.187+0000] {standard_task_runner.py:55} INFO - Started process 1052 to run task
[2022-10-28T18:02:08.247+0000] {standard_task_runner.py:82} INFO - Running: ['***', 'tasks', 'run', 'get_hourly_demand_v2', 'get_hourly_demand', 'scheduled__2022-10-28T00:05:00+00:00', '--job-id', '47', '--raw', '--subdir', 'DAGS_FOLDER/hourly_demand_dag.py', '--cfg-path', '/tmp/tmpxcp7bgy0']
[2022-10-28T18:02:08.251+0000] {standard_task_runner.py:83} INFO - Job 47: Subtask get_hourly_demand
[2022-10-28T18:02:08.702+0000] {task_command.py:376} INFO - Running <TaskInstance: get_hourly_demand_v2.get_hourly_demand scheduled__2022-10-28T00:05:00+00:00 [running]> on host f011703e6eb5
[2022-10-28T18:02:09.815+0000] {taskinstance.py:1592} INFO - Exporting the following env vars:
AIRFLOW_CTX_DAG_EMAIL=colmo786@gmail.com
AIRFLOW_CTX_DAG_OWNER=energy
AIRFLOW_CTX_DAG_ID=get_hourly_demand_v2
AIRFLOW_CTX_TASK_ID=get_hourly_demand
AIRFLOW_CTX_EXECUTION_DATE=2022-10-28T00:05:00+00:00
AIRFLOW_CTX_TRY_NUMBER=1
AIRFLOW_CTX_DAG_RUN_ID=scheduled__2022-10-28T00:05:00+00:00
[2022-10-28T18:02:09.933+0000] {logging_mixin.py:120} WARNING - /home/***/.local/lib/python3.7/site-packages/***/utils/context.py:297 AirflowContextDeprecationWarning: Accessing 'execution_date' from the template is deprecated and will be removed in a future version. Please use 'data_interval_start' or 'logical_date' instead.
[2022-10-28T18:02:10.032+0000] {logging_mixin.py:120} INFO - INFO Module build_postgres_cnxn: DB Connection to host local_pgdb Ok
[2022-10-28T18:02:10.455+0000] {logging_mixin.py:120} INFO - INFO api_request_to_pandas: API request executed Ok. Number of records returned: 180
[2022-10-28T18:02:10.946+0000] {logging_mixin.py:120} INFO - INFO api_request_to_pandas: API request executed Ok. Number of records returned: 19
[2022-10-28T18:02:10.949+0000] {logging_mixin.py:120} INFO - INFO is_holiday. URL request for 2022-10-28 Ok.
[2022-10-28T18:02:11.095+0000] {logging_mixin.py:120} INFO - INFO get_hourly_demand - 14 records were upserted. Table cammesa_db.hourly_demand.
[2022-10-28T18:02:11.098+0000] {logging_mixin.py:120} INFO - INFO get_hourly_demand execution:  2022-10-28T00:05:00+00:00
[2022-10-28T18:02:11.099+0000] {python.py:177} INFO - Done. Returned value was: None
[2022-10-28T18:02:11.155+0000] {taskinstance.py:1406} INFO - Marking task as SUCCESS. dag_id=get_hourly_demand_v2, task_id=get_hourly_demand, execution_date=20221028T000500, start_date=20221028T180207, end_date=20221028T180211
[2022-10-28T18:02:11.238+0000] {local_task_job.py:164} INFO - Task exited with return code 0
[2022-10-28T18:02:11.372+0000] {local_task_job.py:273} INFO - 0 downstream tasks scheduled from follow-on schedule check
