[2022-10-26T22:31:51.683+0000] {taskinstance.py:1165} INFO - Dependencies all met for <TaskInstance: get_hourly_demand_v2.get_hourly_demand scheduled__2022-10-26T04:05:00+00:00 [queued]>
[2022-10-26T22:31:51.803+0000] {taskinstance.py:1165} INFO - Dependencies all met for <TaskInstance: get_hourly_demand_v2.get_hourly_demand scheduled__2022-10-26T04:05:00+00:00 [queued]>
[2022-10-26T22:31:51.819+0000] {taskinstance.py:1362} INFO - 
--------------------------------------------------------------------------------
[2022-10-26T22:31:51.820+0000] {taskinstance.py:1363} INFO - Starting attempt 1 of 2
[2022-10-26T22:31:51.821+0000] {taskinstance.py:1364} INFO - 
--------------------------------------------------------------------------------
[2022-10-26T22:31:52.244+0000] {taskinstance.py:1383} INFO - Executing <Task(PythonOperator): get_hourly_demand> on 2022-10-26 04:05:00+00:00
[2022-10-26T22:31:52.255+0000] {standard_task_runner.py:55} INFO - Started process 338 to run task
[2022-10-26T22:31:52.321+0000] {standard_task_runner.py:82} INFO - Running: ['***', 'tasks', 'run', 'get_hourly_demand_v2', 'get_hourly_demand', 'scheduled__2022-10-26T04:05:00+00:00', '--job-id', '4', '--raw', '--subdir', 'DAGS_FOLDER/hourly_demand_dag.py', '--cfg-path', '/tmp/tmpnl23ewk7']
[2022-10-26T22:31:52.336+0000] {standard_task_runner.py:83} INFO - Job 4: Subtask get_hourly_demand
[2022-10-26T22:31:52.829+0000] {task_command.py:376} INFO - Running <TaskInstance: get_hourly_demand_v2.get_hourly_demand scheduled__2022-10-26T04:05:00+00:00 [running]> on host b19062265769
[2022-10-26T22:31:56.462+0000] {taskinstance.py:1592} INFO - Exporting the following env vars:
AIRFLOW_CTX_DAG_EMAIL=colmo786@gmail.com
AIRFLOW_CTX_DAG_OWNER=energy
AIRFLOW_CTX_DAG_ID=get_hourly_demand_v2
AIRFLOW_CTX_TASK_ID=get_hourly_demand
AIRFLOW_CTX_EXECUTION_DATE=2022-10-26T04:05:00+00:00
AIRFLOW_CTX_TRY_NUMBER=1
AIRFLOW_CTX_DAG_RUN_ID=scheduled__2022-10-26T04:05:00+00:00
[2022-10-26T22:31:56.537+0000] {logging_mixin.py:120} WARNING - /home/***/.local/lib/python3.7/site-packages/***/utils/context.py:297 AirflowContextDeprecationWarning: Accessing 'execution_date' from the template is deprecated and will be removed in a future version. Please use 'data_interval_start' or 'logical_date' instead.
[2022-10-26T22:31:56.678+0000] {logging_mixin.py:120} INFO - INFO Module build_postgres_cnxn: DB Connection to host local_pgdb Ok
[2022-10-26T22:31:57.508+0000] {logging_mixin.py:120} INFO - INFO api_request_to_pandas: API request executed Ok. Number of records returned: 233
[2022-10-26T22:31:58.166+0000] {logging_mixin.py:120} INFO - INFO api_request_to_pandas: API request executed Ok. Number of records returned: 19
[2022-10-26T22:31:58.168+0000] {logging_mixin.py:120} INFO - INFO is_holiday. URL request for 2022-10-26 Ok.
[2022-10-26T22:31:58.279+0000] {logging_mixin.py:120} INFO - INFO get_hourly_demand - 19 records were upserted. Table cammesa_db.hourly_demand.
[2022-10-26T22:31:58.280+0000] {logging_mixin.py:120} INFO - INFO get_hourly_demand execution:  2022-10-26T04:05:00+00:00
[2022-10-26T22:31:58.280+0000] {python.py:177} INFO - Done. Returned value was: None
[2022-10-26T22:31:58.361+0000] {taskinstance.py:1406} INFO - Marking task as SUCCESS. dag_id=get_hourly_demand_v2, task_id=get_hourly_demand, execution_date=20221026T040500, start_date=20221026T223151, end_date=20221026T223158
[2022-10-26T22:31:59.602+0000] {local_task_job.py:164} INFO - Task exited with return code 0
[2022-10-26T22:31:59.791+0000] {local_task_job.py:273} INFO - 0 downstream tasks scheduled from follow-on schedule check
[2022-10-28T03:14:00.870+0000] {taskinstance.py:1165} INFO - Dependencies all met for <TaskInstance: get_hourly_demand_v2.get_hourly_demand scheduled__2022-10-26T04:05:00+00:00 [queued]>
[2022-10-28T03:14:01.146+0000] {taskinstance.py:1165} INFO - Dependencies all met for <TaskInstance: get_hourly_demand_v2.get_hourly_demand scheduled__2022-10-26T04:05:00+00:00 [queued]>
[2022-10-28T03:14:01.147+0000] {taskinstance.py:1362} INFO - 
--------------------------------------------------------------------------------
[2022-10-28T03:14:01.147+0000] {taskinstance.py:1363} INFO - Starting attempt 1 of 2
[2022-10-28T03:14:01.156+0000] {taskinstance.py:1364} INFO - 
--------------------------------------------------------------------------------
[2022-10-28T03:14:02.710+0000] {taskinstance.py:1383} INFO - Executing <Task(PythonOperator): get_hourly_demand> on 2022-10-26 04:05:00+00:00
[2022-10-28T03:14:02.725+0000] {standard_task_runner.py:55} INFO - Started process 662 to run task
[2022-10-28T03:14:02.751+0000] {standard_task_runner.py:82} INFO - Running: ['***', 'tasks', 'run', 'get_hourly_demand_v2', 'get_hourly_demand', 'scheduled__2022-10-26T04:05:00+00:00', '--job-id', '7', '--raw', '--subdir', 'DAGS_FOLDER/hourly_demand_dag.py', '--cfg-path', '/tmp/tmpgs7gshkt']
[2022-10-28T03:14:02.755+0000] {standard_task_runner.py:83} INFO - Job 7: Subtask get_hourly_demand
[2022-10-28T03:14:03.200+0000] {task_command.py:376} INFO - Running <TaskInstance: get_hourly_demand_v2.get_hourly_demand scheduled__2022-10-26T04:05:00+00:00 [running]> on host 96776771a69f
[2022-10-28T03:14:03.570+0000] {taskinstance.py:1592} INFO - Exporting the following env vars:
AIRFLOW_CTX_DAG_EMAIL=colmo786@gmail.com
AIRFLOW_CTX_DAG_OWNER=energy
AIRFLOW_CTX_DAG_ID=get_hourly_demand_v2
AIRFLOW_CTX_TASK_ID=get_hourly_demand
AIRFLOW_CTX_EXECUTION_DATE=2022-10-26T04:05:00+00:00
AIRFLOW_CTX_TRY_NUMBER=1
AIRFLOW_CTX_DAG_RUN_ID=scheduled__2022-10-26T04:05:00+00:00
[2022-10-28T03:14:03.602+0000] {logging_mixin.py:120} WARNING - /home/***/.local/lib/python3.7/site-packages/***/utils/context.py:297 AirflowContextDeprecationWarning: Accessing 'execution_date' from the template is deprecated and will be removed in a future version. Please use 'data_interval_start' or 'logical_date' instead.
[2022-10-28T03:14:03.630+0000] {logging_mixin.py:120} INFO - INFO Module build_postgres_cnxn: DB Connection to host local_pgdb Ok
[2022-10-28T03:14:03.762+0000] {logging_mixin.py:120} INFO - INFO api_request_to_pandas: API request executed Ok. Number of records returned: 288
[2022-10-28T03:14:04.156+0000] {logging_mixin.py:120} INFO - INFO api_request_to_pandas: API request executed Ok. Number of records returned: 19
[2022-10-28T03:14:04.160+0000] {logging_mixin.py:120} INFO - INFO is_holiday. URL request for 2022-10-26 Ok.
[2022-10-28T03:14:04.206+0000] {logging_mixin.py:120} INFO - INFO get_hourly_demand - 24 records were upserted. Table cammesa_db.hourly_demand.
[2022-10-28T03:14:04.217+0000] {logging_mixin.py:120} INFO - INFO get_hourly_demand execution:  2022-10-26T04:05:00+00:00
[2022-10-28T03:14:04.218+0000] {python.py:177} INFO - Done. Returned value was: None
[2022-10-28T03:14:04.269+0000] {taskinstance.py:1406} INFO - Marking task as SUCCESS. dag_id=get_hourly_demand_v2, task_id=get_hourly_demand, execution_date=20221026T040500, start_date=20221028T031400, end_date=20221028T031404
[2022-10-28T03:14:04.410+0000] {local_task_job.py:164} INFO - Task exited with return code 0
[2022-10-28T03:14:04.582+0000] {local_task_job.py:273} INFO - 0 downstream tasks scheduled from follow-on schedule check
[2022-10-28T17:58:27.031+0000] {taskinstance.py:1165} INFO - Dependencies all met for <TaskInstance: get_hourly_demand_v2.get_hourly_demand scheduled__2022-10-26T04:05:00+00:00 [queued]>
[2022-10-28T17:58:27.208+0000] {taskinstance.py:1165} INFO - Dependencies all met for <TaskInstance: get_hourly_demand_v2.get_hourly_demand scheduled__2022-10-26T04:05:00+00:00 [queued]>
[2022-10-28T17:58:27.213+0000] {taskinstance.py:1362} INFO - 
--------------------------------------------------------------------------------
[2022-10-28T17:58:27.214+0000] {taskinstance.py:1363} INFO - Starting attempt 1 of 2
[2022-10-28T17:58:27.214+0000] {taskinstance.py:1364} INFO - 
--------------------------------------------------------------------------------
[2022-10-28T17:58:27.364+0000] {taskinstance.py:1383} INFO - Executing <Task(PythonOperator): get_hourly_demand> on 2022-10-26 04:05:00+00:00
[2022-10-28T17:58:27.373+0000] {standard_task_runner.py:55} INFO - Started process 749 to run task
[2022-10-28T17:58:27.388+0000] {standard_task_runner.py:82} INFO - Running: ['***', 'tasks', 'run', 'get_hourly_demand_v2', 'get_hourly_demand', 'scheduled__2022-10-26T04:05:00+00:00', '--job-id', '6', '--raw', '--subdir', 'DAGS_FOLDER/hourly_demand_dag.py', '--cfg-path', '/tmp/tmps7uo7_9u']
[2022-10-28T17:58:27.392+0000] {standard_task_runner.py:83} INFO - Job 6: Subtask get_hourly_demand
[2022-10-28T17:58:27.933+0000] {task_command.py:376} INFO - Running <TaskInstance: get_hourly_demand_v2.get_hourly_demand scheduled__2022-10-26T04:05:00+00:00 [running]> on host f011703e6eb5
[2022-10-28T17:58:28.456+0000] {taskinstance.py:1592} INFO - Exporting the following env vars:
AIRFLOW_CTX_DAG_EMAIL=colmo786@gmail.com
AIRFLOW_CTX_DAG_OWNER=energy
AIRFLOW_CTX_DAG_ID=get_hourly_demand_v2
AIRFLOW_CTX_TASK_ID=get_hourly_demand
AIRFLOW_CTX_EXECUTION_DATE=2022-10-26T04:05:00+00:00
AIRFLOW_CTX_TRY_NUMBER=1
AIRFLOW_CTX_DAG_RUN_ID=scheduled__2022-10-26T04:05:00+00:00
[2022-10-28T17:58:28.634+0000] {logging_mixin.py:120} WARNING - /home/***/.local/lib/python3.7/site-packages/***/utils/context.py:297 AirflowContextDeprecationWarning: Accessing 'execution_date' from the template is deprecated and will be removed in a future version. Please use 'data_interval_start' or 'logical_date' instead.
[2022-10-28T17:58:28.709+0000] {logging_mixin.py:120} INFO - INFO Module build_postgres_cnxn: DB Connection to host local_pgdb Ok
[2022-10-28T17:58:28.923+0000] {logging_mixin.py:120} INFO - INFO api_request_to_pandas: API request executed Ok. Number of records returned: 288
[2022-10-28T17:58:29.409+0000] {logging_mixin.py:120} INFO - INFO api_request_to_pandas: API request executed Ok. Number of records returned: 19
[2022-10-28T17:58:29.424+0000] {logging_mixin.py:120} INFO - INFO is_holiday. URL request for 2022-10-26 Ok.
[2022-10-28T17:58:29.506+0000] {logging_mixin.py:120} INFO - INFO get_hourly_demand - 24 records were upserted. Table cammesa_db.hourly_demand.
[2022-10-28T17:58:29.507+0000] {logging_mixin.py:120} INFO - INFO get_hourly_demand execution:  2022-10-26T04:05:00+00:00
[2022-10-28T17:58:29.508+0000] {python.py:177} INFO - Done. Returned value was: None
[2022-10-28T17:58:29.568+0000] {taskinstance.py:1406} INFO - Marking task as SUCCESS. dag_id=get_hourly_demand_v2, task_id=get_hourly_demand, execution_date=20221026T040500, start_date=20221028T175827, end_date=20221028T175829
[2022-10-28T17:58:29.845+0000] {local_task_job.py:164} INFO - Task exited with return code 0
[2022-10-28T17:58:30.102+0000] {local_task_job.py:273} INFO - 0 downstream tasks scheduled from follow-on schedule check
