[2022-10-28T18:00:00.987+0000] {taskinstance.py:1165} INFO - Dependencies all met for <TaskInstance: get_hourly_demand_v2.get_hourly_demand scheduled__2022-10-26T11:05:00+00:00 [queued]>
[2022-10-28T18:00:01.019+0000] {taskinstance.py:1165} INFO - Dependencies all met for <TaskInstance: get_hourly_demand_v2.get_hourly_demand scheduled__2022-10-26T11:05:00+00:00 [queued]>
[2022-10-28T18:00:01.020+0000] {taskinstance.py:1362} INFO - 
--------------------------------------------------------------------------------
[2022-10-28T18:00:01.020+0000] {taskinstance.py:1363} INFO - Starting attempt 2 of 2
[2022-10-28T18:00:01.020+0000] {taskinstance.py:1364} INFO - 
--------------------------------------------------------------------------------
[2022-10-28T18:00:01.074+0000] {taskinstance.py:1383} INFO - Executing <Task(PythonOperator): get_hourly_demand> on 2022-10-26 11:05:00+00:00
[2022-10-28T18:00:01.090+0000] {standard_task_runner.py:55} INFO - Started process 872 to run task
[2022-10-28T18:00:01.104+0000] {standard_task_runner.py:82} INFO - Running: ['***', 'tasks', 'run', 'get_hourly_demand_v2', 'get_hourly_demand', 'scheduled__2022-10-26T11:05:00+00:00', '--job-id', '25', '--raw', '--subdir', 'DAGS_FOLDER/hourly_demand_dag.py', '--cfg-path', '/tmp/tmpmsmtjszu']
[2022-10-28T18:00:01.130+0000] {standard_task_runner.py:83} INFO - Job 25: Subtask get_hourly_demand
[2022-10-28T18:00:01.513+0000] {task_command.py:376} INFO - Running <TaskInstance: get_hourly_demand_v2.get_hourly_demand scheduled__2022-10-26T11:05:00+00:00 [running]> on host f011703e6eb5
[2022-10-28T18:00:01.831+0000] {taskinstance.py:1592} INFO - Exporting the following env vars:
AIRFLOW_CTX_DAG_EMAIL=colmo786@gmail.com
AIRFLOW_CTX_DAG_OWNER=energy
AIRFLOW_CTX_DAG_ID=get_hourly_demand_v2
AIRFLOW_CTX_TASK_ID=get_hourly_demand
AIRFLOW_CTX_EXECUTION_DATE=2022-10-26T11:05:00+00:00
AIRFLOW_CTX_TRY_NUMBER=2
AIRFLOW_CTX_DAG_RUN_ID=scheduled__2022-10-26T11:05:00+00:00
[2022-10-28T18:00:01.869+0000] {logging_mixin.py:120} WARNING - /home/***/.local/lib/python3.7/site-packages/***/utils/context.py:297 AirflowContextDeprecationWarning: Accessing 'execution_date' from the template is deprecated and will be removed in a future version. Please use 'data_interval_start' or 'logical_date' instead.
[2022-10-28T18:00:01.905+0000] {logging_mixin.py:120} INFO - INFO Module build_postgres_cnxn: DB Connection to host local_pgdb Ok
[2022-10-28T18:00:02.090+0000] {logging_mixin.py:120} INFO - INFO api_request_to_pandas: API request executed Ok. Number of records returned: 288
[2022-10-28T18:00:02.447+0000] {logging_mixin.py:120} INFO - INFO api_request_to_pandas: API request executed Ok. Number of records returned: 19
[2022-10-28T18:00:02.450+0000] {logging_mixin.py:120} INFO - INFO is_holiday. URL request for 2022-10-26 Ok.
[2022-10-28T18:00:02.466+0000] {logging_mixin.py:120} INFO - INFO get_hourly_demand - 24 records were upserted. Table cammesa_db.hourly_demand.
[2022-10-28T18:00:02.467+0000] {logging_mixin.py:120} INFO - INFO get_hourly_demand execution:  2022-10-26T11:05:00+00:00
[2022-10-28T18:00:02.467+0000] {python.py:177} INFO - Done. Returned value was: None
[2022-10-28T18:00:02.497+0000] {taskinstance.py:1406} INFO - Marking task as SUCCESS. dag_id=get_hourly_demand_v2, task_id=get_hourly_demand, execution_date=20221026T110500, start_date=20221028T180000, end_date=20221028T180002
[2022-10-28T18:00:02.601+0000] {local_task_job.py:164} INFO - Task exited with return code 0
[2022-10-28T18:00:02.685+0000] {local_task_job.py:273} INFO - 0 downstream tasks scheduled from follow-on schedule check
