[2022-10-28T19:14:28.891+0000] {taskinstance.py:1165} INFO - Dependencies all met for <TaskInstance: ENG_hourly_process_v1.get_hourly_demand scheduled__2022-10-26T21:05:00+00:00 [queued]>
[2022-10-28T19:14:29.011+0000] {taskinstance.py:1165} INFO - Dependencies all met for <TaskInstance: ENG_hourly_process_v1.get_hourly_demand scheduled__2022-10-26T21:05:00+00:00 [queued]>
[2022-10-28T19:14:29.012+0000] {taskinstance.py:1362} INFO - 
--------------------------------------------------------------------------------
[2022-10-28T19:14:29.012+0000] {taskinstance.py:1363} INFO - Starting attempt 1 of 2
[2022-10-28T19:14:29.012+0000] {taskinstance.py:1364} INFO - 
--------------------------------------------------------------------------------
[2022-10-28T19:14:30.815+0000] {taskinstance.py:1383} INFO - Executing <Task(PythonOperator): get_hourly_demand> on 2022-10-26 21:05:00+00:00
[2022-10-28T19:14:30.879+0000] {standard_task_runner.py:55} INFO - Started process 6523 to run task
[2022-10-28T19:14:32.378+0000] {standard_task_runner.py:82} INFO - Running: ['***', 'tasks', 'run', 'ENG_hourly_process_v1', 'get_hourly_demand', 'scheduled__2022-10-26T21:05:00+00:00', '--job-id', '105', '--raw', '--subdir', 'DAGS_FOLDER/ENG_hourly_process_dag.py', '--cfg-path', '/tmp/tmpb4qapobn']
[2022-10-28T19:14:36.617+0000] {standard_task_runner.py:83} INFO - Job 105: Subtask get_hourly_demand
[2022-10-28T19:15:03.041+0000] {task_command.py:376} INFO - Running <TaskInstance: ENG_hourly_process_v1.get_hourly_demand scheduled__2022-10-26T21:05:00+00:00 [running]> on host f011703e6eb5
[2022-10-28T19:15:25.852+0000] {taskinstance.py:1592} INFO - Exporting the following env vars:
AIRFLOW_CTX_DAG_EMAIL=colmo786@gmail.com
AIRFLOW_CTX_DAG_OWNER=energy
AIRFLOW_CTX_DAG_ID=ENG_hourly_process_v1
AIRFLOW_CTX_TASK_ID=get_hourly_demand
AIRFLOW_CTX_EXECUTION_DATE=2022-10-26T21:05:00+00:00
AIRFLOW_CTX_TRY_NUMBER=1
AIRFLOW_CTX_DAG_RUN_ID=scheduled__2022-10-26T21:05:00+00:00
[2022-10-28T19:15:26.550+0000] {logging_mixin.py:120} WARNING - /home/***/.local/lib/python3.7/site-packages/***/utils/context.py:297 AirflowContextDeprecationWarning: Accessing 'execution_date' from the template is deprecated and will be removed in a future version. Please use 'data_interval_start' or 'logical_date' instead.
[2022-10-28T19:15:26.835+0000] {logging_mixin.py:120} INFO - INFO Module build_postgres_cnxn: DB Connection to host local_pgdb Ok
[2022-10-28T19:15:27.774+0000] {logging_mixin.py:120} INFO - INFO api_request_to_pandas: API request executed Ok. Number of records returned: 288
[2022-10-28T19:15:28.267+0000] {logging_mixin.py:120} INFO - INFO api_request_to_pandas: API request executed Ok. Number of records returned: 19
[2022-10-28T19:15:28.271+0000] {logging_mixin.py:120} INFO - INFO is_holiday. URL request for 2022-10-26 Ok.
[2022-10-28T19:15:28.346+0000] {logging_mixin.py:120} INFO - INFO get_hourly_demand - 24 records were upserted. Table cammesa_db.hourly_demand.
[2022-10-28T19:15:28.346+0000] {logging_mixin.py:120} INFO - INFO get_hourly_demand execution:  2022-10-26T21:05:00+00:00
[2022-10-28T19:15:28.350+0000] {python.py:177} INFO - Done. Returned value was: None
[2022-10-28T19:15:29.338+0000] {taskinstance.py:1406} INFO - Marking task as SUCCESS. dag_id=ENG_hourly_process_v1, task_id=get_hourly_demand, execution_date=20221026T210500, start_date=20221028T191428, end_date=20221028T191529
[2022-10-28T19:15:29.704+0000] {local_task_job.py:164} INFO - Task exited with return code 0
[2022-10-28T19:15:31.415+0000] {local_task_job.py:273} INFO - 1 downstream tasks scheduled from follow-on schedule check
[2022-10-29T00:36:06.279+0000] {taskinstance.py:1165} INFO - Dependencies all met for <TaskInstance: ENG_hourly_process_v1.get_hourly_demand scheduled__2022-10-26T21:05:00+00:00 [queued]>
[2022-10-29T00:36:06.435+0000] {taskinstance.py:1165} INFO - Dependencies all met for <TaskInstance: ENG_hourly_process_v1.get_hourly_demand scheduled__2022-10-26T21:05:00+00:00 [queued]>
[2022-10-29T00:36:06.439+0000] {taskinstance.py:1362} INFO - 
--------------------------------------------------------------------------------
[2022-10-29T00:36:06.441+0000] {taskinstance.py:1363} INFO - Starting attempt 1 of 2
[2022-10-29T00:36:06.441+0000] {taskinstance.py:1364} INFO - 
--------------------------------------------------------------------------------
[2022-10-29T00:36:06.615+0000] {taskinstance.py:1383} INFO - Executing <Task(PythonOperator): get_hourly_demand> on 2022-10-26 21:05:00+00:00
[2022-10-29T00:36:06.665+0000] {standard_task_runner.py:55} INFO - Started process 870 to run task
[2022-10-29T00:36:06.723+0000] {standard_task_runner.py:82} INFO - Running: ['***', 'tasks', 'run', 'ENG_hourly_process_v1', 'get_hourly_demand', 'scheduled__2022-10-26T21:05:00+00:00', '--job-id', '41', '--raw', '--subdir', 'DAGS_FOLDER/ENG_hourly_process_dag.py', '--cfg-path', '/tmp/tmp2ff66rui']
[2022-10-29T00:36:06.726+0000] {standard_task_runner.py:83} INFO - Job 41: Subtask get_hourly_demand
[2022-10-29T00:36:07.429+0000] {task_command.py:376} INFO - Running <TaskInstance: ENG_hourly_process_v1.get_hourly_demand scheduled__2022-10-26T21:05:00+00:00 [running]> on host 6800cd8e39a3
[2022-10-29T00:36:08.456+0000] {taskinstance.py:1592} INFO - Exporting the following env vars:
AIRFLOW_CTX_DAG_EMAIL=colmo786@gmail.com
AIRFLOW_CTX_DAG_OWNER=energy
AIRFLOW_CTX_DAG_ID=ENG_hourly_process_v1
AIRFLOW_CTX_TASK_ID=get_hourly_demand
AIRFLOW_CTX_EXECUTION_DATE=2022-10-26T21:05:00+00:00
AIRFLOW_CTX_TRY_NUMBER=1
AIRFLOW_CTX_DAG_RUN_ID=scheduled__2022-10-26T21:05:00+00:00
[2022-10-29T00:36:08.582+0000] {logging_mixin.py:120} WARNING - /home/***/.local/lib/python3.7/site-packages/***/utils/context.py:297 AirflowContextDeprecationWarning: Accessing 'execution_date' from the template is deprecated and will be removed in a future version. Please use 'data_interval_start' or 'logical_date' instead.
[2022-10-29T00:36:08.742+0000] {logging_mixin.py:120} INFO - INFO Module build_postgres_cnxn: DB Connection to host local_pgdb Ok
[2022-10-29T00:36:09.015+0000] {logging_mixin.py:120} INFO - INFO api_request_to_pandas: API request executed Ok. Number of records returned: 288
[2022-10-29T00:36:09.551+0000] {logging_mixin.py:120} INFO - INFO api_request_to_pandas: API request executed Ok. Number of records returned: 19
[2022-10-29T00:36:09.561+0000] {logging_mixin.py:120} INFO - INFO is_holiday. URL request for 2022-10-26 Ok.
[2022-10-29T00:36:09.654+0000] {logging_mixin.py:120} INFO - INFO get_hourly_demand - 24 records were upserted. Table cammesa_db.hourly_demand.
[2022-10-29T00:36:09.657+0000] {logging_mixin.py:120} INFO - INFO get_hourly_demand execution:  2022-10-26T21:05:00+00:00
[2022-10-29T00:36:09.657+0000] {python.py:177} INFO - Done. Returned value was: None
[2022-10-29T00:36:09.810+0000] {taskinstance.py:1406} INFO - Marking task as SUCCESS. dag_id=ENG_hourly_process_v1, task_id=get_hourly_demand, execution_date=20221026T210500, start_date=20221029T003606, end_date=20221029T003609
[2022-10-29T00:36:09.939+0000] {local_task_job.py:164} INFO - Task exited with return code 0
[2022-10-29T00:36:10.108+0000] {local_task_job.py:273} INFO - 1 downstream tasks scheduled from follow-on schedule check
