[2022-10-28T19:05:05.427+0000] {taskinstance.py:1165} INFO - Dependencies all met for <TaskInstance: get_hourly_demand_v2.get_hourly_demand scheduled__2022-10-28T18:05:00+00:00 [queued]>
[2022-10-28T19:05:05.450+0000] {taskinstance.py:1165} INFO - Dependencies all met for <TaskInstance: get_hourly_demand_v2.get_hourly_demand scheduled__2022-10-28T18:05:00+00:00 [queued]>
[2022-10-28T19:05:05.450+0000] {taskinstance.py:1362} INFO - 
--------------------------------------------------------------------------------
[2022-10-28T19:05:05.450+0000] {taskinstance.py:1363} INFO - Starting attempt 1 of 2
[2022-10-28T19:05:05.450+0000] {taskinstance.py:1364} INFO - 
--------------------------------------------------------------------------------
[2022-10-28T19:05:05.492+0000] {taskinstance.py:1383} INFO - Executing <Task(PythonOperator): get_hourly_demand> on 2022-10-28 18:05:00+00:00
[2022-10-28T19:05:05.500+0000] {standard_task_runner.py:55} INFO - Started process 5802 to run task
[2022-10-28T19:05:05.505+0000] {standard_task_runner.py:82} INFO - Running: ['***', 'tasks', 'run', 'get_hourly_demand_v2', 'get_hourly_demand', 'scheduled__2022-10-28T18:05:00+00:00', '--job-id', '88', '--raw', '--subdir', 'DAGS_FOLDER/hourly_demand_dag.py', '--cfg-path', '/tmp/tmphf1ekk3y']
[2022-10-28T19:05:05.508+0000] {standard_task_runner.py:83} INFO - Job 88: Subtask get_hourly_demand
[2022-10-28T19:05:05.637+0000] {task_command.py:376} INFO - Running <TaskInstance: get_hourly_demand_v2.get_hourly_demand scheduled__2022-10-28T18:05:00+00:00 [running]> on host f011703e6eb5
[2022-10-28T19:05:05.814+0000] {taskinstance.py:1592} INFO - Exporting the following env vars:
AIRFLOW_CTX_DAG_EMAIL=colmo786@gmail.com
AIRFLOW_CTX_DAG_OWNER=energy
AIRFLOW_CTX_DAG_ID=get_hourly_demand_v2
AIRFLOW_CTX_TASK_ID=get_hourly_demand
AIRFLOW_CTX_EXECUTION_DATE=2022-10-28T18:05:00+00:00
AIRFLOW_CTX_TRY_NUMBER=1
AIRFLOW_CTX_DAG_RUN_ID=scheduled__2022-10-28T18:05:00+00:00
[2022-10-28T19:05:05.847+0000] {logging_mixin.py:120} WARNING - /home/***/.local/lib/python3.7/site-packages/***/utils/context.py:297 AirflowContextDeprecationWarning: Accessing 'execution_date' from the template is deprecated and will be removed in a future version. Please use 'data_interval_start' or 'logical_date' instead.
[2022-10-28T19:05:05.865+0000] {logging_mixin.py:120} INFO - INFO Module build_postgres_cnxn: DB Connection to host local_pgdb Ok
[2022-10-28T19:05:06.025+0000] {logging_mixin.py:120} INFO - INFO api_request_to_pandas: API request executed Ok. Number of records returned: 192
[2022-10-28T19:05:06.356+0000] {logging_mixin.py:120} INFO - INFO api_request_to_pandas: API request executed Ok. Number of records returned: 19
[2022-10-28T19:05:06.358+0000] {logging_mixin.py:120} INFO - INFO is_holiday. URL request for 2022-10-28 Ok.
[2022-10-28T19:05:06.371+0000] {logging_mixin.py:120} INFO - INFO get_hourly_demand - 15 records were upserted. Table cammesa_db.hourly_demand.
[2022-10-28T19:05:06.372+0000] {logging_mixin.py:120} INFO - INFO get_hourly_demand execution:  2022-10-28T18:05:00+00:00
[2022-10-28T19:05:06.373+0000] {python.py:177} INFO - Done. Returned value was: None
[2022-10-28T19:05:06.396+0000] {taskinstance.py:1406} INFO - Marking task as SUCCESS. dag_id=get_hourly_demand_v2, task_id=get_hourly_demand, execution_date=20221028T180500, start_date=20221028T190505, end_date=20221028T190506
[2022-10-28T19:05:06.450+0000] {local_task_job.py:164} INFO - Task exited with return code 0
[2022-10-28T19:05:06.496+0000] {local_task_job.py:273} INFO - 0 downstream tasks scheduled from follow-on schedule check
