[2022-10-26T21:36:00.877+0000] {taskinstance.py:1165} INFO - Dependencies all met for <TaskInstance: get_hourly_demand_v2.get_hourly_demand scheduled__2022-10-26T10:05:00+00:00 [queued]>
[2022-10-26T21:36:01.077+0000] {taskinstance.py:1165} INFO - Dependencies all met for <TaskInstance: get_hourly_demand_v2.get_hourly_demand scheduled__2022-10-26T10:05:00+00:00 [queued]>
[2022-10-26T21:36:01.077+0000] {taskinstance.py:1362} INFO - 
--------------------------------------------------------------------------------
[2022-10-26T21:36:01.077+0000] {taskinstance.py:1363} INFO - Starting attempt 1 of 2
[2022-10-26T21:36:01.078+0000] {taskinstance.py:1364} INFO - 
--------------------------------------------------------------------------------
[2022-10-26T21:36:01.274+0000] {taskinstance.py:1383} INFO - Executing <Task(PythonOperator): get_hourly_demand> on 2022-10-26 10:05:00+00:00
[2022-10-26T21:36:01.318+0000] {standard_task_runner.py:55} INFO - Started process 370 to run task
[2022-10-26T21:36:01.400+0000] {standard_task_runner.py:82} INFO - Running: ['***', 'tasks', 'run', 'get_hourly_demand_v2', 'get_hourly_demand', 'scheduled__2022-10-26T10:05:00+00:00', '--job-id', '14', '--raw', '--subdir', 'DAGS_FOLDER/hourly_demand_dag.py', '--cfg-path', '/tmp/tmp6jwx88l5']
[2022-10-26T21:36:01.404+0000] {standard_task_runner.py:83} INFO - Job 14: Subtask get_hourly_demand
[2022-10-26T21:36:02.097+0000] {task_command.py:376} INFO - Running <TaskInstance: get_hourly_demand_v2.get_hourly_demand scheduled__2022-10-26T10:05:00+00:00 [running]> on host f694475c41c8
[2022-10-26T21:36:02.768+0000] {taskinstance.py:1592} INFO - Exporting the following env vars:
AIRFLOW_CTX_DAG_EMAIL=colmo786@gmail.com
AIRFLOW_CTX_DAG_OWNER=energy
AIRFLOW_CTX_DAG_ID=get_hourly_demand_v2
AIRFLOW_CTX_TASK_ID=get_hourly_demand
AIRFLOW_CTX_EXECUTION_DATE=2022-10-26T10:05:00+00:00
AIRFLOW_CTX_TRY_NUMBER=1
AIRFLOW_CTX_DAG_RUN_ID=scheduled__2022-10-26T10:05:00+00:00
[2022-10-26T21:36:02.851+0000] {logging_mixin.py:120} WARNING - /home/***/.local/lib/python3.7/site-packages/***/utils/context.py:297 AirflowContextDeprecationWarning: Accessing 'execution_date' from the template is deprecated and will be removed in a future version. Please use 'data_interval_start' or 'logical_date' instead.
[2022-10-26T21:36:02.981+0000] {logging_mixin.py:120} INFO - INFO Module build_postgres_cnxn: DB Connection to host local_pgdb Ok
[2022-10-26T21:36:03.618+0000] {logging_mixin.py:120} INFO - INFO api_request_to_pandas: API request executed Ok. Number of records returned: 222
[2022-10-26T21:36:04.264+0000] {logging_mixin.py:120} INFO - INFO api_request_to_pandas: API request executed Ok. Number of records returned: 19
[2022-10-26T21:36:04.266+0000] {logging_mixin.py:120} INFO - INFO is_holiday. URL request for 2022-10-26 Ok.
[2022-10-26T21:36:04.387+0000] {logging_mixin.py:120} INFO - INFO get_hourly_demand - 18 records were upserted. Table cammesa_db.hourly_demand.
[2022-10-26T21:36:04.388+0000] {logging_mixin.py:120} INFO - INFO get_hourly_demand execution:  2022-10-26T10:05:00+00:00
[2022-10-26T21:36:04.388+0000] {python.py:177} INFO - Done. Returned value was: None
[2022-10-26T21:36:04.475+0000] {taskinstance.py:1406} INFO - Marking task as SUCCESS. dag_id=get_hourly_demand_v2, task_id=get_hourly_demand, execution_date=20221026T100500, start_date=20221026T213600, end_date=20221026T213604
[2022-10-26T21:36:04.727+0000] {local_task_job.py:164} INFO - Task exited with return code 0
[2022-10-26T21:36:05.014+0000] {local_task_job.py:273} INFO - 0 downstream tasks scheduled from follow-on schedule check
[2022-10-26T22:32:15.041+0000] {taskinstance.py:1165} INFO - Dependencies all met for <TaskInstance: get_hourly_demand_v2.get_hourly_demand scheduled__2022-10-26T10:05:00+00:00 [queued]>
[2022-10-26T22:32:15.117+0000] {taskinstance.py:1165} INFO - Dependencies all met for <TaskInstance: get_hourly_demand_v2.get_hourly_demand scheduled__2022-10-26T10:05:00+00:00 [queued]>
[2022-10-26T22:32:15.118+0000] {taskinstance.py:1362} INFO - 
--------------------------------------------------------------------------------
[2022-10-26T22:32:15.119+0000] {taskinstance.py:1363} INFO - Starting attempt 1 of 2
[2022-10-26T22:32:15.119+0000] {taskinstance.py:1364} INFO - 
--------------------------------------------------------------------------------
[2022-10-26T22:32:15.320+0000] {taskinstance.py:1383} INFO - Executing <Task(PythonOperator): get_hourly_demand> on 2022-10-26 10:05:00+00:00
[2022-10-26T22:32:15.366+0000] {standard_task_runner.py:55} INFO - Started process 365 to run task
[2022-10-26T22:32:15.417+0000] {standard_task_runner.py:82} INFO - Running: ['***', 'tasks', 'run', 'get_hourly_demand_v2', 'get_hourly_demand', 'scheduled__2022-10-26T10:05:00+00:00', '--job-id', '12', '--raw', '--subdir', 'DAGS_FOLDER/hourly_demand_dag.py', '--cfg-path', '/tmp/tmp60lqb4f_']
[2022-10-26T22:32:15.460+0000] {standard_task_runner.py:83} INFO - Job 12: Subtask get_hourly_demand
[2022-10-26T22:32:15.928+0000] {task_command.py:376} INFO - Running <TaskInstance: get_hourly_demand_v2.get_hourly_demand scheduled__2022-10-26T10:05:00+00:00 [running]> on host b19062265769
[2022-10-26T22:32:18.070+0000] {taskinstance.py:1592} INFO - Exporting the following env vars:
AIRFLOW_CTX_DAG_EMAIL=colmo786@gmail.com
AIRFLOW_CTX_DAG_OWNER=energy
AIRFLOW_CTX_DAG_ID=get_hourly_demand_v2
AIRFLOW_CTX_TASK_ID=get_hourly_demand
AIRFLOW_CTX_EXECUTION_DATE=2022-10-26T10:05:00+00:00
AIRFLOW_CTX_TRY_NUMBER=1
AIRFLOW_CTX_DAG_RUN_ID=scheduled__2022-10-26T10:05:00+00:00
[2022-10-26T22:32:18.136+0000] {logging_mixin.py:120} WARNING - /home/***/.local/lib/python3.7/site-packages/***/utils/context.py:297 AirflowContextDeprecationWarning: Accessing 'execution_date' from the template is deprecated and will be removed in a future version. Please use 'data_interval_start' or 'logical_date' instead.
[2022-10-26T22:32:18.509+0000] {logging_mixin.py:120} INFO - INFO Module build_postgres_cnxn: DB Connection to host local_pgdb Ok
[2022-10-26T22:32:19.339+0000] {logging_mixin.py:120} INFO - INFO api_request_to_pandas: API request executed Ok. Number of records returned: 233
[2022-10-26T22:32:19.931+0000] {logging_mixin.py:120} INFO - INFO api_request_to_pandas: API request executed Ok. Number of records returned: 19
[2022-10-26T22:32:19.933+0000] {logging_mixin.py:120} INFO - INFO is_holiday. URL request for 2022-10-26 Ok.
[2022-10-26T22:32:19.994+0000] {logging_mixin.py:120} INFO - INFO get_hourly_demand - 19 records were upserted. Table cammesa_db.hourly_demand.
[2022-10-26T22:32:19.997+0000] {logging_mixin.py:120} INFO - INFO get_hourly_demand execution:  2022-10-26T10:05:00+00:00
[2022-10-26T22:32:19.997+0000] {python.py:177} INFO - Done. Returned value was: None
[2022-10-26T22:32:20.078+0000] {taskinstance.py:1406} INFO - Marking task as SUCCESS. dag_id=get_hourly_demand_v2, task_id=get_hourly_demand, execution_date=20221026T100500, start_date=20221026T223215, end_date=20221026T223220
[2022-10-26T22:32:20.250+0000] {local_task_job.py:164} INFO - Task exited with return code 0
[2022-10-26T22:32:20.394+0000] {local_task_job.py:273} INFO - 0 downstream tasks scheduled from follow-on schedule check
[2022-10-28T03:14:05.632+0000] {taskinstance.py:1165} INFO - Dependencies all met for <TaskInstance: get_hourly_demand_v2.get_hourly_demand scheduled__2022-10-26T10:05:00+00:00 [queued]>
[2022-10-28T03:14:05.698+0000] {taskinstance.py:1165} INFO - Dependencies all met for <TaskInstance: get_hourly_demand_v2.get_hourly_demand scheduled__2022-10-26T10:05:00+00:00 [queued]>
[2022-10-28T03:14:05.704+0000] {taskinstance.py:1362} INFO - 
--------------------------------------------------------------------------------
[2022-10-28T03:14:05.705+0000] {taskinstance.py:1363} INFO - Starting attempt 1 of 2
[2022-10-28T03:14:05.705+0000] {taskinstance.py:1364} INFO - 
--------------------------------------------------------------------------------
[2022-10-28T03:14:05.897+0000] {taskinstance.py:1383} INFO - Executing <Task(PythonOperator): get_hourly_demand> on 2022-10-26 10:05:00+00:00
[2022-10-28T03:14:05.905+0000] {standard_task_runner.py:55} INFO - Started process 673 to run task
[2022-10-28T03:14:05.918+0000] {standard_task_runner.py:82} INFO - Running: ['***', 'tasks', 'run', 'get_hourly_demand_v2', 'get_hourly_demand', 'scheduled__2022-10-26T10:05:00+00:00', '--job-id', '13', '--raw', '--subdir', 'DAGS_FOLDER/hourly_demand_dag.py', '--cfg-path', '/tmp/tmpbgf3yjnx']
[2022-10-28T03:14:05.923+0000] {standard_task_runner.py:83} INFO - Job 13: Subtask get_hourly_demand
[2022-10-28T03:14:06.156+0000] {task_command.py:376} INFO - Running <TaskInstance: get_hourly_demand_v2.get_hourly_demand scheduled__2022-10-26T10:05:00+00:00 [running]> on host 96776771a69f
[2022-10-28T03:14:06.417+0000] {taskinstance.py:1592} INFO - Exporting the following env vars:
AIRFLOW_CTX_DAG_EMAIL=colmo786@gmail.com
AIRFLOW_CTX_DAG_OWNER=energy
AIRFLOW_CTX_DAG_ID=get_hourly_demand_v2
AIRFLOW_CTX_TASK_ID=get_hourly_demand
AIRFLOW_CTX_EXECUTION_DATE=2022-10-26T10:05:00+00:00
AIRFLOW_CTX_TRY_NUMBER=1
AIRFLOW_CTX_DAG_RUN_ID=scheduled__2022-10-26T10:05:00+00:00
[2022-10-28T03:14:06.442+0000] {logging_mixin.py:120} WARNING - /home/***/.local/lib/python3.7/site-packages/***/utils/context.py:297 AirflowContextDeprecationWarning: Accessing 'execution_date' from the template is deprecated and will be removed in a future version. Please use 'data_interval_start' or 'logical_date' instead.
[2022-10-28T03:14:06.468+0000] {logging_mixin.py:120} INFO - INFO Module build_postgres_cnxn: DB Connection to host local_pgdb Ok
[2022-10-28T03:14:06.621+0000] {logging_mixin.py:120} INFO - INFO api_request_to_pandas: API request executed Ok. Number of records returned: 288
[2022-10-28T03:14:06.972+0000] {logging_mixin.py:120} INFO - INFO api_request_to_pandas: API request executed Ok. Number of records returned: 19
[2022-10-28T03:14:06.976+0000] {logging_mixin.py:120} INFO - INFO is_holiday. URL request for 2022-10-26 Ok.
[2022-10-28T03:14:06.986+0000] {logging_mixin.py:120} INFO - INFO get_hourly_demand - 24 records were upserted. Table cammesa_db.hourly_demand.
[2022-10-28T03:14:06.987+0000] {logging_mixin.py:120} INFO - INFO get_hourly_demand execution:  2022-10-26T10:05:00+00:00
[2022-10-28T03:14:06.987+0000] {python.py:177} INFO - Done. Returned value was: None
[2022-10-28T03:14:07.004+0000] {taskinstance.py:1406} INFO - Marking task as SUCCESS. dag_id=get_hourly_demand_v2, task_id=get_hourly_demand, execution_date=20221026T100500, start_date=20221028T031405, end_date=20221028T031407
[2022-10-28T03:14:07.112+0000] {local_task_job.py:164} INFO - Task exited with return code 0
[2022-10-28T03:14:07.149+0000] {local_task_job.py:273} INFO - 0 downstream tasks scheduled from follow-on schedule check
[2022-10-28T17:58:28.662+0000] {taskinstance.py:1165} INFO - Dependencies all met for <TaskInstance: get_hourly_demand_v2.get_hourly_demand scheduled__2022-10-26T10:05:00+00:00 [queued]>
[2022-10-28T17:58:28.812+0000] {taskinstance.py:1165} INFO - Dependencies all met for <TaskInstance: get_hourly_demand_v2.get_hourly_demand scheduled__2022-10-26T10:05:00+00:00 [queued]>
[2022-10-28T17:58:28.813+0000] {taskinstance.py:1362} INFO - 
--------------------------------------------------------------------------------
[2022-10-28T17:58:28.813+0000] {taskinstance.py:1363} INFO - Starting attempt 1 of 2
[2022-10-28T17:58:28.814+0000] {taskinstance.py:1364} INFO - 
--------------------------------------------------------------------------------
[2022-10-28T17:58:29.012+0000] {taskinstance.py:1383} INFO - Executing <Task(PythonOperator): get_hourly_demand> on 2022-10-26 10:05:00+00:00
[2022-10-28T17:58:29.078+0000] {standard_task_runner.py:55} INFO - Started process 753 to run task
[2022-10-28T17:58:29.098+0000] {standard_task_runner.py:82} INFO - Running: ['***', 'tasks', 'run', 'get_hourly_demand_v2', 'get_hourly_demand', 'scheduled__2022-10-26T10:05:00+00:00', '--job-id', '9', '--raw', '--subdir', 'DAGS_FOLDER/hourly_demand_dag.py', '--cfg-path', '/tmp/tmpceyqg20a']
[2022-10-28T17:58:29.173+0000] {standard_task_runner.py:83} INFO - Job 9: Subtask get_hourly_demand
[2022-10-28T17:58:29.957+0000] {task_command.py:376} INFO - Running <TaskInstance: get_hourly_demand_v2.get_hourly_demand scheduled__2022-10-26T10:05:00+00:00 [running]> on host f011703e6eb5
[2022-10-28T17:58:31.222+0000] {taskinstance.py:1592} INFO - Exporting the following env vars:
AIRFLOW_CTX_DAG_EMAIL=colmo786@gmail.com
AIRFLOW_CTX_DAG_OWNER=energy
AIRFLOW_CTX_DAG_ID=get_hourly_demand_v2
AIRFLOW_CTX_TASK_ID=get_hourly_demand
AIRFLOW_CTX_EXECUTION_DATE=2022-10-26T10:05:00+00:00
AIRFLOW_CTX_TRY_NUMBER=1
AIRFLOW_CTX_DAG_RUN_ID=scheduled__2022-10-26T10:05:00+00:00
[2022-10-28T17:58:31.306+0000] {logging_mixin.py:120} WARNING - /home/***/.local/lib/python3.7/site-packages/***/utils/context.py:297 AirflowContextDeprecationWarning: Accessing 'execution_date' from the template is deprecated and will be removed in a future version. Please use 'data_interval_start' or 'logical_date' instead.
[2022-10-28T17:58:31.408+0000] {logging_mixin.py:120} INFO - INFO Module build_postgres_cnxn: DB Connection to host local_pgdb Ok
[2022-10-28T17:58:32.001+0000] {logging_mixin.py:120} INFO - INFO api_request_to_pandas: API request executed Ok. Number of records returned: 288
[2022-10-28T17:58:32.747+0000] {logging_mixin.py:120} INFO - INFO api_request_to_pandas: API request executed Ok. Number of records returned: 19
[2022-10-28T17:58:32.762+0000] {logging_mixin.py:120} INFO - INFO is_holiday. URL request for 2022-10-26 Ok.
[2022-10-28T17:58:32.836+0000] {logging_mixin.py:120} INFO - INFO get_hourly_demand - 24 records were upserted. Table cammesa_db.hourly_demand.
[2022-10-28T17:58:32.849+0000] {logging_mixin.py:120} INFO - INFO get_hourly_demand execution:  2022-10-26T10:05:00+00:00
[2022-10-28T17:58:32.849+0000] {python.py:177} INFO - Done. Returned value was: None
[2022-10-28T17:58:32.936+0000] {taskinstance.py:1406} INFO - Marking task as SUCCESS. dag_id=get_hourly_demand_v2, task_id=get_hourly_demand, execution_date=20221026T100500, start_date=20221028T175828, end_date=20221028T175832
[2022-10-28T17:58:33.158+0000] {local_task_job.py:164} INFO - Task exited with return code 0
[2022-10-28T17:58:33.323+0000] {local_task_job.py:273} INFO - 0 downstream tasks scheduled from follow-on schedule check
