[2022-10-28T19:19:03.926+0000] {taskinstance.py:1165} INFO - Dependencies all met for <TaskInstance: ENG_hourly_process_v1.get_hourly_demand scheduled__2022-10-27T14:05:00+00:00 [queued]>
[2022-10-28T19:19:04.021+0000] {taskinstance.py:1165} INFO - Dependencies all met for <TaskInstance: ENG_hourly_process_v1.get_hourly_demand scheduled__2022-10-27T14:05:00+00:00 [queued]>
[2022-10-28T19:19:04.022+0000] {taskinstance.py:1362} INFO - 
--------------------------------------------------------------------------------
[2022-10-28T19:19:04.022+0000] {taskinstance.py:1363} INFO - Starting attempt 1 of 2
[2022-10-28T19:19:04.022+0000] {taskinstance.py:1364} INFO - 
--------------------------------------------------------------------------------
[2022-10-28T19:19:04.242+0000] {taskinstance.py:1383} INFO - Executing <Task(PythonOperator): get_hourly_demand> on 2022-10-27 14:05:00+00:00
[2022-10-28T19:19:04.268+0000] {standard_task_runner.py:55} INFO - Started process 6879 to run task
[2022-10-28T19:19:04.305+0000] {standard_task_runner.py:82} INFO - Running: ['***', 'tasks', 'run', 'ENG_hourly_process_v1', 'get_hourly_demand', 'scheduled__2022-10-27T14:05:00+00:00', '--job-id', '116', '--raw', '--subdir', 'DAGS_FOLDER/ENG_hourly_process_dag.py', '--cfg-path', '/tmp/tmpfulx66db']
[2022-10-28T19:19:04.507+0000] {standard_task_runner.py:83} INFO - Job 116: Subtask get_hourly_demand
[2022-10-28T19:19:06.726+0000] {task_command.py:376} INFO - Running <TaskInstance: ENG_hourly_process_v1.get_hourly_demand scheduled__2022-10-27T14:05:00+00:00 [running]> on host f011703e6eb5
[2022-10-28T19:19:08.403+0000] {taskinstance.py:1592} INFO - Exporting the following env vars:
AIRFLOW_CTX_DAG_EMAIL=colmo786@gmail.com
AIRFLOW_CTX_DAG_OWNER=energy
AIRFLOW_CTX_DAG_ID=ENG_hourly_process_v1
AIRFLOW_CTX_TASK_ID=get_hourly_demand
AIRFLOW_CTX_EXECUTION_DATE=2022-10-27T14:05:00+00:00
AIRFLOW_CTX_TRY_NUMBER=1
AIRFLOW_CTX_DAG_RUN_ID=scheduled__2022-10-27T14:05:00+00:00
[2022-10-28T19:19:08.980+0000] {logging_mixin.py:120} WARNING - /home/***/.local/lib/python3.7/site-packages/***/utils/context.py:297 AirflowContextDeprecationWarning: Accessing 'execution_date' from the template is deprecated and will be removed in a future version. Please use 'data_interval_start' or 'logical_date' instead.
[2022-10-28T19:19:09.263+0000] {logging_mixin.py:120} INFO - INFO Module build_postgres_cnxn: DB Connection to host local_pgdb Ok
[2022-10-28T19:19:09.836+0000] {logging_mixin.py:120} INFO - INFO api_request_to_pandas: API request executed Ok. Number of records returned: 288
[2022-10-28T19:19:10.478+0000] {logging_mixin.py:120} INFO - INFO api_request_to_pandas: API request executed Ok. Number of records returned: 19
[2022-10-28T19:19:10.483+0000] {logging_mixin.py:120} INFO - INFO is_holiday. URL request for 2022-10-27 Ok.
[2022-10-28T19:19:10.620+0000] {logging_mixin.py:120} INFO - INFO get_hourly_demand - 24 records were upserted. Table cammesa_db.hourly_demand.
[2022-10-28T19:19:10.624+0000] {logging_mixin.py:120} INFO - INFO get_hourly_demand execution:  2022-10-27T14:05:00+00:00
[2022-10-28T19:19:10.624+0000] {python.py:177} INFO - Done. Returned value was: None
[2022-10-28T19:19:10.964+0000] {taskinstance.py:1406} INFO - Marking task as SUCCESS. dag_id=ENG_hourly_process_v1, task_id=get_hourly_demand, execution_date=20221027T140500, start_date=20221028T191903, end_date=20221028T191910
[2022-10-28T19:19:11.288+0000] {local_task_job.py:164} INFO - Task exited with return code 0
[2022-10-28T19:19:11.765+0000] {local_task_job.py:273} INFO - 1 downstream tasks scheduled from follow-on schedule check
[2022-10-29T00:38:04.766+0000] {taskinstance.py:1165} INFO - Dependencies all met for <TaskInstance: ENG_hourly_process_v1.get_hourly_demand scheduled__2022-10-27T14:05:00+00:00 [queued]>
[2022-10-29T00:38:04.954+0000] {taskinstance.py:1165} INFO - Dependencies all met for <TaskInstance: ENG_hourly_process_v1.get_hourly_demand scheduled__2022-10-27T14:05:00+00:00 [queued]>
[2022-10-29T00:38:04.955+0000] {taskinstance.py:1362} INFO - 
--------------------------------------------------------------------------------
[2022-10-29T00:38:04.955+0000] {taskinstance.py:1363} INFO - Starting attempt 1 of 2
[2022-10-29T00:38:04.955+0000] {taskinstance.py:1364} INFO - 
--------------------------------------------------------------------------------
[2022-10-29T00:38:05.615+0000] {taskinstance.py:1383} INFO - Executing <Task(PythonOperator): get_hourly_demand> on 2022-10-27 14:05:00+00:00
[2022-10-29T00:38:05.694+0000] {standard_task_runner.py:55} INFO - Started process 1366 to run task
[2022-10-29T00:38:05.713+0000] {standard_task_runner.py:82} INFO - Running: ['***', 'tasks', 'run', 'ENG_hourly_process_v1', 'get_hourly_demand', 'scheduled__2022-10-27T14:05:00+00:00', '--job-id', '69', '--raw', '--subdir', 'DAGS_FOLDER/ENG_hourly_process_dag.py', '--cfg-path', '/tmp/tmpqyh1kn0j']
[2022-10-29T00:38:05.746+0000] {standard_task_runner.py:83} INFO - Job 69: Subtask get_hourly_demand
[2022-10-29T00:38:06.770+0000] {task_command.py:376} INFO - Running <TaskInstance: ENG_hourly_process_v1.get_hourly_demand scheduled__2022-10-27T14:05:00+00:00 [running]> on host 6800cd8e39a3
[2022-10-29T00:38:07.372+0000] {taskinstance.py:1592} INFO - Exporting the following env vars:
AIRFLOW_CTX_DAG_EMAIL=colmo786@gmail.com
AIRFLOW_CTX_DAG_OWNER=energy
AIRFLOW_CTX_DAG_ID=ENG_hourly_process_v1
AIRFLOW_CTX_TASK_ID=get_hourly_demand
AIRFLOW_CTX_EXECUTION_DATE=2022-10-27T14:05:00+00:00
AIRFLOW_CTX_TRY_NUMBER=1
AIRFLOW_CTX_DAG_RUN_ID=scheduled__2022-10-27T14:05:00+00:00
[2022-10-29T00:38:07.392+0000] {logging_mixin.py:120} WARNING - /home/***/.local/lib/python3.7/site-packages/***/utils/context.py:297 AirflowContextDeprecationWarning: Accessing 'execution_date' from the template is deprecated and will be removed in a future version. Please use 'data_interval_start' or 'logical_date' instead.
[2022-10-29T00:38:07.445+0000] {logging_mixin.py:120} INFO - INFO Module build_postgres_cnxn: DB Connection to host local_pgdb Ok
[2022-10-29T00:38:07.670+0000] {logging_mixin.py:120} INFO - INFO api_request_to_pandas: API request executed Ok. Number of records returned: 288
[2022-10-29T00:38:08.179+0000] {logging_mixin.py:120} INFO - INFO api_request_to_pandas: API request executed Ok. Number of records returned: 19
[2022-10-29T00:38:08.181+0000] {logging_mixin.py:120} INFO - INFO is_holiday. URL request for 2022-10-27 Ok.
[2022-10-29T00:38:08.233+0000] {logging_mixin.py:120} INFO - INFO get_hourly_demand - 24 records were upserted. Table cammesa_db.hourly_demand.
[2022-10-29T00:38:08.233+0000] {logging_mixin.py:120} INFO - INFO get_hourly_demand execution:  2022-10-27T14:05:00+00:00
[2022-10-29T00:38:08.235+0000] {python.py:177} INFO - Done. Returned value was: None
[2022-10-29T00:38:08.309+0000] {taskinstance.py:1406} INFO - Marking task as SUCCESS. dag_id=ENG_hourly_process_v1, task_id=get_hourly_demand, execution_date=20221027T140500, start_date=20221029T003804, end_date=20221029T003808
[2022-10-29T00:38:08.987+0000] {local_task_job.py:164} INFO - Task exited with return code 0
[2022-10-29T00:38:09.185+0000] {local_task_job.py:273} INFO - 1 downstream tasks scheduled from follow-on schedule check
