[2022-10-26T21:36:16.427+0000] {taskinstance.py:1165} INFO - Dependencies all met for <TaskInstance: get_hourly_demand_v2.get_hourly_demand scheduled__2022-10-26T16:05:00+00:00 [queued]>
[2022-10-26T21:36:16.479+0000] {taskinstance.py:1165} INFO - Dependencies all met for <TaskInstance: get_hourly_demand_v2.get_hourly_demand scheduled__2022-10-26T16:05:00+00:00 [queued]>
[2022-10-26T21:36:16.482+0000] {taskinstance.py:1362} INFO - 
--------------------------------------------------------------------------------
[2022-10-26T21:36:16.483+0000] {taskinstance.py:1363} INFO - Starting attempt 1 of 2
[2022-10-26T21:36:16.483+0000] {taskinstance.py:1364} INFO - 
--------------------------------------------------------------------------------
[2022-10-26T21:36:16.578+0000] {taskinstance.py:1383} INFO - Executing <Task(PythonOperator): get_hourly_demand> on 2022-10-26 16:05:00+00:00
[2022-10-26T21:36:16.611+0000] {standard_task_runner.py:55} INFO - Started process 402 to run task
[2022-10-26T21:36:16.653+0000] {standard_task_runner.py:82} INFO - Running: ['***', 'tasks', 'run', 'get_hourly_demand_v2', 'get_hourly_demand', 'scheduled__2022-10-26T16:05:00+00:00', '--job-id', '20', '--raw', '--subdir', 'DAGS_FOLDER/hourly_demand_dag.py', '--cfg-path', '/tmp/tmpx5ez_di3']
[2022-10-26T21:36:16.657+0000] {standard_task_runner.py:83} INFO - Job 20: Subtask get_hourly_demand
[2022-10-26T21:36:17.281+0000] {task_command.py:376} INFO - Running <TaskInstance: get_hourly_demand_v2.get_hourly_demand scheduled__2022-10-26T16:05:00+00:00 [running]> on host f694475c41c8
[2022-10-26T21:36:18.920+0000] {taskinstance.py:1592} INFO - Exporting the following env vars:
AIRFLOW_CTX_DAG_EMAIL=colmo786@gmail.com
AIRFLOW_CTX_DAG_OWNER=energy
AIRFLOW_CTX_DAG_ID=get_hourly_demand_v2
AIRFLOW_CTX_TASK_ID=get_hourly_demand
AIRFLOW_CTX_EXECUTION_DATE=2022-10-26T16:05:00+00:00
AIRFLOW_CTX_TRY_NUMBER=1
AIRFLOW_CTX_DAG_RUN_ID=scheduled__2022-10-26T16:05:00+00:00
[2022-10-26T21:36:18.952+0000] {logging_mixin.py:120} WARNING - /home/***/.local/lib/python3.7/site-packages/***/utils/context.py:297 AirflowContextDeprecationWarning: Accessing 'execution_date' from the template is deprecated and will be removed in a future version. Please use 'data_interval_start' or 'logical_date' instead.
[2022-10-26T21:36:19.000+0000] {logging_mixin.py:120} INFO - INFO Module build_postgres_cnxn: DB Connection to host local_pgdb Ok
[2022-10-26T21:36:19.688+0000] {logging_mixin.py:120} INFO - INFO api_request_to_pandas: API request executed Ok. Number of records returned: 222
[2022-10-26T21:36:20.843+0000] {logging_mixin.py:120} INFO - INFO api_request_to_pandas: API request executed Ok. Number of records returned: 19
[2022-10-26T21:36:20.890+0000] {logging_mixin.py:120} INFO - INFO is_holiday. URL request for 2022-10-26 Ok.
[2022-10-26T21:36:21.749+0000] {logging_mixin.py:120} INFO - INFO get_hourly_demand - 18 records were upserted. Table cammesa_db.hourly_demand.
[2022-10-26T21:36:21.798+0000] {logging_mixin.py:120} INFO - INFO get_hourly_demand execution:  2022-10-26T16:05:00+00:00
[2022-10-26T21:36:21.799+0000] {python.py:177} INFO - Done. Returned value was: None
[2022-10-26T21:36:21.933+0000] {taskinstance.py:1406} INFO - Marking task as SUCCESS. dag_id=get_hourly_demand_v2, task_id=get_hourly_demand, execution_date=20221026T160500, start_date=20221026T213616, end_date=20221026T213621
[2022-10-26T21:36:22.036+0000] {local_task_job.py:164} INFO - Task exited with return code 0
[2022-10-26T21:36:22.412+0000] {local_task_job.py:273} INFO - 0 downstream tasks scheduled from follow-on schedule check
[2022-10-26T22:33:05.873+0000] {taskinstance.py:1165} INFO - Dependencies all met for <TaskInstance: get_hourly_demand_v2.get_hourly_demand scheduled__2022-10-26T16:05:00+00:00 [queued]>
[2022-10-26T22:33:06.000+0000] {taskinstance.py:1165} INFO - Dependencies all met for <TaskInstance: get_hourly_demand_v2.get_hourly_demand scheduled__2022-10-26T16:05:00+00:00 [queued]>
[2022-10-26T22:33:06.001+0000] {taskinstance.py:1362} INFO - 
--------------------------------------------------------------------------------
[2022-10-26T22:33:06.001+0000] {taskinstance.py:1363} INFO - Starting attempt 1 of 2
[2022-10-26T22:33:06.001+0000] {taskinstance.py:1364} INFO - 
--------------------------------------------------------------------------------
[2022-10-26T22:33:06.169+0000] {taskinstance.py:1383} INFO - Executing <Task(PythonOperator): get_hourly_demand> on 2022-10-26 16:05:00+00:00
[2022-10-26T22:33:06.198+0000] {standard_task_runner.py:55} INFO - Started process 432 to run task
[2022-10-26T22:33:06.260+0000] {standard_task_runner.py:82} INFO - Running: ['***', 'tasks', 'run', 'get_hourly_demand_v2', 'get_hourly_demand', 'scheduled__2022-10-26T16:05:00+00:00', '--job-id', '19', '--raw', '--subdir', 'DAGS_FOLDER/hourly_demand_dag.py', '--cfg-path', '/tmp/tmpiy4cvs94']
[2022-10-26T22:33:06.263+0000] {standard_task_runner.py:83} INFO - Job 19: Subtask get_hourly_demand
[2022-10-26T22:33:06.950+0000] {task_command.py:376} INFO - Running <TaskInstance: get_hourly_demand_v2.get_hourly_demand scheduled__2022-10-26T16:05:00+00:00 [running]> on host b19062265769
[2022-10-26T22:34:01.196+0000] {taskinstance.py:1592} INFO - Exporting the following env vars:
AIRFLOW_CTX_DAG_EMAIL=colmo786@gmail.com
AIRFLOW_CTX_DAG_OWNER=energy
AIRFLOW_CTX_DAG_ID=get_hourly_demand_v2
AIRFLOW_CTX_TASK_ID=get_hourly_demand
AIRFLOW_CTX_EXECUTION_DATE=2022-10-26T16:05:00+00:00
AIRFLOW_CTX_TRY_NUMBER=1
AIRFLOW_CTX_DAG_RUN_ID=scheduled__2022-10-26T16:05:00+00:00
[2022-10-26T22:34:01.237+0000] {logging_mixin.py:120} WARNING - /home/***/.local/lib/python3.7/site-packages/***/utils/context.py:297 AirflowContextDeprecationWarning: Accessing 'execution_date' from the template is deprecated and will be removed in a future version. Please use 'data_interval_start' or 'logical_date' instead.
[2022-10-26T22:34:01.368+0000] {logging_mixin.py:120} INFO - INFO Module build_postgres_cnxn: DB Connection to host local_pgdb Ok
[2022-10-26T22:34:01.961+0000] {logging_mixin.py:120} INFO - INFO api_request_to_pandas: API request executed Ok. Number of records returned: 233
[2022-10-26T22:34:02.425+0000] {logging_mixin.py:120} INFO - INFO api_request_to_pandas: API request executed Ok. Number of records returned: 19
[2022-10-26T22:34:02.427+0000] {logging_mixin.py:120} INFO - INFO is_holiday. URL request for 2022-10-26 Ok.
[2022-10-26T22:34:02.512+0000] {logging_mixin.py:120} INFO - INFO get_hourly_demand - 19 records were upserted. Table cammesa_db.hourly_demand.
[2022-10-26T22:34:02.512+0000] {logging_mixin.py:120} INFO - INFO get_hourly_demand execution:  2022-10-26T16:05:00+00:00
[2022-10-26T22:34:02.513+0000] {python.py:177} INFO - Done. Returned value was: None
[2022-10-26T22:34:02.554+0000] {taskinstance.py:1406} INFO - Marking task as SUCCESS. dag_id=get_hourly_demand_v2, task_id=get_hourly_demand, execution_date=20221026T160500, start_date=20221026T223305, end_date=20221026T223402
[2022-10-26T22:34:03.505+0000] {local_task_job.py:164} INFO - Task exited with return code 0
[2022-10-26T22:34:03.701+0000] {local_task_job.py:273} INFO - 0 downstream tasks scheduled from follow-on schedule check
[2022-10-28T03:14:13.734+0000] {taskinstance.py:1165} INFO - Dependencies all met for <TaskInstance: get_hourly_demand_v2.get_hourly_demand scheduled__2022-10-26T16:05:00+00:00 [queued]>
[2022-10-28T03:14:13.785+0000] {taskinstance.py:1165} INFO - Dependencies all met for <TaskInstance: get_hourly_demand_v2.get_hourly_demand scheduled__2022-10-26T16:05:00+00:00 [queued]>
[2022-10-28T03:14:13.785+0000] {taskinstance.py:1362} INFO - 
--------------------------------------------------------------------------------
[2022-10-28T03:14:13.786+0000] {taskinstance.py:1363} INFO - Starting attempt 1 of 2
[2022-10-28T03:14:13.786+0000] {taskinstance.py:1364} INFO - 
--------------------------------------------------------------------------------
[2022-10-28T03:14:14.005+0000] {taskinstance.py:1383} INFO - Executing <Task(PythonOperator): get_hourly_demand> on 2022-10-26 16:05:00+00:00
[2022-10-28T03:14:14.012+0000] {standard_task_runner.py:55} INFO - Started process 696 to run task
[2022-10-28T03:14:14.047+0000] {standard_task_runner.py:82} INFO - Running: ['***', 'tasks', 'run', 'get_hourly_demand_v2', 'get_hourly_demand', 'scheduled__2022-10-26T16:05:00+00:00', '--job-id', '19', '--raw', '--subdir', 'DAGS_FOLDER/hourly_demand_dag.py', '--cfg-path', '/tmp/tmpt5rmigua']
[2022-10-28T03:14:14.070+0000] {standard_task_runner.py:83} INFO - Job 19: Subtask get_hourly_demand
[2022-10-28T03:14:14.400+0000] {task_command.py:376} INFO - Running <TaskInstance: get_hourly_demand_v2.get_hourly_demand scheduled__2022-10-26T16:05:00+00:00 [running]> on host 96776771a69f
[2022-10-28T03:14:14.701+0000] {taskinstance.py:1592} INFO - Exporting the following env vars:
AIRFLOW_CTX_DAG_EMAIL=colmo786@gmail.com
AIRFLOW_CTX_DAG_OWNER=energy
AIRFLOW_CTX_DAG_ID=get_hourly_demand_v2
AIRFLOW_CTX_TASK_ID=get_hourly_demand
AIRFLOW_CTX_EXECUTION_DATE=2022-10-26T16:05:00+00:00
AIRFLOW_CTX_TRY_NUMBER=1
AIRFLOW_CTX_DAG_RUN_ID=scheduled__2022-10-26T16:05:00+00:00
[2022-10-28T03:14:14.735+0000] {logging_mixin.py:120} WARNING - /home/***/.local/lib/python3.7/site-packages/***/utils/context.py:297 AirflowContextDeprecationWarning: Accessing 'execution_date' from the template is deprecated and will be removed in a future version. Please use 'data_interval_start' or 'logical_date' instead.
[2022-10-28T03:14:14.770+0000] {logging_mixin.py:120} INFO - INFO Module build_postgres_cnxn: DB Connection to host local_pgdb Ok
[2022-10-28T03:14:14.958+0000] {logging_mixin.py:120} INFO - INFO api_request_to_pandas: API request executed Ok. Number of records returned: 288
[2022-10-28T03:14:15.296+0000] {logging_mixin.py:120} INFO - INFO api_request_to_pandas: API request executed Ok. Number of records returned: 19
[2022-10-28T03:14:15.299+0000] {logging_mixin.py:120} INFO - INFO is_holiday. URL request for 2022-10-26 Ok.
[2022-10-28T03:14:15.334+0000] {logging_mixin.py:120} INFO - INFO get_hourly_demand - 24 records were upserted. Table cammesa_db.hourly_demand.
[2022-10-28T03:14:15.336+0000] {logging_mixin.py:120} INFO - INFO get_hourly_demand execution:  2022-10-26T16:05:00+00:00
[2022-10-28T03:14:15.336+0000] {python.py:177} INFO - Done. Returned value was: None
[2022-10-28T03:14:15.354+0000] {taskinstance.py:1406} INFO - Marking task as SUCCESS. dag_id=get_hourly_demand_v2, task_id=get_hourly_demand, execution_date=20221026T160500, start_date=20221028T031413, end_date=20221028T031415
[2022-10-28T03:14:15.582+0000] {local_task_job.py:164} INFO - Task exited with return code 0
[2022-10-28T03:14:15.669+0000] {local_task_job.py:273} INFO - 0 downstream tasks scheduled from follow-on schedule check
[2022-10-28T17:59:27.417+0000] {taskinstance.py:1165} INFO - Dependencies all met for <TaskInstance: get_hourly_demand_v2.get_hourly_demand scheduled__2022-10-26T16:05:00+00:00 [queued]>
[2022-10-28T17:59:27.541+0000] {taskinstance.py:1165} INFO - Dependencies all met for <TaskInstance: get_hourly_demand_v2.get_hourly_demand scheduled__2022-10-26T16:05:00+00:00 [queued]>
[2022-10-28T17:59:27.542+0000] {taskinstance.py:1362} INFO - 
--------------------------------------------------------------------------------
[2022-10-28T17:59:27.543+0000] {taskinstance.py:1363} INFO - Starting attempt 1 of 2
[2022-10-28T17:59:27.543+0000] {taskinstance.py:1364} INFO - 
--------------------------------------------------------------------------------
[2022-10-28T17:59:28.911+0000] {taskinstance.py:1383} INFO - Executing <Task(PythonOperator): get_hourly_demand> on 2022-10-26 16:05:00+00:00
[2022-10-28T17:59:28.984+0000] {standard_task_runner.py:55} INFO - Started process 834 to run task
[2022-10-28T17:59:29.102+0000] {standard_task_runner.py:82} INFO - Running: ['***', 'tasks', 'run', 'get_hourly_demand_v2', 'get_hourly_demand', 'scheduled__2022-10-26T16:05:00+00:00', '--job-id', '14', '--raw', '--subdir', 'DAGS_FOLDER/hourly_demand_dag.py', '--cfg-path', '/tmp/tmpdwnhbcvi']
[2022-10-28T17:59:29.159+0000] {standard_task_runner.py:83} INFO - Job 14: Subtask get_hourly_demand
[2022-10-28T17:59:29.986+0000] {task_command.py:376} INFO - Running <TaskInstance: get_hourly_demand_v2.get_hourly_demand scheduled__2022-10-26T16:05:00+00:00 [running]> on host f011703e6eb5
[2022-10-28T17:59:31.015+0000] {taskinstance.py:1592} INFO - Exporting the following env vars:
AIRFLOW_CTX_DAG_EMAIL=colmo786@gmail.com
AIRFLOW_CTX_DAG_OWNER=energy
AIRFLOW_CTX_DAG_ID=get_hourly_demand_v2
AIRFLOW_CTX_TASK_ID=get_hourly_demand
AIRFLOW_CTX_EXECUTION_DATE=2022-10-26T16:05:00+00:00
AIRFLOW_CTX_TRY_NUMBER=1
AIRFLOW_CTX_DAG_RUN_ID=scheduled__2022-10-26T16:05:00+00:00
[2022-10-28T17:59:31.085+0000] {logging_mixin.py:120} WARNING - /home/***/.local/lib/python3.7/site-packages/***/utils/context.py:297 AirflowContextDeprecationWarning: Accessing 'execution_date' from the template is deprecated and will be removed in a future version. Please use 'data_interval_start' or 'logical_date' instead.
[2022-10-28T17:59:31.144+0000] {logging_mixin.py:120} INFO - INFO Module build_postgres_cnxn: DB Connection to host local_pgdb Ok
[2022-10-28T17:59:31.511+0000] {logging_mixin.py:120} INFO - INFO api_request_to_pandas: API request executed Ok. Number of records returned: 288
[2022-10-28T17:59:31.903+0000] {logging_mixin.py:120} INFO - INFO api_request_to_pandas: API request executed Ok. Number of records returned: 19
[2022-10-28T17:59:31.908+0000] {logging_mixin.py:120} INFO - INFO is_holiday. URL request for 2022-10-26 Ok.
[2022-10-28T17:59:31.960+0000] {logging_mixin.py:120} INFO - INFO get_hourly_demand - 24 records were upserted. Table cammesa_db.hourly_demand.
[2022-10-28T17:59:31.965+0000] {logging_mixin.py:120} INFO - INFO get_hourly_demand execution:  2022-10-26T16:05:00+00:00
[2022-10-28T17:59:31.965+0000] {python.py:177} INFO - Done. Returned value was: None
[2022-10-28T17:59:32.097+0000] {taskinstance.py:1406} INFO - Marking task as SUCCESS. dag_id=get_hourly_demand_v2, task_id=get_hourly_demand, execution_date=20221026T160500, start_date=20221028T175927, end_date=20221028T175932
[2022-10-28T17:59:32.599+0000] {local_task_job.py:164} INFO - Task exited with return code 0
[2022-10-28T17:59:34.273+0000] {local_task_job.py:273} INFO - 0 downstream tasks scheduled from follow-on schedule check
