[2022-10-28T19:24:30.526+0000] {taskinstance.py:1165} INFO - Dependencies all met for <TaskInstance: ENG_hourly_process_v1.get_hourly_demand scheduled__2022-10-27T20:05:00+00:00 [queued]>
[2022-10-28T19:24:31.190+0000] {taskinstance.py:1165} INFO - Dependencies all met for <TaskInstance: ENG_hourly_process_v1.get_hourly_demand scheduled__2022-10-27T20:05:00+00:00 [queued]>
[2022-10-28T19:24:31.190+0000] {taskinstance.py:1362} INFO - 
--------------------------------------------------------------------------------
[2022-10-28T19:24:31.191+0000] {taskinstance.py:1363} INFO - Starting attempt 1 of 2
[2022-10-28T19:24:31.191+0000] {taskinstance.py:1364} INFO - 
--------------------------------------------------------------------------------
[2022-10-28T19:24:39.229+0000] {taskinstance.py:1383} INFO - Executing <Task(PythonOperator): get_hourly_demand> on 2022-10-27 20:05:00+00:00
[2022-10-28T19:24:39.461+0000] {standard_task_runner.py:55} INFO - Started process 7203 to run task
[2022-10-28T19:24:39.487+0000] {standard_task_runner.py:82} INFO - Running: ['***', 'tasks', 'run', 'ENG_hourly_process_v1', 'get_hourly_demand', 'scheduled__2022-10-27T20:05:00+00:00', '--job-id', '133', '--raw', '--subdir', 'DAGS_FOLDER/ENG_hourly_process_dag.py', '--cfg-path', '/tmp/tmpp3f_b_wj']
[2022-10-28T19:24:39.490+0000] {standard_task_runner.py:83} INFO - Job 133: Subtask get_hourly_demand
[2022-10-28T19:25:10.013+0000] {task_command.py:376} INFO - Running <TaskInstance: ENG_hourly_process_v1.get_hourly_demand scheduled__2022-10-27T20:05:00+00:00 [running]> on host f011703e6eb5
[2022-10-28T19:25:13.742+0000] {taskinstance.py:1592} INFO - Exporting the following env vars:
AIRFLOW_CTX_DAG_EMAIL=colmo786@gmail.com
AIRFLOW_CTX_DAG_OWNER=energy
AIRFLOW_CTX_DAG_ID=ENG_hourly_process_v1
AIRFLOW_CTX_TASK_ID=get_hourly_demand
AIRFLOW_CTX_EXECUTION_DATE=2022-10-27T20:05:00+00:00
AIRFLOW_CTX_TRY_NUMBER=1
AIRFLOW_CTX_DAG_RUN_ID=scheduled__2022-10-27T20:05:00+00:00
[2022-10-28T19:25:13.848+0000] {logging_mixin.py:120} WARNING - /home/***/.local/lib/python3.7/site-packages/***/utils/context.py:297 AirflowContextDeprecationWarning: Accessing 'execution_date' from the template is deprecated and will be removed in a future version. Please use 'data_interval_start' or 'logical_date' instead.
[2022-10-28T19:25:13.910+0000] {logging_mixin.py:120} INFO - INFO Module build_postgres_cnxn: DB Connection to host local_pgdb Ok
[2022-10-28T19:25:14.191+0000] {logging_mixin.py:120} INFO - INFO api_request_to_pandas: API request executed Ok. Number of records returned: 288
[2022-10-28T19:25:14.810+0000] {logging_mixin.py:120} INFO - INFO api_request_to_pandas: API request executed Ok. Number of records returned: 19
[2022-10-28T19:25:15.039+0000] {logging_mixin.py:120} INFO - INFO is_holiday. URL request for 2022-10-27 Ok.
[2022-10-28T19:25:15.169+0000] {logging_mixin.py:120} INFO - INFO get_hourly_demand - 24 records were upserted. Table cammesa_db.hourly_demand.
[2022-10-28T19:25:15.170+0000] {logging_mixin.py:120} INFO - INFO get_hourly_demand execution:  2022-10-27T20:05:00+00:00
[2022-10-28T19:25:15.239+0000] {python.py:177} INFO - Done. Returned value was: None
[2022-10-28T19:25:20.517+0000] {taskinstance.py:1406} INFO - Marking task as SUCCESS. dag_id=ENG_hourly_process_v1, task_id=get_hourly_demand, execution_date=20221027T200500, start_date=20221028T192430, end_date=20221028T192520
[2022-10-28T19:25:21.111+0000] {local_task_job.py:164} INFO - Task exited with return code 0
[2022-10-28T19:25:21.453+0000] {local_task_job.py:273} INFO - 1 downstream tasks scheduled from follow-on schedule check
[2022-10-29T00:38:19.320+0000] {taskinstance.py:1165} INFO - Dependencies all met for <TaskInstance: ENG_hourly_process_v1.get_hourly_demand scheduled__2022-10-27T20:05:00+00:00 [queued]>
[2022-10-29T00:38:19.419+0000] {taskinstance.py:1165} INFO - Dependencies all met for <TaskInstance: ENG_hourly_process_v1.get_hourly_demand scheduled__2022-10-27T20:05:00+00:00 [queued]>
[2022-10-29T00:38:19.419+0000] {taskinstance.py:1362} INFO - 
--------------------------------------------------------------------------------
[2022-10-29T00:38:19.419+0000] {taskinstance.py:1363} INFO - Starting attempt 1 of 2
[2022-10-29T00:38:19.420+0000] {taskinstance.py:1364} INFO - 
--------------------------------------------------------------------------------
[2022-10-29T00:38:20.313+0000] {taskinstance.py:1383} INFO - Executing <Task(PythonOperator): get_hourly_demand> on 2022-10-27 20:05:00+00:00
[2022-10-29T00:38:20.369+0000] {standard_task_runner.py:55} INFO - Started process 1409 to run task
[2022-10-29T00:38:20.354+0000] {standard_task_runner.py:82} INFO - Running: ['***', 'tasks', 'run', 'ENG_hourly_process_v1', 'get_hourly_demand', 'scheduled__2022-10-27T20:05:00+00:00', '--job-id', '75', '--raw', '--subdir', 'DAGS_FOLDER/ENG_hourly_process_dag.py', '--cfg-path', '/tmp/tmp_o76vvy6']
[2022-10-29T00:38:20.443+0000] {standard_task_runner.py:83} INFO - Job 75: Subtask get_hourly_demand
[2022-10-29T00:38:21.142+0000] {task_command.py:376} INFO - Running <TaskInstance: ENG_hourly_process_v1.get_hourly_demand scheduled__2022-10-27T20:05:00+00:00 [running]> on host 6800cd8e39a3
[2022-10-29T00:38:21.734+0000] {taskinstance.py:1592} INFO - Exporting the following env vars:
AIRFLOW_CTX_DAG_EMAIL=colmo786@gmail.com
AIRFLOW_CTX_DAG_OWNER=energy
AIRFLOW_CTX_DAG_ID=ENG_hourly_process_v1
AIRFLOW_CTX_TASK_ID=get_hourly_demand
AIRFLOW_CTX_EXECUTION_DATE=2022-10-27T20:05:00+00:00
AIRFLOW_CTX_TRY_NUMBER=1
AIRFLOW_CTX_DAG_RUN_ID=scheduled__2022-10-27T20:05:00+00:00
[2022-10-29T00:38:21.809+0000] {logging_mixin.py:120} WARNING - /home/***/.local/lib/python3.7/site-packages/***/utils/context.py:297 AirflowContextDeprecationWarning: Accessing 'execution_date' from the template is deprecated and will be removed in a future version. Please use 'data_interval_start' or 'logical_date' instead.
[2022-10-29T00:38:21.838+0000] {logging_mixin.py:120} INFO - INFO Module build_postgres_cnxn: DB Connection to host local_pgdb Ok
[2022-10-29T00:38:22.026+0000] {logging_mixin.py:120} INFO - INFO api_request_to_pandas: API request executed Ok. Number of records returned: 288
[2022-10-29T00:38:22.395+0000] {logging_mixin.py:120} INFO - INFO api_request_to_pandas: API request executed Ok. Number of records returned: 19
[2022-10-29T00:38:22.398+0000] {logging_mixin.py:120} INFO - INFO is_holiday. URL request for 2022-10-27 Ok.
[2022-10-29T00:38:22.438+0000] {logging_mixin.py:120} INFO - INFO get_hourly_demand - 24 records were upserted. Table cammesa_db.hourly_demand.
[2022-10-29T00:38:22.443+0000] {logging_mixin.py:120} INFO - INFO get_hourly_demand execution:  2022-10-27T20:05:00+00:00
[2022-10-29T00:38:22.444+0000] {python.py:177} INFO - Done. Returned value was: None
[2022-10-29T00:38:22.599+0000] {taskinstance.py:1406} INFO - Marking task as SUCCESS. dag_id=ENG_hourly_process_v1, task_id=get_hourly_demand, execution_date=20221027T200500, start_date=20221029T003819, end_date=20221029T003822
[2022-10-29T00:38:22.822+0000] {local_task_job.py:164} INFO - Task exited with return code 0
[2022-10-29T00:38:23.127+0000] {local_task_job.py:273} INFO - 1 downstream tasks scheduled from follow-on schedule check
