[2022-10-28T22:39:34.084+0000] {taskinstance.py:1165} INFO - Dependencies all met for <TaskInstance: ENG_hourly_process_v1.get_hourly_demand scheduled__2022-10-27T01:05:00+00:00 [queued]>
[2022-10-28T22:39:34.222+0000] {taskinstance.py:1165} INFO - Dependencies all met for <TaskInstance: ENG_hourly_process_v1.get_hourly_demand scheduled__2022-10-27T01:05:00+00:00 [queued]>
[2022-10-28T22:39:34.222+0000] {taskinstance.py:1362} INFO - 
--------------------------------------------------------------------------------
[2022-10-28T22:39:34.222+0000] {taskinstance.py:1363} INFO - Starting attempt 1 of 2
[2022-10-28T22:39:34.223+0000] {taskinstance.py:1364} INFO - 
--------------------------------------------------------------------------------
[2022-10-28T22:39:34.893+0000] {taskinstance.py:1383} INFO - Executing <Task(PythonOperator): get_hourly_demand> on 2022-10-27 01:05:00+00:00
[2022-10-28T22:39:34.966+0000] {standard_task_runner.py:55} INFO - Started process 1149 to run task
[2022-10-28T22:39:35.036+0000] {standard_task_runner.py:82} INFO - Running: ['***', 'tasks', 'run', 'ENG_hourly_process_v1', 'get_hourly_demand', 'scheduled__2022-10-27T01:05:00+00:00', '--job-id', '19', '--raw', '--subdir', 'DAGS_FOLDER/ENG_hourly_process_dag.py', '--cfg-path', '/tmp/tmpk9h9vqgw']
[2022-10-28T22:39:35.060+0000] {standard_task_runner.py:83} INFO - Job 19: Subtask get_hourly_demand
[2022-10-28T22:39:35.698+0000] {task_command.py:376} INFO - Running <TaskInstance: ENG_hourly_process_v1.get_hourly_demand scheduled__2022-10-27T01:05:00+00:00 [running]> on host 74ce152bc4b9
[2022-10-28T22:39:36.611+0000] {taskinstance.py:1592} INFO - Exporting the following env vars:
AIRFLOW_CTX_DAG_EMAIL=colmo786@gmail.com
AIRFLOW_CTX_DAG_OWNER=energy
AIRFLOW_CTX_DAG_ID=ENG_hourly_process_v1
AIRFLOW_CTX_TASK_ID=get_hourly_demand
AIRFLOW_CTX_EXECUTION_DATE=2022-10-27T01:05:00+00:00
AIRFLOW_CTX_TRY_NUMBER=1
AIRFLOW_CTX_DAG_RUN_ID=scheduled__2022-10-27T01:05:00+00:00
[2022-10-28T22:39:36.652+0000] {logging_mixin.py:120} WARNING - /home/***/.local/lib/python3.7/site-packages/***/utils/context.py:297 AirflowContextDeprecationWarning: Accessing 'execution_date' from the template is deprecated and will be removed in a future version. Please use 'data_interval_start' or 'logical_date' instead.
[2022-10-28T22:39:36.714+0000] {logging_mixin.py:120} INFO - INFO Module build_postgres_cnxn: DB Connection to host local_pgdb Ok
[2022-10-28T22:39:36.886+0000] {logging_mixin.py:120} INFO - INFO api_request_to_pandas: API request executed Ok. Number of records returned: 288
[2022-10-28T22:39:37.291+0000] {logging_mixin.py:120} INFO - INFO api_request_to_pandas: API request executed Ok. Number of records returned: 19
[2022-10-28T22:39:37.294+0000] {logging_mixin.py:120} INFO - INFO is_holiday. URL request for 2022-10-27 Ok.
[2022-10-28T22:39:37.378+0000] {logging_mixin.py:120} INFO - INFO get_hourly_demand - 24 records were upserted. Table cammesa_db.hourly_demand.
[2022-10-28T22:39:37.379+0000] {logging_mixin.py:120} INFO - INFO get_hourly_demand execution:  2022-10-27T01:05:00+00:00
[2022-10-28T22:39:37.379+0000] {python.py:177} INFO - Done. Returned value was: None
[2022-10-28T22:39:37.476+0000] {taskinstance.py:1406} INFO - Marking task as SUCCESS. dag_id=ENG_hourly_process_v1, task_id=get_hourly_demand, execution_date=20221027T010500, start_date=20221028T223934, end_date=20221028T223937
[2022-10-28T22:39:41.213+0000] {local_task_job.py:164} INFO - Task exited with return code 0
[2022-10-28T22:39:47.477+0000] {local_task_job.py:273} INFO - 1 downstream tasks scheduled from follow-on schedule check
[2022-10-29T00:36:10.052+0000] {taskinstance.py:1165} INFO - Dependencies all met for <TaskInstance: ENG_hourly_process_v1.get_hourly_demand scheduled__2022-10-27T01:05:00+00:00 [queued]>
[2022-10-29T00:36:10.155+0000] {taskinstance.py:1165} INFO - Dependencies all met for <TaskInstance: ENG_hourly_process_v1.get_hourly_demand scheduled__2022-10-27T01:05:00+00:00 [queued]>
[2022-10-29T00:36:10.156+0000] {taskinstance.py:1362} INFO - 
--------------------------------------------------------------------------------
[2022-10-29T00:36:10.156+0000] {taskinstance.py:1363} INFO - Starting attempt 1 of 2
[2022-10-29T00:36:10.157+0000] {taskinstance.py:1364} INFO - 
--------------------------------------------------------------------------------
[2022-10-29T00:36:12.106+0000] {taskinstance.py:1383} INFO - Executing <Task(PythonOperator): get_hourly_demand> on 2022-10-27 01:05:00+00:00
[2022-10-29T00:36:12.171+0000] {standard_task_runner.py:55} INFO - Started process 892 to run task
[2022-10-29T00:36:12.219+0000] {standard_task_runner.py:82} INFO - Running: ['***', 'tasks', 'run', 'ENG_hourly_process_v1', 'get_hourly_demand', 'scheduled__2022-10-27T01:05:00+00:00', '--job-id', '43', '--raw', '--subdir', 'DAGS_FOLDER/ENG_hourly_process_dag.py', '--cfg-path', '/tmp/tmpr8uxbdz3']
[2022-10-29T00:36:12.245+0000] {standard_task_runner.py:83} INFO - Job 43: Subtask get_hourly_demand
[2022-10-29T00:36:12.898+0000] {task_command.py:376} INFO - Running <TaskInstance: ENG_hourly_process_v1.get_hourly_demand scheduled__2022-10-27T01:05:00+00:00 [running]> on host 6800cd8e39a3
[2022-10-29T00:36:13.449+0000] {taskinstance.py:1592} INFO - Exporting the following env vars:
AIRFLOW_CTX_DAG_EMAIL=colmo786@gmail.com
AIRFLOW_CTX_DAG_OWNER=energy
AIRFLOW_CTX_DAG_ID=ENG_hourly_process_v1
AIRFLOW_CTX_TASK_ID=get_hourly_demand
AIRFLOW_CTX_EXECUTION_DATE=2022-10-27T01:05:00+00:00
AIRFLOW_CTX_TRY_NUMBER=1
AIRFLOW_CTX_DAG_RUN_ID=scheduled__2022-10-27T01:05:00+00:00
[2022-10-29T00:36:13.615+0000] {logging_mixin.py:120} WARNING - /home/***/.local/lib/python3.7/site-packages/***/utils/context.py:297 AirflowContextDeprecationWarning: Accessing 'execution_date' from the template is deprecated and will be removed in a future version. Please use 'data_interval_start' or 'logical_date' instead.
[2022-10-29T00:36:13.687+0000] {logging_mixin.py:120} INFO - INFO Module build_postgres_cnxn: DB Connection to host local_pgdb Ok
[2022-10-29T00:36:14.000+0000] {logging_mixin.py:120} INFO - INFO api_request_to_pandas: API request executed Ok. Number of records returned: 288
[2022-10-29T00:36:14.411+0000] {logging_mixin.py:120} INFO - INFO api_request_to_pandas: API request executed Ok. Number of records returned: 19
[2022-10-29T00:36:14.415+0000] {logging_mixin.py:120} INFO - INFO is_holiday. URL request for 2022-10-27 Ok.
[2022-10-29T00:36:14.534+0000] {logging_mixin.py:120} INFO - INFO get_hourly_demand - 24 records were upserted. Table cammesa_db.hourly_demand.
[2022-10-29T00:36:14.537+0000] {logging_mixin.py:120} INFO - INFO get_hourly_demand execution:  2022-10-27T01:05:00+00:00
[2022-10-29T00:36:14.537+0000] {python.py:177} INFO - Done. Returned value was: None
[2022-10-29T00:36:14.680+0000] {taskinstance.py:1406} INFO - Marking task as SUCCESS. dag_id=ENG_hourly_process_v1, task_id=get_hourly_demand, execution_date=20221027T010500, start_date=20221029T003610, end_date=20221029T003614
[2022-10-29T00:36:15.995+0000] {local_task_job.py:164} INFO - Task exited with return code 0
[2022-10-29T00:36:16.212+0000] {local_task_job.py:273} INFO - 1 downstream tasks scheduled from follow-on schedule check
