[2022-10-29T01:33:18.297+0000] {taskinstance.py:1165} INFO - Dependencies all met for <TaskInstance: ENG_hourly_process_v1.get_hourly_demand scheduled__2022-10-29T00:05:00+00:00 [queued]>
[2022-10-29T01:33:18.309+0000] {taskinstance.py:1165} INFO - Dependencies all met for <TaskInstance: ENG_hourly_process_v1.get_hourly_demand scheduled__2022-10-29T00:05:00+00:00 [queued]>
[2022-10-29T01:33:18.309+0000] {taskinstance.py:1362} INFO - 
--------------------------------------------------------------------------------
[2022-10-29T01:33:18.309+0000] {taskinstance.py:1363} INFO - Starting attempt 5 of 6
[2022-10-29T01:33:18.309+0000] {taskinstance.py:1364} INFO - 
--------------------------------------------------------------------------------
[2022-10-29T01:33:18.340+0000] {taskinstance.py:1383} INFO - Executing <Task(PythonOperator): get_hourly_demand> on 2022-10-29 00:05:00+00:00
[2022-10-29T01:33:18.348+0000] {standard_task_runner.py:55} INFO - Started process 3977 to run task
[2022-10-29T01:33:18.352+0000] {standard_task_runner.py:82} INFO - Running: ['***', 'tasks', 'run', 'ENG_hourly_process_v1', 'get_hourly_demand', 'scheduled__2022-10-29T00:05:00+00:00', '--job-id', '152', '--raw', '--subdir', 'DAGS_FOLDER/ENG_hourly_process_dag.py', '--cfg-path', '/tmp/tmpr3ucyyl1']
[2022-10-29T01:33:18.353+0000] {standard_task_runner.py:83} INFO - Job 152: Subtask get_hourly_demand
[2022-10-29T01:33:18.439+0000] {task_command.py:376} INFO - Running <TaskInstance: ENG_hourly_process_v1.get_hourly_demand scheduled__2022-10-29T00:05:00+00:00 [running]> on host 6800cd8e39a3
[2022-10-29T01:33:18.597+0000] {taskinstance.py:1592} INFO - Exporting the following env vars:
AIRFLOW_CTX_DAG_EMAIL=colmo786@gmail.com
AIRFLOW_CTX_DAG_OWNER=energy
AIRFLOW_CTX_DAG_ID=ENG_hourly_process_v1
AIRFLOW_CTX_TASK_ID=get_hourly_demand
AIRFLOW_CTX_EXECUTION_DATE=2022-10-29T00:05:00+00:00
AIRFLOW_CTX_TRY_NUMBER=5
AIRFLOW_CTX_DAG_RUN_ID=scheduled__2022-10-29T00:05:00+00:00
[2022-10-29T01:33:18.611+0000] {logging_mixin.py:120} WARNING - /home/***/.local/lib/python3.7/site-packages/***/utils/context.py:297 AirflowContextDeprecationWarning: Accessing 'execution_date' from the template is deprecated and will be removed in a future version. Please use 'data_interval_start' or 'logical_date' instead.
[2022-10-29T01:33:18.619+0000] {logging_mixin.py:120} INFO - INFO Module build_postgres_cnxn: DB Connection to host local_pgdb Ok
[2022-10-29T01:33:18.722+0000] {logging_mixin.py:120} INFO - INFO api_request_to_pandas: API request executed Ok. Number of records returned: 0
[2022-10-29T01:33:18.722+0000] {logging_mixin.py:120} INFO - INFO get_hourly_demand. No data retrieved from API. Date: 2022-10-29 00:00
[2022-10-29T01:33:18.723+0000] {logging_mixin.py:120} INFO - INFO get_hourly_demand execution:  2022-10-29T00:05:00+00:00
[2022-10-29T01:33:18.723+0000] {python.py:177} INFO - Done. Returned value was: None
[2022-10-29T01:33:18.738+0000] {taskinstance.py:1406} INFO - Marking task as SUCCESS. dag_id=ENG_hourly_process_v1, task_id=get_hourly_demand, execution_date=20221029T000500, start_date=20221029T013318, end_date=20221029T013318
[2022-10-29T01:33:18.805+0000] {local_task_job.py:164} INFO - Task exited with return code 0
[2022-10-29T01:33:18.843+0000] {local_task_job.py:273} INFO - 1 downstream tasks scheduled from follow-on schedule check
