[2022-10-28T19:23:30.242+0000] {taskinstance.py:1165} INFO - Dependencies all met for <TaskInstance: ENG_hourly_process_v1.get_hourly_demand scheduled__2022-10-27T17:05:00+00:00 [queued]>
[2022-10-28T19:23:30.510+0000] {taskinstance.py:1165} INFO - Dependencies all met for <TaskInstance: ENG_hourly_process_v1.get_hourly_demand scheduled__2022-10-27T17:05:00+00:00 [queued]>
[2022-10-28T19:23:30.510+0000] {taskinstance.py:1362} INFO - 
--------------------------------------------------------------------------------
[2022-10-28T19:23:30.510+0000] {taskinstance.py:1363} INFO - Starting attempt 1 of 2
[2022-10-28T19:23:30.511+0000] {taskinstance.py:1364} INFO - 
--------------------------------------------------------------------------------
[2022-10-28T19:23:30.740+0000] {taskinstance.py:1383} INFO - Executing <Task(PythonOperator): get_hourly_demand> on 2022-10-27 17:05:00+00:00
[2022-10-28T19:23:30.874+0000] {standard_task_runner.py:55} INFO - Started process 7183 to run task
[2022-10-28T19:23:30.937+0000] {standard_task_runner.py:82} INFO - Running: ['***', 'tasks', 'run', 'ENG_hourly_process_v1', 'get_hourly_demand', 'scheduled__2022-10-27T17:05:00+00:00', '--job-id', '127', '--raw', '--subdir', 'DAGS_FOLDER/ENG_hourly_process_dag.py', '--cfg-path', '/tmp/tmph7hor8u3']
[2022-10-28T19:23:31.004+0000] {standard_task_runner.py:83} INFO - Job 127: Subtask get_hourly_demand
[2022-10-28T19:23:31.862+0000] {task_command.py:376} INFO - Running <TaskInstance: ENG_hourly_process_v1.get_hourly_demand scheduled__2022-10-27T17:05:00+00:00 [running]> on host f011703e6eb5
[2022-10-28T19:23:32.764+0000] {taskinstance.py:1592} INFO - Exporting the following env vars:
AIRFLOW_CTX_DAG_EMAIL=colmo786@gmail.com
AIRFLOW_CTX_DAG_OWNER=energy
AIRFLOW_CTX_DAG_ID=ENG_hourly_process_v1
AIRFLOW_CTX_TASK_ID=get_hourly_demand
AIRFLOW_CTX_EXECUTION_DATE=2022-10-27T17:05:00+00:00
AIRFLOW_CTX_TRY_NUMBER=1
AIRFLOW_CTX_DAG_RUN_ID=scheduled__2022-10-27T17:05:00+00:00
[2022-10-28T19:23:33.017+0000] {logging_mixin.py:120} WARNING - /home/***/.local/lib/python3.7/site-packages/***/utils/context.py:297 AirflowContextDeprecationWarning: Accessing 'execution_date' from the template is deprecated and will be removed in a future version. Please use 'data_interval_start' or 'logical_date' instead.
[2022-10-28T19:23:38.735+0000] {logging_mixin.py:120} INFO - INFO Module build_postgres_cnxn: DB Connection to host local_pgdb Ok
[2022-10-28T19:23:43.035+0000] {logging_mixin.py:120} INFO - INFO api_request_to_pandas: API request executed Ok. Number of records returned: 288
[2022-10-28T19:23:47.009+0000] {logging_mixin.py:120} INFO - INFO api_request_to_pandas: API request executed Ok. Number of records returned: 19
[2022-10-28T19:23:47.011+0000] {logging_mixin.py:120} INFO - INFO is_holiday. URL request for 2022-10-27 Ok.
[2022-10-28T19:23:47.595+0000] {logging_mixin.py:120} INFO - INFO get_hourly_demand - 24 records were upserted. Table cammesa_db.hourly_demand.
[2022-10-28T19:23:47.597+0000] {logging_mixin.py:120} INFO - INFO get_hourly_demand execution:  2022-10-27T17:05:00+00:00
[2022-10-28T19:23:47.597+0000] {python.py:177} INFO - Done. Returned value was: None
[2022-10-28T19:23:55.714+0000] {taskinstance.py:1406} INFO - Marking task as SUCCESS. dag_id=ENG_hourly_process_v1, task_id=get_hourly_demand, execution_date=20221027T170500, start_date=20221028T192330, end_date=20221028T192355
[2022-10-28T19:23:55.935+0000] {local_task_job.py:164} INFO - Task exited with return code 0
[2022-10-28T19:24:05.066+0000] {local_task_job.py:273} INFO - 1 downstream tasks scheduled from follow-on schedule check
