[2022-10-28T19:18:57.722+0000] {taskinstance.py:1165} INFO - Dependencies all met for <TaskInstance: ENG_hourly_process_v1.get_hourly_demand scheduled__2022-10-27T11:05:00+00:00 [queued]>
[2022-10-28T19:18:58.124+0000] {taskinstance.py:1165} INFO - Dependencies all met for <TaskInstance: ENG_hourly_process_v1.get_hourly_demand scheduled__2022-10-27T11:05:00+00:00 [queued]>
[2022-10-28T19:18:58.124+0000] {taskinstance.py:1362} INFO - 
--------------------------------------------------------------------------------
[2022-10-28T19:18:58.125+0000] {taskinstance.py:1363} INFO - Starting attempt 1 of 2
[2022-10-28T19:18:58.125+0000] {taskinstance.py:1364} INFO - 
--------------------------------------------------------------------------------
[2022-10-28T19:18:58.362+0000] {taskinstance.py:1383} INFO - Executing <Task(PythonOperator): get_hourly_demand> on 2022-10-27 11:05:00+00:00
[2022-10-28T19:18:58.480+0000] {standard_task_runner.py:55} INFO - Started process 6876 to run task
[2022-10-28T19:18:58.488+0000] {standard_task_runner.py:82} INFO - Running: ['***', 'tasks', 'run', 'ENG_hourly_process_v1', 'get_hourly_demand', 'scheduled__2022-10-27T11:05:00+00:00', '--job-id', '115', '--raw', '--subdir', 'DAGS_FOLDER/ENG_hourly_process_dag.py', '--cfg-path', '/tmp/tmpe4wpgq1r']
[2022-10-28T19:18:58.520+0000] {standard_task_runner.py:83} INFO - Job 115: Subtask get_hourly_demand
[2022-10-28T19:18:59.684+0000] {task_command.py:376} INFO - Running <TaskInstance: ENG_hourly_process_v1.get_hourly_demand scheduled__2022-10-27T11:05:00+00:00 [running]> on host f011703e6eb5
[2022-10-28T19:19:01.267+0000] {taskinstance.py:1592} INFO - Exporting the following env vars:
AIRFLOW_CTX_DAG_EMAIL=colmo786@gmail.com
AIRFLOW_CTX_DAG_OWNER=energy
AIRFLOW_CTX_DAG_ID=ENG_hourly_process_v1
AIRFLOW_CTX_TASK_ID=get_hourly_demand
AIRFLOW_CTX_EXECUTION_DATE=2022-10-27T11:05:00+00:00
AIRFLOW_CTX_TRY_NUMBER=1
AIRFLOW_CTX_DAG_RUN_ID=scheduled__2022-10-27T11:05:00+00:00
[2022-10-28T19:19:01.411+0000] {logging_mixin.py:120} WARNING - /home/***/.local/lib/python3.7/site-packages/***/utils/context.py:297 AirflowContextDeprecationWarning: Accessing 'execution_date' from the template is deprecated and will be removed in a future version. Please use 'data_interval_start' or 'logical_date' instead.
[2022-10-28T19:19:01.618+0000] {logging_mixin.py:120} INFO - INFO Module build_postgres_cnxn: DB Connection to host local_pgdb Ok
[2022-10-28T19:19:02.156+0000] {logging_mixin.py:120} INFO - INFO api_request_to_pandas: API request executed Ok. Number of records returned: 288
[2022-10-28T19:19:02.806+0000] {logging_mixin.py:120} INFO - INFO api_request_to_pandas: API request executed Ok. Number of records returned: 19
[2022-10-28T19:19:02.857+0000] {logging_mixin.py:120} INFO - INFO is_holiday. URL request for 2022-10-27 Ok.
[2022-10-28T19:19:02.982+0000] {logging_mixin.py:120} INFO - INFO get_hourly_demand - 24 records were upserted. Table cammesa_db.hourly_demand.
[2022-10-28T19:19:02.984+0000] {logging_mixin.py:120} INFO - INFO get_hourly_demand execution:  2022-10-27T11:05:00+00:00
[2022-10-28T19:19:02.984+0000] {python.py:177} INFO - Done. Returned value was: None
[2022-10-28T19:19:03.066+0000] {taskinstance.py:1406} INFO - Marking task as SUCCESS. dag_id=ENG_hourly_process_v1, task_id=get_hourly_demand, execution_date=20221027T110500, start_date=20221028T191857, end_date=20221028T191903
[2022-10-28T19:19:04.362+0000] {local_task_job.py:164} INFO - Task exited with return code 0
[2022-10-28T19:19:06.115+0000] {local_task_job.py:273} INFO - 1 downstream tasks scheduled from follow-on schedule check
[2022-10-29T00:38:03.862+0000] {taskinstance.py:1165} INFO - Dependencies all met for <TaskInstance: ENG_hourly_process_v1.get_hourly_demand scheduled__2022-10-27T11:05:00+00:00 [queued]>
[2022-10-29T00:38:03.953+0000] {taskinstance.py:1165} INFO - Dependencies all met for <TaskInstance: ENG_hourly_process_v1.get_hourly_demand scheduled__2022-10-27T11:05:00+00:00 [queued]>
[2022-10-29T00:38:03.953+0000] {taskinstance.py:1362} INFO - 
--------------------------------------------------------------------------------
[2022-10-29T00:38:03.954+0000] {taskinstance.py:1363} INFO - Starting attempt 1 of 2
[2022-10-29T00:38:03.954+0000] {taskinstance.py:1364} INFO - 
--------------------------------------------------------------------------------
[2022-10-29T00:38:04.127+0000] {taskinstance.py:1383} INFO - Executing <Task(PythonOperator): get_hourly_demand> on 2022-10-27 11:05:00+00:00
[2022-10-29T00:38:04.200+0000] {standard_task_runner.py:55} INFO - Started process 1358 to run task
[2022-10-29T00:38:04.213+0000] {standard_task_runner.py:82} INFO - Running: ['***', 'tasks', 'run', 'ENG_hourly_process_v1', 'get_hourly_demand', 'scheduled__2022-10-27T11:05:00+00:00', '--job-id', '68', '--raw', '--subdir', 'DAGS_FOLDER/ENG_hourly_process_dag.py', '--cfg-path', '/tmp/tmp56s82kh7']
[2022-10-29T00:38:04.217+0000] {standard_task_runner.py:83} INFO - Job 68: Subtask get_hourly_demand
[2022-10-29T00:38:05.042+0000] {task_command.py:376} INFO - Running <TaskInstance: ENG_hourly_process_v1.get_hourly_demand scheduled__2022-10-27T11:05:00+00:00 [running]> on host 6800cd8e39a3
[2022-10-29T00:38:05.355+0000] {taskinstance.py:1592} INFO - Exporting the following env vars:
AIRFLOW_CTX_DAG_EMAIL=colmo786@gmail.com
AIRFLOW_CTX_DAG_OWNER=energy
AIRFLOW_CTX_DAG_ID=ENG_hourly_process_v1
AIRFLOW_CTX_TASK_ID=get_hourly_demand
AIRFLOW_CTX_EXECUTION_DATE=2022-10-27T11:05:00+00:00
AIRFLOW_CTX_TRY_NUMBER=1
AIRFLOW_CTX_DAG_RUN_ID=scheduled__2022-10-27T11:05:00+00:00
[2022-10-29T00:38:05.395+0000] {logging_mixin.py:120} WARNING - /home/***/.local/lib/python3.7/site-packages/***/utils/context.py:297 AirflowContextDeprecationWarning: Accessing 'execution_date' from the template is deprecated and will be removed in a future version. Please use 'data_interval_start' or 'logical_date' instead.
[2022-10-29T00:38:05.471+0000] {logging_mixin.py:120} INFO - INFO Module build_postgres_cnxn: DB Connection to host local_pgdb Ok
[2022-10-29T00:38:05.686+0000] {logging_mixin.py:120} INFO - INFO api_request_to_pandas: API request executed Ok. Number of records returned: 288
[2022-10-29T00:38:06.108+0000] {logging_mixin.py:120} INFO - INFO api_request_to_pandas: API request executed Ok. Number of records returned: 19
[2022-10-29T00:38:06.111+0000] {logging_mixin.py:120} INFO - INFO is_holiday. URL request for 2022-10-27 Ok.
[2022-10-29T00:38:06.236+0000] {logging_mixin.py:120} INFO - INFO get_hourly_demand - 24 records were upserted. Table cammesa_db.hourly_demand.
[2022-10-29T00:38:06.239+0000] {logging_mixin.py:120} INFO - INFO get_hourly_demand execution:  2022-10-27T11:05:00+00:00
[2022-10-29T00:38:06.240+0000] {python.py:177} INFO - Done. Returned value was: None
[2022-10-29T00:38:06.392+0000] {taskinstance.py:1406} INFO - Marking task as SUCCESS. dag_id=ENG_hourly_process_v1, task_id=get_hourly_demand, execution_date=20221027T110500, start_date=20221029T003803, end_date=20221029T003806
[2022-10-29T00:38:06.833+0000] {local_task_job.py:164} INFO - Task exited with return code 0
[2022-10-29T00:38:07.505+0000] {local_task_job.py:273} INFO - 0 downstream tasks scheduled from follow-on schedule check
