[2022-10-26T21:35:55.198+0000] {taskinstance.py:1165} INFO - Dependencies all met for <TaskInstance: get_hourly_demand_v2.get_hourly_demand scheduled__2022-10-26T08:05:00+00:00 [queued]>
[2022-10-26T21:35:55.243+0000] {taskinstance.py:1165} INFO - Dependencies all met for <TaskInstance: get_hourly_demand_v2.get_hourly_demand scheduled__2022-10-26T08:05:00+00:00 [queued]>
[2022-10-26T21:35:55.243+0000] {taskinstance.py:1362} INFO - 
--------------------------------------------------------------------------------
[2022-10-26T21:35:55.244+0000] {taskinstance.py:1363} INFO - Starting attempt 1 of 2
[2022-10-26T21:35:55.244+0000] {taskinstance.py:1364} INFO - 
--------------------------------------------------------------------------------
[2022-10-26T21:35:55.596+0000] {taskinstance.py:1383} INFO - Executing <Task(PythonOperator): get_hourly_demand> on 2022-10-26 08:05:00+00:00
[2022-10-26T21:35:55.632+0000] {standard_task_runner.py:55} INFO - Started process 360 to run task
[2022-10-26T21:35:55.665+0000] {standard_task_runner.py:82} INFO - Running: ['***', 'tasks', 'run', 'get_hourly_demand_v2', 'get_hourly_demand', 'scheduled__2022-10-26T08:05:00+00:00', '--job-id', '13', '--raw', '--subdir', 'DAGS_FOLDER/hourly_demand_dag.py', '--cfg-path', '/tmp/tmp9j41a3zk']
[2022-10-26T21:35:55.683+0000] {standard_task_runner.py:83} INFO - Job 13: Subtask get_hourly_demand
[2022-10-26T21:35:56.225+0000] {task_command.py:376} INFO - Running <TaskInstance: get_hourly_demand_v2.get_hourly_demand scheduled__2022-10-26T08:05:00+00:00 [running]> on host f694475c41c8
[2022-10-26T21:35:56.937+0000] {taskinstance.py:1592} INFO - Exporting the following env vars:
AIRFLOW_CTX_DAG_EMAIL=colmo786@gmail.com
AIRFLOW_CTX_DAG_OWNER=energy
AIRFLOW_CTX_DAG_ID=get_hourly_demand_v2
AIRFLOW_CTX_TASK_ID=get_hourly_demand
AIRFLOW_CTX_EXECUTION_DATE=2022-10-26T08:05:00+00:00
AIRFLOW_CTX_TRY_NUMBER=1
AIRFLOW_CTX_DAG_RUN_ID=scheduled__2022-10-26T08:05:00+00:00
[2022-10-26T21:35:56.980+0000] {logging_mixin.py:120} WARNING - /home/***/.local/lib/python3.7/site-packages/***/utils/context.py:297 AirflowContextDeprecationWarning: Accessing 'execution_date' from the template is deprecated and will be removed in a future version. Please use 'data_interval_start' or 'logical_date' instead.
[2022-10-26T21:35:57.100+0000] {logging_mixin.py:120} INFO - INFO Module build_postgres_cnxn: DB Connection to host local_pgdb Ok
[2022-10-26T21:35:57.610+0000] {logging_mixin.py:120} INFO - INFO api_request_to_pandas: API request executed Ok. Number of records returned: 222
[2022-10-26T21:35:58.123+0000] {logging_mixin.py:120} INFO - INFO api_request_to_pandas: API request executed Ok. Number of records returned: 19
[2022-10-26T21:35:58.125+0000] {logging_mixin.py:120} INFO - INFO is_holiday. URL request for 2022-10-26 Ok.
[2022-10-26T21:35:58.240+0000] {logging_mixin.py:120} INFO - INFO get_hourly_demand - 18 records were upserted. Table cammesa_db.hourly_demand.
[2022-10-26T21:35:58.240+0000] {logging_mixin.py:120} INFO - INFO get_hourly_demand execution:  2022-10-26T08:05:00+00:00
[2022-10-26T21:35:58.241+0000] {python.py:177} INFO - Done. Returned value was: None
[2022-10-26T21:35:58.367+0000] {taskinstance.py:1406} INFO - Marking task as SUCCESS. dag_id=get_hourly_demand_v2, task_id=get_hourly_demand, execution_date=20221026T080500, start_date=20221026T213555, end_date=20221026T213558
[2022-10-26T21:35:58.953+0000] {local_task_job.py:164} INFO - Task exited with return code 0
[2022-10-26T21:35:59.272+0000] {local_task_job.py:273} INFO - 0 downstream tasks scheduled from follow-on schedule check
[2022-10-26T22:32:01.271+0000] {taskinstance.py:1165} INFO - Dependencies all met for <TaskInstance: get_hourly_demand_v2.get_hourly_demand scheduled__2022-10-26T08:05:00+00:00 [queued]>
[2022-10-26T22:32:01.669+0000] {taskinstance.py:1165} INFO - Dependencies all met for <TaskInstance: get_hourly_demand_v2.get_hourly_demand scheduled__2022-10-26T08:05:00+00:00 [queued]>
[2022-10-26T22:32:01.684+0000] {taskinstance.py:1362} INFO - 
--------------------------------------------------------------------------------
[2022-10-26T22:32:01.684+0000] {taskinstance.py:1363} INFO - Starting attempt 1 of 2
[2022-10-26T22:32:01.685+0000] {taskinstance.py:1364} INFO - 
--------------------------------------------------------------------------------
[2022-10-26T22:32:02.031+0000] {taskinstance.py:1383} INFO - Executing <Task(PythonOperator): get_hourly_demand> on 2022-10-26 08:05:00+00:00
[2022-10-26T22:32:02.061+0000] {standard_task_runner.py:55} INFO - Started process 353 to run task
[2022-10-26T22:32:02.175+0000] {standard_task_runner.py:82} INFO - Running: ['***', 'tasks', 'run', 'get_hourly_demand_v2', 'get_hourly_demand', 'scheduled__2022-10-26T08:05:00+00:00', '--job-id', '11', '--raw', '--subdir', 'DAGS_FOLDER/hourly_demand_dag.py', '--cfg-path', '/tmp/tmpl0a0bljd']
[2022-10-26T22:32:02.278+0000] {standard_task_runner.py:83} INFO - Job 11: Subtask get_hourly_demand
[2022-10-26T22:32:10.467+0000] {task_command.py:376} INFO - Running <TaskInstance: get_hourly_demand_v2.get_hourly_demand scheduled__2022-10-26T08:05:00+00:00 [running]> on host b19062265769
[2022-10-26T22:32:14.790+0000] {taskinstance.py:1592} INFO - Exporting the following env vars:
AIRFLOW_CTX_DAG_EMAIL=colmo786@gmail.com
AIRFLOW_CTX_DAG_OWNER=energy
AIRFLOW_CTX_DAG_ID=get_hourly_demand_v2
AIRFLOW_CTX_TASK_ID=get_hourly_demand
AIRFLOW_CTX_EXECUTION_DATE=2022-10-26T08:05:00+00:00
AIRFLOW_CTX_TRY_NUMBER=1
AIRFLOW_CTX_DAG_RUN_ID=scheduled__2022-10-26T08:05:00+00:00
[2022-10-26T22:32:14.829+0000] {logging_mixin.py:120} WARNING - /home/***/.local/lib/python3.7/site-packages/***/utils/context.py:297 AirflowContextDeprecationWarning: Accessing 'execution_date' from the template is deprecated and will be removed in a future version. Please use 'data_interval_start' or 'logical_date' instead.
[2022-10-26T22:32:14.901+0000] {logging_mixin.py:120} INFO - INFO Module build_postgres_cnxn: DB Connection to host local_pgdb Ok
[2022-10-26T22:32:16.221+0000] {logging_mixin.py:120} INFO - INFO api_request_to_pandas: API request executed Ok. Number of records returned: 233
[2022-10-26T22:32:16.789+0000] {logging_mixin.py:120} INFO - INFO api_request_to_pandas: API request executed Ok. Number of records returned: 19
[2022-10-26T22:32:16.804+0000] {logging_mixin.py:120} INFO - INFO is_holiday. URL request for 2022-10-26 Ok.
[2022-10-26T22:32:17.073+0000] {logging_mixin.py:120} INFO - INFO get_hourly_demand - 19 records were upserted. Table cammesa_db.hourly_demand.
[2022-10-26T22:32:17.074+0000] {logging_mixin.py:120} INFO - INFO get_hourly_demand execution:  2022-10-26T08:05:00+00:00
[2022-10-26T22:32:17.074+0000] {python.py:177} INFO - Done. Returned value was: None
[2022-10-26T22:32:17.238+0000] {taskinstance.py:1406} INFO - Marking task as SUCCESS. dag_id=get_hourly_demand_v2, task_id=get_hourly_demand, execution_date=20221026T080500, start_date=20221026T223201, end_date=20221026T223217
[2022-10-26T22:32:20.290+0000] {local_task_job.py:164} INFO - Task exited with return code 0
[2022-10-26T22:32:20.453+0000] {local_task_job.py:273} INFO - 0 downstream tasks scheduled from follow-on schedule check
[2022-10-28T03:14:04.462+0000] {taskinstance.py:1165} INFO - Dependencies all met for <TaskInstance: get_hourly_demand_v2.get_hourly_demand scheduled__2022-10-26T08:05:00+00:00 [queued]>
[2022-10-28T03:14:04.542+0000] {taskinstance.py:1165} INFO - Dependencies all met for <TaskInstance: get_hourly_demand_v2.get_hourly_demand scheduled__2022-10-26T08:05:00+00:00 [queued]>
[2022-10-28T03:14:04.543+0000] {taskinstance.py:1362} INFO - 
--------------------------------------------------------------------------------
[2022-10-28T03:14:04.543+0000] {taskinstance.py:1363} INFO - Starting attempt 1 of 2
[2022-10-28T03:14:04.543+0000] {taskinstance.py:1364} INFO - 
--------------------------------------------------------------------------------
[2022-10-28T03:14:04.640+0000] {taskinstance.py:1383} INFO - Executing <Task(PythonOperator): get_hourly_demand> on 2022-10-26 08:05:00+00:00
[2022-10-28T03:14:04.671+0000] {standard_task_runner.py:55} INFO - Started process 671 to run task
[2022-10-28T03:14:04.694+0000] {standard_task_runner.py:82} INFO - Running: ['***', 'tasks', 'run', 'get_hourly_demand_v2', 'get_hourly_demand', 'scheduled__2022-10-26T08:05:00+00:00', '--job-id', '11', '--raw', '--subdir', 'DAGS_FOLDER/hourly_demand_dag.py', '--cfg-path', '/tmp/tmpoy29zufy']
[2022-10-28T03:14:04.697+0000] {standard_task_runner.py:83} INFO - Job 11: Subtask get_hourly_demand
[2022-10-28T03:14:05.099+0000] {task_command.py:376} INFO - Running <TaskInstance: get_hourly_demand_v2.get_hourly_demand scheduled__2022-10-26T08:05:00+00:00 [running]> on host 96776771a69f
[2022-10-28T03:14:05.502+0000] {taskinstance.py:1592} INFO - Exporting the following env vars:
AIRFLOW_CTX_DAG_EMAIL=colmo786@gmail.com
AIRFLOW_CTX_DAG_OWNER=energy
AIRFLOW_CTX_DAG_ID=get_hourly_demand_v2
AIRFLOW_CTX_TASK_ID=get_hourly_demand
AIRFLOW_CTX_EXECUTION_DATE=2022-10-26T08:05:00+00:00
AIRFLOW_CTX_TRY_NUMBER=1
AIRFLOW_CTX_DAG_RUN_ID=scheduled__2022-10-26T08:05:00+00:00
[2022-10-28T03:14:05.528+0000] {logging_mixin.py:120} WARNING - /home/***/.local/lib/python3.7/site-packages/***/utils/context.py:297 AirflowContextDeprecationWarning: Accessing 'execution_date' from the template is deprecated and will be removed in a future version. Please use 'data_interval_start' or 'logical_date' instead.
[2022-10-28T03:14:05.582+0000] {logging_mixin.py:120} INFO - INFO Module build_postgres_cnxn: DB Connection to host local_pgdb Ok
[2022-10-28T03:14:05.720+0000] {logging_mixin.py:120} INFO - INFO api_request_to_pandas: API request executed Ok. Number of records returned: 288
[2022-10-28T03:14:06.066+0000] {logging_mixin.py:120} INFO - INFO api_request_to_pandas: API request executed Ok. Number of records returned: 19
[2022-10-28T03:14:06.068+0000] {logging_mixin.py:120} INFO - INFO is_holiday. URL request for 2022-10-26 Ok.
[2022-10-28T03:14:06.108+0000] {logging_mixin.py:120} INFO - INFO get_hourly_demand - 24 records were upserted. Table cammesa_db.hourly_demand.
[2022-10-28T03:14:06.115+0000] {logging_mixin.py:120} INFO - INFO get_hourly_demand execution:  2022-10-26T08:05:00+00:00
[2022-10-28T03:14:06.115+0000] {python.py:177} INFO - Done. Returned value was: None
[2022-10-28T03:14:06.181+0000] {taskinstance.py:1406} INFO - Marking task as SUCCESS. dag_id=get_hourly_demand_v2, task_id=get_hourly_demand, execution_date=20221026T080500, start_date=20221028T031404, end_date=20221028T031406
[2022-10-28T03:14:06.317+0000] {local_task_job.py:164} INFO - Task exited with return code 0
[2022-10-28T03:14:06.376+0000] {local_task_job.py:273} INFO - 0 downstream tasks scheduled from follow-on schedule check
[2022-10-28T17:58:27.463+0000] {taskinstance.py:1165} INFO - Dependencies all met for <TaskInstance: get_hourly_demand_v2.get_hourly_demand scheduled__2022-10-26T08:05:00+00:00 [queued]>
[2022-10-28T17:58:27.552+0000] {taskinstance.py:1165} INFO - Dependencies all met for <TaskInstance: get_hourly_demand_v2.get_hourly_demand scheduled__2022-10-26T08:05:00+00:00 [queued]>
[2022-10-28T17:58:27.552+0000] {taskinstance.py:1362} INFO - 
--------------------------------------------------------------------------------
[2022-10-28T17:58:27.553+0000] {taskinstance.py:1363} INFO - Starting attempt 1 of 2
[2022-10-28T17:58:27.553+0000] {taskinstance.py:1364} INFO - 
--------------------------------------------------------------------------------
[2022-10-28T17:58:27.767+0000] {taskinstance.py:1383} INFO - Executing <Task(PythonOperator): get_hourly_demand> on 2022-10-26 08:05:00+00:00
[2022-10-28T17:58:27.823+0000] {standard_task_runner.py:55} INFO - Started process 752 to run task
[2022-10-28T17:58:27.861+0000] {standard_task_runner.py:82} INFO - Running: ['***', 'tasks', 'run', 'get_hourly_demand_v2', 'get_hourly_demand', 'scheduled__2022-10-26T08:05:00+00:00', '--job-id', '7', '--raw', '--subdir', 'DAGS_FOLDER/hourly_demand_dag.py', '--cfg-path', '/tmp/tmpfao11bft']
[2022-10-28T17:58:27.890+0000] {standard_task_runner.py:83} INFO - Job 7: Subtask get_hourly_demand
[2022-10-28T17:58:28.342+0000] {task_command.py:376} INFO - Running <TaskInstance: get_hourly_demand_v2.get_hourly_demand scheduled__2022-10-26T08:05:00+00:00 [running]> on host f011703e6eb5
[2022-10-28T17:58:29.637+0000] {taskinstance.py:1592} INFO - Exporting the following env vars:
AIRFLOW_CTX_DAG_EMAIL=colmo786@gmail.com
AIRFLOW_CTX_DAG_OWNER=energy
AIRFLOW_CTX_DAG_ID=get_hourly_demand_v2
AIRFLOW_CTX_TASK_ID=get_hourly_demand
AIRFLOW_CTX_EXECUTION_DATE=2022-10-26T08:05:00+00:00
AIRFLOW_CTX_TRY_NUMBER=1
AIRFLOW_CTX_DAG_RUN_ID=scheduled__2022-10-26T08:05:00+00:00
[2022-10-28T17:58:29.754+0000] {logging_mixin.py:120} WARNING - /home/***/.local/lib/python3.7/site-packages/***/utils/context.py:297 AirflowContextDeprecationWarning: Accessing 'execution_date' from the template is deprecated and will be removed in a future version. Please use 'data_interval_start' or 'logical_date' instead.
[2022-10-28T17:58:29.803+0000] {logging_mixin.py:120} INFO - INFO Module build_postgres_cnxn: DB Connection to host local_pgdb Ok
[2022-10-28T17:58:30.051+0000] {logging_mixin.py:120} INFO - INFO api_request_to_pandas: API request executed Ok. Number of records returned: 288
[2022-10-28T17:58:30.744+0000] {logging_mixin.py:120} INFO - INFO api_request_to_pandas: API request executed Ok. Number of records returned: 19
[2022-10-28T17:58:30.766+0000] {logging_mixin.py:120} INFO - INFO is_holiday. URL request for 2022-10-26 Ok.
[2022-10-28T17:58:30.848+0000] {logging_mixin.py:120} INFO - INFO get_hourly_demand - 24 records were upserted. Table cammesa_db.hourly_demand.
[2022-10-28T17:58:30.867+0000] {logging_mixin.py:120} INFO - INFO get_hourly_demand execution:  2022-10-26T08:05:00+00:00
[2022-10-28T17:58:30.868+0000] {python.py:177} INFO - Done. Returned value was: None
[2022-10-28T17:58:30.936+0000] {taskinstance.py:1406} INFO - Marking task as SUCCESS. dag_id=get_hourly_demand_v2, task_id=get_hourly_demand, execution_date=20221026T080500, start_date=20221028T175827, end_date=20221028T175830
[2022-10-28T17:58:31.497+0000] {local_task_job.py:164} INFO - Task exited with return code 0
[2022-10-28T17:58:33.251+0000] {local_task_job.py:273} INFO - 0 downstream tasks scheduled from follow-on schedule check
