[2022-10-28T19:31:48.048+0000] {taskinstance.py:1165} INFO - Dependencies all met for <TaskInstance: ENG_hourly_process_v1.get_hourly_demand scheduled__2022-10-28T14:05:00+00:00 [queued]>
[2022-10-28T19:31:48.351+0000] {taskinstance.py:1165} INFO - Dependencies all met for <TaskInstance: ENG_hourly_process_v1.get_hourly_demand scheduled__2022-10-28T14:05:00+00:00 [queued]>
[2022-10-28T19:31:48.352+0000] {taskinstance.py:1362} INFO - 
--------------------------------------------------------------------------------
[2022-10-28T19:31:48.353+0000] {taskinstance.py:1363} INFO - Starting attempt 1 of 2
[2022-10-28T19:31:48.362+0000] {taskinstance.py:1364} INFO - 
--------------------------------------------------------------------------------
[2022-10-28T19:31:48.819+0000] {taskinstance.py:1383} INFO - Executing <Task(PythonOperator): get_hourly_demand> on 2022-10-28 14:05:00+00:00
[2022-10-28T19:32:01.500+0000] {standard_task_runner.py:55} INFO - Started process 499 to run task
[2022-10-28T19:32:01.560+0000] {standard_task_runner.py:82} INFO - Running: ['***', 'tasks', 'run', 'ENG_hourly_process_v1', 'get_hourly_demand', 'scheduled__2022-10-28T14:05:00+00:00', '--job-id', '159', '--raw', '--subdir', 'DAGS_FOLDER/ENG_hourly_process_dag.py', '--cfg-path', '/tmp/tmpwszt22jn']
[2022-10-28T19:32:01.578+0000] {standard_task_runner.py:83} INFO - Job 159: Subtask get_hourly_demand
[2022-10-28T19:32:02.237+0000] {task_command.py:376} INFO - Running <TaskInstance: ENG_hourly_process_v1.get_hourly_demand scheduled__2022-10-28T14:05:00+00:00 [running]> on host f011703e6eb5
[2022-10-28T19:32:03.015+0000] {taskinstance.py:1592} INFO - Exporting the following env vars:
AIRFLOW_CTX_DAG_EMAIL=colmo786@gmail.com
AIRFLOW_CTX_DAG_OWNER=energy
AIRFLOW_CTX_DAG_ID=ENG_hourly_process_v1
AIRFLOW_CTX_TASK_ID=get_hourly_demand
AIRFLOW_CTX_EXECUTION_DATE=2022-10-28T14:05:00+00:00
AIRFLOW_CTX_TRY_NUMBER=1
AIRFLOW_CTX_DAG_RUN_ID=scheduled__2022-10-28T14:05:00+00:00
[2022-10-28T19:32:03.054+0000] {logging_mixin.py:120} WARNING - /home/***/.local/lib/python3.7/site-packages/***/utils/context.py:297 AirflowContextDeprecationWarning: Accessing 'execution_date' from the template is deprecated and will be removed in a future version. Please use 'data_interval_start' or 'logical_date' instead.
[2022-10-28T19:32:03.133+0000] {logging_mixin.py:120} INFO - INFO Module build_postgres_cnxn: DB Connection to host local_pgdb Ok
[2022-10-28T19:32:03.341+0000] {logging_mixin.py:120} INFO - INFO api_request_to_pandas: API request executed Ok. Number of records returned: 197
[2022-10-28T19:32:03.750+0000] {logging_mixin.py:120} INFO - INFO api_request_to_pandas: API request executed Ok. Number of records returned: 19
[2022-10-28T19:32:03.753+0000] {logging_mixin.py:120} INFO - INFO is_holiday. URL request for 2022-10-28 Ok.
[2022-10-28T19:32:03.783+0000] {logging_mixin.py:120} INFO - INFO get_hourly_demand - 16 records were upserted. Table cammesa_db.hourly_demand.
[2022-10-28T19:32:03.786+0000] {logging_mixin.py:120} INFO - INFO get_hourly_demand execution:  2022-10-28T14:05:00+00:00
[2022-10-28T19:32:03.787+0000] {python.py:177} INFO - Done. Returned value was: None
[2022-10-28T19:32:03.827+0000] {taskinstance.py:1406} INFO - Marking task as SUCCESS. dag_id=ENG_hourly_process_v1, task_id=get_hourly_demand, execution_date=20221028T140500, start_date=20221028T193148, end_date=20221028T193203
[2022-10-28T19:32:04.083+0000] {local_task_job.py:164} INFO - Task exited with return code 0
[2022-10-28T19:32:04.239+0000] {local_task_job.py:273} INFO - 1 downstream tasks scheduled from follow-on schedule check
[2022-10-29T00:43:05.601+0000] {taskinstance.py:1165} INFO - Dependencies all met for <TaskInstance: ENG_hourly_process_v1.get_hourly_demand scheduled__2022-10-28T14:05:00+00:00 [queued]>
[2022-10-29T00:43:05.701+0000] {taskinstance.py:1165} INFO - Dependencies all met for <TaskInstance: ENG_hourly_process_v1.get_hourly_demand scheduled__2022-10-28T14:05:00+00:00 [queued]>
[2022-10-29T00:43:05.702+0000] {taskinstance.py:1362} INFO - 
--------------------------------------------------------------------------------
[2022-10-29T00:43:05.702+0000] {taskinstance.py:1363} INFO - Starting attempt 1 of 2
[2022-10-29T00:43:05.706+0000] {taskinstance.py:1364} INFO - 
--------------------------------------------------------------------------------
[2022-10-29T00:43:07.017+0000] {taskinstance.py:1383} INFO - Executing <Task(PythonOperator): get_hourly_demand> on 2022-10-28 14:05:00+00:00
[2022-10-29T00:43:07.065+0000] {standard_task_runner.py:55} INFO - Started process 2330 to run task
[2022-10-29T00:43:07.085+0000] {standard_task_runner.py:82} INFO - Running: ['***', 'tasks', 'run', 'ENG_hourly_process_v1', 'get_hourly_demand', 'scheduled__2022-10-28T14:05:00+00:00', '--job-id', '118', '--raw', '--subdir', 'DAGS_FOLDER/ENG_hourly_process_dag.py', '--cfg-path', '/tmp/tmppthlv9ke']
[2022-10-29T00:43:07.163+0000] {standard_task_runner.py:83} INFO - Job 118: Subtask get_hourly_demand
[2022-10-29T00:43:08.364+0000] {task_command.py:376} INFO - Running <TaskInstance: ENG_hourly_process_v1.get_hourly_demand scheduled__2022-10-28T14:05:00+00:00 [running]> on host 6800cd8e39a3
[2022-10-29T00:43:09.978+0000] {taskinstance.py:1592} INFO - Exporting the following env vars:
AIRFLOW_CTX_DAG_EMAIL=colmo786@gmail.com
AIRFLOW_CTX_DAG_OWNER=energy
AIRFLOW_CTX_DAG_ID=ENG_hourly_process_v1
AIRFLOW_CTX_TASK_ID=get_hourly_demand
AIRFLOW_CTX_EXECUTION_DATE=2022-10-28T14:05:00+00:00
AIRFLOW_CTX_TRY_NUMBER=1
AIRFLOW_CTX_DAG_RUN_ID=scheduled__2022-10-28T14:05:00+00:00
[2022-10-29T00:43:10.141+0000] {logging_mixin.py:120} WARNING - /home/***/.local/lib/python3.7/site-packages/***/utils/context.py:297 AirflowContextDeprecationWarning: Accessing 'execution_date' from the template is deprecated and will be removed in a future version. Please use 'data_interval_start' or 'logical_date' instead.
[2022-10-29T00:43:10.435+0000] {logging_mixin.py:120} INFO - INFO Module build_postgres_cnxn: DB Connection to host local_pgdb Ok
[2022-10-29T00:43:11.451+0000] {logging_mixin.py:120} INFO - INFO api_request_to_pandas: API request executed Ok. Number of records returned: 259
[2022-10-29T00:43:12.574+0000] {logging_mixin.py:120} INFO - INFO api_request_to_pandas: API request executed Ok. Number of records returned: 19
[2022-10-29T00:43:12.681+0000] {logging_mixin.py:120} INFO - INFO is_holiday. URL request for 2022-10-28 Ok.
[2022-10-29T00:43:12.966+0000] {logging_mixin.py:120} INFO - INFO get_hourly_demand - 21 records were upserted. Table cammesa_db.hourly_demand.
[2022-10-29T00:43:12.969+0000] {logging_mixin.py:120} INFO - INFO get_hourly_demand execution:  2022-10-28T14:05:00+00:00
[2022-10-29T00:43:12.969+0000] {python.py:177} INFO - Done. Returned value was: None
[2022-10-29T00:43:13.165+0000] {taskinstance.py:1406} INFO - Marking task as SUCCESS. dag_id=ENG_hourly_process_v1, task_id=get_hourly_demand, execution_date=20221028T140500, start_date=20221029T004305, end_date=20221029T004313
[2022-10-29T00:43:14.279+0000] {local_task_job.py:164} INFO - Task exited with return code 0
[2022-10-29T00:43:14.914+0000] {local_task_job.py:273} INFO - 1 downstream tasks scheduled from follow-on schedule check
