[2022-10-26T21:18:06.562+0000] {taskinstance.py:1165} INFO - Dependencies all met for <TaskInstance: get_hourly_demand_v1.get_hourly_demand manual__2022-10-26T21:18:04.119558+00:00 [queued]>
[2022-10-26T21:18:06.610+0000] {taskinstance.py:1165} INFO - Dependencies all met for <TaskInstance: get_hourly_demand_v1.get_hourly_demand manual__2022-10-26T21:18:04.119558+00:00 [queued]>
[2022-10-26T21:18:06.610+0000] {taskinstance.py:1362} INFO - 
--------------------------------------------------------------------------------
[2022-10-26T21:18:06.610+0000] {taskinstance.py:1363} INFO - Starting attempt 1 of 2
[2022-10-26T21:18:06.610+0000] {taskinstance.py:1364} INFO - 
--------------------------------------------------------------------------------
[2022-10-26T21:18:06.654+0000] {taskinstance.py:1383} INFO - Executing <Task(PythonOperator): get_hourly_demand> on 2022-10-26 21:18:04.119558+00:00
[2022-10-26T21:18:06.659+0000] {standard_task_runner.py:55} INFO - Started process 481 to run task
[2022-10-26T21:18:06.663+0000] {standard_task_runner.py:82} INFO - Running: ['***', 'tasks', 'run', 'get_hourly_demand_v1', 'get_hourly_demand', 'manual__2022-10-26T21:18:04.119558+00:00', '--job-id', '2', '--raw', '--subdir', 'DAGS_FOLDER/hourly_demand_dag.py', '--cfg-path', '/tmp/tmp2ebiqok2']
[2022-10-26T21:18:06.670+0000] {standard_task_runner.py:83} INFO - Job 2: Subtask get_hourly_demand
[2022-10-26T21:18:06.797+0000] {task_command.py:376} INFO - Running <TaskInstance: get_hourly_demand_v1.get_hourly_demand manual__2022-10-26T21:18:04.119558+00:00 [running]> on host f694475c41c8
[2022-10-26T21:18:07.203+0000] {taskinstance.py:1592} INFO - Exporting the following env vars:
AIRFLOW_CTX_DAG_EMAIL=colmo786@gmail.com
AIRFLOW_CTX_DAG_OWNER=energy
AIRFLOW_CTX_DAG_ID=get_hourly_demand_v1
AIRFLOW_CTX_TASK_ID=get_hourly_demand
AIRFLOW_CTX_EXECUTION_DATE=2022-10-26T21:18:04.119558+00:00
AIRFLOW_CTX_TRY_NUMBER=1
AIRFLOW_CTX_DAG_RUN_ID=manual__2022-10-26T21:18:04.119558+00:00
[2022-10-26T21:18:07.206+0000] {logging_mixin.py:120} INFO - Pandas Version: 1.3.5
[2022-10-26T21:18:07.206+0000] {logging_mixin.py:120} INFO - Python Version: 3.7.15 (default, Oct 11 2022, 20:48:03) 
[GCC 10.2.1 20210110]
[2022-10-26T21:18:07.215+0000] {logging_mixin.py:120} WARNING - /home/***/.local/lib/python3.7/site-packages/***/utils/context.py:297 AirflowContextDeprecationWarning: Accessing 'execution_date' from the template is deprecated and will be removed in a future version. Please use 'data_interval_start' or 'logical_date' instead.
[2022-10-26T21:18:07.215+0000] {logging_mixin.py:120} INFO - Fecha: 2022-10-26T21:18:04.119558+00:00
[2022-10-26T21:18:07.233+0000] {logging_mixin.py:120} INFO - INFO Module build_postgres_cnxn: DB Connection to host local_pgdb Ok
[2022-10-26T21:18:07.795+0000] {logging_mixin.py:120} INFO - INFO api_request_to_pandas: API request executed Ok. Number of records returned: 219
[2022-10-26T21:18:08.215+0000] {logging_mixin.py:120} INFO - INFO api_request_to_pandas: API request executed Ok. Number of records returned: 19
[2022-10-26T21:18:08.219+0000] {logging_mixin.py:120} INFO - INFO is_holiday. URL request for 2022-10-26 Ok.
[2022-10-26T21:18:08.232+0000] {logging_mixin.py:120} INFO - INFO get_hourly_demand - 18 records were upserted. Table cammesa_db.hourly_demand.
[2022-10-26T21:18:08.235+0000] {logging_mixin.py:120} INFO - INFO get_hourly_demand execution:  2022-10-26T21:18:04.119558+00:00
[2022-10-26T21:18:08.236+0000] {python.py:177} INFO - Done. Returned value was: None
[2022-10-26T21:18:08.255+0000] {taskinstance.py:1406} INFO - Marking task as SUCCESS. dag_id=get_hourly_demand_v1, task_id=get_hourly_demand, execution_date=20221026T211804, start_date=20221026T211806, end_date=20221026T211808
[2022-10-26T21:18:08.360+0000] {local_task_job.py:164} INFO - Task exited with return code 0
[2022-10-26T21:18:08.437+0000] {local_task_job.py:273} INFO - 0 downstream tasks scheduled from follow-on schedule check
