[2022-10-27T00:00:53.194+0000] {processor.py:154} INFO - Started process (PID=4764) to work on /opt/airflow/dags/energy.py
[2022-10-27T00:00:53.195+0000] {processor.py:756} INFO - Processing file /opt/airflow/dags/energy.py for tasks to queue
[2022-10-27T00:00:53.196+0000] {logging_mixin.py:120} INFO - [2022-10-27T00:00:53.196+0000] {dagbag.py:537} INFO - Filling up the DagBag from /opt/airflow/dags/energy.py
[2022-10-27T00:00:53.585+0000] {processor.py:768} WARNING - No viable dags retrieved from /opt/airflow/dags/energy.py
[2022-10-27T00:00:53.603+0000] {processor.py:176} INFO - Processing /opt/airflow/dags/energy.py took 0.415 seconds
[2022-10-27T00:01:23.693+0000] {processor.py:154} INFO - Started process (PID=4794) to work on /opt/airflow/dags/energy.py
[2022-10-27T00:01:23.693+0000] {processor.py:756} INFO - Processing file /opt/airflow/dags/energy.py for tasks to queue
[2022-10-27T00:01:23.694+0000] {logging_mixin.py:120} INFO - [2022-10-27T00:01:23.694+0000] {dagbag.py:537} INFO - Filling up the DagBag from /opt/airflow/dags/energy.py
[2022-10-27T00:01:24.015+0000] {processor.py:768} WARNING - No viable dags retrieved from /opt/airflow/dags/energy.py
[2022-10-27T00:01:24.031+0000] {processor.py:176} INFO - Processing /opt/airflow/dags/energy.py took 0.342 seconds
[2022-10-27T00:01:54.202+0000] {processor.py:154} INFO - Started process (PID=4825) to work on /opt/airflow/dags/energy.py
[2022-10-27T00:01:54.204+0000] {processor.py:756} INFO - Processing file /opt/airflow/dags/energy.py for tasks to queue
[2022-10-27T00:01:54.206+0000] {logging_mixin.py:120} INFO - [2022-10-27T00:01:54.205+0000] {dagbag.py:537} INFO - Filling up the DagBag from /opt/airflow/dags/energy.py
[2022-10-27T00:01:54.564+0000] {processor.py:768} WARNING - No viable dags retrieved from /opt/airflow/dags/energy.py
[2022-10-27T00:01:54.581+0000] {processor.py:176} INFO - Processing /opt/airflow/dags/energy.py took 0.383 seconds
[2022-10-27T00:02:25.566+0000] {processor.py:154} INFO - Started process (PID=4849) to work on /opt/airflow/dags/energy.py
[2022-10-27T00:02:26.047+0000] {processor.py:756} INFO - Processing file /opt/airflow/dags/energy.py for tasks to queue
[2022-10-27T00:02:26.049+0000] {logging_mixin.py:120} INFO - [2022-10-27T00:02:26.048+0000] {dagbag.py:537} INFO - Filling up the DagBag from /opt/airflow/dags/energy.py
[2022-10-27T00:02:26.544+0000] {processor.py:768} WARNING - No viable dags retrieved from /opt/airflow/dags/energy.py
[2022-10-27T00:02:26.563+0000] {processor.py:176} INFO - Processing /opt/airflow/dags/energy.py took 1.002 seconds
[2022-10-27T00:02:57.733+0000] {processor.py:154} INFO - Started process (PID=4882) to work on /opt/airflow/dags/energy.py
[2022-10-27T00:02:57.734+0000] {processor.py:756} INFO - Processing file /opt/airflow/dags/energy.py for tasks to queue
[2022-10-27T00:02:57.768+0000] {logging_mixin.py:120} INFO - [2022-10-27T00:02:57.767+0000] {dagbag.py:537} INFO - Filling up the DagBag from /opt/airflow/dags/energy.py
[2022-10-27T00:03:01.268+0000] {processor.py:768} WARNING - No viable dags retrieved from /opt/airflow/dags/energy.py
[2022-10-27T00:03:01.314+0000] {processor.py:176} INFO - Processing /opt/airflow/dags/energy.py took 3.591 seconds
[2022-10-27T00:03:44.496+0000] {processor.py:154} INFO - Started process (PID=4922) to work on /opt/airflow/dags/energy.py
[2022-10-27T00:03:44.498+0000] {processor.py:756} INFO - Processing file /opt/airflow/dags/energy.py for tasks to queue
[2022-10-27T00:03:45.804+0000] {logging_mixin.py:120} INFO - [2022-10-27T00:03:44.499+0000] {dagbag.py:537} INFO - Filling up the DagBag from /opt/airflow/dags/energy.py
[2022-10-27T00:03:58.478+0000] {processor.py:768} WARNING - No viable dags retrieved from /opt/airflow/dags/energy.py
[2022-10-27T00:03:58.495+0000] {processor.py:176} INFO - Processing /opt/airflow/dags/energy.py took 26.089 seconds
[2022-10-27T00:04:29.332+0000] {processor.py:154} INFO - Started process (PID=4959) to work on /opt/airflow/dags/energy.py
[2022-10-27T00:04:29.334+0000] {processor.py:756} INFO - Processing file /opt/airflow/dags/energy.py for tasks to queue
[2022-10-27T00:04:29.335+0000] {logging_mixin.py:120} INFO - [2022-10-27T00:04:29.335+0000] {dagbag.py:537} INFO - Filling up the DagBag from /opt/airflow/dags/energy.py
[2022-10-27T00:04:29.661+0000] {processor.py:768} WARNING - No viable dags retrieved from /opt/airflow/dags/energy.py
[2022-10-27T00:04:29.678+0000] {processor.py:176} INFO - Processing /opt/airflow/dags/energy.py took 0.350 seconds
[2022-10-27T00:04:59.887+0000] {processor.py:154} INFO - Started process (PID=4987) to work on /opt/airflow/dags/energy.py
[2022-10-27T00:04:59.889+0000] {processor.py:756} INFO - Processing file /opt/airflow/dags/energy.py for tasks to queue
[2022-10-27T00:04:59.897+0000] {logging_mixin.py:120} INFO - [2022-10-27T00:04:59.896+0000] {dagbag.py:537} INFO - Filling up the DagBag from /opt/airflow/dags/energy.py
[2022-10-27T00:05:00.390+0000] {processor.py:768} WARNING - No viable dags retrieved from /opt/airflow/dags/energy.py
[2022-10-27T00:05:00.413+0000] {processor.py:176} INFO - Processing /opt/airflow/dags/energy.py took 0.534 seconds
[2022-10-27T00:05:41.479+0000] {processor.py:154} INFO - Started process (PID=5011) to work on /opt/airflow/dags/energy.py
[2022-10-27T00:05:42.209+0000] {processor.py:756} INFO - Processing file /opt/airflow/dags/energy.py for tasks to queue
[2022-10-27T00:05:42.210+0000] {logging_mixin.py:120} INFO - [2022-10-27T00:05:42.210+0000] {dagbag.py:537} INFO - Filling up the DagBag from /opt/airflow/dags/energy.py
[2022-10-27T00:05:48.803+0000] {processor.py:768} WARNING - No viable dags retrieved from /opt/airflow/dags/energy.py
[2022-10-27T00:05:48.855+0000] {processor.py:176} INFO - Processing /opt/airflow/dags/energy.py took 6.813 seconds
[2022-10-27T00:06:19.622+0000] {processor.py:154} INFO - Started process (PID=5051) to work on /opt/airflow/dags/energy.py
[2022-10-27T00:06:19.624+0000] {processor.py:756} INFO - Processing file /opt/airflow/dags/energy.py for tasks to queue
[2022-10-27T00:06:19.625+0000] {logging_mixin.py:120} INFO - [2022-10-27T00:06:19.625+0000] {dagbag.py:537} INFO - Filling up the DagBag from /opt/airflow/dags/energy.py
[2022-10-27T00:06:20.119+0000] {processor.py:768} WARNING - No viable dags retrieved from /opt/airflow/dags/energy.py
[2022-10-27T00:06:20.134+0000] {processor.py:176} INFO - Processing /opt/airflow/dags/energy.py took 0.516 seconds
[2022-10-27T00:06:50.890+0000] {processor.py:154} INFO - Started process (PID=5084) to work on /opt/airflow/dags/energy.py
[2022-10-27T00:06:50.909+0000] {processor.py:756} INFO - Processing file /opt/airflow/dags/energy.py for tasks to queue
[2022-10-27T00:06:50.910+0000] {logging_mixin.py:120} INFO - [2022-10-27T00:06:50.909+0000] {dagbag.py:537} INFO - Filling up the DagBag from /opt/airflow/dags/energy.py
[2022-10-27T00:06:51.317+0000] {processor.py:768} WARNING - No viable dags retrieved from /opt/airflow/dags/energy.py
[2022-10-27T00:06:51.334+0000] {processor.py:176} INFO - Processing /opt/airflow/dags/energy.py took 0.449 seconds
[2022-10-27T22:54:54.975+0000] {processor.py:154} INFO - Started process (PID=5103) to work on /opt/airflow/dags/energy.py
[2022-10-27T22:54:55.008+0000] {processor.py:756} INFO - Processing file /opt/airflow/dags/energy.py for tasks to queue
[2022-10-27T22:54:55.012+0000] {logging_mixin.py:120} INFO - [2022-10-27T22:54:55.012+0000] {dagbag.py:537} INFO - Filling up the DagBag from /opt/airflow/dags/energy.py
[2022-10-27T22:54:56.460+0000] {processor.py:154} INFO - Started process (PID=5112) to work on /opt/airflow/dags/energy.py
[2022-10-27T22:54:56.543+0000] {processor.py:756} INFO - Processing file /opt/airflow/dags/energy.py for tasks to queue
[2022-10-27T22:54:56.544+0000] {logging_mixin.py:120} INFO - [2022-10-27T22:54:56.544+0000] {dagbag.py:537} INFO - Filling up the DagBag from /opt/airflow/dags/energy.py
[2022-10-27T22:55:09.880+0000] {processor.py:768} WARNING - No viable dags retrieved from /opt/airflow/dags/energy.py
[2022-10-27T22:55:13.164+0000] {processor.py:176} INFO - Processing /opt/airflow/dags/energy.py took 16.733 seconds
[2022-10-27T22:56:18.806+0000] {processor.py:154} INFO - Started process (PID=5134) to work on /opt/airflow/dags/energy.py
[2022-10-27T22:56:18.847+0000] {processor.py:756} INFO - Processing file /opt/airflow/dags/energy.py for tasks to queue
[2022-10-27T22:56:18.862+0000] {logging_mixin.py:120} INFO - [2022-10-27T22:56:18.862+0000] {dagbag.py:537} INFO - Filling up the DagBag from /opt/airflow/dags/energy.py
[2022-10-27T23:00:34.817+0000] {processor.py:154} INFO - Started process (PID=183) to work on /opt/airflow/dags/energy.py
[2022-10-27T23:00:34.832+0000] {processor.py:756} INFO - Processing file /opt/airflow/dags/energy.py for tasks to queue
[2022-10-27T23:00:34.833+0000] {logging_mixin.py:120} INFO - [2022-10-27T23:00:34.833+0000] {dagbag.py:537} INFO - Filling up the DagBag from /opt/airflow/dags/energy.py
[2022-10-27T23:00:43.635+0000] {processor.py:768} WARNING - No viable dags retrieved from /opt/airflow/dags/energy.py
[2022-10-27T23:00:43.728+0000] {processor.py:176} INFO - Processing /opt/airflow/dags/energy.py took 8.916 seconds
[2022-10-27T23:01:14.728+0000] {processor.py:154} INFO - Started process (PID=243) to work on /opt/airflow/dags/energy.py
[2022-10-27T23:01:14.806+0000] {processor.py:756} INFO - Processing file /opt/airflow/dags/energy.py for tasks to queue
[2022-10-27T23:01:14.807+0000] {logging_mixin.py:120} INFO - [2022-10-27T23:01:14.807+0000] {dagbag.py:537} INFO - Filling up the DagBag from /opt/airflow/dags/energy.py
[2022-10-27T23:01:29.216+0000] {processor.py:768} WARNING - No viable dags retrieved from /opt/airflow/dags/energy.py
[2022-10-27T23:01:29.581+0000] {processor.py:176} INFO - Processing /opt/airflow/dags/energy.py took 14.960 seconds
[2022-10-27T23:02:00.965+0000] {processor.py:154} INFO - Started process (PID=307) to work on /opt/airflow/dags/energy.py
[2022-10-27T23:02:01.003+0000] {processor.py:756} INFO - Processing file /opt/airflow/dags/energy.py for tasks to queue
[2022-10-27T23:02:01.066+0000] {logging_mixin.py:120} INFO - [2022-10-27T23:02:01.004+0000] {dagbag.py:537} INFO - Filling up the DagBag from /opt/airflow/dags/energy.py
[2022-10-27T23:02:06.737+0000] {processor.py:768} WARNING - No viable dags retrieved from /opt/airflow/dags/energy.py
[2022-10-27T23:02:07.000+0000] {processor.py:176} INFO - Processing /opt/airflow/dags/energy.py took 6.105 seconds
[2022-10-27T23:02:37.453+0000] {processor.py:154} INFO - Started process (PID=336) to work on /opt/airflow/dags/energy.py
[2022-10-27T23:02:37.462+0000] {processor.py:756} INFO - Processing file /opt/airflow/dags/energy.py for tasks to queue
[2022-10-27T23:02:37.463+0000] {logging_mixin.py:120} INFO - [2022-10-27T23:02:37.463+0000] {dagbag.py:537} INFO - Filling up the DagBag from /opt/airflow/dags/energy.py
[2022-10-27T23:02:38.750+0000] {processor.py:768} WARNING - No viable dags retrieved from /opt/airflow/dags/energy.py
[2022-10-27T23:02:38.799+0000] {processor.py:176} INFO - Processing /opt/airflow/dags/energy.py took 1.360 seconds
[2022-10-27T23:03:09.059+0000] {processor.py:154} INFO - Started process (PID=366) to work on /opt/airflow/dags/energy.py
[2022-10-27T23:03:09.060+0000] {processor.py:756} INFO - Processing file /opt/airflow/dags/energy.py for tasks to queue
[2022-10-27T23:03:09.071+0000] {logging_mixin.py:120} INFO - [2022-10-27T23:03:09.071+0000] {dagbag.py:537} INFO - Filling up the DagBag from /opt/airflow/dags/energy.py
[2022-10-27T23:03:10.495+0000] {processor.py:768} WARNING - No viable dags retrieved from /opt/airflow/dags/energy.py
[2022-10-27T23:03:10.589+0000] {processor.py:176} INFO - Processing /opt/airflow/dags/energy.py took 1.535 seconds
[2022-10-27T23:03:41.512+0000] {processor.py:154} INFO - Started process (PID=396) to work on /opt/airflow/dags/energy.py
[2022-10-27T23:03:41.513+0000] {processor.py:756} INFO - Processing file /opt/airflow/dags/energy.py for tasks to queue
[2022-10-27T23:03:41.514+0000] {logging_mixin.py:120} INFO - [2022-10-27T23:03:41.514+0000] {dagbag.py:537} INFO - Filling up the DagBag from /opt/airflow/dags/energy.py
[2022-10-27T23:03:42.118+0000] {processor.py:768} WARNING - No viable dags retrieved from /opt/airflow/dags/energy.py
[2022-10-27T23:03:42.144+0000] {processor.py:176} INFO - Processing /opt/airflow/dags/energy.py took 0.636 seconds
[2022-10-27T23:04:12.287+0000] {processor.py:154} INFO - Started process (PID=426) to work on /opt/airflow/dags/energy.py
[2022-10-27T23:04:12.287+0000] {processor.py:756} INFO - Processing file /opt/airflow/dags/energy.py for tasks to queue
[2022-10-27T23:04:12.288+0000] {logging_mixin.py:120} INFO - [2022-10-27T23:04:12.288+0000] {dagbag.py:537} INFO - Filling up the DagBag from /opt/airflow/dags/energy.py
[2022-10-27T23:04:12.883+0000] {processor.py:768} WARNING - No viable dags retrieved from /opt/airflow/dags/energy.py
[2022-10-27T23:04:12.940+0000] {processor.py:176} INFO - Processing /opt/airflow/dags/energy.py took 0.657 seconds
[2022-10-27T23:04:43.156+0000] {processor.py:154} INFO - Started process (PID=457) to work on /opt/airflow/dags/energy.py
[2022-10-27T23:04:43.158+0000] {processor.py:756} INFO - Processing file /opt/airflow/dags/energy.py for tasks to queue
[2022-10-27T23:04:43.160+0000] {logging_mixin.py:120} INFO - [2022-10-27T23:04:43.159+0000] {dagbag.py:537} INFO - Filling up the DagBag from /opt/airflow/dags/energy.py
[2022-10-27T23:04:44.133+0000] {processor.py:768} WARNING - No viable dags retrieved from /opt/airflow/dags/energy.py
[2022-10-27T23:04:44.166+0000] {processor.py:176} INFO - Processing /opt/airflow/dags/energy.py took 1.017 seconds
[2022-10-27T23:05:14.418+0000] {processor.py:154} INFO - Started process (PID=490) to work on /opt/airflow/dags/energy.py
[2022-10-27T23:05:14.424+0000] {processor.py:756} INFO - Processing file /opt/airflow/dags/energy.py for tasks to queue
[2022-10-27T23:05:14.435+0000] {logging_mixin.py:120} INFO - [2022-10-27T23:05:14.435+0000] {dagbag.py:537} INFO - Filling up the DagBag from /opt/airflow/dags/energy.py
[2022-10-27T23:05:14.930+0000] {processor.py:768} WARNING - No viable dags retrieved from /opt/airflow/dags/energy.py
[2022-10-27T23:05:14.972+0000] {processor.py:176} INFO - Processing /opt/airflow/dags/energy.py took 0.561 seconds
[2022-10-27T23:05:45.671+0000] {processor.py:154} INFO - Started process (PID=531) to work on /opt/airflow/dags/energy.py
[2022-10-27T23:05:45.675+0000] {processor.py:756} INFO - Processing file /opt/airflow/dags/energy.py for tasks to queue
[2022-10-27T23:05:45.676+0000] {logging_mixin.py:120} INFO - [2022-10-27T23:05:45.676+0000] {dagbag.py:537} INFO - Filling up the DagBag from /opt/airflow/dags/energy.py
[2022-10-27T23:05:46.755+0000] {processor.py:768} WARNING - No viable dags retrieved from /opt/airflow/dags/energy.py
[2022-10-27T23:05:46.786+0000] {processor.py:176} INFO - Processing /opt/airflow/dags/energy.py took 1.120 seconds
[2022-10-27T23:06:16.887+0000] {processor.py:154} INFO - Started process (PID=562) to work on /opt/airflow/dags/energy.py
[2022-10-27T23:06:16.888+0000] {processor.py:756} INFO - Processing file /opt/airflow/dags/energy.py for tasks to queue
[2022-10-27T23:06:16.889+0000] {logging_mixin.py:120} INFO - [2022-10-27T23:06:16.889+0000] {dagbag.py:537} INFO - Filling up the DagBag from /opt/airflow/dags/energy.py
[2022-10-27T23:06:17.465+0000] {processor.py:768} WARNING - No viable dags retrieved from /opt/airflow/dags/energy.py
[2022-10-27T23:06:17.487+0000] {processor.py:176} INFO - Processing /opt/airflow/dags/energy.py took 0.606 seconds
[2022-10-27T23:06:47.582+0000] {processor.py:154} INFO - Started process (PID=592) to work on /opt/airflow/dags/energy.py
[2022-10-27T23:06:47.584+0000] {processor.py:756} INFO - Processing file /opt/airflow/dags/energy.py for tasks to queue
[2022-10-27T23:06:47.585+0000] {logging_mixin.py:120} INFO - [2022-10-27T23:06:47.585+0000] {dagbag.py:537} INFO - Filling up the DagBag from /opt/airflow/dags/energy.py
[2022-10-27T23:06:47.980+0000] {processor.py:768} WARNING - No viable dags retrieved from /opt/airflow/dags/energy.py
[2022-10-27T23:06:47.995+0000] {processor.py:176} INFO - Processing /opt/airflow/dags/energy.py took 0.419 seconds
[2022-10-27T23:07:18.210+0000] {processor.py:154} INFO - Started process (PID=631) to work on /opt/airflow/dags/energy.py
[2022-10-27T23:07:18.211+0000] {processor.py:756} INFO - Processing file /opt/airflow/dags/energy.py for tasks to queue
[2022-10-27T23:07:18.211+0000] {logging_mixin.py:120} INFO - [2022-10-27T23:07:18.211+0000] {dagbag.py:537} INFO - Filling up the DagBag from /opt/airflow/dags/energy.py
[2022-10-27T23:07:18.489+0000] {processor.py:768} WARNING - No viable dags retrieved from /opt/airflow/dags/energy.py
[2022-10-27T23:07:18.503+0000] {processor.py:176} INFO - Processing /opt/airflow/dags/energy.py took 0.300 seconds
[2022-10-27T23:07:48.676+0000] {processor.py:154} INFO - Started process (PID=662) to work on /opt/airflow/dags/energy.py
[2022-10-27T23:07:48.678+0000] {processor.py:756} INFO - Processing file /opt/airflow/dags/energy.py for tasks to queue
[2022-10-27T23:07:48.678+0000] {logging_mixin.py:120} INFO - [2022-10-27T23:07:48.678+0000] {dagbag.py:537} INFO - Filling up the DagBag from /opt/airflow/dags/energy.py
[2022-10-27T23:07:49.029+0000] {processor.py:768} WARNING - No viable dags retrieved from /opt/airflow/dags/energy.py
[2022-10-27T23:07:49.061+0000] {processor.py:176} INFO - Processing /opt/airflow/dags/energy.py took 0.389 seconds
[2022-10-27T23:08:19.261+0000] {processor.py:154} INFO - Started process (PID=700) to work on /opt/airflow/dags/energy.py
[2022-10-27T23:08:19.262+0000] {processor.py:756} INFO - Processing file /opt/airflow/dags/energy.py for tasks to queue
[2022-10-27T23:08:19.263+0000] {logging_mixin.py:120} INFO - [2022-10-27T23:08:19.263+0000] {dagbag.py:537} INFO - Filling up the DagBag from /opt/airflow/dags/energy.py
[2022-10-27T23:08:19.708+0000] {processor.py:768} WARNING - No viable dags retrieved from /opt/airflow/dags/energy.py
[2022-10-27T23:08:19.727+0000] {processor.py:176} INFO - Processing /opt/airflow/dags/energy.py took 0.476 seconds
[2022-10-27T23:08:49.996+0000] {processor.py:154} INFO - Started process (PID=732) to work on /opt/airflow/dags/energy.py
[2022-10-27T23:08:49.998+0000] {processor.py:756} INFO - Processing file /opt/airflow/dags/energy.py for tasks to queue
[2022-10-27T23:08:49.998+0000] {logging_mixin.py:120} INFO - [2022-10-27T23:08:49.998+0000] {dagbag.py:537} INFO - Filling up the DagBag from /opt/airflow/dags/energy.py
[2022-10-27T23:08:50.239+0000] {processor.py:768} WARNING - No viable dags retrieved from /opt/airflow/dags/energy.py
[2022-10-27T23:08:50.254+0000] {processor.py:176} INFO - Processing /opt/airflow/dags/energy.py took 0.261 seconds
[2022-10-27T23:09:20.412+0000] {processor.py:154} INFO - Started process (PID=772) to work on /opt/airflow/dags/energy.py
[2022-10-27T23:09:20.413+0000] {processor.py:756} INFO - Processing file /opt/airflow/dags/energy.py for tasks to queue
[2022-10-27T23:09:20.414+0000] {logging_mixin.py:120} INFO - [2022-10-27T23:09:20.413+0000] {dagbag.py:537} INFO - Filling up the DagBag from /opt/airflow/dags/energy.py
[2022-10-27T23:09:20.731+0000] {processor.py:768} WARNING - No viable dags retrieved from /opt/airflow/dags/energy.py
[2022-10-27T23:09:20.747+0000] {processor.py:176} INFO - Processing /opt/airflow/dags/energy.py took 0.338 seconds
[2022-10-27T23:09:50.956+0000] {processor.py:154} INFO - Started process (PID=809) to work on /opt/airflow/dags/energy.py
[2022-10-27T23:09:50.957+0000] {processor.py:756} INFO - Processing file /opt/airflow/dags/energy.py for tasks to queue
[2022-10-27T23:09:50.958+0000] {logging_mixin.py:120} INFO - [2022-10-27T23:09:50.958+0000] {dagbag.py:537} INFO - Filling up the DagBag from /opt/airflow/dags/energy.py
[2022-10-27T23:09:51.210+0000] {processor.py:768} WARNING - No viable dags retrieved from /opt/airflow/dags/energy.py
[2022-10-27T23:09:51.230+0000] {processor.py:176} INFO - Processing /opt/airflow/dags/energy.py took 0.277 seconds
[2022-10-27T23:10:21.440+0000] {processor.py:154} INFO - Started process (PID=842) to work on /opt/airflow/dags/energy.py
[2022-10-27T23:10:21.441+0000] {processor.py:756} INFO - Processing file /opt/airflow/dags/energy.py for tasks to queue
[2022-10-27T23:10:21.442+0000] {logging_mixin.py:120} INFO - [2022-10-27T23:10:21.442+0000] {dagbag.py:537} INFO - Filling up the DagBag from /opt/airflow/dags/energy.py
[2022-10-27T23:10:21.745+0000] {processor.py:768} WARNING - No viable dags retrieved from /opt/airflow/dags/energy.py
[2022-10-27T23:10:21.758+0000] {processor.py:176} INFO - Processing /opt/airflow/dags/energy.py took 0.323 seconds
[2022-10-27T23:10:52.596+0000] {processor.py:154} INFO - Started process (PID=881) to work on /opt/airflow/dags/energy.py
[2022-10-27T23:10:52.598+0000] {processor.py:756} INFO - Processing file /opt/airflow/dags/energy.py for tasks to queue
[2022-10-27T23:10:52.598+0000] {logging_mixin.py:120} INFO - [2022-10-27T23:10:52.598+0000] {dagbag.py:537} INFO - Filling up the DagBag from /opt/airflow/dags/energy.py
[2022-10-27T23:10:52.821+0000] {processor.py:768} WARNING - No viable dags retrieved from /opt/airflow/dags/energy.py
[2022-10-27T23:10:52.834+0000] {processor.py:176} INFO - Processing /opt/airflow/dags/energy.py took 0.243 seconds
[2022-10-27T23:11:23.066+0000] {processor.py:154} INFO - Started process (PID=911) to work on /opt/airflow/dags/energy.py
[2022-10-27T23:11:23.067+0000] {processor.py:756} INFO - Processing file /opt/airflow/dags/energy.py for tasks to queue
[2022-10-27T23:11:23.068+0000] {logging_mixin.py:120} INFO - [2022-10-27T23:11:23.068+0000] {dagbag.py:537} INFO - Filling up the DagBag from /opt/airflow/dags/energy.py
[2022-10-27T23:11:23.377+0000] {processor.py:768} WARNING - No viable dags retrieved from /opt/airflow/dags/energy.py
[2022-10-27T23:11:23.390+0000] {processor.py:176} INFO - Processing /opt/airflow/dags/energy.py took 0.330 seconds
[2022-10-27T23:11:53.545+0000] {processor.py:154} INFO - Started process (PID=950) to work on /opt/airflow/dags/energy.py
[2022-10-27T23:11:53.547+0000] {processor.py:756} INFO - Processing file /opt/airflow/dags/energy.py for tasks to queue
[2022-10-27T23:11:53.548+0000] {logging_mixin.py:120} INFO - [2022-10-27T23:11:53.547+0000] {dagbag.py:537} INFO - Filling up the DagBag from /opt/airflow/dags/energy.py
[2022-10-27T23:11:53.800+0000] {processor.py:768} WARNING - No viable dags retrieved from /opt/airflow/dags/energy.py
[2022-10-27T23:11:53.814+0000] {processor.py:176} INFO - Processing /opt/airflow/dags/energy.py took 0.273 seconds
[2022-10-27T23:12:24.078+0000] {processor.py:154} INFO - Started process (PID=989) to work on /opt/airflow/dags/energy.py
[2022-10-27T23:12:24.079+0000] {processor.py:756} INFO - Processing file /opt/airflow/dags/energy.py for tasks to queue
[2022-10-27T23:12:24.079+0000] {logging_mixin.py:120} INFO - [2022-10-27T23:12:24.079+0000] {dagbag.py:537} INFO - Filling up the DagBag from /opt/airflow/dags/energy.py
[2022-10-27T23:12:24.365+0000] {processor.py:768} WARNING - No viable dags retrieved from /opt/airflow/dags/energy.py
[2022-10-27T23:12:24.382+0000] {processor.py:176} INFO - Processing /opt/airflow/dags/energy.py took 0.307 seconds
[2022-10-27T23:12:54.534+0000] {processor.py:154} INFO - Started process (PID=1020) to work on /opt/airflow/dags/energy.py
[2022-10-27T23:12:54.535+0000] {processor.py:756} INFO - Processing file /opt/airflow/dags/energy.py for tasks to queue
[2022-10-27T23:12:54.536+0000] {logging_mixin.py:120} INFO - [2022-10-27T23:12:54.536+0000] {dagbag.py:537} INFO - Filling up the DagBag from /opt/airflow/dags/energy.py
[2022-10-27T23:12:54.781+0000] {processor.py:768} WARNING - No viable dags retrieved from /opt/airflow/dags/energy.py
[2022-10-27T23:12:54.798+0000] {processor.py:176} INFO - Processing /opt/airflow/dags/energy.py took 0.267 seconds
[2022-10-27T23:13:24.987+0000] {processor.py:154} INFO - Started process (PID=1060) to work on /opt/airflow/dags/energy.py
[2022-10-27T23:13:24.988+0000] {processor.py:756} INFO - Processing file /opt/airflow/dags/energy.py for tasks to queue
[2022-10-27T23:13:24.988+0000] {logging_mixin.py:120} INFO - [2022-10-27T23:13:24.988+0000] {dagbag.py:537} INFO - Filling up the DagBag from /opt/airflow/dags/energy.py
[2022-10-27T23:13:25.226+0000] {processor.py:768} WARNING - No viable dags retrieved from /opt/airflow/dags/energy.py
[2022-10-27T23:13:25.239+0000] {processor.py:176} INFO - Processing /opt/airflow/dags/energy.py took 0.258 seconds
[2022-10-27T23:13:55.494+0000] {processor.py:154} INFO - Started process (PID=1091) to work on /opt/airflow/dags/energy.py
[2022-10-27T23:13:55.496+0000] {processor.py:756} INFO - Processing file /opt/airflow/dags/energy.py for tasks to queue
[2022-10-27T23:13:55.497+0000] {logging_mixin.py:120} INFO - [2022-10-27T23:13:55.496+0000] {dagbag.py:537} INFO - Filling up the DagBag from /opt/airflow/dags/energy.py
[2022-10-27T23:13:55.733+0000] {processor.py:768} WARNING - No viable dags retrieved from /opt/airflow/dags/energy.py
[2022-10-27T23:13:55.745+0000] {processor.py:176} INFO - Processing /opt/airflow/dags/energy.py took 0.254 seconds
[2022-10-27T23:14:25.941+0000] {processor.py:154} INFO - Started process (PID=1132) to work on /opt/airflow/dags/energy.py
[2022-10-27T23:14:25.942+0000] {processor.py:756} INFO - Processing file /opt/airflow/dags/energy.py for tasks to queue
[2022-10-27T23:14:25.943+0000] {logging_mixin.py:120} INFO - [2022-10-27T23:14:25.943+0000] {dagbag.py:537} INFO - Filling up the DagBag from /opt/airflow/dags/energy.py
[2022-10-27T23:14:26.258+0000] {processor.py:768} WARNING - No viable dags retrieved from /opt/airflow/dags/energy.py
[2022-10-27T23:14:26.274+0000] {processor.py:176} INFO - Processing /opt/airflow/dags/energy.py took 0.337 seconds
[2022-10-27T23:14:56.460+0000] {processor.py:154} INFO - Started process (PID=1171) to work on /opt/airflow/dags/energy.py
[2022-10-27T23:14:56.462+0000] {processor.py:756} INFO - Processing file /opt/airflow/dags/energy.py for tasks to queue
[2022-10-27T23:14:56.462+0000] {logging_mixin.py:120} INFO - [2022-10-27T23:14:56.462+0000] {dagbag.py:537} INFO - Filling up the DagBag from /opt/airflow/dags/energy.py
[2022-10-27T23:14:56.753+0000] {processor.py:768} WARNING - No viable dags retrieved from /opt/airflow/dags/energy.py
[2022-10-27T23:14:56.764+0000] {processor.py:176} INFO - Processing /opt/airflow/dags/energy.py took 0.307 seconds
[2022-10-27T23:15:27.011+0000] {processor.py:154} INFO - Started process (PID=1201) to work on /opt/airflow/dags/energy.py
[2022-10-27T23:15:27.012+0000] {processor.py:756} INFO - Processing file /opt/airflow/dags/energy.py for tasks to queue
[2022-10-27T23:15:27.013+0000] {logging_mixin.py:120} INFO - [2022-10-27T23:15:27.013+0000] {dagbag.py:537} INFO - Filling up the DagBag from /opt/airflow/dags/energy.py
[2022-10-27T23:15:27.272+0000] {processor.py:768} WARNING - No viable dags retrieved from /opt/airflow/dags/energy.py
[2022-10-27T23:15:27.284+0000] {processor.py:176} INFO - Processing /opt/airflow/dags/energy.py took 0.278 seconds
[2022-10-27T23:15:57.485+0000] {processor.py:154} INFO - Started process (PID=1241) to work on /opt/airflow/dags/energy.py
[2022-10-27T23:15:57.486+0000] {processor.py:756} INFO - Processing file /opt/airflow/dags/energy.py for tasks to queue
[2022-10-27T23:15:57.487+0000] {logging_mixin.py:120} INFO - [2022-10-27T23:15:57.487+0000] {dagbag.py:537} INFO - Filling up the DagBag from /opt/airflow/dags/energy.py
[2022-10-27T23:15:57.777+0000] {processor.py:768} WARNING - No viable dags retrieved from /opt/airflow/dags/energy.py
[2022-10-27T23:15:57.790+0000] {processor.py:176} INFO - Processing /opt/airflow/dags/energy.py took 0.310 seconds
[2022-10-27T23:16:28.081+0000] {processor.py:154} INFO - Started process (PID=1271) to work on /opt/airflow/dags/energy.py
[2022-10-27T23:16:28.082+0000] {processor.py:756} INFO - Processing file /opt/airflow/dags/energy.py for tasks to queue
[2022-10-27T23:16:28.083+0000] {logging_mixin.py:120} INFO - [2022-10-27T23:16:28.083+0000] {dagbag.py:537} INFO - Filling up the DagBag from /opt/airflow/dags/energy.py
[2022-10-27T23:16:28.328+0000] {processor.py:768} WARNING - No viable dags retrieved from /opt/airflow/dags/energy.py
[2022-10-27T23:16:28.344+0000] {processor.py:176} INFO - Processing /opt/airflow/dags/energy.py took 0.269 seconds
[2022-10-27T23:16:58.500+0000] {processor.py:154} INFO - Started process (PID=1310) to work on /opt/airflow/dags/energy.py
[2022-10-27T23:16:58.502+0000] {processor.py:756} INFO - Processing file /opt/airflow/dags/energy.py for tasks to queue
[2022-10-27T23:16:58.503+0000] {logging_mixin.py:120} INFO - [2022-10-27T23:16:58.502+0000] {dagbag.py:537} INFO - Filling up the DagBag from /opt/airflow/dags/energy.py
[2022-10-27T23:16:58.752+0000] {processor.py:768} WARNING - No viable dags retrieved from /opt/airflow/dags/energy.py
[2022-10-27T23:16:58.764+0000] {processor.py:176} INFO - Processing /opt/airflow/dags/energy.py took 0.267 seconds
[2022-10-27T23:17:29.021+0000] {processor.py:154} INFO - Started process (PID=1351) to work on /opt/airflow/dags/energy.py
[2022-10-27T23:17:29.022+0000] {processor.py:756} INFO - Processing file /opt/airflow/dags/energy.py for tasks to queue
[2022-10-27T23:17:29.022+0000] {logging_mixin.py:120} INFO - [2022-10-27T23:17:29.022+0000] {dagbag.py:537} INFO - Filling up the DagBag from /opt/airflow/dags/energy.py
[2022-10-27T23:17:29.406+0000] {processor.py:768} WARNING - No viable dags retrieved from /opt/airflow/dags/energy.py
[2022-10-27T23:17:29.423+0000] {processor.py:176} INFO - Processing /opt/airflow/dags/energy.py took 0.407 seconds
[2022-10-27T23:17:59.585+0000] {processor.py:154} INFO - Started process (PID=1382) to work on /opt/airflow/dags/energy.py
[2022-10-27T23:17:59.587+0000] {processor.py:756} INFO - Processing file /opt/airflow/dags/energy.py for tasks to queue
[2022-10-27T23:17:59.587+0000] {logging_mixin.py:120} INFO - [2022-10-27T23:17:59.587+0000] {dagbag.py:537} INFO - Filling up the DagBag from /opt/airflow/dags/energy.py
[2022-10-27T23:17:59.842+0000] {processor.py:768} WARNING - No viable dags retrieved from /opt/airflow/dags/energy.py
[2022-10-27T23:17:59.855+0000] {processor.py:176} INFO - Processing /opt/airflow/dags/energy.py took 0.273 seconds
[2022-10-27T23:18:30.100+0000] {processor.py:154} INFO - Started process (PID=1421) to work on /opt/airflow/dags/energy.py
[2022-10-27T23:18:30.101+0000] {processor.py:756} INFO - Processing file /opt/airflow/dags/energy.py for tasks to queue
[2022-10-27T23:18:30.102+0000] {logging_mixin.py:120} INFO - [2022-10-27T23:18:30.102+0000] {dagbag.py:537} INFO - Filling up the DagBag from /opt/airflow/dags/energy.py
[2022-10-27T23:18:30.367+0000] {processor.py:768} WARNING - No viable dags retrieved from /opt/airflow/dags/energy.py
[2022-10-27T23:18:30.419+0000] {processor.py:176} INFO - Processing /opt/airflow/dags/energy.py took 0.327 seconds
[2022-10-27T23:19:00.603+0000] {processor.py:154} INFO - Started process (PID=1451) to work on /opt/airflow/dags/energy.py
[2022-10-27T23:19:00.604+0000] {processor.py:756} INFO - Processing file /opt/airflow/dags/energy.py for tasks to queue
[2022-10-27T23:19:00.605+0000] {logging_mixin.py:120} INFO - [2022-10-27T23:19:00.605+0000] {dagbag.py:537} INFO - Filling up the DagBag from /opt/airflow/dags/energy.py
[2022-10-27T23:19:00.839+0000] {processor.py:768} WARNING - No viable dags retrieved from /opt/airflow/dags/energy.py
[2022-10-27T23:19:00.854+0000] {processor.py:176} INFO - Processing /opt/airflow/dags/energy.py took 0.259 seconds
[2022-10-27T23:19:31.100+0000] {processor.py:154} INFO - Started process (PID=1490) to work on /opt/airflow/dags/energy.py
[2022-10-27T23:19:31.100+0000] {processor.py:756} INFO - Processing file /opt/airflow/dags/energy.py for tasks to queue
[2022-10-27T23:19:31.101+0000] {logging_mixin.py:120} INFO - [2022-10-27T23:19:31.101+0000] {dagbag.py:537} INFO - Filling up the DagBag from /opt/airflow/dags/energy.py
[2022-10-27T23:19:31.463+0000] {processor.py:768} WARNING - No viable dags retrieved from /opt/airflow/dags/energy.py
[2022-10-27T23:19:31.476+0000] {processor.py:176} INFO - Processing /opt/airflow/dags/energy.py took 0.381 seconds
[2022-10-27T23:20:01.640+0000] {processor.py:154} INFO - Started process (PID=1530) to work on /opt/airflow/dags/energy.py
[2022-10-27T23:20:01.643+0000] {processor.py:756} INFO - Processing file /opt/airflow/dags/energy.py for tasks to queue
[2022-10-27T23:20:01.644+0000] {logging_mixin.py:120} INFO - [2022-10-27T23:20:01.643+0000] {dagbag.py:537} INFO - Filling up the DagBag from /opt/airflow/dags/energy.py
[2022-10-27T23:20:01.897+0000] {processor.py:768} WARNING - No viable dags retrieved from /opt/airflow/dags/energy.py
[2022-10-27T23:20:01.910+0000] {processor.py:176} INFO - Processing /opt/airflow/dags/energy.py took 0.276 seconds
[2022-10-27T23:20:32.197+0000] {processor.py:154} INFO - Started process (PID=1562) to work on /opt/airflow/dags/energy.py
[2022-10-27T23:20:32.199+0000] {processor.py:756} INFO - Processing file /opt/airflow/dags/energy.py for tasks to queue
[2022-10-27T23:20:32.200+0000] {logging_mixin.py:120} INFO - [2022-10-27T23:20:32.200+0000] {dagbag.py:537} INFO - Filling up the DagBag from /opt/airflow/dags/energy.py
[2022-10-27T23:20:32.493+0000] {processor.py:768} WARNING - No viable dags retrieved from /opt/airflow/dags/energy.py
[2022-10-27T23:20:32.509+0000] {processor.py:176} INFO - Processing /opt/airflow/dags/energy.py took 0.319 seconds
[2022-10-27T23:21:02.684+0000] {processor.py:154} INFO - Started process (PID=1601) to work on /opt/airflow/dags/energy.py
[2022-10-27T23:21:02.685+0000] {processor.py:756} INFO - Processing file /opt/airflow/dags/energy.py for tasks to queue
[2022-10-27T23:21:02.686+0000] {logging_mixin.py:120} INFO - [2022-10-27T23:21:02.686+0000] {dagbag.py:537} INFO - Filling up the DagBag from /opt/airflow/dags/energy.py
[2022-10-27T23:21:02.924+0000] {processor.py:768} WARNING - No viable dags retrieved from /opt/airflow/dags/energy.py
[2022-10-27T23:21:02.939+0000] {processor.py:176} INFO - Processing /opt/airflow/dags/energy.py took 0.257 seconds
[2022-10-27T23:21:33.181+0000] {processor.py:154} INFO - Started process (PID=1630) to work on /opt/airflow/dags/energy.py
[2022-10-27T23:21:33.183+0000] {processor.py:756} INFO - Processing file /opt/airflow/dags/energy.py for tasks to queue
[2022-10-27T23:21:33.184+0000] {logging_mixin.py:120} INFO - [2022-10-27T23:21:33.184+0000] {dagbag.py:537} INFO - Filling up the DagBag from /opt/airflow/dags/energy.py
[2022-10-27T23:21:33.498+0000] {processor.py:768} WARNING - No viable dags retrieved from /opt/airflow/dags/energy.py
[2022-10-27T23:21:33.522+0000] {processor.py:176} INFO - Processing /opt/airflow/dags/energy.py took 0.345 seconds
[2022-10-27T23:22:03.737+0000] {processor.py:154} INFO - Started process (PID=1670) to work on /opt/airflow/dags/energy.py
[2022-10-27T23:22:03.737+0000] {processor.py:756} INFO - Processing file /opt/airflow/dags/energy.py for tasks to queue
[2022-10-27T23:22:03.738+0000] {logging_mixin.py:120} INFO - [2022-10-27T23:22:03.738+0000] {dagbag.py:537} INFO - Filling up the DagBag from /opt/airflow/dags/energy.py
[2022-10-27T23:22:04.066+0000] {processor.py:768} WARNING - No viable dags retrieved from /opt/airflow/dags/energy.py
[2022-10-27T23:22:04.087+0000] {processor.py:176} INFO - Processing /opt/airflow/dags/energy.py took 0.354 seconds
[2022-10-27T23:22:34.303+0000] {processor.py:154} INFO - Started process (PID=1701) to work on /opt/airflow/dags/energy.py
[2022-10-27T23:22:34.323+0000] {processor.py:756} INFO - Processing file /opt/airflow/dags/energy.py for tasks to queue
[2022-10-27T23:22:34.324+0000] {logging_mixin.py:120} INFO - [2022-10-27T23:22:34.324+0000] {dagbag.py:537} INFO - Filling up the DagBag from /opt/airflow/dags/energy.py
[2022-10-27T23:22:35.620+0000] {processor.py:768} WARNING - No viable dags retrieved from /opt/airflow/dags/energy.py
[2022-10-27T23:22:35.685+0000] {processor.py:176} INFO - Processing /opt/airflow/dags/energy.py took 1.389 seconds
[2022-10-27T23:23:05.756+0000] {processor.py:154} INFO - Started process (PID=1742) to work on /opt/airflow/dags/energy.py
[2022-10-27T23:23:05.757+0000] {processor.py:756} INFO - Processing file /opt/airflow/dags/energy.py for tasks to queue
[2022-10-27T23:23:05.760+0000] {logging_mixin.py:120} INFO - [2022-10-27T23:23:05.758+0000] {dagbag.py:537} INFO - Filling up the DagBag from /opt/airflow/dags/energy.py
[2022-10-27T23:23:06.112+0000] {processor.py:768} WARNING - No viable dags retrieved from /opt/airflow/dags/energy.py
[2022-10-27T23:23:06.127+0000] {processor.py:176} INFO - Processing /opt/airflow/dags/energy.py took 0.377 seconds
[2022-10-27T23:23:36.402+0000] {processor.py:154} INFO - Started process (PID=1773) to work on /opt/airflow/dags/energy.py
[2022-10-27T23:23:36.409+0000] {processor.py:756} INFO - Processing file /opt/airflow/dags/energy.py for tasks to queue
[2022-10-27T23:23:36.410+0000] {logging_mixin.py:120} INFO - [2022-10-27T23:23:36.410+0000] {dagbag.py:537} INFO - Filling up the DagBag from /opt/airflow/dags/energy.py
[2022-10-27T23:23:36.924+0000] {processor.py:768} WARNING - No viable dags retrieved from /opt/airflow/dags/energy.py
[2022-10-27T23:23:36.944+0000] {processor.py:176} INFO - Processing /opt/airflow/dags/energy.py took 0.550 seconds
[2022-10-27T23:24:07.059+0000] {processor.py:154} INFO - Started process (PID=1803) to work on /opt/airflow/dags/energy.py
[2022-10-27T23:24:07.060+0000] {processor.py:756} INFO - Processing file /opt/airflow/dags/energy.py for tasks to queue
[2022-10-27T23:24:07.061+0000] {logging_mixin.py:120} INFO - [2022-10-27T23:24:07.061+0000] {dagbag.py:537} INFO - Filling up the DagBag from /opt/airflow/dags/energy.py
[2022-10-27T23:24:07.469+0000] {processor.py:768} WARNING - No viable dags retrieved from /opt/airflow/dags/energy.py
[2022-10-27T23:24:07.511+0000] {processor.py:176} INFO - Processing /opt/airflow/dags/energy.py took 0.456 seconds
[2022-10-27T23:24:37.760+0000] {processor.py:154} INFO - Started process (PID=1843) to work on /opt/airflow/dags/energy.py
[2022-10-27T23:24:37.762+0000] {processor.py:756} INFO - Processing file /opt/airflow/dags/energy.py for tasks to queue
[2022-10-27T23:24:37.763+0000] {logging_mixin.py:120} INFO - [2022-10-27T23:24:37.763+0000] {dagbag.py:537} INFO - Filling up the DagBag from /opt/airflow/dags/energy.py
[2022-10-27T23:24:38.251+0000] {processor.py:768} WARNING - No viable dags retrieved from /opt/airflow/dags/energy.py
[2022-10-27T23:24:38.267+0000] {processor.py:176} INFO - Processing /opt/airflow/dags/energy.py took 0.513 seconds
[2022-10-27T23:25:08.542+0000] {processor.py:154} INFO - Started process (PID=1874) to work on /opt/airflow/dags/energy.py
[2022-10-27T23:25:08.543+0000] {processor.py:756} INFO - Processing file /opt/airflow/dags/energy.py for tasks to queue
[2022-10-27T23:25:08.545+0000] {logging_mixin.py:120} INFO - [2022-10-27T23:25:08.545+0000] {dagbag.py:537} INFO - Filling up the DagBag from /opt/airflow/dags/energy.py
[2022-10-27T23:25:09.120+0000] {processor.py:768} WARNING - No viable dags retrieved from /opt/airflow/dags/energy.py
[2022-10-27T23:25:09.148+0000] {processor.py:176} INFO - Processing /opt/airflow/dags/energy.py took 0.613 seconds
[2022-10-27T23:25:39.435+0000] {processor.py:154} INFO - Started process (PID=1905) to work on /opt/airflow/dags/energy.py
[2022-10-27T23:25:39.437+0000] {processor.py:756} INFO - Processing file /opt/airflow/dags/energy.py for tasks to queue
[2022-10-27T23:25:39.441+0000] {logging_mixin.py:120} INFO - [2022-10-27T23:25:39.440+0000] {dagbag.py:537} INFO - Filling up the DagBag from /opt/airflow/dags/energy.py
[2022-10-27T23:25:40.398+0000] {processor.py:768} WARNING - No viable dags retrieved from /opt/airflow/dags/energy.py
[2022-10-27T23:25:40.464+0000] {processor.py:176} INFO - Processing /opt/airflow/dags/energy.py took 1.039 seconds
[2022-10-27T23:26:10.975+0000] {processor.py:154} INFO - Started process (PID=1936) to work on /opt/airflow/dags/energy.py
[2022-10-27T23:26:10.982+0000] {processor.py:756} INFO - Processing file /opt/airflow/dags/energy.py for tasks to queue
[2022-10-27T23:26:10.990+0000] {logging_mixin.py:120} INFO - [2022-10-27T23:26:10.983+0000] {dagbag.py:537} INFO - Filling up the DagBag from /opt/airflow/dags/energy.py
[2022-10-27T23:26:12.354+0000] {processor.py:768} WARNING - No viable dags retrieved from /opt/airflow/dags/energy.py
[2022-10-27T23:26:12.402+0000] {processor.py:176} INFO - Processing /opt/airflow/dags/energy.py took 1.457 seconds
[2022-10-27T23:26:42.627+0000] {processor.py:154} INFO - Started process (PID=1966) to work on /opt/airflow/dags/energy.py
[2022-10-27T23:26:42.628+0000] {processor.py:756} INFO - Processing file /opt/airflow/dags/energy.py for tasks to queue
[2022-10-27T23:26:42.629+0000] {logging_mixin.py:120} INFO - [2022-10-27T23:26:42.629+0000] {dagbag.py:537} INFO - Filling up the DagBag from /opt/airflow/dags/energy.py
[2022-10-27T23:26:43.003+0000] {processor.py:768} WARNING - No viable dags retrieved from /opt/airflow/dags/energy.py
[2022-10-27T23:26:43.018+0000] {processor.py:176} INFO - Processing /opt/airflow/dags/energy.py took 0.403 seconds
[2022-10-27T23:27:13.248+0000] {processor.py:154} INFO - Started process (PID=1996) to work on /opt/airflow/dags/energy.py
[2022-10-27T23:27:13.250+0000] {processor.py:756} INFO - Processing file /opt/airflow/dags/energy.py for tasks to queue
[2022-10-27T23:27:13.252+0000] {logging_mixin.py:120} INFO - [2022-10-27T23:27:13.251+0000] {dagbag.py:537} INFO - Filling up the DagBag from /opt/airflow/dags/energy.py
[2022-10-27T23:27:13.777+0000] {processor.py:768} WARNING - No viable dags retrieved from /opt/airflow/dags/energy.py
[2022-10-27T23:27:13.811+0000] {processor.py:176} INFO - Processing /opt/airflow/dags/energy.py took 0.569 seconds
[2022-10-27T23:27:44.044+0000] {processor.py:154} INFO - Started process (PID=2032) to work on /opt/airflow/dags/energy.py
[2022-10-27T23:27:44.045+0000] {processor.py:756} INFO - Processing file /opt/airflow/dags/energy.py for tasks to queue
[2022-10-27T23:27:44.046+0000] {logging_mixin.py:120} INFO - [2022-10-27T23:27:44.046+0000] {dagbag.py:537} INFO - Filling up the DagBag from /opt/airflow/dags/energy.py
[2022-10-27T23:27:44.560+0000] {processor.py:768} WARNING - No viable dags retrieved from /opt/airflow/dags/energy.py
[2022-10-27T23:27:44.583+0000] {processor.py:176} INFO - Processing /opt/airflow/dags/energy.py took 0.545 seconds
[2022-10-27T23:28:14.689+0000] {processor.py:154} INFO - Started process (PID=2062) to work on /opt/airflow/dags/energy.py
[2022-10-27T23:28:14.701+0000] {processor.py:756} INFO - Processing file /opt/airflow/dags/energy.py for tasks to queue
[2022-10-27T23:28:14.703+0000] {logging_mixin.py:120} INFO - [2022-10-27T23:28:14.702+0000] {dagbag.py:537} INFO - Filling up the DagBag from /opt/airflow/dags/energy.py
[2022-10-27T23:28:15.507+0000] {processor.py:768} WARNING - No viable dags retrieved from /opt/airflow/dags/energy.py
[2022-10-27T23:28:15.533+0000] {processor.py:176} INFO - Processing /opt/airflow/dags/energy.py took 0.858 seconds
[2022-10-27T23:28:45.808+0000] {processor.py:154} INFO - Started process (PID=2093) to work on /opt/airflow/dags/energy.py
[2022-10-27T23:28:45.809+0000] {processor.py:756} INFO - Processing file /opt/airflow/dags/energy.py for tasks to queue
[2022-10-27T23:28:45.810+0000] {logging_mixin.py:120} INFO - [2022-10-27T23:28:45.810+0000] {dagbag.py:537} INFO - Filling up the DagBag from /opt/airflow/dags/energy.py
[2022-10-27T23:28:46.233+0000] {processor.py:768} WARNING - No viable dags retrieved from /opt/airflow/dags/energy.py
[2022-10-27T23:28:46.278+0000] {processor.py:176} INFO - Processing /opt/airflow/dags/energy.py took 0.475 seconds
[2022-10-27T23:29:16.486+0000] {processor.py:154} INFO - Started process (PID=2133) to work on /opt/airflow/dags/energy.py
[2022-10-27T23:29:16.488+0000] {processor.py:756} INFO - Processing file /opt/airflow/dags/energy.py for tasks to queue
[2022-10-27T23:29:16.489+0000] {logging_mixin.py:120} INFO - [2022-10-27T23:29:16.489+0000] {dagbag.py:537} INFO - Filling up the DagBag from /opt/airflow/dags/energy.py
[2022-10-27T23:29:16.866+0000] {processor.py:768} WARNING - No viable dags retrieved from /opt/airflow/dags/energy.py
[2022-10-27T23:29:16.892+0000] {processor.py:176} INFO - Processing /opt/airflow/dags/energy.py took 0.411 seconds
[2022-10-27T23:29:47.055+0000] {processor.py:154} INFO - Started process (PID=2163) to work on /opt/airflow/dags/energy.py
[2022-10-27T23:29:47.056+0000] {processor.py:756} INFO - Processing file /opt/airflow/dags/energy.py for tasks to queue
[2022-10-27T23:29:47.057+0000] {logging_mixin.py:120} INFO - [2022-10-27T23:29:47.057+0000] {dagbag.py:537} INFO - Filling up the DagBag from /opt/airflow/dags/energy.py
[2022-10-27T23:29:47.449+0000] {processor.py:768} WARNING - No viable dags retrieved from /opt/airflow/dags/energy.py
[2022-10-27T23:29:47.474+0000] {processor.py:176} INFO - Processing /opt/airflow/dags/energy.py took 0.424 seconds
[2022-10-27T23:30:18.248+0000] {processor.py:154} INFO - Started process (PID=2203) to work on /opt/airflow/dags/energy.py
[2022-10-27T23:30:18.254+0000] {processor.py:756} INFO - Processing file /opt/airflow/dags/energy.py for tasks to queue
[2022-10-27T23:30:18.255+0000] {logging_mixin.py:120} INFO - [2022-10-27T23:30:18.255+0000] {dagbag.py:537} INFO - Filling up the DagBag from /opt/airflow/dags/energy.py
[2022-10-27T23:30:18.708+0000] {processor.py:768} WARNING - No viable dags retrieved from /opt/airflow/dags/energy.py
[2022-10-27T23:30:18.729+0000] {processor.py:176} INFO - Processing /opt/airflow/dags/energy.py took 0.492 seconds
[2022-10-27T23:30:49.165+0000] {processor.py:154} INFO - Started process (PID=2233) to work on /opt/airflow/dags/energy.py
[2022-10-27T23:30:49.166+0000] {processor.py:756} INFO - Processing file /opt/airflow/dags/energy.py for tasks to queue
[2022-10-27T23:30:49.167+0000] {logging_mixin.py:120} INFO - [2022-10-27T23:30:49.167+0000] {dagbag.py:537} INFO - Filling up the DagBag from /opt/airflow/dags/energy.py
[2022-10-27T23:30:49.738+0000] {processor.py:768} WARNING - No viable dags retrieved from /opt/airflow/dags/energy.py
[2022-10-27T23:30:49.756+0000] {processor.py:176} INFO - Processing /opt/airflow/dags/energy.py took 0.604 seconds
[2022-10-27T23:31:20.344+0000] {processor.py:154} INFO - Started process (PID=2264) to work on /opt/airflow/dags/energy.py
[2022-10-27T23:31:20.348+0000] {processor.py:756} INFO - Processing file /opt/airflow/dags/energy.py for tasks to queue
[2022-10-27T23:31:20.350+0000] {logging_mixin.py:120} INFO - [2022-10-27T23:31:20.349+0000] {dagbag.py:537} INFO - Filling up the DagBag from /opt/airflow/dags/energy.py
[2022-10-27T23:31:20.865+0000] {processor.py:768} WARNING - No viable dags retrieved from /opt/airflow/dags/energy.py
[2022-10-27T23:31:20.884+0000] {processor.py:176} INFO - Processing /opt/airflow/dags/energy.py took 0.544 seconds
[2022-10-27T23:31:51.098+0000] {processor.py:154} INFO - Started process (PID=2304) to work on /opt/airflow/dags/energy.py
[2022-10-27T23:31:51.100+0000] {processor.py:756} INFO - Processing file /opt/airflow/dags/energy.py for tasks to queue
[2022-10-27T23:31:51.103+0000] {logging_mixin.py:120} INFO - [2022-10-27T23:31:51.102+0000] {dagbag.py:537} INFO - Filling up the DagBag from /opt/airflow/dags/energy.py
[2022-10-27T23:31:51.758+0000] {processor.py:768} WARNING - No viable dags retrieved from /opt/airflow/dags/energy.py
[2022-10-27T23:31:51.782+0000] {processor.py:176} INFO - Processing /opt/airflow/dags/energy.py took 0.688 seconds
[2022-10-27T23:32:21.955+0000] {processor.py:154} INFO - Started process (PID=2334) to work on /opt/airflow/dags/energy.py
[2022-10-27T23:32:21.957+0000] {processor.py:756} INFO - Processing file /opt/airflow/dags/energy.py for tasks to queue
[2022-10-27T23:32:21.957+0000] {logging_mixin.py:120} INFO - [2022-10-27T23:32:21.957+0000] {dagbag.py:537} INFO - Filling up the DagBag from /opt/airflow/dags/energy.py
[2022-10-27T23:32:22.367+0000] {processor.py:768} WARNING - No viable dags retrieved from /opt/airflow/dags/energy.py
[2022-10-27T23:32:22.387+0000] {processor.py:176} INFO - Processing /opt/airflow/dags/energy.py took 0.435 seconds
[2022-10-27T23:32:53.099+0000] {processor.py:154} INFO - Started process (PID=2372) to work on /opt/airflow/dags/energy.py
[2022-10-27T23:32:53.099+0000] {processor.py:756} INFO - Processing file /opt/airflow/dags/energy.py for tasks to queue
[2022-10-27T23:32:53.106+0000] {logging_mixin.py:120} INFO - [2022-10-27T23:32:53.100+0000] {dagbag.py:537} INFO - Filling up the DagBag from /opt/airflow/dags/energy.py
[2022-10-27T23:32:53.523+0000] {processor.py:768} WARNING - No viable dags retrieved from /opt/airflow/dags/energy.py
[2022-10-27T23:32:53.542+0000] {processor.py:176} INFO - Processing /opt/airflow/dags/energy.py took 0.447 seconds
[2022-10-27T23:33:23.768+0000] {processor.py:154} INFO - Started process (PID=2403) to work on /opt/airflow/dags/energy.py
[2022-10-27T23:33:23.769+0000] {processor.py:756} INFO - Processing file /opt/airflow/dags/energy.py for tasks to queue
[2022-10-27T23:33:23.770+0000] {logging_mixin.py:120} INFO - [2022-10-27T23:33:23.770+0000] {dagbag.py:537} INFO - Filling up the DagBag from /opt/airflow/dags/energy.py
[2022-10-27T23:33:24.112+0000] {processor.py:768} WARNING - No viable dags retrieved from /opt/airflow/dags/energy.py
[2022-10-27T23:33:24.129+0000] {processor.py:176} INFO - Processing /opt/airflow/dags/energy.py took 0.365 seconds
[2022-10-27T23:33:54.321+0000] {processor.py:154} INFO - Started process (PID=2433) to work on /opt/airflow/dags/energy.py
[2022-10-27T23:33:54.322+0000] {processor.py:756} INFO - Processing file /opt/airflow/dags/energy.py for tasks to queue
[2022-10-27T23:33:54.323+0000] {logging_mixin.py:120} INFO - [2022-10-27T23:33:54.323+0000] {dagbag.py:537} INFO - Filling up the DagBag from /opt/airflow/dags/energy.py
[2022-10-27T23:33:54.678+0000] {processor.py:768} WARNING - No viable dags retrieved from /opt/airflow/dags/energy.py
[2022-10-27T23:33:54.696+0000] {processor.py:176} INFO - Processing /opt/airflow/dags/energy.py took 0.378 seconds
[2022-10-27T23:34:25.511+0000] {processor.py:154} INFO - Started process (PID=2472) to work on /opt/airflow/dags/energy.py
[2022-10-27T23:34:25.513+0000] {processor.py:756} INFO - Processing file /opt/airflow/dags/energy.py for tasks to queue
[2022-10-27T23:34:25.514+0000] {logging_mixin.py:120} INFO - [2022-10-27T23:34:25.514+0000] {dagbag.py:537} INFO - Filling up the DagBag from /opt/airflow/dags/energy.py
[2022-10-27T23:34:25.923+0000] {processor.py:768} WARNING - No viable dags retrieved from /opt/airflow/dags/energy.py
[2022-10-27T23:34:25.939+0000] {processor.py:176} INFO - Processing /opt/airflow/dags/energy.py took 0.433 seconds
[2022-10-27T23:34:56.107+0000] {processor.py:154} INFO - Started process (PID=2501) to work on /opt/airflow/dags/energy.py
[2022-10-27T23:34:56.108+0000] {processor.py:756} INFO - Processing file /opt/airflow/dags/energy.py for tasks to queue
[2022-10-27T23:34:56.110+0000] {logging_mixin.py:120} INFO - [2022-10-27T23:34:56.109+0000] {dagbag.py:537} INFO - Filling up the DagBag from /opt/airflow/dags/energy.py
[2022-10-27T23:34:56.574+0000] {processor.py:768} WARNING - No viable dags retrieved from /opt/airflow/dags/energy.py
[2022-10-27T23:34:56.592+0000] {processor.py:176} INFO - Processing /opt/airflow/dags/energy.py took 0.488 seconds
[2022-10-27T23:35:26.760+0000] {processor.py:154} INFO - Started process (PID=2539) to work on /opt/airflow/dags/energy.py
[2022-10-27T23:35:26.760+0000] {processor.py:756} INFO - Processing file /opt/airflow/dags/energy.py for tasks to queue
[2022-10-27T23:35:26.761+0000] {logging_mixin.py:120} INFO - [2022-10-27T23:35:26.761+0000] {dagbag.py:537} INFO - Filling up the DagBag from /opt/airflow/dags/energy.py
[2022-10-27T23:35:27.118+0000] {processor.py:768} WARNING - No viable dags retrieved from /opt/airflow/dags/energy.py
[2022-10-27T23:35:27.135+0000] {processor.py:176} INFO - Processing /opt/airflow/dags/energy.py took 0.379 seconds
[2022-10-27T23:35:57.307+0000] {processor.py:154} INFO - Started process (PID=2569) to work on /opt/airflow/dags/energy.py
[2022-10-27T23:35:57.309+0000] {processor.py:756} INFO - Processing file /opt/airflow/dags/energy.py for tasks to queue
[2022-10-27T23:35:57.310+0000] {logging_mixin.py:120} INFO - [2022-10-27T23:35:57.310+0000] {dagbag.py:537} INFO - Filling up the DagBag from /opt/airflow/dags/energy.py
[2022-10-27T23:35:57.733+0000] {processor.py:768} WARNING - No viable dags retrieved from /opt/airflow/dags/energy.py
[2022-10-27T23:35:57.752+0000] {processor.py:176} INFO - Processing /opt/airflow/dags/energy.py took 0.450 seconds
[2022-10-27T23:36:27.937+0000] {processor.py:154} INFO - Started process (PID=2611) to work on /opt/airflow/dags/energy.py
[2022-10-27T23:36:27.938+0000] {processor.py:756} INFO - Processing file /opt/airflow/dags/energy.py for tasks to queue
[2022-10-27T23:36:27.939+0000] {logging_mixin.py:120} INFO - [2022-10-27T23:36:27.939+0000] {dagbag.py:537} INFO - Filling up the DagBag from /opt/airflow/dags/energy.py
[2022-10-27T23:36:28.244+0000] {processor.py:768} WARNING - No viable dags retrieved from /opt/airflow/dags/energy.py
[2022-10-27T23:36:28.271+0000] {processor.py:176} INFO - Processing /opt/airflow/dags/energy.py took 0.338 seconds
[2022-10-27T23:36:58.492+0000] {processor.py:154} INFO - Started process (PID=2641) to work on /opt/airflow/dags/energy.py
[2022-10-27T23:36:58.493+0000] {processor.py:756} INFO - Processing file /opt/airflow/dags/energy.py for tasks to queue
[2022-10-27T23:36:58.494+0000] {logging_mixin.py:120} INFO - [2022-10-27T23:36:58.494+0000] {dagbag.py:537} INFO - Filling up the DagBag from /opt/airflow/dags/energy.py
[2022-10-27T23:36:58.735+0000] {processor.py:768} WARNING - No viable dags retrieved from /opt/airflow/dags/energy.py
[2022-10-27T23:36:58.748+0000] {processor.py:176} INFO - Processing /opt/airflow/dags/energy.py took 0.261 seconds
[2022-10-27T23:37:28.973+0000] {processor.py:154} INFO - Started process (PID=2681) to work on /opt/airflow/dags/energy.py
[2022-10-27T23:37:28.974+0000] {processor.py:756} INFO - Processing file /opt/airflow/dags/energy.py for tasks to queue
[2022-10-27T23:37:28.975+0000] {logging_mixin.py:120} INFO - [2022-10-27T23:37:28.975+0000] {dagbag.py:537} INFO - Filling up the DagBag from /opt/airflow/dags/energy.py
[2022-10-27T23:37:29.244+0000] {processor.py:768} WARNING - No viable dags retrieved from /opt/airflow/dags/energy.py
[2022-10-27T23:37:29.260+0000] {processor.py:176} INFO - Processing /opt/airflow/dags/energy.py took 0.292 seconds
[2022-10-27T23:37:59.464+0000] {processor.py:154} INFO - Started process (PID=2720) to work on /opt/airflow/dags/energy.py
[2022-10-27T23:37:59.465+0000] {processor.py:756} INFO - Processing file /opt/airflow/dags/energy.py for tasks to queue
[2022-10-27T23:37:59.466+0000] {logging_mixin.py:120} INFO - [2022-10-27T23:37:59.466+0000] {dagbag.py:537} INFO - Filling up the DagBag from /opt/airflow/dags/energy.py
[2022-10-27T23:37:59.750+0000] {processor.py:768} WARNING - No viable dags retrieved from /opt/airflow/dags/energy.py
[2022-10-27T23:37:59.765+0000] {processor.py:176} INFO - Processing /opt/airflow/dags/energy.py took 0.305 seconds
[2022-10-27T23:38:30.022+0000] {processor.py:154} INFO - Started process (PID=2751) to work on /opt/airflow/dags/energy.py
[2022-10-27T23:38:30.023+0000] {processor.py:756} INFO - Processing file /opt/airflow/dags/energy.py for tasks to queue
[2022-10-27T23:38:30.023+0000] {logging_mixin.py:120} INFO - [2022-10-27T23:38:30.023+0000] {dagbag.py:537} INFO - Filling up the DagBag from /opt/airflow/dags/energy.py
[2022-10-27T23:38:30.269+0000] {processor.py:768} WARNING - No viable dags retrieved from /opt/airflow/dags/energy.py
[2022-10-27T23:38:30.283+0000] {processor.py:176} INFO - Processing /opt/airflow/dags/energy.py took 0.268 seconds
[2022-10-27T23:39:00.499+0000] {processor.py:154} INFO - Started process (PID=2790) to work on /opt/airflow/dags/energy.py
[2022-10-27T23:39:00.502+0000] {processor.py:756} INFO - Processing file /opt/airflow/dags/energy.py for tasks to queue
[2022-10-27T23:39:00.503+0000] {logging_mixin.py:120} INFO - [2022-10-27T23:39:00.503+0000] {dagbag.py:537} INFO - Filling up the DagBag from /opt/airflow/dags/energy.py
[2022-10-27T23:39:00.747+0000] {processor.py:768} WARNING - No viable dags retrieved from /opt/airflow/dags/energy.py
[2022-10-27T23:39:00.763+0000] {processor.py:176} INFO - Processing /opt/airflow/dags/energy.py took 0.269 seconds
[2022-10-27T23:39:31.012+0000] {processor.py:154} INFO - Started process (PID=2822) to work on /opt/airflow/dags/energy.py
[2022-10-27T23:39:31.023+0000] {processor.py:756} INFO - Processing file /opt/airflow/dags/energy.py for tasks to queue
[2022-10-27T23:39:31.025+0000] {logging_mixin.py:120} INFO - [2022-10-27T23:39:31.025+0000] {dagbag.py:537} INFO - Filling up the DagBag from /opt/airflow/dags/energy.py
[2022-10-27T23:39:31.420+0000] {processor.py:768} WARNING - No viable dags retrieved from /opt/airflow/dags/energy.py
[2022-10-27T23:39:31.439+0000] {processor.py:176} INFO - Processing /opt/airflow/dags/energy.py took 0.432 seconds
[2022-10-27T23:40:01.642+0000] {processor.py:154} INFO - Started process (PID=2860) to work on /opt/airflow/dags/energy.py
[2022-10-27T23:40:01.644+0000] {processor.py:756} INFO - Processing file /opt/airflow/dags/energy.py for tasks to queue
[2022-10-27T23:40:01.644+0000] {logging_mixin.py:120} INFO - [2022-10-27T23:40:01.644+0000] {dagbag.py:537} INFO - Filling up the DagBag from /opt/airflow/dags/energy.py
[2022-10-27T23:40:01.894+0000] {processor.py:768} WARNING - No viable dags retrieved from /opt/airflow/dags/energy.py
[2022-10-27T23:40:01.908+0000] {processor.py:176} INFO - Processing /opt/airflow/dags/energy.py took 0.270 seconds
[2022-10-27T23:40:32.131+0000] {processor.py:154} INFO - Started process (PID=2899) to work on /opt/airflow/dags/energy.py
[2022-10-27T23:40:32.132+0000] {processor.py:756} INFO - Processing file /opt/airflow/dags/energy.py for tasks to queue
[2022-10-27T23:40:32.133+0000] {logging_mixin.py:120} INFO - [2022-10-27T23:40:32.133+0000] {dagbag.py:537} INFO - Filling up the DagBag from /opt/airflow/dags/energy.py
[2022-10-27T23:40:32.367+0000] {processor.py:768} WARNING - No viable dags retrieved from /opt/airflow/dags/energy.py
[2022-10-27T23:40:32.381+0000] {processor.py:176} INFO - Processing /opt/airflow/dags/energy.py took 0.254 seconds
[2022-10-27T23:41:02.568+0000] {processor.py:154} INFO - Started process (PID=2929) to work on /opt/airflow/dags/energy.py
[2022-10-27T23:41:02.569+0000] {processor.py:756} INFO - Processing file /opt/airflow/dags/energy.py for tasks to queue
[2022-10-27T23:41:02.570+0000] {logging_mixin.py:120} INFO - [2022-10-27T23:41:02.570+0000] {dagbag.py:537} INFO - Filling up the DagBag from /opt/airflow/dags/energy.py
[2022-10-27T23:41:02.801+0000] {processor.py:768} WARNING - No viable dags retrieved from /opt/airflow/dags/energy.py
[2022-10-27T23:41:02.815+0000] {processor.py:176} INFO - Processing /opt/airflow/dags/energy.py took 0.250 seconds
[2022-10-27T23:41:33.071+0000] {processor.py:154} INFO - Started process (PID=2969) to work on /opt/airflow/dags/energy.py
[2022-10-27T23:41:33.072+0000] {processor.py:756} INFO - Processing file /opt/airflow/dags/energy.py for tasks to queue
[2022-10-27T23:41:33.073+0000] {logging_mixin.py:120} INFO - [2022-10-27T23:41:33.073+0000] {dagbag.py:537} INFO - Filling up the DagBag from /opt/airflow/dags/energy.py
[2022-10-27T23:41:33.325+0000] {processor.py:768} WARNING - No viable dags retrieved from /opt/airflow/dags/energy.py
[2022-10-27T23:41:33.339+0000] {processor.py:176} INFO - Processing /opt/airflow/dags/energy.py took 0.273 seconds
[2022-10-27T23:42:03.552+0000] {processor.py:154} INFO - Started process (PID=3008) to work on /opt/airflow/dags/energy.py
[2022-10-27T23:42:03.554+0000] {processor.py:756} INFO - Processing file /opt/airflow/dags/energy.py for tasks to queue
[2022-10-27T23:42:03.555+0000] {logging_mixin.py:120} INFO - [2022-10-27T23:42:03.555+0000] {dagbag.py:537} INFO - Filling up the DagBag from /opt/airflow/dags/energy.py
[2022-10-27T23:42:03.806+0000] {processor.py:768} WARNING - No viable dags retrieved from /opt/airflow/dags/energy.py
[2022-10-27T23:42:03.824+0000] {processor.py:176} INFO - Processing /opt/airflow/dags/energy.py took 0.281 seconds
[2022-10-27T23:42:34.049+0000] {processor.py:154} INFO - Started process (PID=3038) to work on /opt/airflow/dags/energy.py
[2022-10-27T23:42:34.051+0000] {processor.py:756} INFO - Processing file /opt/airflow/dags/energy.py for tasks to queue
[2022-10-27T23:42:34.052+0000] {logging_mixin.py:120} INFO - [2022-10-27T23:42:34.052+0000] {dagbag.py:537} INFO - Filling up the DagBag from /opt/airflow/dags/energy.py
[2022-10-27T23:42:34.364+0000] {processor.py:768} WARNING - No viable dags retrieved from /opt/airflow/dags/energy.py
[2022-10-27T23:42:34.380+0000] {processor.py:176} INFO - Processing /opt/airflow/dags/energy.py took 0.334 seconds
[2022-10-27T23:43:04.604+0000] {processor.py:154} INFO - Started process (PID=3077) to work on /opt/airflow/dags/energy.py
[2022-10-27T23:43:04.606+0000] {processor.py:756} INFO - Processing file /opt/airflow/dags/energy.py for tasks to queue
[2022-10-27T23:43:04.607+0000] {logging_mixin.py:120} INFO - [2022-10-27T23:43:04.607+0000] {dagbag.py:537} INFO - Filling up the DagBag from /opt/airflow/dags/energy.py
[2022-10-27T23:43:04.844+0000] {processor.py:768} WARNING - No viable dags retrieved from /opt/airflow/dags/energy.py
[2022-10-27T23:43:04.860+0000] {processor.py:176} INFO - Processing /opt/airflow/dags/energy.py took 0.261 seconds
[2022-10-27T23:43:35.065+0000] {processor.py:154} INFO - Started process (PID=3117) to work on /opt/airflow/dags/energy.py
[2022-10-27T23:43:35.066+0000] {processor.py:756} INFO - Processing file /opt/airflow/dags/energy.py for tasks to queue
[2022-10-27T23:43:35.068+0000] {logging_mixin.py:120} INFO - [2022-10-27T23:43:35.067+0000] {dagbag.py:537} INFO - Filling up the DagBag from /opt/airflow/dags/energy.py
[2022-10-27T23:43:35.300+0000] {processor.py:768} WARNING - No viable dags retrieved from /opt/airflow/dags/energy.py
[2022-10-27T23:43:35.314+0000] {processor.py:176} INFO - Processing /opt/airflow/dags/energy.py took 0.253 seconds
[2022-10-27T23:44:05.555+0000] {processor.py:154} INFO - Started process (PID=3148) to work on /opt/airflow/dags/energy.py
[2022-10-27T23:44:05.559+0000] {processor.py:756} INFO - Processing file /opt/airflow/dags/energy.py for tasks to queue
[2022-10-27T23:44:05.561+0000] {logging_mixin.py:120} INFO - [2022-10-27T23:44:05.561+0000] {dagbag.py:537} INFO - Filling up the DagBag from /opt/airflow/dags/energy.py
[2022-10-27T23:44:05.794+0000] {processor.py:768} WARNING - No viable dags retrieved from /opt/airflow/dags/energy.py
[2022-10-27T23:44:05.807+0000] {processor.py:176} INFO - Processing /opt/airflow/dags/energy.py took 0.262 seconds
[2022-10-27T23:44:36.062+0000] {processor.py:154} INFO - Started process (PID=3187) to work on /opt/airflow/dags/energy.py
[2022-10-27T23:44:36.063+0000] {processor.py:756} INFO - Processing file /opt/airflow/dags/energy.py for tasks to queue
[2022-10-27T23:44:36.064+0000] {logging_mixin.py:120} INFO - [2022-10-27T23:44:36.064+0000] {dagbag.py:537} INFO - Filling up the DagBag from /opt/airflow/dags/energy.py
[2022-10-27T23:44:36.379+0000] {processor.py:768} WARNING - No viable dags retrieved from /opt/airflow/dags/energy.py
[2022-10-27T23:44:36.391+0000] {processor.py:176} INFO - Processing /opt/airflow/dags/energy.py took 0.332 seconds
[2022-10-27T23:45:06.633+0000] {processor.py:154} INFO - Started process (PID=3227) to work on /opt/airflow/dags/energy.py
[2022-10-27T23:45:06.633+0000] {processor.py:756} INFO - Processing file /opt/airflow/dags/energy.py for tasks to queue
[2022-10-27T23:45:06.634+0000] {logging_mixin.py:120} INFO - [2022-10-27T23:45:06.634+0000] {dagbag.py:537} INFO - Filling up the DagBag from /opt/airflow/dags/energy.py
[2022-10-27T23:45:06.907+0000] {processor.py:768} WARNING - No viable dags retrieved from /opt/airflow/dags/energy.py
[2022-10-27T23:45:06.922+0000] {processor.py:176} INFO - Processing /opt/airflow/dags/energy.py took 0.292 seconds
[2022-10-27T23:45:37.177+0000] {processor.py:154} INFO - Started process (PID=3259) to work on /opt/airflow/dags/energy.py
[2022-10-27T23:45:37.180+0000] {processor.py:756} INFO - Processing file /opt/airflow/dags/energy.py for tasks to queue
[2022-10-27T23:45:37.181+0000] {logging_mixin.py:120} INFO - [2022-10-27T23:45:37.181+0000] {dagbag.py:537} INFO - Filling up the DagBag from /opt/airflow/dags/energy.py
[2022-10-27T23:45:37.433+0000] {processor.py:768} WARNING - No viable dags retrieved from /opt/airflow/dags/energy.py
[2022-10-27T23:45:37.446+0000] {processor.py:176} INFO - Processing /opt/airflow/dags/energy.py took 0.275 seconds
[2022-10-27T23:46:07.688+0000] {processor.py:154} INFO - Started process (PID=3299) to work on /opt/airflow/dags/energy.py
[2022-10-27T23:46:07.689+0000] {processor.py:756} INFO - Processing file /opt/airflow/dags/energy.py for tasks to queue
[2022-10-27T23:46:07.690+0000] {logging_mixin.py:120} INFO - [2022-10-27T23:46:07.690+0000] {dagbag.py:537} INFO - Filling up the DagBag from /opt/airflow/dags/energy.py
[2022-10-27T23:46:07.927+0000] {processor.py:768} WARNING - No viable dags retrieved from /opt/airflow/dags/energy.py
[2022-10-27T23:46:07.941+0000] {processor.py:176} INFO - Processing /opt/airflow/dags/energy.py took 0.257 seconds
[2022-10-27T23:46:38.167+0000] {processor.py:154} INFO - Started process (PID=3336) to work on /opt/airflow/dags/energy.py
[2022-10-27T23:46:38.168+0000] {processor.py:756} INFO - Processing file /opt/airflow/dags/energy.py for tasks to queue
[2022-10-27T23:46:38.169+0000] {logging_mixin.py:120} INFO - [2022-10-27T23:46:38.169+0000] {dagbag.py:537} INFO - Filling up the DagBag from /opt/airflow/dags/energy.py
[2022-10-27T23:46:38.461+0000] {processor.py:768} WARNING - No viable dags retrieved from /opt/airflow/dags/energy.py
[2022-10-27T23:46:38.476+0000] {processor.py:176} INFO - Processing /opt/airflow/dags/energy.py took 0.316 seconds
[2022-10-27T23:47:08.708+0000] {processor.py:154} INFO - Started process (PID=3368) to work on /opt/airflow/dags/energy.py
[2022-10-27T23:47:08.709+0000] {processor.py:756} INFO - Processing file /opt/airflow/dags/energy.py for tasks to queue
[2022-10-27T23:47:08.709+0000] {logging_mixin.py:120} INFO - [2022-10-27T23:47:08.709+0000] {dagbag.py:537} INFO - Filling up the DagBag from /opt/airflow/dags/energy.py
[2022-10-27T23:47:08.935+0000] {processor.py:768} WARNING - No viable dags retrieved from /opt/airflow/dags/energy.py
[2022-10-27T23:47:08.949+0000] {processor.py:176} INFO - Processing /opt/airflow/dags/energy.py took 0.244 seconds
[2022-10-27T23:47:39.197+0000] {processor.py:154} INFO - Started process (PID=3410) to work on /opt/airflow/dags/energy.py
[2022-10-27T23:47:39.200+0000] {processor.py:756} INFO - Processing file /opt/airflow/dags/energy.py for tasks to queue
[2022-10-27T23:47:39.201+0000] {logging_mixin.py:120} INFO - [2022-10-27T23:47:39.201+0000] {dagbag.py:537} INFO - Filling up the DagBag from /opt/airflow/dags/energy.py
[2022-10-27T23:47:39.459+0000] {processor.py:768} WARNING - No viable dags retrieved from /opt/airflow/dags/energy.py
[2022-10-27T23:47:39.473+0000] {processor.py:176} INFO - Processing /opt/airflow/dags/energy.py took 0.285 seconds
[2022-10-27T23:48:09.688+0000] {processor.py:154} INFO - Started process (PID=3440) to work on /opt/airflow/dags/energy.py
[2022-10-27T23:48:09.689+0000] {processor.py:756} INFO - Processing file /opt/airflow/dags/energy.py for tasks to queue
[2022-10-27T23:48:09.690+0000] {logging_mixin.py:120} INFO - [2022-10-27T23:48:09.690+0000] {dagbag.py:537} INFO - Filling up the DagBag from /opt/airflow/dags/energy.py
[2022-10-27T23:48:09.979+0000] {processor.py:768} WARNING - No viable dags retrieved from /opt/airflow/dags/energy.py
[2022-10-27T23:48:09.997+0000] {processor.py:176} INFO - Processing /opt/airflow/dags/energy.py took 0.312 seconds
[2022-10-27T23:48:40.245+0000] {processor.py:154} INFO - Started process (PID=3479) to work on /opt/airflow/dags/energy.py
[2022-10-27T23:48:40.248+0000] {processor.py:756} INFO - Processing file /opt/airflow/dags/energy.py for tasks to queue
[2022-10-27T23:48:40.249+0000] {logging_mixin.py:120} INFO - [2022-10-27T23:48:40.248+0000] {dagbag.py:537} INFO - Filling up the DagBag from /opt/airflow/dags/energy.py
[2022-10-27T23:48:40.496+0000] {processor.py:768} WARNING - No viable dags retrieved from /opt/airflow/dags/energy.py
[2022-10-27T23:48:40.509+0000] {processor.py:176} INFO - Processing /opt/airflow/dags/energy.py took 0.272 seconds
[2022-10-27T23:49:10.718+0000] {processor.py:154} INFO - Started process (PID=3518) to work on /opt/airflow/dags/energy.py
[2022-10-27T23:49:10.719+0000] {processor.py:756} INFO - Processing file /opt/airflow/dags/energy.py for tasks to queue
[2022-10-27T23:49:10.720+0000] {logging_mixin.py:120} INFO - [2022-10-27T23:49:10.720+0000] {dagbag.py:537} INFO - Filling up the DagBag from /opt/airflow/dags/energy.py
[2022-10-27T23:49:11.007+0000] {processor.py:768} WARNING - No viable dags retrieved from /opt/airflow/dags/energy.py
[2022-10-27T23:49:11.021+0000] {processor.py:176} INFO - Processing /opt/airflow/dags/energy.py took 0.306 seconds
[2022-10-27T23:49:41.250+0000] {processor.py:154} INFO - Started process (PID=3549) to work on /opt/airflow/dags/energy.py
[2022-10-27T23:49:41.251+0000] {processor.py:756} INFO - Processing file /opt/airflow/dags/energy.py for tasks to queue
[2022-10-27T23:49:41.252+0000] {logging_mixin.py:120} INFO - [2022-10-27T23:49:41.252+0000] {dagbag.py:537} INFO - Filling up the DagBag from /opt/airflow/dags/energy.py
[2022-10-27T23:49:41.529+0000] {processor.py:768} WARNING - No viable dags retrieved from /opt/airflow/dags/energy.py
[2022-10-27T23:49:41.541+0000] {processor.py:176} INFO - Processing /opt/airflow/dags/energy.py took 0.295 seconds
[2022-10-27T23:50:11.746+0000] {processor.py:154} INFO - Started process (PID=3589) to work on /opt/airflow/dags/energy.py
[2022-10-27T23:50:11.747+0000] {processor.py:756} INFO - Processing file /opt/airflow/dags/energy.py for tasks to queue
[2022-10-27T23:50:11.748+0000] {logging_mixin.py:120} INFO - [2022-10-27T23:50:11.748+0000] {dagbag.py:537} INFO - Filling up the DagBag from /opt/airflow/dags/energy.py
[2022-10-27T23:50:11.978+0000] {processor.py:768} WARNING - No viable dags retrieved from /opt/airflow/dags/energy.py
[2022-10-27T23:50:11.991+0000] {processor.py:176} INFO - Processing /opt/airflow/dags/energy.py took 0.247 seconds
[2022-10-27T23:50:42.137+0000] {processor.py:154} INFO - Started process (PID=3619) to work on /opt/airflow/dags/energy.py
[2022-10-27T23:50:42.139+0000] {processor.py:756} INFO - Processing file /opt/airflow/dags/energy.py for tasks to queue
[2022-10-27T23:50:42.140+0000] {logging_mixin.py:120} INFO - [2022-10-27T23:50:42.140+0000] {dagbag.py:537} INFO - Filling up the DagBag from /opt/airflow/dags/energy.py
[2022-10-27T23:50:42.604+0000] {processor.py:768} WARNING - No viable dags retrieved from /opt/airflow/dags/energy.py
[2022-10-27T23:50:42.618+0000] {processor.py:176} INFO - Processing /opt/airflow/dags/energy.py took 0.485 seconds
[2022-10-27T23:51:12.743+0000] {processor.py:154} INFO - Started process (PID=3658) to work on /opt/airflow/dags/energy.py
[2022-10-27T23:51:12.744+0000] {processor.py:756} INFO - Processing file /opt/airflow/dags/energy.py for tasks to queue
[2022-10-27T23:51:12.745+0000] {logging_mixin.py:120} INFO - [2022-10-27T23:51:12.745+0000] {dagbag.py:537} INFO - Filling up the DagBag from /opt/airflow/dags/energy.py
[2022-10-27T23:51:12.977+0000] {processor.py:768} WARNING - No viable dags retrieved from /opt/airflow/dags/energy.py
[2022-10-27T23:51:12.990+0000] {processor.py:176} INFO - Processing /opt/airflow/dags/energy.py took 0.252 seconds
[2022-10-27T23:51:43.228+0000] {processor.py:154} INFO - Started process (PID=3697) to work on /opt/airflow/dags/energy.py
[2022-10-27T23:51:43.231+0000] {processor.py:756} INFO - Processing file /opt/airflow/dags/energy.py for tasks to queue
[2022-10-27T23:51:43.233+0000] {logging_mixin.py:120} INFO - [2022-10-27T23:51:43.232+0000] {dagbag.py:537} INFO - Filling up the DagBag from /opt/airflow/dags/energy.py
[2022-10-27T23:51:43.483+0000] {processor.py:768} WARNING - No viable dags retrieved from /opt/airflow/dags/energy.py
[2022-10-27T23:51:43.496+0000] {processor.py:176} INFO - Processing /opt/airflow/dags/energy.py took 0.274 seconds
[2022-10-27T23:52:13.694+0000] {processor.py:154} INFO - Started process (PID=3728) to work on /opt/airflow/dags/energy.py
[2022-10-27T23:52:13.695+0000] {processor.py:756} INFO - Processing file /opt/airflow/dags/energy.py for tasks to queue
[2022-10-27T23:52:13.695+0000] {logging_mixin.py:120} INFO - [2022-10-27T23:52:13.695+0000] {dagbag.py:537} INFO - Filling up the DagBag from /opt/airflow/dags/energy.py
[2022-10-27T23:52:13.915+0000] {processor.py:768} WARNING - No viable dags retrieved from /opt/airflow/dags/energy.py
[2022-10-27T23:52:13.929+0000] {processor.py:176} INFO - Processing /opt/airflow/dags/energy.py took 0.238 seconds
[2022-10-27T23:52:44.214+0000] {processor.py:154} INFO - Started process (PID=3767) to work on /opt/airflow/dags/energy.py
[2022-10-27T23:52:44.216+0000] {processor.py:756} INFO - Processing file /opt/airflow/dags/energy.py for tasks to queue
[2022-10-27T23:52:44.219+0000] {logging_mixin.py:120} INFO - [2022-10-27T23:52:44.218+0000] {dagbag.py:537} INFO - Filling up the DagBag from /opt/airflow/dags/energy.py
[2022-10-27T23:52:44.457+0000] {processor.py:768} WARNING - No viable dags retrieved from /opt/airflow/dags/energy.py
[2022-10-27T23:52:44.470+0000] {processor.py:176} INFO - Processing /opt/airflow/dags/energy.py took 0.262 seconds
[2022-10-27T23:53:14.709+0000] {processor.py:154} INFO - Started process (PID=3806) to work on /opt/airflow/dags/energy.py
[2022-10-27T23:53:14.710+0000] {processor.py:756} INFO - Processing file /opt/airflow/dags/energy.py for tasks to queue
[2022-10-27T23:53:14.710+0000] {logging_mixin.py:120} INFO - [2022-10-27T23:53:14.710+0000] {dagbag.py:537} INFO - Filling up the DagBag from /opt/airflow/dags/energy.py
[2022-10-27T23:53:14.993+0000] {processor.py:768} WARNING - No viable dags retrieved from /opt/airflow/dags/energy.py
[2022-10-27T23:53:15.006+0000] {processor.py:176} INFO - Processing /opt/airflow/dags/energy.py took 0.300 seconds
[2022-10-27T23:53:45.221+0000] {processor.py:154} INFO - Started process (PID=3837) to work on /opt/airflow/dags/energy.py
[2022-10-27T23:53:45.223+0000] {processor.py:756} INFO - Processing file /opt/airflow/dags/energy.py for tasks to queue
[2022-10-27T23:53:45.224+0000] {logging_mixin.py:120} INFO - [2022-10-27T23:53:45.223+0000] {dagbag.py:537} INFO - Filling up the DagBag from /opt/airflow/dags/energy.py
[2022-10-27T23:53:45.465+0000] {processor.py:768} WARNING - No viable dags retrieved from /opt/airflow/dags/energy.py
[2022-10-27T23:53:45.480+0000] {processor.py:176} INFO - Processing /opt/airflow/dags/energy.py took 0.262 seconds
[2022-10-27T23:54:15.699+0000] {processor.py:154} INFO - Started process (PID=3877) to work on /opt/airflow/dags/energy.py
[2022-10-27T23:54:15.700+0000] {processor.py:756} INFO - Processing file /opt/airflow/dags/energy.py for tasks to queue
[2022-10-27T23:54:15.701+0000] {logging_mixin.py:120} INFO - [2022-10-27T23:54:15.701+0000] {dagbag.py:537} INFO - Filling up the DagBag from /opt/airflow/dags/energy.py
[2022-10-27T23:54:15.925+0000] {processor.py:768} WARNING - No viable dags retrieved from /opt/airflow/dags/energy.py
[2022-10-27T23:54:15.938+0000] {processor.py:176} INFO - Processing /opt/airflow/dags/energy.py took 0.242 seconds
[2022-10-27T23:54:46.181+0000] {processor.py:154} INFO - Started process (PID=3917) to work on /opt/airflow/dags/energy.py
[2022-10-27T23:54:46.182+0000] {processor.py:756} INFO - Processing file /opt/airflow/dags/energy.py for tasks to queue
[2022-10-27T23:54:46.183+0000] {logging_mixin.py:120} INFO - [2022-10-27T23:54:46.183+0000] {dagbag.py:537} INFO - Filling up the DagBag from /opt/airflow/dags/energy.py
[2022-10-27T23:54:46.578+0000] {processor.py:768} WARNING - No viable dags retrieved from /opt/airflow/dags/energy.py
[2022-10-27T23:54:46.592+0000] {processor.py:176} INFO - Processing /opt/airflow/dags/energy.py took 0.416 seconds
[2022-10-27T23:55:16.880+0000] {processor.py:154} INFO - Started process (PID=3948) to work on /opt/airflow/dags/energy.py
[2022-10-27T23:55:16.881+0000] {processor.py:756} INFO - Processing file /opt/airflow/dags/energy.py for tasks to queue
[2022-10-27T23:55:16.882+0000] {logging_mixin.py:120} INFO - [2022-10-27T23:55:16.882+0000] {dagbag.py:537} INFO - Filling up the DagBag from /opt/airflow/dags/energy.py
[2022-10-27T23:55:17.139+0000] {processor.py:768} WARNING - No viable dags retrieved from /opt/airflow/dags/energy.py
[2022-10-27T23:55:17.153+0000] {processor.py:176} INFO - Processing /opt/airflow/dags/energy.py took 0.276 seconds
[2022-10-27T23:55:47.378+0000] {processor.py:154} INFO - Started process (PID=3987) to work on /opt/airflow/dags/energy.py
[2022-10-27T23:55:47.380+0000] {processor.py:756} INFO - Processing file /opt/airflow/dags/energy.py for tasks to queue
[2022-10-27T23:55:47.381+0000] {logging_mixin.py:120} INFO - [2022-10-27T23:55:47.380+0000] {dagbag.py:537} INFO - Filling up the DagBag from /opt/airflow/dags/energy.py
[2022-10-27T23:55:47.671+0000] {processor.py:768} WARNING - No viable dags retrieved from /opt/airflow/dags/energy.py
[2022-10-27T23:55:47.692+0000] {processor.py:176} INFO - Processing /opt/airflow/dags/energy.py took 0.316 seconds
[2022-10-27T23:56:17.928+0000] {processor.py:154} INFO - Started process (PID=4026) to work on /opt/airflow/dags/energy.py
[2022-10-27T23:56:17.929+0000] {processor.py:756} INFO - Processing file /opt/airflow/dags/energy.py for tasks to queue
[2022-10-27T23:56:17.930+0000] {logging_mixin.py:120} INFO - [2022-10-27T23:56:17.930+0000] {dagbag.py:537} INFO - Filling up the DagBag from /opt/airflow/dags/energy.py
[2022-10-27T23:56:18.182+0000] {processor.py:768} WARNING - No viable dags retrieved from /opt/airflow/dags/energy.py
[2022-10-27T23:56:18.196+0000] {processor.py:176} INFO - Processing /opt/airflow/dags/energy.py took 0.272 seconds
[2022-10-27T23:56:48.395+0000] {processor.py:154} INFO - Started process (PID=4057) to work on /opt/airflow/dags/energy.py
[2022-10-27T23:56:48.398+0000] {processor.py:756} INFO - Processing file /opt/airflow/dags/energy.py for tasks to queue
[2022-10-27T23:56:48.399+0000] {logging_mixin.py:120} INFO - [2022-10-27T23:56:48.399+0000] {dagbag.py:537} INFO - Filling up the DagBag from /opt/airflow/dags/energy.py
[2022-10-27T23:56:48.729+0000] {processor.py:768} WARNING - No viable dags retrieved from /opt/airflow/dags/energy.py
[2022-10-27T23:56:48.741+0000] {processor.py:176} INFO - Processing /opt/airflow/dags/energy.py took 0.349 seconds
[2022-10-27T23:57:19.003+0000] {processor.py:154} INFO - Started process (PID=4097) to work on /opt/airflow/dags/energy.py
[2022-10-27T23:57:19.004+0000] {processor.py:756} INFO - Processing file /opt/airflow/dags/energy.py for tasks to queue
[2022-10-27T23:57:19.005+0000] {logging_mixin.py:120} INFO - [2022-10-27T23:57:19.004+0000] {dagbag.py:537} INFO - Filling up the DagBag from /opt/airflow/dags/energy.py
[2022-10-27T23:57:19.251+0000] {processor.py:768} WARNING - No viable dags retrieved from /opt/airflow/dags/energy.py
[2022-10-27T23:57:19.264+0000] {processor.py:176} INFO - Processing /opt/airflow/dags/energy.py took 0.265 seconds
[2022-10-27T23:57:49.494+0000] {processor.py:154} INFO - Started process (PID=4128) to work on /opt/airflow/dags/energy.py
[2022-10-27T23:57:49.496+0000] {processor.py:756} INFO - Processing file /opt/airflow/dags/energy.py for tasks to queue
[2022-10-27T23:57:49.497+0000] {logging_mixin.py:120} INFO - [2022-10-27T23:57:49.497+0000] {dagbag.py:537} INFO - Filling up the DagBag from /opt/airflow/dags/energy.py
[2022-10-27T23:57:49.794+0000] {processor.py:768} WARNING - No viable dags retrieved from /opt/airflow/dags/energy.py
[2022-10-27T23:57:49.808+0000] {processor.py:176} INFO - Processing /opt/airflow/dags/energy.py took 0.318 seconds
[2022-10-27T23:58:20.032+0000] {processor.py:154} INFO - Started process (PID=4167) to work on /opt/airflow/dags/energy.py
[2022-10-27T23:58:20.033+0000] {processor.py:756} INFO - Processing file /opt/airflow/dags/energy.py for tasks to queue
[2022-10-27T23:58:20.034+0000] {logging_mixin.py:120} INFO - [2022-10-27T23:58:20.033+0000] {dagbag.py:537} INFO - Filling up the DagBag from /opt/airflow/dags/energy.py
[2022-10-27T23:58:20.331+0000] {processor.py:768} WARNING - No viable dags retrieved from /opt/airflow/dags/energy.py
[2022-10-27T23:58:20.345+0000] {processor.py:176} INFO - Processing /opt/airflow/dags/energy.py took 0.316 seconds
[2022-10-27T23:58:50.597+0000] {processor.py:154} INFO - Started process (PID=4206) to work on /opt/airflow/dags/energy.py
[2022-10-27T23:58:50.599+0000] {processor.py:756} INFO - Processing file /opt/airflow/dags/energy.py for tasks to queue
[2022-10-27T23:58:50.601+0000] {logging_mixin.py:120} INFO - [2022-10-27T23:58:50.600+0000] {dagbag.py:537} INFO - Filling up the DagBag from /opt/airflow/dags/energy.py
[2022-10-27T23:58:50.849+0000] {processor.py:768} WARNING - No viable dags retrieved from /opt/airflow/dags/energy.py
[2022-10-27T23:58:50.863+0000] {processor.py:176} INFO - Processing /opt/airflow/dags/energy.py took 0.271 seconds
[2022-10-27T23:59:21.127+0000] {processor.py:154} INFO - Started process (PID=4236) to work on /opt/airflow/dags/energy.py
[2022-10-27T23:59:21.127+0000] {processor.py:756} INFO - Processing file /opt/airflow/dags/energy.py for tasks to queue
[2022-10-27T23:59:21.128+0000] {logging_mixin.py:120} INFO - [2022-10-27T23:59:21.128+0000] {dagbag.py:537} INFO - Filling up the DagBag from /opt/airflow/dags/energy.py
[2022-10-27T23:59:21.455+0000] {processor.py:768} WARNING - No viable dags retrieved from /opt/airflow/dags/energy.py
[2022-10-27T23:59:21.472+0000] {processor.py:176} INFO - Processing /opt/airflow/dags/energy.py took 0.350 seconds
[2022-10-27T23:59:51.691+0000] {processor.py:154} INFO - Started process (PID=4276) to work on /opt/airflow/dags/energy.py
[2022-10-27T23:59:51.693+0000] {processor.py:756} INFO - Processing file /opt/airflow/dags/energy.py for tasks to queue
[2022-10-27T23:59:51.694+0000] {logging_mixin.py:120} INFO - [2022-10-27T23:59:51.694+0000] {dagbag.py:537} INFO - Filling up the DagBag from /opt/airflow/dags/energy.py
[2022-10-27T23:59:51.945+0000] {processor.py:768} WARNING - No viable dags retrieved from /opt/airflow/dags/energy.py
[2022-10-27T23:59:51.963+0000] {processor.py:176} INFO - Processing /opt/airflow/dags/energy.py took 0.275 seconds
