[2022-10-26T21:35:55.044+0000] {taskinstance.py:1165} INFO - Dependencies all met for <TaskInstance: get_hourly_demand_v2.get_hourly_demand scheduled__2022-10-26T09:05:00+00:00 [queued]>
[2022-10-26T21:35:55.108+0000] {taskinstance.py:1165} INFO - Dependencies all met for <TaskInstance: get_hourly_demand_v2.get_hourly_demand scheduled__2022-10-26T09:05:00+00:00 [queued]>
[2022-10-26T21:35:55.108+0000] {taskinstance.py:1362} INFO - 
--------------------------------------------------------------------------------
[2022-10-26T21:35:55.109+0000] {taskinstance.py:1363} INFO - Starting attempt 1 of 2
[2022-10-26T21:35:55.109+0000] {taskinstance.py:1364} INFO - 
--------------------------------------------------------------------------------
[2022-10-26T21:35:55.600+0000] {taskinstance.py:1383} INFO - Executing <Task(PythonOperator): get_hourly_demand> on 2022-10-26 09:05:00+00:00
[2022-10-26T21:35:55.617+0000] {standard_task_runner.py:55} INFO - Started process 359 to run task
[2022-10-26T21:35:55.654+0000] {standard_task_runner.py:82} INFO - Running: ['***', 'tasks', 'run', 'get_hourly_demand_v2', 'get_hourly_demand', 'scheduled__2022-10-26T09:05:00+00:00', '--job-id', '12', '--raw', '--subdir', 'DAGS_FOLDER/hourly_demand_dag.py', '--cfg-path', '/tmp/tmpfdqw589n']
[2022-10-26T21:35:55.657+0000] {standard_task_runner.py:83} INFO - Job 12: Subtask get_hourly_demand
[2022-10-26T21:35:56.177+0000] {task_command.py:376} INFO - Running <TaskInstance: get_hourly_demand_v2.get_hourly_demand scheduled__2022-10-26T09:05:00+00:00 [running]> on host f694475c41c8
[2022-10-26T21:35:56.916+0000] {taskinstance.py:1592} INFO - Exporting the following env vars:
AIRFLOW_CTX_DAG_EMAIL=colmo786@gmail.com
AIRFLOW_CTX_DAG_OWNER=energy
AIRFLOW_CTX_DAG_ID=get_hourly_demand_v2
AIRFLOW_CTX_TASK_ID=get_hourly_demand
AIRFLOW_CTX_EXECUTION_DATE=2022-10-26T09:05:00+00:00
AIRFLOW_CTX_TRY_NUMBER=1
AIRFLOW_CTX_DAG_RUN_ID=scheduled__2022-10-26T09:05:00+00:00
[2022-10-26T21:35:56.968+0000] {logging_mixin.py:120} WARNING - /home/***/.local/lib/python3.7/site-packages/***/utils/context.py:297 AirflowContextDeprecationWarning: Accessing 'execution_date' from the template is deprecated and will be removed in a future version. Please use 'data_interval_start' or 'logical_date' instead.
[2022-10-26T21:35:57.021+0000] {logging_mixin.py:120} INFO - INFO Module build_postgres_cnxn: DB Connection to host local_pgdb Ok
[2022-10-26T21:35:57.606+0000] {logging_mixin.py:120} INFO - INFO api_request_to_pandas: API request executed Ok. Number of records returned: 222
[2022-10-26T21:35:58.096+0000] {logging_mixin.py:120} INFO - INFO api_request_to_pandas: API request executed Ok. Number of records returned: 19
[2022-10-26T21:35:58.112+0000] {logging_mixin.py:120} INFO - INFO is_holiday. URL request for 2022-10-26 Ok.
[2022-10-26T21:35:58.177+0000] {logging_mixin.py:120} INFO - INFO get_hourly_demand - 18 records were upserted. Table cammesa_db.hourly_demand.
[2022-10-26T21:35:58.180+0000] {logging_mixin.py:120} INFO - INFO get_hourly_demand execution:  2022-10-26T09:05:00+00:00
[2022-10-26T21:35:58.180+0000] {python.py:177} INFO - Done. Returned value was: None
[2022-10-26T21:35:58.339+0000] {taskinstance.py:1406} INFO - Marking task as SUCCESS. dag_id=get_hourly_demand_v2, task_id=get_hourly_demand, execution_date=20221026T090500, start_date=20221026T213555, end_date=20221026T213558
[2022-10-26T21:35:58.882+0000] {local_task_job.py:164} INFO - Task exited with return code 0
[2022-10-26T21:35:59.240+0000] {local_task_job.py:273} INFO - 0 downstream tasks scheduled from follow-on schedule check
[2022-10-26T22:32:02.065+0000] {taskinstance.py:1165} INFO - Dependencies all met for <TaskInstance: get_hourly_demand_v2.get_hourly_demand scheduled__2022-10-26T09:05:00+00:00 [queued]>
[2022-10-26T22:32:02.401+0000] {taskinstance.py:1165} INFO - Dependencies all met for <TaskInstance: get_hourly_demand_v2.get_hourly_demand scheduled__2022-10-26T09:05:00+00:00 [queued]>
[2022-10-26T22:32:02.402+0000] {taskinstance.py:1362} INFO - 
--------------------------------------------------------------------------------
[2022-10-26T22:32:02.402+0000] {taskinstance.py:1363} INFO - Starting attempt 1 of 2
[2022-10-26T22:32:02.403+0000] {taskinstance.py:1364} INFO - 
--------------------------------------------------------------------------------
[2022-10-26T22:32:02.970+0000] {taskinstance.py:1383} INFO - Executing <Task(PythonOperator): get_hourly_demand> on 2022-10-26 09:05:00+00:00
[2022-10-26T22:32:03.033+0000] {standard_task_runner.py:55} INFO - Started process 355 to run task
[2022-10-26T22:32:03.082+0000] {standard_task_runner.py:82} INFO - Running: ['***', 'tasks', 'run', 'get_hourly_demand_v2', 'get_hourly_demand', 'scheduled__2022-10-26T09:05:00+00:00', '--job-id', '10', '--raw', '--subdir', 'DAGS_FOLDER/hourly_demand_dag.py', '--cfg-path', '/tmp/tmpve80md7x']
[2022-10-26T22:32:03.177+0000] {standard_task_runner.py:83} INFO - Job 10: Subtask get_hourly_demand
[2022-10-26T22:32:12.300+0000] {task_command.py:376} INFO - Running <TaskInstance: get_hourly_demand_v2.get_hourly_demand scheduled__2022-10-26T09:05:00+00:00 [running]> on host b19062265769
[2022-10-26T22:32:15.287+0000] {taskinstance.py:1592} INFO - Exporting the following env vars:
AIRFLOW_CTX_DAG_EMAIL=colmo786@gmail.com
AIRFLOW_CTX_DAG_OWNER=energy
AIRFLOW_CTX_DAG_ID=get_hourly_demand_v2
AIRFLOW_CTX_TASK_ID=get_hourly_demand
AIRFLOW_CTX_EXECUTION_DATE=2022-10-26T09:05:00+00:00
AIRFLOW_CTX_TRY_NUMBER=1
AIRFLOW_CTX_DAG_RUN_ID=scheduled__2022-10-26T09:05:00+00:00
[2022-10-26T22:32:15.350+0000] {logging_mixin.py:120} WARNING - /home/***/.local/lib/python3.7/site-packages/***/utils/context.py:297 AirflowContextDeprecationWarning: Accessing 'execution_date' from the template is deprecated and will be removed in a future version. Please use 'data_interval_start' or 'logical_date' instead.
[2022-10-26T22:32:15.416+0000] {logging_mixin.py:120} INFO - INFO Module build_postgres_cnxn: DB Connection to host local_pgdb Ok
[2022-10-26T22:32:16.324+0000] {logging_mixin.py:120} INFO - INFO api_request_to_pandas: API request executed Ok. Number of records returned: 233
[2022-10-26T22:32:16.852+0000] {logging_mixin.py:120} INFO - INFO api_request_to_pandas: API request executed Ok. Number of records returned: 19
[2022-10-26T22:32:16.951+0000] {logging_mixin.py:120} INFO - INFO is_holiday. URL request for 2022-10-26 Ok.
[2022-10-26T22:32:17.112+0000] {logging_mixin.py:120} INFO - INFO get_hourly_demand - 19 records were upserted. Table cammesa_db.hourly_demand.
[2022-10-26T22:32:17.130+0000] {logging_mixin.py:120} INFO - INFO get_hourly_demand execution:  2022-10-26T09:05:00+00:00
[2022-10-26T22:32:17.131+0000] {python.py:177} INFO - Done. Returned value was: None
[2022-10-26T22:32:17.355+0000] {taskinstance.py:1406} INFO - Marking task as SUCCESS. dag_id=get_hourly_demand_v2, task_id=get_hourly_demand, execution_date=20221026T090500, start_date=20221026T223202, end_date=20221026T223217
[2022-10-26T22:32:18.067+0000] {local_task_job.py:164} INFO - Task exited with return code 0
[2022-10-26T22:32:18.694+0000] {local_task_job.py:273} INFO - 0 downstream tasks scheduled from follow-on schedule check
[2022-10-28T03:14:04.802+0000] {taskinstance.py:1165} INFO - Dependencies all met for <TaskInstance: get_hourly_demand_v2.get_hourly_demand scheduled__2022-10-26T09:05:00+00:00 [queued]>
[2022-10-28T03:14:04.939+0000] {taskinstance.py:1165} INFO - Dependencies all met for <TaskInstance: get_hourly_demand_v2.get_hourly_demand scheduled__2022-10-26T09:05:00+00:00 [queued]>
[2022-10-28T03:14:04.939+0000] {taskinstance.py:1362} INFO - 
--------------------------------------------------------------------------------
[2022-10-28T03:14:04.939+0000] {taskinstance.py:1363} INFO - Starting attempt 1 of 2
[2022-10-28T03:14:04.939+0000] {taskinstance.py:1364} INFO - 
--------------------------------------------------------------------------------
[2022-10-28T03:14:05.017+0000] {taskinstance.py:1383} INFO - Executing <Task(PythonOperator): get_hourly_demand> on 2022-10-26 09:05:00+00:00
[2022-10-28T03:14:05.025+0000] {standard_task_runner.py:55} INFO - Started process 672 to run task
[2022-10-28T03:14:05.075+0000] {standard_task_runner.py:82} INFO - Running: ['***', 'tasks', 'run', 'get_hourly_demand_v2', 'get_hourly_demand', 'scheduled__2022-10-26T09:05:00+00:00', '--job-id', '12', '--raw', '--subdir', 'DAGS_FOLDER/hourly_demand_dag.py', '--cfg-path', '/tmp/tmpa8oifwev']
[2022-10-28T03:14:05.080+0000] {standard_task_runner.py:83} INFO - Job 12: Subtask get_hourly_demand
[2022-10-28T03:14:05.422+0000] {task_command.py:376} INFO - Running <TaskInstance: get_hourly_demand_v2.get_hourly_demand scheduled__2022-10-26T09:05:00+00:00 [running]> on host 96776771a69f
[2022-10-28T03:14:05.881+0000] {taskinstance.py:1592} INFO - Exporting the following env vars:
AIRFLOW_CTX_DAG_EMAIL=colmo786@gmail.com
AIRFLOW_CTX_DAG_OWNER=energy
AIRFLOW_CTX_DAG_ID=get_hourly_demand_v2
AIRFLOW_CTX_TASK_ID=get_hourly_demand
AIRFLOW_CTX_EXECUTION_DATE=2022-10-26T09:05:00+00:00
AIRFLOW_CTX_TRY_NUMBER=1
AIRFLOW_CTX_DAG_RUN_ID=scheduled__2022-10-26T09:05:00+00:00
[2022-10-28T03:14:05.910+0000] {logging_mixin.py:120} WARNING - /home/***/.local/lib/python3.7/site-packages/***/utils/context.py:297 AirflowContextDeprecationWarning: Accessing 'execution_date' from the template is deprecated and will be removed in a future version. Please use 'data_interval_start' or 'logical_date' instead.
[2022-10-28T03:14:05.932+0000] {logging_mixin.py:120} INFO - INFO Module build_postgres_cnxn: DB Connection to host local_pgdb Ok
[2022-10-28T03:14:06.092+0000] {logging_mixin.py:120} INFO - INFO api_request_to_pandas: API request executed Ok. Number of records returned: 288
[2022-10-28T03:14:06.485+0000] {logging_mixin.py:120} INFO - INFO api_request_to_pandas: API request executed Ok. Number of records returned: 19
[2022-10-28T03:14:06.498+0000] {logging_mixin.py:120} INFO - INFO is_holiday. URL request for 2022-10-26 Ok.
[2022-10-28T03:14:06.512+0000] {logging_mixin.py:120} INFO - INFO get_hourly_demand - 24 records were upserted. Table cammesa_db.hourly_demand.
[2022-10-28T03:14:06.513+0000] {logging_mixin.py:120} INFO - INFO get_hourly_demand execution:  2022-10-26T09:05:00+00:00
[2022-10-28T03:14:06.513+0000] {python.py:177} INFO - Done. Returned value was: None
[2022-10-28T03:14:06.559+0000] {taskinstance.py:1406} INFO - Marking task as SUCCESS. dag_id=get_hourly_demand_v2, task_id=get_hourly_demand, execution_date=20221026T090500, start_date=20221028T031404, end_date=20221028T031406
[2022-10-28T03:14:06.612+0000] {local_task_job.py:164} INFO - Task exited with return code 0
[2022-10-28T03:14:06.662+0000] {local_task_job.py:273} INFO - 0 downstream tasks scheduled from follow-on schedule check
