[2022-10-28T02:05:01.835+0000] {taskinstance.py:1165} INFO - Dependencies all met for <TaskInstance: get_hourly_demand_v2.get_hourly_demand scheduled__2022-10-28T01:05:00+00:00 [queued]>
[2022-10-28T02:05:01.845+0000] {taskinstance.py:1165} INFO - Dependencies all met for <TaskInstance: get_hourly_demand_v2.get_hourly_demand scheduled__2022-10-28T01:05:00+00:00 [queued]>
[2022-10-28T02:05:01.846+0000] {taskinstance.py:1362} INFO - 
--------------------------------------------------------------------------------
[2022-10-28T02:05:01.846+0000] {taskinstance.py:1363} INFO - Starting attempt 1 of 2
[2022-10-28T02:05:01.846+0000] {taskinstance.py:1364} INFO - 
--------------------------------------------------------------------------------
[2022-10-28T02:05:01.873+0000] {taskinstance.py:1383} INFO - Executing <Task(PythonOperator): get_hourly_demand> on 2022-10-28 01:05:00+00:00
[2022-10-28T02:05:01.881+0000] {standard_task_runner.py:55} INFO - Started process 10988 to run task
[2022-10-28T02:05:01.886+0000] {standard_task_runner.py:82} INFO - Running: ['***', 'tasks', 'run', 'get_hourly_demand_v2', 'get_hourly_demand', 'scheduled__2022-10-28T01:05:00+00:00', '--job-id', '56', '--raw', '--subdir', 'DAGS_FOLDER/hourly_demand_dag.py', '--cfg-path', '/tmp/tmpgqp1koyz']
[2022-10-28T02:05:01.889+0000] {standard_task_runner.py:83} INFO - Job 56: Subtask get_hourly_demand
[2022-10-28T02:05:01.987+0000] {task_command.py:376} INFO - Running <TaskInstance: get_hourly_demand_v2.get_hourly_demand scheduled__2022-10-28T01:05:00+00:00 [running]> on host b19062265769
[2022-10-28T02:05:02.113+0000] {taskinstance.py:1592} INFO - Exporting the following env vars:
AIRFLOW_CTX_DAG_EMAIL=colmo786@gmail.com
AIRFLOW_CTX_DAG_OWNER=energy
AIRFLOW_CTX_DAG_ID=get_hourly_demand_v2
AIRFLOW_CTX_TASK_ID=get_hourly_demand
AIRFLOW_CTX_EXECUTION_DATE=2022-10-28T01:05:00+00:00
AIRFLOW_CTX_TRY_NUMBER=1
AIRFLOW_CTX_DAG_RUN_ID=scheduled__2022-10-28T01:05:00+00:00
[2022-10-28T02:05:02.122+0000] {logging_mixin.py:120} WARNING - /home/***/.local/lib/python3.7/site-packages/***/utils/context.py:297 AirflowContextDeprecationWarning: Accessing 'execution_date' from the template is deprecated and will be removed in a future version. Please use 'data_interval_start' or 'logical_date' instead.
[2022-10-28T02:05:02.133+0000] {logging_mixin.py:120} INFO - INFO Module build_postgres_cnxn: DB Connection to host local_pgdb Ok
[2022-10-28T02:05:02.415+0000] {logging_mixin.py:120} INFO - INFO api_request_to_pandas: API request executed Ok. Number of records returned: 0
[2022-10-28T02:05:02.415+0000] {taskinstance.py:1851} ERROR - Task failed with exception
Traceback (most recent call last):
  File "/home/airflow/.local/lib/python3.7/site-packages/airflow/operators/python.py", line 175, in execute
    return_value = self.execute_callable()
  File "/home/airflow/.local/lib/python3.7/site-packages/airflow/operators/python.py", line 193, in execute_callable
    return self.python_callable(*self.op_args, **self.op_kwargs)
  File "/opt/airflow/dags/hourly_demand_dag.py", line 50, in get_hourly_demand
    , user=user, password=password, port=port, verbose=True)
  File "/opt/airflow/dags/energy.py", line 156, in _get_hourly_demand
    df_demand.fecha = pd.to_datetime(df_demand.fecha.astype(str).str[:19], format='%Y-%m-%d %H:%M:%S')
  File "/home/airflow/.local/lib/python3.7/site-packages/pandas/core/generic.py", line 5487, in __getattr__
    return object.__getattribute__(self, name)
AttributeError: 'DataFrame' object has no attribute 'fecha'
[2022-10-28T02:05:02.435+0000] {taskinstance.py:1406} INFO - Marking task as UP_FOR_RETRY. dag_id=get_hourly_demand_v2, task_id=get_hourly_demand, execution_date=20221028T010500, start_date=20221028T020501, end_date=20221028T020502
[2022-10-28T02:05:02.469+0000] {standard_task_runner.py:105} ERROR - Failed to execute job 56 for task get_hourly_demand ('DataFrame' object has no attribute 'fecha'; 10988)
[2022-10-28T02:05:02.501+0000] {local_task_job.py:164} INFO - Task exited with return code 1
[2022-10-28T02:05:02.533+0000] {local_task_job.py:273} INFO - 0 downstream tasks scheduled from follow-on schedule check
[2022-10-28T03:14:39.936+0000] {taskinstance.py:1165} INFO - Dependencies all met for <TaskInstance: get_hourly_demand_v2.get_hourly_demand scheduled__2022-10-28T01:05:00+00:00 [queued]>
[2022-10-28T03:14:40.000+0000] {taskinstance.py:1165} INFO - Dependencies all met for <TaskInstance: get_hourly_demand_v2.get_hourly_demand scheduled__2022-10-28T01:05:00+00:00 [queued]>
[2022-10-28T03:14:40.001+0000] {taskinstance.py:1362} INFO - 
--------------------------------------------------------------------------------
[2022-10-28T03:14:40.001+0000] {taskinstance.py:1363} INFO - Starting attempt 1 of 2
[2022-10-28T03:14:40.001+0000] {taskinstance.py:1364} INFO - 
--------------------------------------------------------------------------------
[2022-10-28T03:14:40.105+0000] {taskinstance.py:1383} INFO - Executing <Task(PythonOperator): get_hourly_demand> on 2022-10-28 01:05:00+00:00
[2022-10-28T03:14:40.120+0000] {standard_task_runner.py:55} INFO - Started process 819 to run task
[2022-10-28T03:14:40.137+0000] {standard_task_runner.py:82} INFO - Running: ['***', 'tasks', 'run', 'get_hourly_demand_v2', 'get_hourly_demand', 'scheduled__2022-10-28T01:05:00+00:00', '--job-id', '52', '--raw', '--subdir', 'DAGS_FOLDER/hourly_demand_dag.py', '--cfg-path', '/tmp/tmpou71ulrj']
[2022-10-28T03:14:40.140+0000] {standard_task_runner.py:83} INFO - Job 52: Subtask get_hourly_demand
[2022-10-28T03:14:40.303+0000] {task_command.py:376} INFO - Running <TaskInstance: get_hourly_demand_v2.get_hourly_demand scheduled__2022-10-28T01:05:00+00:00 [running]> on host 96776771a69f
[2022-10-28T03:14:40.517+0000] {taskinstance.py:1592} INFO - Exporting the following env vars:
AIRFLOW_CTX_DAG_EMAIL=colmo786@gmail.com
AIRFLOW_CTX_DAG_OWNER=energy
AIRFLOW_CTX_DAG_ID=get_hourly_demand_v2
AIRFLOW_CTX_TASK_ID=get_hourly_demand
AIRFLOW_CTX_EXECUTION_DATE=2022-10-28T01:05:00+00:00
AIRFLOW_CTX_TRY_NUMBER=1
AIRFLOW_CTX_DAG_RUN_ID=scheduled__2022-10-28T01:05:00+00:00
[2022-10-28T03:14:40.532+0000] {logging_mixin.py:120} WARNING - /home/***/.local/lib/python3.7/site-packages/***/utils/context.py:297 AirflowContextDeprecationWarning: Accessing 'execution_date' from the template is deprecated and will be removed in a future version. Please use 'data_interval_start' or 'logical_date' instead.
[2022-10-28T03:14:40.546+0000] {logging_mixin.py:120} INFO - INFO Module build_postgres_cnxn: DB Connection to host local_pgdb Ok
[2022-10-28T03:14:40.654+0000] {logging_mixin.py:120} INFO - INFO api_request_to_pandas: API request executed Ok. Number of records returned: 2
[2022-10-28T03:14:40.667+0000] {logging_mixin.py:120} INFO - INFO get_hourly_demand - No Data to upsert. Date: 2022-10-28
[2022-10-28T03:14:40.668+0000] {logging_mixin.py:120} INFO - INFO get_hourly_demand execution:  2022-10-28T01:05:00+00:00
[2022-10-28T03:14:40.668+0000] {python.py:177} INFO - Done. Returned value was: None
[2022-10-28T03:14:40.685+0000] {taskinstance.py:1406} INFO - Marking task as SUCCESS. dag_id=get_hourly_demand_v2, task_id=get_hourly_demand, execution_date=20221028T010500, start_date=20221028T031439, end_date=20221028T031440
[2022-10-28T03:14:40.720+0000] {local_task_job.py:164} INFO - Task exited with return code 0
[2022-10-28T03:14:40.754+0000] {local_task_job.py:273} INFO - 0 downstream tasks scheduled from follow-on schedule check
[2022-10-28T18:02:10.416+0000] {taskinstance.py:1165} INFO - Dependencies all met for <TaskInstance: get_hourly_demand_v2.get_hourly_demand scheduled__2022-10-28T01:05:00+00:00 [queued]>
[2022-10-28T18:02:10.785+0000] {taskinstance.py:1165} INFO - Dependencies all met for <TaskInstance: get_hourly_demand_v2.get_hourly_demand scheduled__2022-10-28T01:05:00+00:00 [queued]>
[2022-10-28T18:02:10.826+0000] {taskinstance.py:1362} INFO - 
--------------------------------------------------------------------------------
[2022-10-28T18:02:10.827+0000] {taskinstance.py:1363} INFO - Starting attempt 1 of 2
[2022-10-28T18:02:10.827+0000] {taskinstance.py:1364} INFO - 
--------------------------------------------------------------------------------
[2022-10-28T18:02:11.170+0000] {taskinstance.py:1383} INFO - Executing <Task(PythonOperator): get_hourly_demand> on 2022-10-28 01:05:00+00:00
[2022-10-28T18:02:11.210+0000] {standard_task_runner.py:55} INFO - Started process 1055 to run task
[2022-10-28T18:02:11.229+0000] {standard_task_runner.py:82} INFO - Running: ['***', 'tasks', 'run', 'get_hourly_demand_v2', 'get_hourly_demand', 'scheduled__2022-10-28T01:05:00+00:00', '--job-id', '49', '--raw', '--subdir', 'DAGS_FOLDER/hourly_demand_dag.py', '--cfg-path', '/tmp/tmp5cb0fhwu']
[2022-10-28T18:02:11.251+0000] {standard_task_runner.py:83} INFO - Job 49: Subtask get_hourly_demand
[2022-10-28T18:02:11.711+0000] {task_command.py:376} INFO - Running <TaskInstance: get_hourly_demand_v2.get_hourly_demand scheduled__2022-10-28T01:05:00+00:00 [running]> on host f011703e6eb5
[2022-10-28T18:02:12.646+0000] {taskinstance.py:1592} INFO - Exporting the following env vars:
AIRFLOW_CTX_DAG_EMAIL=colmo786@gmail.com
AIRFLOW_CTX_DAG_OWNER=energy
AIRFLOW_CTX_DAG_ID=get_hourly_demand_v2
AIRFLOW_CTX_TASK_ID=get_hourly_demand
AIRFLOW_CTX_EXECUTION_DATE=2022-10-28T01:05:00+00:00
AIRFLOW_CTX_TRY_NUMBER=1
AIRFLOW_CTX_DAG_RUN_ID=scheduled__2022-10-28T01:05:00+00:00
[2022-10-28T18:02:12.661+0000] {logging_mixin.py:120} WARNING - /home/***/.local/lib/python3.7/site-packages/***/utils/context.py:297 AirflowContextDeprecationWarning: Accessing 'execution_date' from the template is deprecated and will be removed in a future version. Please use 'data_interval_start' or 'logical_date' instead.
[2022-10-28T18:02:12.778+0000] {logging_mixin.py:120} INFO - INFO Module build_postgres_cnxn: DB Connection to host local_pgdb Ok
[2022-10-28T18:02:12.911+0000] {logging_mixin.py:120} INFO - INFO api_request_to_pandas: API request executed Ok. Number of records returned: 180
[2022-10-28T18:02:13.341+0000] {logging_mixin.py:120} INFO - INFO api_request_to_pandas: API request executed Ok. Number of records returned: 19
[2022-10-28T18:02:13.344+0000] {logging_mixin.py:120} INFO - INFO is_holiday. URL request for 2022-10-28 Ok.
[2022-10-28T18:02:13.377+0000] {logging_mixin.py:120} INFO - INFO get_hourly_demand - 14 records were upserted. Table cammesa_db.hourly_demand.
[2022-10-28T18:02:13.382+0000] {logging_mixin.py:120} INFO - INFO get_hourly_demand execution:  2022-10-28T01:05:00+00:00
[2022-10-28T18:02:13.392+0000] {python.py:177} INFO - Done. Returned value was: None
[2022-10-28T18:02:13.478+0000] {taskinstance.py:1406} INFO - Marking task as SUCCESS. dag_id=get_hourly_demand_v2, task_id=get_hourly_demand, execution_date=20221028T010500, start_date=20221028T180210, end_date=20221028T180213
[2022-10-28T18:02:13.741+0000] {local_task_job.py:164} INFO - Task exited with return code 0
[2022-10-28T18:02:13.810+0000] {local_task_job.py:273} INFO - 0 downstream tasks scheduled from follow-on schedule check
