[2022-10-28T14:05:01.516+0000] {taskinstance.py:1165} INFO - Dependencies all met for <TaskInstance: get_hourly_demand_v2.get_hourly_demand scheduled__2022-10-28T13:05:00+00:00 [queued]>
[2022-10-28T14:05:01.526+0000] {taskinstance.py:1165} INFO - Dependencies all met for <TaskInstance: get_hourly_demand_v2.get_hourly_demand scheduled__2022-10-28T13:05:00+00:00 [queued]>
[2022-10-28T14:05:01.526+0000] {taskinstance.py:1362} INFO - 
--------------------------------------------------------------------------------
[2022-10-28T14:05:01.526+0000] {taskinstance.py:1363} INFO - Starting attempt 1 of 2
[2022-10-28T14:05:01.526+0000] {taskinstance.py:1364} INFO - 
--------------------------------------------------------------------------------
[2022-10-28T14:05:01.541+0000] {taskinstance.py:1383} INFO - Executing <Task(PythonOperator): get_hourly_demand> on 2022-10-28 13:05:00+00:00
[2022-10-28T14:05:01.545+0000] {standard_task_runner.py:55} INFO - Started process 6090 to run task
[2022-10-28T14:05:01.548+0000] {standard_task_runner.py:82} INFO - Running: ['***', 'tasks', 'run', 'get_hourly_demand_v2', 'get_hourly_demand', 'scheduled__2022-10-28T13:05:00+00:00', '--job-id', '65', '--raw', '--subdir', 'DAGS_FOLDER/hourly_demand_dag.py', '--cfg-path', '/tmp/tmp0jrh56h1']
[2022-10-28T14:05:01.550+0000] {standard_task_runner.py:83} INFO - Job 65: Subtask get_hourly_demand
[2022-10-28T14:05:01.621+0000] {task_command.py:376} INFO - Running <TaskInstance: get_hourly_demand_v2.get_hourly_demand scheduled__2022-10-28T13:05:00+00:00 [running]> on host 96776771a69f
[2022-10-28T14:05:01.771+0000] {taskinstance.py:1592} INFO - Exporting the following env vars:
AIRFLOW_CTX_DAG_EMAIL=colmo786@gmail.com
AIRFLOW_CTX_DAG_OWNER=energy
AIRFLOW_CTX_DAG_ID=get_hourly_demand_v2
AIRFLOW_CTX_TASK_ID=get_hourly_demand
AIRFLOW_CTX_EXECUTION_DATE=2022-10-28T13:05:00+00:00
AIRFLOW_CTX_TRY_NUMBER=1
AIRFLOW_CTX_DAG_RUN_ID=scheduled__2022-10-28T13:05:00+00:00
[2022-10-28T14:05:01.779+0000] {logging_mixin.py:120} WARNING - /home/***/.local/lib/python3.7/site-packages/***/utils/context.py:297 AirflowContextDeprecationWarning: Accessing 'execution_date' from the template is deprecated and will be removed in a future version. Please use 'data_interval_start' or 'logical_date' instead.
[2022-10-28T14:05:01.787+0000] {logging_mixin.py:120} INFO - INFO Module build_postgres_cnxn: DB Connection to host local_pgdb Ok
[2022-10-28T14:05:02.019+0000] {logging_mixin.py:120} INFO - INFO api_request_to_pandas: API request executed Ok. Number of records returned: 132
[2022-10-28T14:05:02.339+0000] {logging_mixin.py:120} INFO - INFO api_request_to_pandas: API request executed Ok. Number of records returned: 19
[2022-10-28T14:05:02.341+0000] {logging_mixin.py:120} INFO - INFO is_holiday. URL request for 2022-10-28 Ok.
[2022-10-28T14:05:02.348+0000] {logging_mixin.py:120} INFO - INFO get_hourly_demand - 11 records were upserted. Table cammesa_db.hourly_demand.
[2022-10-28T14:05:02.349+0000] {logging_mixin.py:120} INFO - INFO get_hourly_demand execution:  2022-10-28T13:05:00+00:00
[2022-10-28T14:05:02.351+0000] {python.py:177} INFO - Done. Returned value was: None
[2022-10-28T14:05:02.365+0000] {taskinstance.py:1406} INFO - Marking task as SUCCESS. dag_id=get_hourly_demand_v2, task_id=get_hourly_demand, execution_date=20221028T130500, start_date=20221028T140501, end_date=20221028T140502
[2022-10-28T14:05:02.402+0000] {local_task_job.py:164} INFO - Task exited with return code 0
[2022-10-28T14:05:02.425+0000] {local_task_job.py:273} INFO - 0 downstream tasks scheduled from follow-on schedule check
[2022-10-28T18:02:42.911+0000] {taskinstance.py:1165} INFO - Dependencies all met for <TaskInstance: get_hourly_demand_v2.get_hourly_demand scheduled__2022-10-28T13:05:00+00:00 [queued]>
[2022-10-28T18:02:42.944+0000] {taskinstance.py:1165} INFO - Dependencies all met for <TaskInstance: get_hourly_demand_v2.get_hourly_demand scheduled__2022-10-28T13:05:00+00:00 [queued]>
[2022-10-28T18:02:42.945+0000] {taskinstance.py:1362} INFO - 
--------------------------------------------------------------------------------
[2022-10-28T18:02:42.945+0000] {taskinstance.py:1363} INFO - Starting attempt 1 of 2
[2022-10-28T18:02:42.945+0000] {taskinstance.py:1364} INFO - 
--------------------------------------------------------------------------------
[2022-10-28T18:02:43.031+0000] {taskinstance.py:1383} INFO - Executing <Task(PythonOperator): get_hourly_demand> on 2022-10-28 13:05:00+00:00
[2022-10-28T18:02:43.058+0000] {standard_task_runner.py:55} INFO - Started process 1102 to run task
[2022-10-28T18:02:43.089+0000] {standard_task_runner.py:82} INFO - Running: ['***', 'tasks', 'run', 'get_hourly_demand_v2', 'get_hourly_demand', 'scheduled__2022-10-28T13:05:00+00:00', '--job-id', '61', '--raw', '--subdir', 'DAGS_FOLDER/hourly_demand_dag.py', '--cfg-path', '/tmp/tmpa9ea4xd8']
[2022-10-28T18:02:43.093+0000] {standard_task_runner.py:83} INFO - Job 61: Subtask get_hourly_demand
[2022-10-28T18:02:43.452+0000] {task_command.py:376} INFO - Running <TaskInstance: get_hourly_demand_v2.get_hourly_demand scheduled__2022-10-28T13:05:00+00:00 [running]> on host f011703e6eb5
[2022-10-28T18:02:43.884+0000] {taskinstance.py:1592} INFO - Exporting the following env vars:
AIRFLOW_CTX_DAG_EMAIL=colmo786@gmail.com
AIRFLOW_CTX_DAG_OWNER=energy
AIRFLOW_CTX_DAG_ID=get_hourly_demand_v2
AIRFLOW_CTX_TASK_ID=get_hourly_demand
AIRFLOW_CTX_EXECUTION_DATE=2022-10-28T13:05:00+00:00
AIRFLOW_CTX_TRY_NUMBER=1
AIRFLOW_CTX_DAG_RUN_ID=scheduled__2022-10-28T13:05:00+00:00
[2022-10-28T18:02:43.927+0000] {logging_mixin.py:120} WARNING - /home/***/.local/lib/python3.7/site-packages/***/utils/context.py:297 AirflowContextDeprecationWarning: Accessing 'execution_date' from the template is deprecated and will be removed in a future version. Please use 'data_interval_start' or 'logical_date' instead.
[2022-10-28T18:02:43.975+0000] {logging_mixin.py:120} INFO - INFO Module build_postgres_cnxn: DB Connection to host local_pgdb Ok
[2022-10-28T18:02:44.163+0000] {logging_mixin.py:120} INFO - INFO api_request_to_pandas: API request executed Ok. Number of records returned: 180
[2022-10-28T18:02:44.657+0000] {logging_mixin.py:120} INFO - INFO api_request_to_pandas: API request executed Ok. Number of records returned: 19
[2022-10-28T18:02:44.672+0000] {logging_mixin.py:120} INFO - INFO is_holiday. URL request for 2022-10-28 Ok.
[2022-10-28T18:02:44.709+0000] {logging_mixin.py:120} INFO - INFO get_hourly_demand - 14 records were upserted. Table cammesa_db.hourly_demand.
[2022-10-28T18:02:44.714+0000] {logging_mixin.py:120} INFO - INFO get_hourly_demand execution:  2022-10-28T13:05:00+00:00
[2022-10-28T18:02:44.715+0000] {python.py:177} INFO - Done. Returned value was: None
[2022-10-28T18:02:44.820+0000] {taskinstance.py:1406} INFO - Marking task as SUCCESS. dag_id=get_hourly_demand_v2, task_id=get_hourly_demand, execution_date=20221028T130500, start_date=20221028T180242, end_date=20221028T180244
[2022-10-28T18:02:45.017+0000] {local_task_job.py:164} INFO - Task exited with return code 0
[2022-10-28T18:02:45.355+0000] {local_task_job.py:273} INFO - 0 downstream tasks scheduled from follow-on schedule check
