[2022-10-28T13:44:30.222+0000] {taskinstance.py:1165} INFO - Dependencies all met for <TaskInstance: get_hourly_demand_v2.get_hourly_demand scheduled__2022-10-28T06:05:00+00:00 [queued]>
[2022-10-28T13:44:30.556+0000] {taskinstance.py:1165} INFO - Dependencies all met for <TaskInstance: get_hourly_demand_v2.get_hourly_demand scheduled__2022-10-28T06:05:00+00:00 [queued]>
[2022-10-28T13:44:30.556+0000] {taskinstance.py:1362} INFO - 
--------------------------------------------------------------------------------
[2022-10-28T13:44:30.556+0000] {taskinstance.py:1363} INFO - Starting attempt 1 of 2
[2022-10-28T13:44:30.556+0000] {taskinstance.py:1364} INFO - 
--------------------------------------------------------------------------------
[2022-10-28T13:44:31.080+0000] {taskinstance.py:1383} INFO - Executing <Task(PythonOperator): get_hourly_demand> on 2022-10-28 06:05:00+00:00
[2022-10-28T13:44:31.092+0000] {standard_task_runner.py:55} INFO - Started process 4662 to run task
[2022-10-28T13:44:31.350+0000] {standard_task_runner.py:82} INFO - Running: ['***', 'tasks', 'run', 'get_hourly_demand_v2', 'get_hourly_demand', 'scheduled__2022-10-28T06:05:00+00:00', '--job-id', '60', '--raw', '--subdir', 'DAGS_FOLDER/hourly_demand_dag.py', '--cfg-path', '/tmp/tmp518gfpgp']
[2022-10-28T13:44:31.507+0000] {standard_task_runner.py:83} INFO - Job 60: Subtask get_hourly_demand
[2022-10-28T13:44:33.051+0000] {task_command.py:376} INFO - Running <TaskInstance: get_hourly_demand_v2.get_hourly_demand scheduled__2022-10-28T06:05:00+00:00 [running]> on host 96776771a69f
[2022-10-28T13:44:34.954+0000] {taskinstance.py:1592} INFO - Exporting the following env vars:
AIRFLOW_CTX_DAG_EMAIL=colmo786@gmail.com
AIRFLOW_CTX_DAG_OWNER=energy
AIRFLOW_CTX_DAG_ID=get_hourly_demand_v2
AIRFLOW_CTX_TASK_ID=get_hourly_demand
AIRFLOW_CTX_EXECUTION_DATE=2022-10-28T06:05:00+00:00
AIRFLOW_CTX_TRY_NUMBER=1
AIRFLOW_CTX_DAG_RUN_ID=scheduled__2022-10-28T06:05:00+00:00
[2022-10-28T13:44:35.387+0000] {logging_mixin.py:120} WARNING - /home/***/.local/lib/python3.7/site-packages/***/utils/context.py:297 AirflowContextDeprecationWarning: Accessing 'execution_date' from the template is deprecated and will be removed in a future version. Please use 'data_interval_start' or 'logical_date' instead.
[2022-10-28T13:44:35.657+0000] {logging_mixin.py:120} INFO - INFO Module build_postgres_cnxn: DB Connection to host local_pgdb Ok
[2022-10-28T13:44:36.199+0000] {logging_mixin.py:120} INFO - INFO api_request_to_pandas: API request executed Ok. Number of records returned: 128
[2022-10-28T13:44:36.628+0000] {logging_mixin.py:120} INFO - INFO api_request_to_pandas: API request executed Ok. Number of records returned: 19
[2022-10-28T13:44:36.630+0000] {logging_mixin.py:120} INFO - INFO is_holiday. URL request for 2022-10-28 Ok.
[2022-10-28T13:44:36.713+0000] {logging_mixin.py:120} INFO - INFO get_hourly_demand - 10 records were upserted. Table cammesa_db.hourly_demand.
[2022-10-28T13:44:36.716+0000] {logging_mixin.py:120} INFO - INFO get_hourly_demand execution:  2022-10-28T06:05:00+00:00
[2022-10-28T13:44:36.716+0000] {python.py:177} INFO - Done. Returned value was: None
[2022-10-28T13:44:36.889+0000] {taskinstance.py:1406} INFO - Marking task as SUCCESS. dag_id=get_hourly_demand_v2, task_id=get_hourly_demand, execution_date=20221028T060500, start_date=20221028T134430, end_date=20221028T134436
[2022-10-28T13:44:37.298+0000] {local_task_job.py:164} INFO - Task exited with return code 0
[2022-10-28T13:44:37.551+0000] {local_task_job.py:273} INFO - 0 downstream tasks scheduled from follow-on schedule check
[2022-10-28T18:02:17.867+0000] {taskinstance.py:1165} INFO - Dependencies all met for <TaskInstance: get_hourly_demand_v2.get_hourly_demand scheduled__2022-10-28T06:05:00+00:00 [queued]>
[2022-10-28T18:02:18.012+0000] {taskinstance.py:1165} INFO - Dependencies all met for <TaskInstance: get_hourly_demand_v2.get_hourly_demand scheduled__2022-10-28T06:05:00+00:00 [queued]>
[2022-10-28T18:02:18.015+0000] {taskinstance.py:1362} INFO - 
--------------------------------------------------------------------------------
[2022-10-28T18:02:18.016+0000] {taskinstance.py:1363} INFO - Starting attempt 1 of 2
[2022-10-28T18:02:18.016+0000] {taskinstance.py:1364} INFO - 
--------------------------------------------------------------------------------
[2022-10-28T18:02:18.140+0000] {taskinstance.py:1383} INFO - Executing <Task(PythonOperator): get_hourly_demand> on 2022-10-28 06:05:00+00:00
[2022-10-28T18:02:18.170+0000] {standard_task_runner.py:82} INFO - Running: ['***', 'tasks', 'run', 'get_hourly_demand_v2', 'get_hourly_demand', 'scheduled__2022-10-28T06:05:00+00:00', '--job-id', '54', '--raw', '--subdir', 'DAGS_FOLDER/hourly_demand_dag.py', '--cfg-path', '/tmp/tmpae2urje0']
[2022-10-28T18:02:18.175+0000] {standard_task_runner.py:55} INFO - Started process 1061 to run task
[2022-10-28T18:02:18.203+0000] {standard_task_runner.py:83} INFO - Job 54: Subtask get_hourly_demand
[2022-10-28T18:02:18.775+0000] {task_command.py:376} INFO - Running <TaskInstance: get_hourly_demand_v2.get_hourly_demand scheduled__2022-10-28T06:05:00+00:00 [running]> on host f011703e6eb5
[2022-10-28T18:02:19.794+0000] {taskinstance.py:1592} INFO - Exporting the following env vars:
AIRFLOW_CTX_DAG_EMAIL=colmo786@gmail.com
AIRFLOW_CTX_DAG_OWNER=energy
AIRFLOW_CTX_DAG_ID=get_hourly_demand_v2
AIRFLOW_CTX_TASK_ID=get_hourly_demand
AIRFLOW_CTX_EXECUTION_DATE=2022-10-28T06:05:00+00:00
AIRFLOW_CTX_TRY_NUMBER=1
AIRFLOW_CTX_DAG_RUN_ID=scheduled__2022-10-28T06:05:00+00:00
[2022-10-28T18:02:19.847+0000] {logging_mixin.py:120} WARNING - /home/***/.local/lib/python3.7/site-packages/***/utils/context.py:297 AirflowContextDeprecationWarning: Accessing 'execution_date' from the template is deprecated and will be removed in a future version. Please use 'data_interval_start' or 'logical_date' instead.
[2022-10-28T18:02:19.868+0000] {logging_mixin.py:120} INFO - INFO Module build_postgres_cnxn: DB Connection to host local_pgdb Ok
[2022-10-28T18:02:20.000+0000] {logging_mixin.py:120} INFO - INFO api_request_to_pandas: API request executed Ok. Number of records returned: 180
[2022-10-28T18:02:20.460+0000] {logging_mixin.py:120} INFO - INFO api_request_to_pandas: API request executed Ok. Number of records returned: 19
[2022-10-28T18:02:20.473+0000] {logging_mixin.py:120} INFO - INFO is_holiday. URL request for 2022-10-28 Ok.
[2022-10-28T18:02:20.514+0000] {logging_mixin.py:120} INFO - INFO get_hourly_demand - 14 records were upserted. Table cammesa_db.hourly_demand.
[2022-10-28T18:02:20.536+0000] {logging_mixin.py:120} INFO - INFO get_hourly_demand execution:  2022-10-28T06:05:00+00:00
[2022-10-28T18:02:20.537+0000] {python.py:177} INFO - Done. Returned value was: None
[2022-10-28T18:02:20.676+0000] {taskinstance.py:1406} INFO - Marking task as SUCCESS. dag_id=get_hourly_demand_v2, task_id=get_hourly_demand, execution_date=20221028T060500, start_date=20221028T180217, end_date=20221028T180220
[2022-10-28T18:02:20.846+0000] {local_task_job.py:164} INFO - Task exited with return code 0
[2022-10-28T18:02:20.934+0000] {local_task_job.py:273} INFO - 0 downstream tasks scheduled from follow-on schedule check
