[2022-10-28T19:13:32.337+0000] {taskinstance.py:1165} INFO - Dependencies all met for <TaskInstance: ENG_hourly_process_v1.get_hourly_demand scheduled__2022-10-26T18:05:00+00:00 [queued]>
[2022-10-28T19:13:32.365+0000] {taskinstance.py:1165} INFO - Dependencies all met for <TaskInstance: ENG_hourly_process_v1.get_hourly_demand scheduled__2022-10-26T18:05:00+00:00 [queued]>
[2022-10-28T19:13:32.366+0000] {taskinstance.py:1362} INFO - 
--------------------------------------------------------------------------------
[2022-10-28T19:13:32.366+0000] {taskinstance.py:1363} INFO - Starting attempt 1 of 2
[2022-10-28T19:13:32.366+0000] {taskinstance.py:1364} INFO - 
--------------------------------------------------------------------------------
[2022-10-28T19:13:32.402+0000] {taskinstance.py:1383} INFO - Executing <Task(PythonOperator): get_hourly_demand> on 2022-10-26 18:05:00+00:00
[2022-10-28T19:13:32.417+0000] {standard_task_runner.py:55} INFO - Started process 6461 to run task
[2022-10-28T19:13:32.422+0000] {standard_task_runner.py:82} INFO - Running: ['***', 'tasks', 'run', 'ENG_hourly_process_v1', 'get_hourly_demand', 'scheduled__2022-10-26T18:05:00+00:00', '--job-id', '103', '--raw', '--subdir', 'DAGS_FOLDER/ENG_hourly_process_dag.py', '--cfg-path', '/tmp/tmphyqb93c1']
[2022-10-28T19:13:32.426+0000] {standard_task_runner.py:83} INFO - Job 103: Subtask get_hourly_demand
[2022-10-28T19:13:32.650+0000] {task_command.py:376} INFO - Running <TaskInstance: ENG_hourly_process_v1.get_hourly_demand scheduled__2022-10-26T18:05:00+00:00 [running]> on host f011703e6eb5
[2022-10-28T19:13:32.871+0000] {taskinstance.py:1592} INFO - Exporting the following env vars:
AIRFLOW_CTX_DAG_EMAIL=colmo786@gmail.com
AIRFLOW_CTX_DAG_OWNER=energy
AIRFLOW_CTX_DAG_ID=ENG_hourly_process_v1
AIRFLOW_CTX_TASK_ID=get_hourly_demand
AIRFLOW_CTX_EXECUTION_DATE=2022-10-26T18:05:00+00:00
AIRFLOW_CTX_TRY_NUMBER=1
AIRFLOW_CTX_DAG_RUN_ID=scheduled__2022-10-26T18:05:00+00:00
[2022-10-28T19:13:32.901+0000] {logging_mixin.py:120} WARNING - /home/***/.local/lib/python3.7/site-packages/***/utils/context.py:297 AirflowContextDeprecationWarning: Accessing 'execution_date' from the template is deprecated and will be removed in a future version. Please use 'data_interval_start' or 'logical_date' instead.
[2022-10-28T19:13:32.920+0000] {logging_mixin.py:120} INFO - INFO Module build_postgres_cnxn: DB Connection to host local_pgdb Ok
[2022-10-28T19:13:33.081+0000] {logging_mixin.py:120} INFO - INFO api_request_to_pandas: API request executed Ok. Number of records returned: 288
[2022-10-28T19:13:33.449+0000] {logging_mixin.py:120} INFO - INFO api_request_to_pandas: API request executed Ok. Number of records returned: 19
[2022-10-28T19:13:33.452+0000] {logging_mixin.py:120} INFO - INFO is_holiday. URL request for 2022-10-26 Ok.
[2022-10-28T19:13:33.479+0000] {logging_mixin.py:120} INFO - INFO get_hourly_demand - 24 records were upserted. Table cammesa_db.hourly_demand.
[2022-10-28T19:13:33.479+0000] {logging_mixin.py:120} INFO - INFO get_hourly_demand execution:  2022-10-26T18:05:00+00:00
[2022-10-28T19:13:33.480+0000] {python.py:177} INFO - Done. Returned value was: None
[2022-10-28T19:13:33.514+0000] {taskinstance.py:1406} INFO - Marking task as SUCCESS. dag_id=ENG_hourly_process_v1, task_id=get_hourly_demand, execution_date=20221026T180500, start_date=20221028T191332, end_date=20221028T191333
[2022-10-28T19:13:33.640+0000] {local_task_job.py:164} INFO - Task exited with return code 0
[2022-10-28T19:13:33.741+0000] {local_task_job.py:273} INFO - 1 downstream tasks scheduled from follow-on schedule check
[2022-10-29T00:35:57.381+0000] {taskinstance.py:1165} INFO - Dependencies all met for <TaskInstance: ENG_hourly_process_v1.get_hourly_demand scheduled__2022-10-26T18:05:00+00:00 [queued]>
[2022-10-29T00:35:57.509+0000] {taskinstance.py:1165} INFO - Dependencies all met for <TaskInstance: ENG_hourly_process_v1.get_hourly_demand scheduled__2022-10-26T18:05:00+00:00 [queued]>
[2022-10-29T00:35:57.516+0000] {taskinstance.py:1362} INFO - 
--------------------------------------------------------------------------------
[2022-10-29T00:35:57.517+0000] {taskinstance.py:1363} INFO - Starting attempt 1 of 2
[2022-10-29T00:35:57.517+0000] {taskinstance.py:1364} INFO - 
--------------------------------------------------------------------------------
[2022-10-29T00:35:57.755+0000] {taskinstance.py:1383} INFO - Executing <Task(PythonOperator): get_hourly_demand> on 2022-10-26 18:05:00+00:00
[2022-10-29T00:35:57.805+0000] {standard_task_runner.py:55} INFO - Started process 840 to run task
[2022-10-29T00:35:57.841+0000] {standard_task_runner.py:82} INFO - Running: ['***', 'tasks', 'run', 'ENG_hourly_process_v1', 'get_hourly_demand', 'scheduled__2022-10-26T18:05:00+00:00', '--job-id', '35', '--raw', '--subdir', 'DAGS_FOLDER/ENG_hourly_process_dag.py', '--cfg-path', '/tmp/tmp0jzuh0t8']
[2022-10-29T00:35:57.846+0000] {standard_task_runner.py:83} INFO - Job 35: Subtask get_hourly_demand
[2022-10-29T00:35:58.532+0000] {task_command.py:376} INFO - Running <TaskInstance: ENG_hourly_process_v1.get_hourly_demand scheduled__2022-10-26T18:05:00+00:00 [running]> on host 6800cd8e39a3
[2022-10-29T00:35:59.917+0000] {taskinstance.py:1592} INFO - Exporting the following env vars:
AIRFLOW_CTX_DAG_EMAIL=colmo786@gmail.com
AIRFLOW_CTX_DAG_OWNER=energy
AIRFLOW_CTX_DAG_ID=ENG_hourly_process_v1
AIRFLOW_CTX_TASK_ID=get_hourly_demand
AIRFLOW_CTX_EXECUTION_DATE=2022-10-26T18:05:00+00:00
AIRFLOW_CTX_TRY_NUMBER=1
AIRFLOW_CTX_DAG_RUN_ID=scheduled__2022-10-26T18:05:00+00:00
[2022-10-29T00:35:59.963+0000] {logging_mixin.py:120} WARNING - /home/***/.local/lib/python3.7/site-packages/***/utils/context.py:297 AirflowContextDeprecationWarning: Accessing 'execution_date' from the template is deprecated and will be removed in a future version. Please use 'data_interval_start' or 'logical_date' instead.
[2022-10-29T00:36:00.009+0000] {logging_mixin.py:120} INFO - INFO Module build_postgres_cnxn: DB Connection to host local_pgdb Ok
[2022-10-29T00:36:00.252+0000] {logging_mixin.py:120} INFO - INFO api_request_to_pandas: API request executed Ok. Number of records returned: 288
[2022-10-29T00:36:00.742+0000] {logging_mixin.py:120} INFO - INFO api_request_to_pandas: API request executed Ok. Number of records returned: 19
[2022-10-29T00:36:00.840+0000] {logging_mixin.py:120} INFO - INFO is_holiday. URL request for 2022-10-26 Ok.
[2022-10-29T00:36:00.976+0000] {logging_mixin.py:120} INFO - INFO get_hourly_demand - 24 records were upserted. Table cammesa_db.hourly_demand.
[2022-10-29T00:36:00.980+0000] {logging_mixin.py:120} INFO - INFO get_hourly_demand execution:  2022-10-26T18:05:00+00:00
[2022-10-29T00:36:00.981+0000] {python.py:177} INFO - Done. Returned value was: None
[2022-10-29T00:36:01.121+0000] {taskinstance.py:1406} INFO - Marking task as SUCCESS. dag_id=ENG_hourly_process_v1, task_id=get_hourly_demand, execution_date=20221026T180500, start_date=20221029T003557, end_date=20221029T003601
[2022-10-29T00:36:01.321+0000] {local_task_job.py:164} INFO - Task exited with return code 0
[2022-10-29T00:36:01.685+0000] {local_task_job.py:273} INFO - 1 downstream tasks scheduled from follow-on schedule check
