[2022-10-28T19:19:07.053+0000] {taskinstance.py:1165} INFO - Dependencies all met for <TaskInstance: ENG_hourly_process_v1.get_hourly_demand scheduled__2022-10-27T13:05:00+00:00 [queued]>
[2022-10-28T19:19:07.179+0000] {taskinstance.py:1165} INFO - Dependencies all met for <TaskInstance: ENG_hourly_process_v1.get_hourly_demand scheduled__2022-10-27T13:05:00+00:00 [queued]>
[2022-10-28T19:19:07.179+0000] {taskinstance.py:1362} INFO - 
--------------------------------------------------------------------------------
[2022-10-28T19:19:07.179+0000] {taskinstance.py:1363} INFO - Starting attempt 1 of 2
[2022-10-28T19:19:07.180+0000] {taskinstance.py:1364} INFO - 
--------------------------------------------------------------------------------
[2022-10-28T19:19:07.398+0000] {taskinstance.py:1383} INFO - Executing <Task(PythonOperator): get_hourly_demand> on 2022-10-27 13:05:00+00:00
[2022-10-28T19:19:07.569+0000] {standard_task_runner.py:55} INFO - Started process 6881 to run task
[2022-10-28T19:19:07.650+0000] {standard_task_runner.py:82} INFO - Running: ['***', 'tasks', 'run', 'ENG_hourly_process_v1', 'get_hourly_demand', 'scheduled__2022-10-27T13:05:00+00:00', '--job-id', '118', '--raw', '--subdir', 'DAGS_FOLDER/ENG_hourly_process_dag.py', '--cfg-path', '/tmp/tmpz25a416s']
[2022-10-28T19:19:07.702+0000] {standard_task_runner.py:83} INFO - Job 118: Subtask get_hourly_demand
[2022-10-28T19:19:09.660+0000] {task_command.py:376} INFO - Running <TaskInstance: ENG_hourly_process_v1.get_hourly_demand scheduled__2022-10-27T13:05:00+00:00 [running]> on host f011703e6eb5
[2022-10-28T19:19:10.979+0000] {taskinstance.py:1592} INFO - Exporting the following env vars:
AIRFLOW_CTX_DAG_EMAIL=colmo786@gmail.com
AIRFLOW_CTX_DAG_OWNER=energy
AIRFLOW_CTX_DAG_ID=ENG_hourly_process_v1
AIRFLOW_CTX_TASK_ID=get_hourly_demand
AIRFLOW_CTX_EXECUTION_DATE=2022-10-27T13:05:00+00:00
AIRFLOW_CTX_TRY_NUMBER=1
AIRFLOW_CTX_DAG_RUN_ID=scheduled__2022-10-27T13:05:00+00:00
[2022-10-28T19:19:11.076+0000] {logging_mixin.py:120} WARNING - /home/***/.local/lib/python3.7/site-packages/***/utils/context.py:297 AirflowContextDeprecationWarning: Accessing 'execution_date' from the template is deprecated and will be removed in a future version. Please use 'data_interval_start' or 'logical_date' instead.
[2022-10-28T19:19:11.156+0000] {logging_mixin.py:120} INFO - INFO Module build_postgres_cnxn: DB Connection to host local_pgdb Ok
[2022-10-28T19:19:11.945+0000] {logging_mixin.py:120} INFO - INFO api_request_to_pandas: API request executed Ok. Number of records returned: 288
[2022-10-28T19:19:12.748+0000] {logging_mixin.py:120} INFO - INFO api_request_to_pandas: API request executed Ok. Number of records returned: 19
[2022-10-28T19:19:12.750+0000] {logging_mixin.py:120} INFO - INFO is_holiday. URL request for 2022-10-27 Ok.
[2022-10-28T19:19:12.908+0000] {logging_mixin.py:120} INFO - INFO get_hourly_demand - 24 records were upserted. Table cammesa_db.hourly_demand.
[2022-10-28T19:19:12.911+0000] {logging_mixin.py:120} INFO - INFO get_hourly_demand execution:  2022-10-27T13:05:00+00:00
[2022-10-28T19:19:12.911+0000] {python.py:177} INFO - Done. Returned value was: None
[2022-10-28T19:19:13.044+0000] {taskinstance.py:1406} INFO - Marking task as SUCCESS. dag_id=ENG_hourly_process_v1, task_id=get_hourly_demand, execution_date=20221027T130500, start_date=20221028T191907, end_date=20221028T191913
[2022-10-28T19:19:13.406+0000] {local_task_job.py:164} INFO - Task exited with return code 0
[2022-10-28T19:19:13.736+0000] {local_task_job.py:273} INFO - 1 downstream tasks scheduled from follow-on schedule check
