[2022-10-28T18:02:30.539+0000] {taskinstance.py:1165} INFO - Dependencies all met for <TaskInstance: get_hourly_demand_v2.get_hourly_demand scheduled__2022-10-27T07:05:00+00:00 [queued]>
[2022-10-28T18:02:30.848+0000] {taskinstance.py:1165} INFO - Dependencies all met for <TaskInstance: get_hourly_demand_v2.get_hourly_demand scheduled__2022-10-27T07:05:00+00:00 [queued]>
[2022-10-28T18:02:30.850+0000] {taskinstance.py:1362} INFO - 
--------------------------------------------------------------------------------
[2022-10-28T18:02:30.850+0000] {taskinstance.py:1363} INFO - Starting attempt 2 of 2
[2022-10-28T18:02:30.850+0000] {taskinstance.py:1364} INFO - 
--------------------------------------------------------------------------------
[2022-10-28T18:02:31.075+0000] {taskinstance.py:1383} INFO - Executing <Task(PythonOperator): get_hourly_demand> on 2022-10-27 07:05:00+00:00
[2022-10-28T18:02:31.105+0000] {standard_task_runner.py:55} INFO - Started process 1090 to run task
[2022-10-28T18:02:31.110+0000] {standard_task_runner.py:82} INFO - Running: ['***', 'tasks', 'run', 'get_hourly_demand_v2', 'get_hourly_demand', 'scheduled__2022-10-27T07:05:00+00:00', '--job-id', '59', '--raw', '--subdir', 'DAGS_FOLDER/hourly_demand_dag.py', '--cfg-path', '/tmp/tmp25qgl71z']
[2022-10-28T18:02:31.125+0000] {standard_task_runner.py:83} INFO - Job 59: Subtask get_hourly_demand
[2022-10-28T18:02:31.318+0000] {task_command.py:376} INFO - Running <TaskInstance: get_hourly_demand_v2.get_hourly_demand scheduled__2022-10-27T07:05:00+00:00 [running]> on host f011703e6eb5
[2022-10-28T18:02:31.628+0000] {taskinstance.py:1592} INFO - Exporting the following env vars:
AIRFLOW_CTX_DAG_EMAIL=colmo786@gmail.com
AIRFLOW_CTX_DAG_OWNER=energy
AIRFLOW_CTX_DAG_ID=get_hourly_demand_v2
AIRFLOW_CTX_TASK_ID=get_hourly_demand
AIRFLOW_CTX_EXECUTION_DATE=2022-10-27T07:05:00+00:00
AIRFLOW_CTX_TRY_NUMBER=2
AIRFLOW_CTX_DAG_RUN_ID=scheduled__2022-10-27T07:05:00+00:00
[2022-10-28T18:02:31.720+0000] {logging_mixin.py:120} WARNING - /home/***/.local/lib/python3.7/site-packages/***/utils/context.py:297 AirflowContextDeprecationWarning: Accessing 'execution_date' from the template is deprecated and will be removed in a future version. Please use 'data_interval_start' or 'logical_date' instead.
[2022-10-28T18:02:31.757+0000] {logging_mixin.py:120} INFO - INFO Module build_postgres_cnxn: DB Connection to host local_pgdb Ok
[2022-10-28T18:02:31.959+0000] {logging_mixin.py:120} INFO - INFO api_request_to_pandas: API request executed Ok. Number of records returned: 288
[2022-10-28T18:02:32.454+0000] {logging_mixin.py:120} INFO - INFO api_request_to_pandas: API request executed Ok. Number of records returned: 19
[2022-10-28T18:02:32.457+0000] {logging_mixin.py:120} INFO - INFO is_holiday. URL request for 2022-10-27 Ok.
[2022-10-28T18:02:32.486+0000] {logging_mixin.py:120} INFO - INFO get_hourly_demand - 24 records were upserted. Table cammesa_db.hourly_demand.
[2022-10-28T18:02:32.488+0000] {logging_mixin.py:120} INFO - INFO get_hourly_demand execution:  2022-10-27T07:05:00+00:00
[2022-10-28T18:02:32.489+0000] {python.py:177} INFO - Done. Returned value was: None
[2022-10-28T18:02:32.509+0000] {taskinstance.py:1406} INFO - Marking task as SUCCESS. dag_id=get_hourly_demand_v2, task_id=get_hourly_demand, execution_date=20221027T070500, start_date=20221028T180230, end_date=20221028T180232
[2022-10-28T18:02:32.649+0000] {local_task_job.py:164} INFO - Task exited with return code 0
[2022-10-28T18:02:32.813+0000] {local_task_job.py:273} INFO - 0 downstream tasks scheduled from follow-on schedule check
