[2022-10-27T00:05:11.910+0000] {taskinstance.py:1165} INFO - Dependencies all met for <TaskInstance: get_hourly_demand_v2.get_hourly_demand scheduled__2022-10-26T23:05:00+00:00 [queued]>
[2022-10-27T00:05:11.924+0000] {taskinstance.py:1165} INFO - Dependencies all met for <TaskInstance: get_hourly_demand_v2.get_hourly_demand scheduled__2022-10-26T23:05:00+00:00 [queued]>
[2022-10-27T00:05:11.924+0000] {taskinstance.py:1362} INFO - 
--------------------------------------------------------------------------------
[2022-10-27T00:05:11.924+0000] {taskinstance.py:1363} INFO - Starting attempt 1 of 2
[2022-10-27T00:05:11.925+0000] {taskinstance.py:1364} INFO - 
--------------------------------------------------------------------------------
[2022-10-27T00:05:11.969+0000] {taskinstance.py:1383} INFO - Executing <Task(PythonOperator): get_hourly_demand> on 2022-10-26 23:05:00+00:00
[2022-10-27T00:05:11.974+0000] {standard_task_runner.py:55} INFO - Started process 5007 to run task
[2022-10-27T00:05:11.981+0000] {standard_task_runner.py:82} INFO - Running: ['***', 'tasks', 'run', 'get_hourly_demand_v2', 'get_hourly_demand', 'scheduled__2022-10-26T23:05:00+00:00', '--job-id', '28', '--raw', '--subdir', 'DAGS_FOLDER/hourly_demand_dag.py', '--cfg-path', '/tmp/tmppoinebag']
[2022-10-27T00:05:11.984+0000] {standard_task_runner.py:83} INFO - Job 28: Subtask get_hourly_demand
[2022-10-27T00:05:12.547+0000] {task_command.py:376} INFO - Running <TaskInstance: get_hourly_demand_v2.get_hourly_demand scheduled__2022-10-26T23:05:00+00:00 [running]> on host b19062265769
[2022-10-27T00:05:17.536+0000] {taskinstance.py:1592} INFO - Exporting the following env vars:
AIRFLOW_CTX_DAG_EMAIL=colmo786@gmail.com
AIRFLOW_CTX_DAG_OWNER=energy
AIRFLOW_CTX_DAG_ID=get_hourly_demand_v2
AIRFLOW_CTX_TASK_ID=get_hourly_demand
AIRFLOW_CTX_EXECUTION_DATE=2022-10-26T23:05:00+00:00
AIRFLOW_CTX_TRY_NUMBER=1
AIRFLOW_CTX_DAG_RUN_ID=scheduled__2022-10-26T23:05:00+00:00
[2022-10-27T00:05:17.569+0000] {logging_mixin.py:120} WARNING - /home/***/.local/lib/python3.7/site-packages/***/utils/context.py:297 AirflowContextDeprecationWarning: Accessing 'execution_date' from the template is deprecated and will be removed in a future version. Please use 'data_interval_start' or 'logical_date' instead.
[2022-10-27T00:05:17.603+0000] {logging_mixin.py:120} INFO - INFO Module build_postgres_cnxn: DB Connection to host local_pgdb Ok
[2022-10-27T00:05:40.315+0000] {logging_mixin.py:120} INFO - INFO api_request_to_pandas: API request executed Ok. Number of records returned: 252
[2022-10-27T00:05:46.304+0000] {logging_mixin.py:120} INFO - INFO api_request_to_pandas: API request executed Ok. Number of records returned: 19
[2022-10-27T00:05:46.320+0000] {logging_mixin.py:120} INFO - INFO is_holiday. URL request for 2022-10-26 Ok.
[2022-10-27T00:05:48.807+0000] {logging_mixin.py:120} INFO - INFO get_hourly_demand - 21 records were upserted. Table cammesa_db.hourly_demand.
[2022-10-27T00:05:48.810+0000] {logging_mixin.py:120} INFO - INFO get_hourly_demand execution:  2022-10-26T23:05:00+00:00
[2022-10-27T00:05:48.810+0000] {python.py:177} INFO - Done. Returned value was: None
[2022-10-27T00:05:48.841+0000] {taskinstance.py:1406} INFO - Marking task as SUCCESS. dag_id=get_hourly_demand_v2, task_id=get_hourly_demand, execution_date=20221026T230500, start_date=20221027T000511, end_date=20221027T000548
[2022-10-27T00:05:48.945+0000] {local_task_job.py:164} INFO - Task exited with return code 0
[2022-10-27T00:05:48.992+0000] {local_task_job.py:273} INFO - 0 downstream tasks scheduled from follow-on schedule check
[2022-10-28T03:14:17.052+0000] {taskinstance.py:1165} INFO - Dependencies all met for <TaskInstance: get_hourly_demand_v2.get_hourly_demand scheduled__2022-10-26T23:05:00+00:00 [queued]>
[2022-10-28T03:14:17.082+0000] {taskinstance.py:1165} INFO - Dependencies all met for <TaskInstance: get_hourly_demand_v2.get_hourly_demand scheduled__2022-10-26T23:05:00+00:00 [queued]>
[2022-10-28T03:14:17.082+0000] {taskinstance.py:1362} INFO - 
--------------------------------------------------------------------------------
[2022-10-28T03:14:17.082+0000] {taskinstance.py:1363} INFO - Starting attempt 1 of 2
[2022-10-28T03:14:17.082+0000] {taskinstance.py:1364} INFO - 
--------------------------------------------------------------------------------
[2022-10-28T03:14:17.127+0000] {taskinstance.py:1383} INFO - Executing <Task(PythonOperator): get_hourly_demand> on 2022-10-26 23:05:00+00:00
[2022-10-28T03:14:17.132+0000] {standard_task_runner.py:55} INFO - Started process 710 to run task
[2022-10-28T03:14:17.136+0000] {standard_task_runner.py:82} INFO - Running: ['***', 'tasks', 'run', 'get_hourly_demand_v2', 'get_hourly_demand', 'scheduled__2022-10-26T23:05:00+00:00', '--job-id', '26', '--raw', '--subdir', 'DAGS_FOLDER/hourly_demand_dag.py', '--cfg-path', '/tmp/tmpgayq4yfy']
[2022-10-28T03:14:17.138+0000] {standard_task_runner.py:83} INFO - Job 26: Subtask get_hourly_demand
[2022-10-28T03:14:17.339+0000] {task_command.py:376} INFO - Running <TaskInstance: get_hourly_demand_v2.get_hourly_demand scheduled__2022-10-26T23:05:00+00:00 [running]> on host 96776771a69f
[2022-10-28T03:14:17.565+0000] {taskinstance.py:1592} INFO - Exporting the following env vars:
AIRFLOW_CTX_DAG_EMAIL=colmo786@gmail.com
AIRFLOW_CTX_DAG_OWNER=energy
AIRFLOW_CTX_DAG_ID=get_hourly_demand_v2
AIRFLOW_CTX_TASK_ID=get_hourly_demand
AIRFLOW_CTX_EXECUTION_DATE=2022-10-26T23:05:00+00:00
AIRFLOW_CTX_TRY_NUMBER=1
AIRFLOW_CTX_DAG_RUN_ID=scheduled__2022-10-26T23:05:00+00:00
[2022-10-28T03:14:17.583+0000] {logging_mixin.py:120} WARNING - /home/***/.local/lib/python3.7/site-packages/***/utils/context.py:297 AirflowContextDeprecationWarning: Accessing 'execution_date' from the template is deprecated and will be removed in a future version. Please use 'data_interval_start' or 'logical_date' instead.
[2022-10-28T03:14:17.602+0000] {logging_mixin.py:120} INFO - INFO Module build_postgres_cnxn: DB Connection to host local_pgdb Ok
[2022-10-28T03:14:17.748+0000] {logging_mixin.py:120} INFO - INFO api_request_to_pandas: API request executed Ok. Number of records returned: 288
[2022-10-28T03:14:18.083+0000] {logging_mixin.py:120} INFO - INFO api_request_to_pandas: API request executed Ok. Number of records returned: 19
[2022-10-28T03:14:18.085+0000] {logging_mixin.py:120} INFO - INFO is_holiday. URL request for 2022-10-26 Ok.
[2022-10-28T03:14:18.098+0000] {logging_mixin.py:120} INFO - INFO get_hourly_demand - 24 records were upserted. Table cammesa_db.hourly_demand.
[2022-10-28T03:14:18.098+0000] {logging_mixin.py:120} INFO - INFO get_hourly_demand execution:  2022-10-26T23:05:00+00:00
[2022-10-28T03:14:18.098+0000] {python.py:177} INFO - Done. Returned value was: None
[2022-10-28T03:14:18.125+0000] {taskinstance.py:1406} INFO - Marking task as SUCCESS. dag_id=get_hourly_demand_v2, task_id=get_hourly_demand, execution_date=20221026T230500, start_date=20221028T031417, end_date=20221028T031418
[2022-10-28T03:14:18.185+0000] {local_task_job.py:164} INFO - Task exited with return code 0
[2022-10-28T03:14:18.209+0000] {local_task_job.py:273} INFO - 0 downstream tasks scheduled from follow-on schedule check
[2022-10-28T17:59:39.566+0000] {taskinstance.py:1165} INFO - Dependencies all met for <TaskInstance: get_hourly_demand_v2.get_hourly_demand scheduled__2022-10-26T23:05:00+00:00 [queued]>
[2022-10-28T17:59:39.750+0000] {taskinstance.py:1165} INFO - Dependencies all met for <TaskInstance: get_hourly_demand_v2.get_hourly_demand scheduled__2022-10-26T23:05:00+00:00 [queued]>
[2022-10-28T17:59:39.750+0000] {taskinstance.py:1362} INFO - 
--------------------------------------------------------------------------------
[2022-10-28T17:59:39.751+0000] {taskinstance.py:1363} INFO - Starting attempt 1 of 2
[2022-10-28T17:59:39.751+0000] {taskinstance.py:1364} INFO - 
--------------------------------------------------------------------------------
[2022-10-28T17:59:39.970+0000] {taskinstance.py:1383} INFO - Executing <Task(PythonOperator): get_hourly_demand> on 2022-10-26 23:05:00+00:00
[2022-10-28T17:59:40.131+0000] {standard_task_runner.py:55} INFO - Started process 849 to run task
[2022-10-28T17:59:40.169+0000] {standard_task_runner.py:82} INFO - Running: ['***', 'tasks', 'run', 'get_hourly_demand_v2', 'get_hourly_demand', 'scheduled__2022-10-26T23:05:00+00:00', '--job-id', '19', '--raw', '--subdir', 'DAGS_FOLDER/hourly_demand_dag.py', '--cfg-path', '/tmp/tmprje1qmr2']
[2022-10-28T17:59:40.213+0000] {standard_task_runner.py:83} INFO - Job 19: Subtask get_hourly_demand
[2022-10-28T17:59:40.997+0000] {task_command.py:376} INFO - Running <TaskInstance: get_hourly_demand_v2.get_hourly_demand scheduled__2022-10-26T23:05:00+00:00 [running]> on host f011703e6eb5
[2022-10-28T17:59:41.665+0000] {taskinstance.py:1592} INFO - Exporting the following env vars:
AIRFLOW_CTX_DAG_EMAIL=colmo786@gmail.com
AIRFLOW_CTX_DAG_OWNER=energy
AIRFLOW_CTX_DAG_ID=get_hourly_demand_v2
AIRFLOW_CTX_TASK_ID=get_hourly_demand
AIRFLOW_CTX_EXECUTION_DATE=2022-10-26T23:05:00+00:00
AIRFLOW_CTX_TRY_NUMBER=1
AIRFLOW_CTX_DAG_RUN_ID=scheduled__2022-10-26T23:05:00+00:00
[2022-10-28T17:59:41.695+0000] {logging_mixin.py:120} WARNING - /home/***/.local/lib/python3.7/site-packages/***/utils/context.py:297 AirflowContextDeprecationWarning: Accessing 'execution_date' from the template is deprecated and will be removed in a future version. Please use 'data_interval_start' or 'logical_date' instead.
[2022-10-28T17:59:41.739+0000] {logging_mixin.py:120} INFO - INFO Module build_postgres_cnxn: DB Connection to host local_pgdb Ok
[2022-10-28T17:59:42.078+0000] {logging_mixin.py:120} INFO - INFO api_request_to_pandas: API request executed Ok. Number of records returned: 288
[2022-10-28T17:59:42.515+0000] {logging_mixin.py:120} INFO - INFO api_request_to_pandas: API request executed Ok. Number of records returned: 19
[2022-10-28T17:59:42.518+0000] {logging_mixin.py:120} INFO - INFO is_holiday. URL request for 2022-10-26 Ok.
[2022-10-28T17:59:42.653+0000] {logging_mixin.py:120} INFO - INFO get_hourly_demand - 24 records were upserted. Table cammesa_db.hourly_demand.
[2022-10-28T17:59:42.656+0000] {logging_mixin.py:120} INFO - INFO get_hourly_demand execution:  2022-10-26T23:05:00+00:00
[2022-10-28T17:59:42.656+0000] {python.py:177} INFO - Done. Returned value was: None
[2022-10-28T17:59:42.887+0000] {taskinstance.py:1406} INFO - Marking task as SUCCESS. dag_id=get_hourly_demand_v2, task_id=get_hourly_demand, execution_date=20221026T230500, start_date=20221028T175939, end_date=20221028T175942
[2022-10-28T17:59:43.372+0000] {local_task_job.py:164} INFO - Task exited with return code 0
[2022-10-28T17:59:43.719+0000] {local_task_job.py:273} INFO - 0 downstream tasks scheduled from follow-on schedule check
