[2022-10-28T13:44:11.209+0000] {taskinstance.py:1165} INFO - Dependencies all met for <TaskInstance: get_hourly_demand_v2.get_hourly_demand scheduled__2022-10-28T04:05:00+00:00 [queued]>
[2022-10-28T13:44:12.214+0000] {taskinstance.py:1165} INFO - Dependencies all met for <TaskInstance: get_hourly_demand_v2.get_hourly_demand scheduled__2022-10-28T04:05:00+00:00 [queued]>
[2022-10-28T13:44:12.214+0000] {taskinstance.py:1362} INFO - 
--------------------------------------------------------------------------------
[2022-10-28T13:44:12.214+0000] {taskinstance.py:1363} INFO - Starting attempt 1 of 2
[2022-10-28T13:44:12.214+0000] {taskinstance.py:1364} INFO - 
--------------------------------------------------------------------------------
[2022-10-28T13:44:14.109+0000] {taskinstance.py:1383} INFO - Executing <Task(PythonOperator): get_hourly_demand> on 2022-10-28 04:05:00+00:00
[2022-10-28T13:44:14.132+0000] {standard_task_runner.py:55} INFO - Started process 4638 to run task
[2022-10-28T13:44:14.379+0000] {standard_task_runner.py:82} INFO - Running: ['***', 'tasks', 'run', 'get_hourly_demand_v2', 'get_hourly_demand', 'scheduled__2022-10-28T04:05:00+00:00', '--job-id', '56', '--raw', '--subdir', 'DAGS_FOLDER/hourly_demand_dag.py', '--cfg-path', '/tmp/tmphszf_n2d']
[2022-10-28T13:44:14.415+0000] {standard_task_runner.py:83} INFO - Job 56: Subtask get_hourly_demand
[2022-10-28T13:44:20.197+0000] {task_command.py:376} INFO - Running <TaskInstance: get_hourly_demand_v2.get_hourly_demand scheduled__2022-10-28T04:05:00+00:00 [running]> on host 96776771a69f
[2022-10-28T13:44:23.871+0000] {taskinstance.py:1592} INFO - Exporting the following env vars:
AIRFLOW_CTX_DAG_EMAIL=colmo786@gmail.com
AIRFLOW_CTX_DAG_OWNER=energy
AIRFLOW_CTX_DAG_ID=get_hourly_demand_v2
AIRFLOW_CTX_TASK_ID=get_hourly_demand
AIRFLOW_CTX_EXECUTION_DATE=2022-10-28T04:05:00+00:00
AIRFLOW_CTX_TRY_NUMBER=1
AIRFLOW_CTX_DAG_RUN_ID=scheduled__2022-10-28T04:05:00+00:00
[2022-10-28T13:44:24.353+0000] {logging_mixin.py:120} WARNING - /home/***/.local/lib/python3.7/site-packages/***/utils/context.py:297 AirflowContextDeprecationWarning: Accessing 'execution_date' from the template is deprecated and will be removed in a future version. Please use 'data_interval_start' or 'logical_date' instead.
[2022-10-28T13:44:25.063+0000] {logging_mixin.py:120} INFO - INFO Module build_postgres_cnxn: DB Connection to host local_pgdb Ok
[2022-10-28T13:44:25.939+0000] {logging_mixin.py:120} INFO - INFO api_request_to_pandas: API request executed Ok. Number of records returned: 128
[2022-10-28T13:44:27.152+0000] {logging_mixin.py:120} INFO - INFO api_request_to_pandas: API request executed Ok. Number of records returned: 19
[2022-10-28T13:44:27.157+0000] {logging_mixin.py:120} INFO - INFO is_holiday. URL request for 2022-10-28 Ok.
[2022-10-28T13:44:27.215+0000] {logging_mixin.py:120} INFO - INFO get_hourly_demand - 10 records were upserted. Table cammesa_db.hourly_demand.
[2022-10-28T13:44:27.217+0000] {logging_mixin.py:120} INFO - INFO get_hourly_demand execution:  2022-10-28T04:05:00+00:00
[2022-10-28T13:44:27.218+0000] {python.py:177} INFO - Done. Returned value was: None
[2022-10-28T13:44:27.387+0000] {taskinstance.py:1406} INFO - Marking task as SUCCESS. dag_id=get_hourly_demand_v2, task_id=get_hourly_demand, execution_date=20221028T040500, start_date=20221028T134411, end_date=20221028T134427
[2022-10-28T13:44:27.763+0000] {local_task_job.py:164} INFO - Task exited with return code 0
[2022-10-28T13:44:27.911+0000] {local_task_job.py:273} INFO - 0 downstream tasks scheduled from follow-on schedule check
[2022-10-28T18:02:15.810+0000] {taskinstance.py:1165} INFO - Dependencies all met for <TaskInstance: get_hourly_demand_v2.get_hourly_demand scheduled__2022-10-28T04:05:00+00:00 [queued]>
[2022-10-28T18:02:15.936+0000] {taskinstance.py:1165} INFO - Dependencies all met for <TaskInstance: get_hourly_demand_v2.get_hourly_demand scheduled__2022-10-28T04:05:00+00:00 [queued]>
[2022-10-28T18:02:15.986+0000] {taskinstance.py:1362} INFO - 
--------------------------------------------------------------------------------
[2022-10-28T18:02:16.060+0000] {taskinstance.py:1363} INFO - Starting attempt 1 of 2
[2022-10-28T18:02:16.060+0000] {taskinstance.py:1364} INFO - 
--------------------------------------------------------------------------------
[2022-10-28T18:02:16.966+0000] {taskinstance.py:1383} INFO - Executing <Task(PythonOperator): get_hourly_demand> on 2022-10-28 04:05:00+00:00
[2022-10-28T18:02:16.991+0000] {standard_task_runner.py:55} INFO - Started process 1059 to run task
[2022-10-28T18:02:17.023+0000] {standard_task_runner.py:82} INFO - Running: ['***', 'tasks', 'run', 'get_hourly_demand_v2', 'get_hourly_demand', 'scheduled__2022-10-28T04:05:00+00:00', '--job-id', '52', '--raw', '--subdir', 'DAGS_FOLDER/hourly_demand_dag.py', '--cfg-path', '/tmp/tmpinlfhauv']
[2022-10-28T18:02:17.029+0000] {standard_task_runner.py:83} INFO - Job 52: Subtask get_hourly_demand
[2022-10-28T18:02:17.607+0000] {task_command.py:376} INFO - Running <TaskInstance: get_hourly_demand_v2.get_hourly_demand scheduled__2022-10-28T04:05:00+00:00 [running]> on host f011703e6eb5
[2022-10-28T18:02:18.054+0000] {taskinstance.py:1592} INFO - Exporting the following env vars:
AIRFLOW_CTX_DAG_EMAIL=colmo786@gmail.com
AIRFLOW_CTX_DAG_OWNER=energy
AIRFLOW_CTX_DAG_ID=get_hourly_demand_v2
AIRFLOW_CTX_TASK_ID=get_hourly_demand
AIRFLOW_CTX_EXECUTION_DATE=2022-10-28T04:05:00+00:00
AIRFLOW_CTX_TRY_NUMBER=1
AIRFLOW_CTX_DAG_RUN_ID=scheduled__2022-10-28T04:05:00+00:00
[2022-10-28T18:02:18.089+0000] {logging_mixin.py:120} WARNING - /home/***/.local/lib/python3.7/site-packages/***/utils/context.py:297 AirflowContextDeprecationWarning: Accessing 'execution_date' from the template is deprecated and will be removed in a future version. Please use 'data_interval_start' or 'logical_date' instead.
[2022-10-28T18:02:18.125+0000] {logging_mixin.py:120} INFO - INFO Module build_postgres_cnxn: DB Connection to host local_pgdb Ok
[2022-10-28T18:02:18.330+0000] {logging_mixin.py:120} INFO - INFO api_request_to_pandas: API request executed Ok. Number of records returned: 180
[2022-10-28T18:02:18.697+0000] {logging_mixin.py:120} INFO - INFO api_request_to_pandas: API request executed Ok. Number of records returned: 19
[2022-10-28T18:02:18.699+0000] {logging_mixin.py:120} INFO - INFO is_holiday. URL request for 2022-10-28 Ok.
[2022-10-28T18:02:18.725+0000] {logging_mixin.py:120} INFO - INFO get_hourly_demand - 14 records were upserted. Table cammesa_db.hourly_demand.
[2022-10-28T18:02:18.727+0000] {logging_mixin.py:120} INFO - INFO get_hourly_demand execution:  2022-10-28T04:05:00+00:00
[2022-10-28T18:02:18.728+0000] {python.py:177} INFO - Done. Returned value was: None
[2022-10-28T18:02:18.993+0000] {taskinstance.py:1406} INFO - Marking task as SUCCESS. dag_id=get_hourly_demand_v2, task_id=get_hourly_demand, execution_date=20221028T040500, start_date=20221028T180215, end_date=20221028T180218
[2022-10-28T18:02:19.273+0000] {local_task_job.py:164} INFO - Task exited with return code 0
[2022-10-28T18:02:19.458+0000] {local_task_job.py:273} INFO - 0 downstream tasks scheduled from follow-on schedule check
