[2022-10-29T00:33:23.268+0000] {taskinstance.py:1165} INFO - Dependencies all met for <TaskInstance: ENG_hourly_process_v1.get_hourly_demand scheduled__2022-10-26T11:05:00+00:00 [queued]>
[2022-10-29T00:33:23.396+0000] {taskinstance.py:1165} INFO - Dependencies all met for <TaskInstance: ENG_hourly_process_v1.get_hourly_demand scheduled__2022-10-26T11:05:00+00:00 [queued]>
[2022-10-29T00:33:23.407+0000] {taskinstance.py:1362} INFO - 
--------------------------------------------------------------------------------
[2022-10-29T00:33:23.407+0000] {taskinstance.py:1363} INFO - Starting attempt 1 of 2
[2022-10-29T00:33:23.408+0000] {taskinstance.py:1364} INFO - 
--------------------------------------------------------------------------------
[2022-10-29T00:33:24.170+0000] {taskinstance.py:1383} INFO - Executing <Task(PythonOperator): get_hourly_demand> on 2022-10-26 11:05:00+00:00
[2022-10-29T00:33:24.218+0000] {standard_task_runner.py:55} INFO - Started process 316 to run task
[2022-10-29T00:33:24.228+0000] {standard_task_runner.py:82} INFO - Running: ['***', 'tasks', 'run', 'ENG_hourly_process_v1', 'get_hourly_demand', 'scheduled__2022-10-26T11:05:00+00:00', '--job-id', '12', '--raw', '--subdir', 'DAGS_FOLDER/ENG_hourly_process_dag.py', '--cfg-path', '/tmp/tmp_i9un737']
[2022-10-29T00:33:24.258+0000] {standard_task_runner.py:83} INFO - Job 12: Subtask get_hourly_demand
[2022-10-29T00:33:24.874+0000] {task_command.py:376} INFO - Running <TaskInstance: ENG_hourly_process_v1.get_hourly_demand scheduled__2022-10-26T11:05:00+00:00 [running]> on host 6800cd8e39a3
[2022-10-29T00:33:25.814+0000] {taskinstance.py:1592} INFO - Exporting the following env vars:
AIRFLOW_CTX_DAG_EMAIL=colmo786@gmail.com
AIRFLOW_CTX_DAG_OWNER=energy
AIRFLOW_CTX_DAG_ID=ENG_hourly_process_v1
AIRFLOW_CTX_TASK_ID=get_hourly_demand
AIRFLOW_CTX_EXECUTION_DATE=2022-10-26T11:05:00+00:00
AIRFLOW_CTX_TRY_NUMBER=1
AIRFLOW_CTX_DAG_RUN_ID=scheduled__2022-10-26T11:05:00+00:00
[2022-10-29T00:33:25.996+0000] {logging_mixin.py:120} WARNING - /home/***/.local/lib/python3.7/site-packages/***/utils/context.py:297 AirflowContextDeprecationWarning: Accessing 'execution_date' from the template is deprecated and will be removed in a future version. Please use 'data_interval_start' or 'logical_date' instead.
[2022-10-29T00:33:26.075+0000] {logging_mixin.py:120} INFO - INFO Module build_postgres_cnxn: DB Connection to host local_pgdb Ok
[2022-10-29T00:33:26.332+0000] {logging_mixin.py:120} INFO - INFO api_request_to_pandas: API request executed Ok. Number of records returned: 288
[2022-10-29T00:33:26.851+0000] {logging_mixin.py:120} INFO - INFO api_request_to_pandas: API request executed Ok. Number of records returned: 19
[2022-10-29T00:33:26.856+0000] {logging_mixin.py:120} INFO - INFO is_holiday. URL request for 2022-10-26 Ok.
[2022-10-29T00:33:26.882+0000] {logging_mixin.py:120} INFO - INFO get_hourly_demand - 24 records were upserted. Table cammesa_db.hourly_demand.
[2022-10-29T00:33:26.884+0000] {logging_mixin.py:120} INFO - INFO get_hourly_demand execution:  2022-10-26T11:05:00+00:00
[2022-10-29T00:33:26.885+0000] {python.py:177} INFO - Done. Returned value was: None
[2022-10-29T00:33:26.955+0000] {taskinstance.py:1406} INFO - Marking task as SUCCESS. dag_id=ENG_hourly_process_v1, task_id=get_hourly_demand, execution_date=20221026T110500, start_date=20221029T003323, end_date=20221029T003326
[2022-10-29T00:33:27.079+0000] {local_task_job.py:164} INFO - Task exited with return code 0
[2022-10-29T00:33:27.347+0000] {local_task_job.py:273} INFO - 1 downstream tasks scheduled from follow-on schedule check
