[2022-10-26T22:34:59.244+0000] {taskinstance.py:1165} INFO - Dependencies all met for <TaskInstance: get_hourly_demand_v2.get_hourly_demand scheduled__2022-10-26T15:05:00+00:00 [queued]>
[2022-10-26T22:34:59.254+0000] {taskinstance.py:1165} INFO - Dependencies all met for <TaskInstance: get_hourly_demand_v2.get_hourly_demand scheduled__2022-10-26T15:05:00+00:00 [queued]>
[2022-10-26T22:34:59.254+0000] {taskinstance.py:1362} INFO - 
--------------------------------------------------------------------------------
[2022-10-26T22:34:59.255+0000] {taskinstance.py:1363} INFO - Starting attempt 2 of 2
[2022-10-26T22:34:59.255+0000] {taskinstance.py:1364} INFO - 
--------------------------------------------------------------------------------
[2022-10-26T22:34:59.272+0000] {taskinstance.py:1383} INFO - Executing <Task(PythonOperator): get_hourly_demand> on 2022-10-26 15:05:00+00:00
[2022-10-26T22:34:59.277+0000] {standard_task_runner.py:55} INFO - Started process 513 to run task
[2022-10-26T22:34:59.280+0000] {standard_task_runner.py:82} INFO - Running: ['***', 'tasks', 'run', 'get_hourly_demand_v2', 'get_hourly_demand', 'scheduled__2022-10-26T15:05:00+00:00', '--job-id', '25', '--raw', '--subdir', 'DAGS_FOLDER/hourly_demand_dag.py', '--cfg-path', '/tmp/tmpqiwkqaij']
[2022-10-26T22:34:59.282+0000] {standard_task_runner.py:83} INFO - Job 25: Subtask get_hourly_demand
[2022-10-26T22:34:59.355+0000] {task_command.py:376} INFO - Running <TaskInstance: get_hourly_demand_v2.get_hourly_demand scheduled__2022-10-26T15:05:00+00:00 [running]> on host b19062265769
[2022-10-26T22:34:59.643+0000] {taskinstance.py:1592} INFO - Exporting the following env vars:
AIRFLOW_CTX_DAG_EMAIL=colmo786@gmail.com
AIRFLOW_CTX_DAG_OWNER=energy
AIRFLOW_CTX_DAG_ID=get_hourly_demand_v2
AIRFLOW_CTX_TASK_ID=get_hourly_demand
AIRFLOW_CTX_EXECUTION_DATE=2022-10-26T15:05:00+00:00
AIRFLOW_CTX_TRY_NUMBER=2
AIRFLOW_CTX_DAG_RUN_ID=scheduled__2022-10-26T15:05:00+00:00
[2022-10-26T22:34:59.650+0000] {logging_mixin.py:120} WARNING - /home/***/.local/lib/python3.7/site-packages/***/utils/context.py:297 AirflowContextDeprecationWarning: Accessing 'execution_date' from the template is deprecated and will be removed in a future version. Please use 'data_interval_start' or 'logical_date' instead.
[2022-10-26T22:34:59.661+0000] {logging_mixin.py:120} INFO - INFO Module build_postgres_cnxn: DB Connection to host local_pgdb Ok
[2022-10-26T22:35:01.305+0000] {logging_mixin.py:120} INFO - INFO api_request_to_pandas: API request executed Ok. Number of records returned: 233
[2022-10-26T22:35:03.538+0000] {logging_mixin.py:120} INFO - INFO api_request_to_pandas: API request executed Ok. Number of records returned: 19
[2022-10-26T22:35:03.540+0000] {logging_mixin.py:120} INFO - INFO is_holiday. URL request for 2022-10-26 Ok.
[2022-10-26T22:35:03.565+0000] {logging_mixin.py:120} INFO - INFO get_hourly_demand - 19 records were upserted. Table cammesa_db.hourly_demand.
[2022-10-26T22:35:03.568+0000] {logging_mixin.py:120} INFO - INFO get_hourly_demand execution:  2022-10-26T15:05:00+00:00
[2022-10-26T22:35:03.569+0000] {python.py:177} INFO - Done. Returned value was: None
[2022-10-26T22:35:03.593+0000] {taskinstance.py:1406} INFO - Marking task as SUCCESS. dag_id=get_hourly_demand_v2, task_id=get_hourly_demand, execution_date=20221026T150500, start_date=20221026T223459, end_date=20221026T223503
[2022-10-26T22:35:03.673+0000] {local_task_job.py:164} INFO - Task exited with return code 0
[2022-10-26T22:35:03.736+0000] {local_task_job.py:273} INFO - 0 downstream tasks scheduled from follow-on schedule check
[2022-10-28T17:59:50.166+0000] {taskinstance.py:1165} INFO - Dependencies all met for <TaskInstance: get_hourly_demand_v2.get_hourly_demand scheduled__2022-10-26T15:05:00+00:00 [queued]>
[2022-10-28T17:59:50.348+0000] {taskinstance.py:1165} INFO - Dependencies all met for <TaskInstance: get_hourly_demand_v2.get_hourly_demand scheduled__2022-10-26T15:05:00+00:00 [queued]>
[2022-10-28T17:59:50.348+0000] {taskinstance.py:1362} INFO - 
--------------------------------------------------------------------------------
[2022-10-28T17:59:50.349+0000] {taskinstance.py:1363} INFO - Starting attempt 2 of 2
[2022-10-28T17:59:50.349+0000] {taskinstance.py:1364} INFO - 
--------------------------------------------------------------------------------
[2022-10-28T17:59:50.710+0000] {taskinstance.py:1383} INFO - Executing <Task(PythonOperator): get_hourly_demand> on 2022-10-26 15:05:00+00:00
[2022-10-28T17:59:50.764+0000] {standard_task_runner.py:55} INFO - Started process 857 to run task
[2022-10-28T17:59:50.818+0000] {standard_task_runner.py:82} INFO - Running: ['***', 'tasks', 'run', 'get_hourly_demand_v2', 'get_hourly_demand', 'scheduled__2022-10-26T15:05:00+00:00', '--job-id', '24', '--raw', '--subdir', 'DAGS_FOLDER/hourly_demand_dag.py', '--cfg-path', '/tmp/tmp_dnhr2ib']
[2022-10-28T17:59:50.838+0000] {standard_task_runner.py:83} INFO - Job 24: Subtask get_hourly_demand
[2022-10-28T17:59:51.237+0000] {task_command.py:376} INFO - Running <TaskInstance: get_hourly_demand_v2.get_hourly_demand scheduled__2022-10-26T15:05:00+00:00 [running]> on host f011703e6eb5
[2022-10-28T17:59:51.843+0000] {taskinstance.py:1592} INFO - Exporting the following env vars:
AIRFLOW_CTX_DAG_EMAIL=colmo786@gmail.com
AIRFLOW_CTX_DAG_OWNER=energy
AIRFLOW_CTX_DAG_ID=get_hourly_demand_v2
AIRFLOW_CTX_TASK_ID=get_hourly_demand
AIRFLOW_CTX_EXECUTION_DATE=2022-10-26T15:05:00+00:00
AIRFLOW_CTX_TRY_NUMBER=2
AIRFLOW_CTX_DAG_RUN_ID=scheduled__2022-10-26T15:05:00+00:00
[2022-10-28T17:59:51.912+0000] {logging_mixin.py:120} WARNING - /home/***/.local/lib/python3.7/site-packages/***/utils/context.py:297 AirflowContextDeprecationWarning: Accessing 'execution_date' from the template is deprecated and will be removed in a future version. Please use 'data_interval_start' or 'logical_date' instead.
[2022-10-28T17:59:51.970+0000] {logging_mixin.py:120} INFO - INFO Module build_postgres_cnxn: DB Connection to host local_pgdb Ok
[2022-10-28T17:59:52.123+0000] {logging_mixin.py:120} INFO - INFO api_request_to_pandas: API request executed Ok. Number of records returned: 288
[2022-10-28T17:59:52.566+0000] {logging_mixin.py:120} INFO - INFO api_request_to_pandas: API request executed Ok. Number of records returned: 19
[2022-10-28T17:59:52.601+0000] {logging_mixin.py:120} INFO - INFO is_holiday. URL request for 2022-10-26 Ok.
[2022-10-28T17:59:52.620+0000] {logging_mixin.py:120} INFO - INFO get_hourly_demand - 24 records were upserted. Table cammesa_db.hourly_demand.
[2022-10-28T17:59:52.622+0000] {logging_mixin.py:120} INFO - INFO get_hourly_demand execution:  2022-10-26T15:05:00+00:00
[2022-10-28T17:59:52.623+0000] {python.py:177} INFO - Done. Returned value was: None
[2022-10-28T17:59:52.710+0000] {taskinstance.py:1406} INFO - Marking task as SUCCESS. dag_id=get_hourly_demand_v2, task_id=get_hourly_demand, execution_date=20221026T150500, start_date=20221028T175950, end_date=20221028T175952
[2022-10-28T17:59:53.021+0000] {local_task_job.py:164} INFO - Task exited with return code 0
[2022-10-28T17:59:53.163+0000] {local_task_job.py:273} INFO - 0 downstream tasks scheduled from follow-on schedule check
