[2022-10-28T00:05:01.904+0000] {taskinstance.py:1165} INFO - Dependencies all met for <TaskInstance: get_hourly_demand_v2.get_hourly_demand scheduled__2022-10-27T23:05:00+00:00 [queued]>
[2022-10-28T00:05:01.913+0000] {taskinstance.py:1165} INFO - Dependencies all met for <TaskInstance: get_hourly_demand_v2.get_hourly_demand scheduled__2022-10-27T23:05:00+00:00 [queued]>
[2022-10-28T00:05:01.913+0000] {taskinstance.py:1362} INFO - 
--------------------------------------------------------------------------------
[2022-10-28T00:05:01.914+0000] {taskinstance.py:1363} INFO - Starting attempt 1 of 2
[2022-10-28T00:05:01.914+0000] {taskinstance.py:1364} INFO - 
--------------------------------------------------------------------------------
[2022-10-28T00:05:01.930+0000] {taskinstance.py:1383} INFO - Executing <Task(PythonOperator): get_hourly_demand> on 2022-10-27 23:05:00+00:00
[2022-10-28T00:05:01.934+0000] {standard_task_runner.py:55} INFO - Started process 4653 to run task
[2022-10-28T00:05:01.937+0000] {standard_task_runner.py:82} INFO - Running: ['***', 'tasks', 'run', 'get_hourly_demand_v2', 'get_hourly_demand', 'scheduled__2022-10-27T23:05:00+00:00', '--job-id', '53', '--raw', '--subdir', 'DAGS_FOLDER/hourly_demand_dag.py', '--cfg-path', '/tmp/tmp4t8mwhwo']
[2022-10-28T00:05:01.940+0000] {standard_task_runner.py:83} INFO - Job 53: Subtask get_hourly_demand
[2022-10-28T00:05:02.009+0000] {task_command.py:376} INFO - Running <TaskInstance: get_hourly_demand_v2.get_hourly_demand scheduled__2022-10-27T23:05:00+00:00 [running]> on host b19062265769
[2022-10-28T00:05:02.090+0000] {taskinstance.py:1592} INFO - Exporting the following env vars:
AIRFLOW_CTX_DAG_EMAIL=colmo786@gmail.com
AIRFLOW_CTX_DAG_OWNER=energy
AIRFLOW_CTX_DAG_ID=get_hourly_demand_v2
AIRFLOW_CTX_TASK_ID=get_hourly_demand
AIRFLOW_CTX_EXECUTION_DATE=2022-10-27T23:05:00+00:00
AIRFLOW_CTX_TRY_NUMBER=1
AIRFLOW_CTX_DAG_RUN_ID=scheduled__2022-10-27T23:05:00+00:00
[2022-10-28T00:05:02.098+0000] {logging_mixin.py:120} WARNING - /home/***/.local/lib/python3.7/site-packages/***/utils/context.py:297 AirflowContextDeprecationWarning: Accessing 'execution_date' from the template is deprecated and will be removed in a future version. Please use 'data_interval_start' or 'logical_date' instead.
[2022-10-28T00:05:02.106+0000] {logging_mixin.py:120} INFO - INFO Module build_postgres_cnxn: DB Connection to host local_pgdb Ok
[2022-10-28T00:05:02.377+0000] {logging_mixin.py:120} INFO - INFO api_request_to_pandas: API request executed Ok. Number of records returned: 252
[2022-10-28T00:05:02.729+0000] {logging_mixin.py:120} INFO - INFO api_request_to_pandas: API request executed Ok. Number of records returned: 19
[2022-10-28T00:05:02.732+0000] {logging_mixin.py:120} INFO - INFO is_holiday. URL request for 2022-10-27 Ok.
[2022-10-28T00:05:02.739+0000] {logging_mixin.py:120} INFO - INFO get_hourly_demand - 20 records were upserted. Table cammesa_db.hourly_demand.
[2022-10-28T00:05:02.740+0000] {logging_mixin.py:120} INFO - INFO get_hourly_demand execution:  2022-10-27T23:05:00+00:00
[2022-10-28T00:05:02.740+0000] {python.py:177} INFO - Done. Returned value was: None
[2022-10-28T00:05:02.753+0000] {taskinstance.py:1406} INFO - Marking task as SUCCESS. dag_id=get_hourly_demand_v2, task_id=get_hourly_demand, execution_date=20221027T230500, start_date=20221028T000501, end_date=20221028T000502
[2022-10-28T00:05:02.794+0000] {local_task_job.py:164} INFO - Task exited with return code 0
[2022-10-28T00:05:02.814+0000] {local_task_job.py:273} INFO - 0 downstream tasks scheduled from follow-on schedule check
[2022-10-28T03:14:39.976+0000] {taskinstance.py:1165} INFO - Dependencies all met for <TaskInstance: get_hourly_demand_v2.get_hourly_demand scheduled__2022-10-27T23:05:00+00:00 [queued]>
[2022-10-28T03:14:40.036+0000] {taskinstance.py:1165} INFO - Dependencies all met for <TaskInstance: get_hourly_demand_v2.get_hourly_demand scheduled__2022-10-27T23:05:00+00:00 [queued]>
[2022-10-28T03:14:40.036+0000] {taskinstance.py:1362} INFO - 
--------------------------------------------------------------------------------
[2022-10-28T03:14:40.037+0000] {taskinstance.py:1363} INFO - Starting attempt 1 of 2
[2022-10-28T03:14:40.037+0000] {taskinstance.py:1364} INFO - 
--------------------------------------------------------------------------------
[2022-10-28T03:14:40.084+0000] {taskinstance.py:1383} INFO - Executing <Task(PythonOperator): get_hourly_demand> on 2022-10-27 23:05:00+00:00
[2022-10-28T03:14:40.089+0000] {standard_task_runner.py:55} INFO - Started process 818 to run task
[2022-10-28T03:14:40.095+0000] {standard_task_runner.py:82} INFO - Running: ['***', 'tasks', 'run', 'get_hourly_demand_v2', 'get_hourly_demand', 'scheduled__2022-10-27T23:05:00+00:00', '--job-id', '51', '--raw', '--subdir', 'DAGS_FOLDER/hourly_demand_dag.py', '--cfg-path', '/tmp/tmp98mfw3cu']
[2022-10-28T03:14:40.098+0000] {standard_task_runner.py:83} INFO - Job 51: Subtask get_hourly_demand
[2022-10-28T03:14:40.254+0000] {task_command.py:376} INFO - Running <TaskInstance: get_hourly_demand_v2.get_hourly_demand scheduled__2022-10-27T23:05:00+00:00 [running]> on host 96776771a69f
[2022-10-28T03:14:40.433+0000] {taskinstance.py:1592} INFO - Exporting the following env vars:
AIRFLOW_CTX_DAG_EMAIL=colmo786@gmail.com
AIRFLOW_CTX_DAG_OWNER=energy
AIRFLOW_CTX_DAG_ID=get_hourly_demand_v2
AIRFLOW_CTX_TASK_ID=get_hourly_demand
AIRFLOW_CTX_EXECUTION_DATE=2022-10-27T23:05:00+00:00
AIRFLOW_CTX_TRY_NUMBER=1
AIRFLOW_CTX_DAG_RUN_ID=scheduled__2022-10-27T23:05:00+00:00
[2022-10-28T03:14:40.449+0000] {logging_mixin.py:120} WARNING - /home/***/.local/lib/python3.7/site-packages/***/utils/context.py:297 AirflowContextDeprecationWarning: Accessing 'execution_date' from the template is deprecated and will be removed in a future version. Please use 'data_interval_start' or 'logical_date' instead.
[2022-10-28T03:14:40.467+0000] {logging_mixin.py:120} INFO - INFO Module build_postgres_cnxn: DB Connection to host local_pgdb Ok
[2022-10-28T03:14:40.605+0000] {logging_mixin.py:120} INFO - INFO api_request_to_pandas: API request executed Ok. Number of records returned: 288
[2022-10-28T03:14:40.934+0000] {logging_mixin.py:120} INFO - INFO api_request_to_pandas: API request executed Ok. Number of records returned: 19
[2022-10-28T03:14:40.935+0000] {logging_mixin.py:120} INFO - INFO is_holiday. URL request for 2022-10-27 Ok.
[2022-10-28T03:14:40.943+0000] {logging_mixin.py:120} INFO - INFO get_hourly_demand - 24 records were upserted. Table cammesa_db.hourly_demand.
[2022-10-28T03:14:40.946+0000] {logging_mixin.py:120} INFO - INFO get_hourly_demand execution:  2022-10-27T23:05:00+00:00
[2022-10-28T03:14:40.946+0000] {python.py:177} INFO - Done. Returned value was: None
[2022-10-28T03:14:40.958+0000] {taskinstance.py:1406} INFO - Marking task as SUCCESS. dag_id=get_hourly_demand_v2, task_id=get_hourly_demand, execution_date=20221027T230500, start_date=20221028T031439, end_date=20221028T031440
[2022-10-28T03:14:41.018+0000] {local_task_job.py:164} INFO - Task exited with return code 0
[2022-10-28T03:14:41.051+0000] {local_task_job.py:273} INFO - 0 downstream tasks scheduled from follow-on schedule check
[2022-10-28T18:02:09.351+0000] {taskinstance.py:1165} INFO - Dependencies all met for <TaskInstance: get_hourly_demand_v2.get_hourly_demand scheduled__2022-10-27T23:05:00+00:00 [queued]>
[2022-10-28T18:02:09.445+0000] {taskinstance.py:1165} INFO - Dependencies all met for <TaskInstance: get_hourly_demand_v2.get_hourly_demand scheduled__2022-10-27T23:05:00+00:00 [queued]>
[2022-10-28T18:02:09.455+0000] {taskinstance.py:1362} INFO - 
--------------------------------------------------------------------------------
[2022-10-28T18:02:09.456+0000] {taskinstance.py:1363} INFO - Starting attempt 1 of 2
[2022-10-28T18:02:09.457+0000] {taskinstance.py:1364} INFO - 
--------------------------------------------------------------------------------
[2022-10-28T18:02:09.586+0000] {taskinstance.py:1383} INFO - Executing <Task(PythonOperator): get_hourly_demand> on 2022-10-27 23:05:00+00:00
[2022-10-28T18:02:09.663+0000] {standard_task_runner.py:55} INFO - Started process 1053 to run task
[2022-10-28T18:02:09.780+0000] {standard_task_runner.py:82} INFO - Running: ['***', 'tasks', 'run', 'get_hourly_demand_v2', 'get_hourly_demand', 'scheduled__2022-10-27T23:05:00+00:00', '--job-id', '48', '--raw', '--subdir', 'DAGS_FOLDER/hourly_demand_dag.py', '--cfg-path', '/tmp/tmpkn_nsj2o']
[2022-10-28T18:02:09.818+0000] {standard_task_runner.py:83} INFO - Job 48: Subtask get_hourly_demand
[2022-10-28T18:02:11.058+0000] {task_command.py:376} INFO - Running <TaskInstance: get_hourly_demand_v2.get_hourly_demand scheduled__2022-10-27T23:05:00+00:00 [running]> on host f011703e6eb5
[2022-10-28T18:02:11.847+0000] {taskinstance.py:1592} INFO - Exporting the following env vars:
AIRFLOW_CTX_DAG_EMAIL=colmo786@gmail.com
AIRFLOW_CTX_DAG_OWNER=energy
AIRFLOW_CTX_DAG_ID=get_hourly_demand_v2
AIRFLOW_CTX_TASK_ID=get_hourly_demand
AIRFLOW_CTX_EXECUTION_DATE=2022-10-27T23:05:00+00:00
AIRFLOW_CTX_TRY_NUMBER=1
AIRFLOW_CTX_DAG_RUN_ID=scheduled__2022-10-27T23:05:00+00:00
[2022-10-28T18:02:11.863+0000] {logging_mixin.py:120} WARNING - /home/***/.local/lib/python3.7/site-packages/***/utils/context.py:297 AirflowContextDeprecationWarning: Accessing 'execution_date' from the template is deprecated and will be removed in a future version. Please use 'data_interval_start' or 'logical_date' instead.
[2022-10-28T18:02:12.078+0000] {logging_mixin.py:120} INFO - INFO Module build_postgres_cnxn: DB Connection to host local_pgdb Ok
[2022-10-28T18:02:12.260+0000] {logging_mixin.py:120} INFO - INFO api_request_to_pandas: API request executed Ok. Number of records returned: 288
[2022-10-28T18:02:12.706+0000] {logging_mixin.py:120} INFO - INFO api_request_to_pandas: API request executed Ok. Number of records returned: 19
[2022-10-28T18:02:12.708+0000] {logging_mixin.py:120} INFO - INFO is_holiday. URL request for 2022-10-27 Ok.
[2022-10-28T18:02:12.733+0000] {logging_mixin.py:120} INFO - INFO get_hourly_demand - 24 records were upserted. Table cammesa_db.hourly_demand.
[2022-10-28T18:02:12.739+0000] {logging_mixin.py:120} INFO - INFO get_hourly_demand execution:  2022-10-27T23:05:00+00:00
[2022-10-28T18:02:12.740+0000] {python.py:177} INFO - Done. Returned value was: None
[2022-10-28T18:02:12.779+0000] {taskinstance.py:1406} INFO - Marking task as SUCCESS. dag_id=get_hourly_demand_v2, task_id=get_hourly_demand, execution_date=20221027T230500, start_date=20221028T180209, end_date=20221028T180212
[2022-10-28T18:02:12.886+0000] {local_task_job.py:164} INFO - Task exited with return code 0
[2022-10-28T18:02:13.015+0000] {local_task_job.py:273} INFO - 0 downstream tasks scheduled from follow-on schedule check
