[2022-10-26T21:36:27.229+0000] {taskinstance.py:1165} INFO - Dependencies all met for <TaskInstance: get_hourly_demand_v2.get_hourly_demand scheduled__2022-10-26T20:05:00+00:00 [queued]>
[2022-10-26T21:36:27.293+0000] {taskinstance.py:1165} INFO - Dependencies all met for <TaskInstance: get_hourly_demand_v2.get_hourly_demand scheduled__2022-10-26T20:05:00+00:00 [queued]>
[2022-10-26T21:36:27.294+0000] {taskinstance.py:1362} INFO - 
--------------------------------------------------------------------------------
[2022-10-26T21:36:27.295+0000] {taskinstance.py:1363} INFO - Starting attempt 1 of 2
[2022-10-26T21:36:27.295+0000] {taskinstance.py:1364} INFO - 
--------------------------------------------------------------------------------
[2022-10-26T21:36:27.515+0000] {taskinstance.py:1383} INFO - Executing <Task(PythonOperator): get_hourly_demand> on 2022-10-26 20:05:00+00:00
[2022-10-26T21:36:27.525+0000] {standard_task_runner.py:55} INFO - Started process 431 to run task
[2022-10-26T21:36:27.542+0000] {standard_task_runner.py:82} INFO - Running: ['***', 'tasks', 'run', 'get_hourly_demand_v2', 'get_hourly_demand', 'scheduled__2022-10-26T20:05:00+00:00', '--job-id', '27', '--raw', '--subdir', 'DAGS_FOLDER/hourly_demand_dag.py', '--cfg-path', '/tmp/tmpqamlgxva']
[2022-10-26T21:36:27.548+0000] {standard_task_runner.py:83} INFO - Job 27: Subtask get_hourly_demand
[2022-10-26T21:36:27.854+0000] {task_command.py:376} INFO - Running <TaskInstance: get_hourly_demand_v2.get_hourly_demand scheduled__2022-10-26T20:05:00+00:00 [running]> on host f694475c41c8
[2022-10-26T21:36:28.513+0000] {taskinstance.py:1592} INFO - Exporting the following env vars:
AIRFLOW_CTX_DAG_EMAIL=colmo786@gmail.com
AIRFLOW_CTX_DAG_OWNER=energy
AIRFLOW_CTX_DAG_ID=get_hourly_demand_v2
AIRFLOW_CTX_TASK_ID=get_hourly_demand
AIRFLOW_CTX_EXECUTION_DATE=2022-10-26T20:05:00+00:00
AIRFLOW_CTX_TRY_NUMBER=1
AIRFLOW_CTX_DAG_RUN_ID=scheduled__2022-10-26T20:05:00+00:00
[2022-10-26T21:36:28.569+0000] {logging_mixin.py:120} WARNING - /home/***/.local/lib/python3.7/site-packages/***/utils/context.py:297 AirflowContextDeprecationWarning: Accessing 'execution_date' from the template is deprecated and will be removed in a future version. Please use 'data_interval_start' or 'logical_date' instead.
[2022-10-26T21:36:28.616+0000] {logging_mixin.py:120} INFO - INFO Module build_postgres_cnxn: DB Connection to host local_pgdb Ok
[2022-10-26T21:36:29.078+0000] {logging_mixin.py:120} INFO - INFO api_request_to_pandas: API request executed Ok. Number of records returned: 222
[2022-10-26T21:36:29.487+0000] {logging_mixin.py:120} INFO - INFO api_request_to_pandas: API request executed Ok. Number of records returned: 19
[2022-10-26T21:36:29.490+0000] {logging_mixin.py:120} INFO - INFO is_holiday. URL request for 2022-10-26 Ok.
[2022-10-26T21:36:29.502+0000] {logging_mixin.py:120} INFO - INFO get_hourly_demand - 18 records were upserted. Table cammesa_db.hourly_demand.
[2022-10-26T21:36:29.502+0000] {logging_mixin.py:120} INFO - INFO get_hourly_demand execution:  2022-10-26T20:05:00+00:00
[2022-10-26T21:36:29.502+0000] {python.py:177} INFO - Done. Returned value was: None
[2022-10-26T21:36:29.536+0000] {taskinstance.py:1406} INFO - Marking task as SUCCESS. dag_id=get_hourly_demand_v2, task_id=get_hourly_demand, execution_date=20221026T200500, start_date=20221026T213627, end_date=20221026T213629
[2022-10-26T21:36:29.595+0000] {local_task_job.py:164} INFO - Task exited with return code 0
[2022-10-26T21:36:29.660+0000] {local_task_job.py:273} INFO - 0 downstream tasks scheduled from follow-on schedule check
[2022-10-26T22:33:05.820+0000] {taskinstance.py:1165} INFO - Dependencies all met for <TaskInstance: get_hourly_demand_v2.get_hourly_demand scheduled__2022-10-26T20:05:00+00:00 [queued]>
[2022-10-26T22:33:05.889+0000] {taskinstance.py:1165} INFO - Dependencies all met for <TaskInstance: get_hourly_demand_v2.get_hourly_demand scheduled__2022-10-26T20:05:00+00:00 [queued]>
[2022-10-26T22:33:05.889+0000] {taskinstance.py:1362} INFO - 
--------------------------------------------------------------------------------
[2022-10-26T22:33:05.889+0000] {taskinstance.py:1363} INFO - Starting attempt 1 of 2
[2022-10-26T22:33:05.889+0000] {taskinstance.py:1364} INFO - 
--------------------------------------------------------------------------------
[2022-10-26T22:33:06.092+0000] {taskinstance.py:1383} INFO - Executing <Task(PythonOperator): get_hourly_demand> on 2022-10-26 20:05:00+00:00
[2022-10-26T22:33:06.103+0000] {standard_task_runner.py:55} INFO - Started process 430 to run task
[2022-10-26T22:33:06.149+0000] {standard_task_runner.py:82} INFO - Running: ['***', 'tasks', 'run', 'get_hourly_demand_v2', 'get_hourly_demand', 'scheduled__2022-10-26T20:05:00+00:00', '--job-id', '21', '--raw', '--subdir', 'DAGS_FOLDER/hourly_demand_dag.py', '--cfg-path', '/tmp/tmphs4pdrab']
[2022-10-26T22:33:06.163+0000] {standard_task_runner.py:83} INFO - Job 21: Subtask get_hourly_demand
[2022-10-26T22:33:06.963+0000] {task_command.py:376} INFO - Running <TaskInstance: get_hourly_demand_v2.get_hourly_demand scheduled__2022-10-26T20:05:00+00:00 [running]> on host b19062265769
[2022-10-26T22:34:02.089+0000] {taskinstance.py:1592} INFO - Exporting the following env vars:
AIRFLOW_CTX_DAG_EMAIL=colmo786@gmail.com
AIRFLOW_CTX_DAG_OWNER=energy
AIRFLOW_CTX_DAG_ID=get_hourly_demand_v2
AIRFLOW_CTX_TASK_ID=get_hourly_demand
AIRFLOW_CTX_EXECUTION_DATE=2022-10-26T20:05:00+00:00
AIRFLOW_CTX_TRY_NUMBER=1
AIRFLOW_CTX_DAG_RUN_ID=scheduled__2022-10-26T20:05:00+00:00
[2022-10-26T22:34:02.156+0000] {logging_mixin.py:120} WARNING - /home/***/.local/lib/python3.7/site-packages/***/utils/context.py:297 AirflowContextDeprecationWarning: Accessing 'execution_date' from the template is deprecated and will be removed in a future version. Please use 'data_interval_start' or 'logical_date' instead.
[2022-10-26T22:34:02.222+0000] {logging_mixin.py:120} INFO - INFO Module build_postgres_cnxn: DB Connection to host local_pgdb Ok
[2022-10-26T22:34:03.658+0000] {logging_mixin.py:120} INFO - INFO api_request_to_pandas: API request executed Ok. Number of records returned: 233
[2022-10-26T22:34:04.137+0000] {logging_mixin.py:120} INFO - INFO api_request_to_pandas: API request executed Ok. Number of records returned: 19
[2022-10-26T22:34:04.152+0000] {logging_mixin.py:120} INFO - INFO is_holiday. URL request for 2022-10-26 Ok.
[2022-10-26T22:34:04.256+0000] {logging_mixin.py:120} INFO - INFO get_hourly_demand - 19 records were upserted. Table cammesa_db.hourly_demand.
[2022-10-26T22:34:04.257+0000] {logging_mixin.py:120} INFO - INFO get_hourly_demand execution:  2022-10-26T20:05:00+00:00
[2022-10-26T22:34:04.257+0000] {python.py:177} INFO - Done. Returned value was: None
[2022-10-26T22:34:04.311+0000] {taskinstance.py:1406} INFO - Marking task as SUCCESS. dag_id=get_hourly_demand_v2, task_id=get_hourly_demand, execution_date=20221026T200500, start_date=20221026T223305, end_date=20221026T223404
[2022-10-26T22:34:04.377+0000] {local_task_job.py:164} INFO - Task exited with return code 0
[2022-10-26T22:34:04.423+0000] {local_task_job.py:273} INFO - 0 downstream tasks scheduled from follow-on schedule check
[2022-10-28T03:14:15.968+0000] {taskinstance.py:1165} INFO - Dependencies all met for <TaskInstance: get_hourly_demand_v2.get_hourly_demand scheduled__2022-10-26T20:05:00+00:00 [queued]>
[2022-10-28T03:14:16.054+0000] {taskinstance.py:1165} INFO - Dependencies all met for <TaskInstance: get_hourly_demand_v2.get_hourly_demand scheduled__2022-10-26T20:05:00+00:00 [queued]>
[2022-10-28T03:14:16.055+0000] {taskinstance.py:1362} INFO - 
--------------------------------------------------------------------------------
[2022-10-28T03:14:16.056+0000] {taskinstance.py:1363} INFO - Starting attempt 1 of 2
[2022-10-28T03:14:16.056+0000] {taskinstance.py:1364} INFO - 
--------------------------------------------------------------------------------
[2022-10-28T03:14:16.141+0000] {taskinstance.py:1383} INFO - Executing <Task(PythonOperator): get_hourly_demand> on 2022-10-26 20:05:00+00:00
[2022-10-28T03:14:16.148+0000] {standard_task_runner.py:55} INFO - Started process 707 to run task
[2022-10-28T03:14:16.169+0000] {standard_task_runner.py:82} INFO - Running: ['***', 'tasks', 'run', 'get_hourly_demand_v2', 'get_hourly_demand', 'scheduled__2022-10-26T20:05:00+00:00', '--job-id', '23', '--raw', '--subdir', 'DAGS_FOLDER/hourly_demand_dag.py', '--cfg-path', '/tmp/tmpa0ojqgx6']
[2022-10-28T03:14:16.198+0000] {standard_task_runner.py:83} INFO - Job 23: Subtask get_hourly_demand
[2022-10-28T03:14:16.389+0000] {task_command.py:376} INFO - Running <TaskInstance: get_hourly_demand_v2.get_hourly_demand scheduled__2022-10-26T20:05:00+00:00 [running]> on host 96776771a69f
[2022-10-28T03:14:16.696+0000] {taskinstance.py:1592} INFO - Exporting the following env vars:
AIRFLOW_CTX_DAG_EMAIL=colmo786@gmail.com
AIRFLOW_CTX_DAG_OWNER=energy
AIRFLOW_CTX_DAG_ID=get_hourly_demand_v2
AIRFLOW_CTX_TASK_ID=get_hourly_demand
AIRFLOW_CTX_EXECUTION_DATE=2022-10-26T20:05:00+00:00
AIRFLOW_CTX_TRY_NUMBER=1
AIRFLOW_CTX_DAG_RUN_ID=scheduled__2022-10-26T20:05:00+00:00
[2022-10-28T03:14:16.713+0000] {logging_mixin.py:120} WARNING - /home/***/.local/lib/python3.7/site-packages/***/utils/context.py:297 AirflowContextDeprecationWarning: Accessing 'execution_date' from the template is deprecated and will be removed in a future version. Please use 'data_interval_start' or 'logical_date' instead.
[2022-10-28T03:14:16.751+0000] {logging_mixin.py:120} INFO - INFO Module build_postgres_cnxn: DB Connection to host local_pgdb Ok
[2022-10-28T03:14:16.870+0000] {logging_mixin.py:120} INFO - INFO api_request_to_pandas: API request executed Ok. Number of records returned: 288
[2022-10-28T03:14:17.217+0000] {logging_mixin.py:120} INFO - INFO api_request_to_pandas: API request executed Ok. Number of records returned: 19
[2022-10-28T03:14:17.220+0000] {logging_mixin.py:120} INFO - INFO is_holiday. URL request for 2022-10-26 Ok.
[2022-10-28T03:14:17.242+0000] {logging_mixin.py:120} INFO - INFO get_hourly_demand - 24 records were upserted. Table cammesa_db.hourly_demand.
[2022-10-28T03:14:17.242+0000] {logging_mixin.py:120} INFO - INFO get_hourly_demand execution:  2022-10-26T20:05:00+00:00
[2022-10-28T03:14:17.243+0000] {python.py:177} INFO - Done. Returned value was: None
[2022-10-28T03:14:17.274+0000] {taskinstance.py:1406} INFO - Marking task as SUCCESS. dag_id=get_hourly_demand_v2, task_id=get_hourly_demand, execution_date=20221026T200500, start_date=20221028T031415, end_date=20221028T031417
[2022-10-28T03:14:17.347+0000] {local_task_job.py:164} INFO - Task exited with return code 0
[2022-10-28T03:14:17.412+0000] {local_task_job.py:273} INFO - 0 downstream tasks scheduled from follow-on schedule check
[2022-10-28T17:59:33.690+0000] {taskinstance.py:1165} INFO - Dependencies all met for <TaskInstance: get_hourly_demand_v2.get_hourly_demand scheduled__2022-10-26T20:05:00+00:00 [queued]>
[2022-10-28T17:59:33.984+0000] {taskinstance.py:1165} INFO - Dependencies all met for <TaskInstance: get_hourly_demand_v2.get_hourly_demand scheduled__2022-10-26T20:05:00+00:00 [queued]>
[2022-10-28T17:59:33.985+0000] {taskinstance.py:1362} INFO - 
--------------------------------------------------------------------------------
[2022-10-28T17:59:33.999+0000] {taskinstance.py:1363} INFO - Starting attempt 1 of 2
[2022-10-28T17:59:34.008+0000] {taskinstance.py:1364} INFO - 
--------------------------------------------------------------------------------
[2022-10-28T17:59:34.469+0000] {taskinstance.py:1383} INFO - Executing <Task(PythonOperator): get_hourly_demand> on 2022-10-26 20:05:00+00:00
[2022-10-28T17:59:34.648+0000] {standard_task_runner.py:55} INFO - Started process 841 to run task
[2022-10-28T17:59:34.671+0000] {standard_task_runner.py:82} INFO - Running: ['***', 'tasks', 'run', 'get_hourly_demand_v2', 'get_hourly_demand', 'scheduled__2022-10-26T20:05:00+00:00', '--job-id', '17', '--raw', '--subdir', 'DAGS_FOLDER/hourly_demand_dag.py', '--cfg-path', '/tmp/tmp0dyhp771']
[2022-10-28T17:59:34.707+0000] {standard_task_runner.py:83} INFO - Job 17: Subtask get_hourly_demand
[2022-10-28T17:59:35.428+0000] {task_command.py:376} INFO - Running <TaskInstance: get_hourly_demand_v2.get_hourly_demand scheduled__2022-10-26T20:05:00+00:00 [running]> on host f011703e6eb5
[2022-10-28T17:59:36.630+0000] {taskinstance.py:1592} INFO - Exporting the following env vars:
AIRFLOW_CTX_DAG_EMAIL=colmo786@gmail.com
AIRFLOW_CTX_DAG_OWNER=energy
AIRFLOW_CTX_DAG_ID=get_hourly_demand_v2
AIRFLOW_CTX_TASK_ID=get_hourly_demand
AIRFLOW_CTX_EXECUTION_DATE=2022-10-26T20:05:00+00:00
AIRFLOW_CTX_TRY_NUMBER=1
AIRFLOW_CTX_DAG_RUN_ID=scheduled__2022-10-26T20:05:00+00:00
[2022-10-28T17:59:36.697+0000] {logging_mixin.py:120} WARNING - /home/***/.local/lib/python3.7/site-packages/***/utils/context.py:297 AirflowContextDeprecationWarning: Accessing 'execution_date' from the template is deprecated and will be removed in a future version. Please use 'data_interval_start' or 'logical_date' instead.
[2022-10-28T17:59:36.739+0000] {logging_mixin.py:120} INFO - INFO Module build_postgres_cnxn: DB Connection to host local_pgdb Ok
[2022-10-28T17:59:36.941+0000] {logging_mixin.py:120} INFO - INFO api_request_to_pandas: API request executed Ok. Number of records returned: 288
[2022-10-28T17:59:37.490+0000] {logging_mixin.py:120} INFO - INFO api_request_to_pandas: API request executed Ok. Number of records returned: 19
[2022-10-28T17:59:37.492+0000] {logging_mixin.py:120} INFO - INFO is_holiday. URL request for 2022-10-26 Ok.
[2022-10-28T17:59:37.526+0000] {logging_mixin.py:120} INFO - INFO get_hourly_demand - 24 records were upserted. Table cammesa_db.hourly_demand.
[2022-10-28T17:59:37.529+0000] {logging_mixin.py:120} INFO - INFO get_hourly_demand execution:  2022-10-26T20:05:00+00:00
[2022-10-28T17:59:37.535+0000] {python.py:177} INFO - Done. Returned value was: None
[2022-10-28T17:59:37.767+0000] {taskinstance.py:1406} INFO - Marking task as SUCCESS. dag_id=get_hourly_demand_v2, task_id=get_hourly_demand, execution_date=20221026T200500, start_date=20221028T175933, end_date=20221028T175937
[2022-10-28T17:59:38.015+0000] {local_task_job.py:164} INFO - Task exited with return code 0
[2022-10-28T17:59:38.126+0000] {local_task_job.py:273} INFO - 0 downstream tasks scheduled from follow-on schedule check
