[2022-10-27T23:05:01.993+0000] {taskinstance.py:1165} INFO - Dependencies all met for <TaskInstance: get_hourly_demand_v2.get_hourly_demand scheduled__2022-10-27T22:05:00+00:00 [queued]>
[2022-10-27T23:05:02.017+0000] {taskinstance.py:1165} INFO - Dependencies all met for <TaskInstance: get_hourly_demand_v2.get_hourly_demand scheduled__2022-10-27T22:05:00+00:00 [queued]>
[2022-10-27T23:05:02.018+0000] {taskinstance.py:1362} INFO - 
--------------------------------------------------------------------------------
[2022-10-27T23:05:02.018+0000] {taskinstance.py:1363} INFO - Starting attempt 1 of 2
[2022-10-27T23:05:02.018+0000] {taskinstance.py:1364} INFO - 
--------------------------------------------------------------------------------
[2022-10-27T23:05:02.103+0000] {taskinstance.py:1383} INFO - Executing <Task(PythonOperator): get_hourly_demand> on 2022-10-27 22:05:00+00:00
[2022-10-27T23:05:02.110+0000] {standard_task_runner.py:55} INFO - Started process 480 to run task
[2022-10-27T23:05:02.114+0000] {standard_task_runner.py:82} INFO - Running: ['***', 'tasks', 'run', 'get_hourly_demand_v2', 'get_hourly_demand', 'scheduled__2022-10-27T22:05:00+00:00', '--job-id', '52', '--raw', '--subdir', 'DAGS_FOLDER/hourly_demand_dag.py', '--cfg-path', '/tmp/tmphq3pmiun']
[2022-10-27T23:05:02.118+0000] {standard_task_runner.py:83} INFO - Job 52: Subtask get_hourly_demand
[2022-10-27T23:05:02.327+0000] {task_command.py:376} INFO - Running <TaskInstance: get_hourly_demand_v2.get_hourly_demand scheduled__2022-10-27T22:05:00+00:00 [running]> on host b19062265769
[2022-10-27T23:05:02.510+0000] {taskinstance.py:1592} INFO - Exporting the following env vars:
AIRFLOW_CTX_DAG_EMAIL=colmo786@gmail.com
AIRFLOW_CTX_DAG_OWNER=energy
AIRFLOW_CTX_DAG_ID=get_hourly_demand_v2
AIRFLOW_CTX_TASK_ID=get_hourly_demand
AIRFLOW_CTX_EXECUTION_DATE=2022-10-27T22:05:00+00:00
AIRFLOW_CTX_TRY_NUMBER=1
AIRFLOW_CTX_DAG_RUN_ID=scheduled__2022-10-27T22:05:00+00:00
[2022-10-27T23:05:02.534+0000] {logging_mixin.py:120} WARNING - /home/***/.local/lib/python3.7/site-packages/***/utils/context.py:297 AirflowContextDeprecationWarning: Accessing 'execution_date' from the template is deprecated and will be removed in a future version. Please use 'data_interval_start' or 'logical_date' instead.
[2022-10-27T23:05:02.549+0000] {logging_mixin.py:120} INFO - INFO Module build_postgres_cnxn: DB Connection to host local_pgdb Ok
[2022-10-27T23:05:02.997+0000] {logging_mixin.py:120} INFO - INFO api_request_to_pandas: API request executed Ok. Number of records returned: 239
[2022-10-27T23:05:03.416+0000] {logging_mixin.py:120} INFO - INFO api_request_to_pandas: API request executed Ok. Number of records returned: 19
[2022-10-27T23:05:03.418+0000] {logging_mixin.py:120} INFO - INFO is_holiday. URL request for 2022-10-27 Ok.
[2022-10-27T23:05:03.426+0000] {logging_mixin.py:120} INFO - INFO get_hourly_demand - 19 records were upserted. Table cammesa_db.hourly_demand.
[2022-10-27T23:05:03.427+0000] {logging_mixin.py:120} INFO - INFO get_hourly_demand execution:  2022-10-27T22:05:00+00:00
[2022-10-27T23:05:03.428+0000] {python.py:177} INFO - Done. Returned value was: None
[2022-10-27T23:05:03.444+0000] {taskinstance.py:1406} INFO - Marking task as SUCCESS. dag_id=get_hourly_demand_v2, task_id=get_hourly_demand, execution_date=20221027T220500, start_date=20221027T230501, end_date=20221027T230503
[2022-10-27T23:05:03.509+0000] {local_task_job.py:164} INFO - Task exited with return code 0
[2022-10-27T23:05:03.547+0000] {local_task_job.py:273} INFO - 0 downstream tasks scheduled from follow-on schedule check
[2022-10-28T03:14:38.910+0000] {taskinstance.py:1165} INFO - Dependencies all met for <TaskInstance: get_hourly_demand_v2.get_hourly_demand scheduled__2022-10-27T22:05:00+00:00 [queued]>
[2022-10-28T03:14:38.974+0000] {taskinstance.py:1165} INFO - Dependencies all met for <TaskInstance: get_hourly_demand_v2.get_hourly_demand scheduled__2022-10-27T22:05:00+00:00 [queued]>
[2022-10-28T03:14:38.974+0000] {taskinstance.py:1362} INFO - 
--------------------------------------------------------------------------------
[2022-10-28T03:14:38.975+0000] {taskinstance.py:1363} INFO - Starting attempt 1 of 2
[2022-10-28T03:14:38.975+0000] {taskinstance.py:1364} INFO - 
--------------------------------------------------------------------------------
[2022-10-28T03:14:39.064+0000] {taskinstance.py:1383} INFO - Executing <Task(PythonOperator): get_hourly_demand> on 2022-10-27 22:05:00+00:00
[2022-10-28T03:14:39.091+0000] {standard_task_runner.py:55} INFO - Started process 816 to run task
[2022-10-28T03:14:39.104+0000] {standard_task_runner.py:82} INFO - Running: ['***', 'tasks', 'run', 'get_hourly_demand_v2', 'get_hourly_demand', 'scheduled__2022-10-27T22:05:00+00:00', '--job-id', '49', '--raw', '--subdir', 'DAGS_FOLDER/hourly_demand_dag.py', '--cfg-path', '/tmp/tmpyjwzsmms']
[2022-10-28T03:14:39.107+0000] {standard_task_runner.py:83} INFO - Job 49: Subtask get_hourly_demand
[2022-10-28T03:14:39.453+0000] {task_command.py:376} INFO - Running <TaskInstance: get_hourly_demand_v2.get_hourly_demand scheduled__2022-10-27T22:05:00+00:00 [running]> on host 96776771a69f
[2022-10-28T03:14:39.935+0000] {taskinstance.py:1592} INFO - Exporting the following env vars:
AIRFLOW_CTX_DAG_EMAIL=colmo786@gmail.com
AIRFLOW_CTX_DAG_OWNER=energy
AIRFLOW_CTX_DAG_ID=get_hourly_demand_v2
AIRFLOW_CTX_TASK_ID=get_hourly_demand
AIRFLOW_CTX_EXECUTION_DATE=2022-10-27T22:05:00+00:00
AIRFLOW_CTX_TRY_NUMBER=1
AIRFLOW_CTX_DAG_RUN_ID=scheduled__2022-10-27T22:05:00+00:00
[2022-10-28T03:14:39.978+0000] {logging_mixin.py:120} WARNING - /home/***/.local/lib/python3.7/site-packages/***/utils/context.py:297 AirflowContextDeprecationWarning: Accessing 'execution_date' from the template is deprecated and will be removed in a future version. Please use 'data_interval_start' or 'logical_date' instead.
[2022-10-28T03:14:39.999+0000] {logging_mixin.py:120} INFO - INFO Module build_postgres_cnxn: DB Connection to host local_pgdb Ok
[2022-10-28T03:14:40.126+0000] {logging_mixin.py:120} INFO - INFO api_request_to_pandas: API request executed Ok. Number of records returned: 288
[2022-10-28T03:14:40.467+0000] {logging_mixin.py:120} INFO - INFO api_request_to_pandas: API request executed Ok. Number of records returned: 19
[2022-10-28T03:14:40.470+0000] {logging_mixin.py:120} INFO - INFO is_holiday. URL request for 2022-10-27 Ok.
[2022-10-28T03:14:40.494+0000] {logging_mixin.py:120} INFO - INFO get_hourly_demand - 24 records were upserted. Table cammesa_db.hourly_demand.
[2022-10-28T03:14:40.494+0000] {logging_mixin.py:120} INFO - INFO get_hourly_demand execution:  2022-10-27T22:05:00+00:00
[2022-10-28T03:14:40.495+0000] {python.py:177} INFO - Done. Returned value was: None
[2022-10-28T03:14:40.522+0000] {taskinstance.py:1406} INFO - Marking task as SUCCESS. dag_id=get_hourly_demand_v2, task_id=get_hourly_demand, execution_date=20221027T220500, start_date=20221028T031438, end_date=20221028T031440
[2022-10-28T03:14:40.583+0000] {local_task_job.py:164} INFO - Task exited with return code 0
[2022-10-28T03:14:40.623+0000] {local_task_job.py:273} INFO - 0 downstream tasks scheduled from follow-on schedule check
[2022-10-28T18:02:03.854+0000] {taskinstance.py:1165} INFO - Dependencies all met for <TaskInstance: get_hourly_demand_v2.get_hourly_demand scheduled__2022-10-27T22:05:00+00:00 [queued]>
[2022-10-28T18:02:04.586+0000] {taskinstance.py:1165} INFO - Dependencies all met for <TaskInstance: get_hourly_demand_v2.get_hourly_demand scheduled__2022-10-27T22:05:00+00:00 [queued]>
[2022-10-28T18:02:04.586+0000] {taskinstance.py:1362} INFO - 
--------------------------------------------------------------------------------
[2022-10-28T18:02:04.586+0000] {taskinstance.py:1363} INFO - Starting attempt 1 of 2
[2022-10-28T18:02:04.599+0000] {taskinstance.py:1364} INFO - 
--------------------------------------------------------------------------------
[2022-10-28T18:02:05.004+0000] {taskinstance.py:1383} INFO - Executing <Task(PythonOperator): get_hourly_demand> on 2022-10-27 22:05:00+00:00
[2022-10-28T18:02:05.313+0000] {standard_task_runner.py:55} INFO - Started process 1051 to run task
[2022-10-28T18:02:05.359+0000] {standard_task_runner.py:82} INFO - Running: ['***', 'tasks', 'run', 'get_hourly_demand_v2', 'get_hourly_demand', 'scheduled__2022-10-27T22:05:00+00:00', '--job-id', '46', '--raw', '--subdir', 'DAGS_FOLDER/hourly_demand_dag.py', '--cfg-path', '/tmp/tmp08huvasm']
[2022-10-28T18:02:05.375+0000] {standard_task_runner.py:83} INFO - Job 46: Subtask get_hourly_demand
[2022-10-28T18:02:06.089+0000] {task_command.py:376} INFO - Running <TaskInstance: get_hourly_demand_v2.get_hourly_demand scheduled__2022-10-27T22:05:00+00:00 [running]> on host f011703e6eb5
[2022-10-28T18:02:07.363+0000] {taskinstance.py:1592} INFO - Exporting the following env vars:
AIRFLOW_CTX_DAG_EMAIL=colmo786@gmail.com
AIRFLOW_CTX_DAG_OWNER=energy
AIRFLOW_CTX_DAG_ID=get_hourly_demand_v2
AIRFLOW_CTX_TASK_ID=get_hourly_demand
AIRFLOW_CTX_EXECUTION_DATE=2022-10-27T22:05:00+00:00
AIRFLOW_CTX_TRY_NUMBER=1
AIRFLOW_CTX_DAG_RUN_ID=scheduled__2022-10-27T22:05:00+00:00
[2022-10-28T18:02:07.381+0000] {logging_mixin.py:120} WARNING - /home/***/.local/lib/python3.7/site-packages/***/utils/context.py:297 AirflowContextDeprecationWarning: Accessing 'execution_date' from the template is deprecated and will be removed in a future version. Please use 'data_interval_start' or 'logical_date' instead.
[2022-10-28T18:02:07.495+0000] {logging_mixin.py:120} INFO - INFO Module build_postgres_cnxn: DB Connection to host local_pgdb Ok
[2022-10-28T18:02:07.640+0000] {logging_mixin.py:120} INFO - INFO api_request_to_pandas: API request executed Ok. Number of records returned: 288
[2022-10-28T18:02:08.173+0000] {logging_mixin.py:120} INFO - INFO api_request_to_pandas: API request executed Ok. Number of records returned: 19
[2022-10-28T18:02:08.176+0000] {logging_mixin.py:120} INFO - INFO is_holiday. URL request for 2022-10-27 Ok.
[2022-10-28T18:02:08.237+0000] {logging_mixin.py:120} INFO - INFO get_hourly_demand - 24 records were upserted. Table cammesa_db.hourly_demand.
[2022-10-28T18:02:08.243+0000] {logging_mixin.py:120} INFO - INFO get_hourly_demand execution:  2022-10-27T22:05:00+00:00
[2022-10-28T18:02:08.244+0000] {python.py:177} INFO - Done. Returned value was: None
[2022-10-28T18:02:08.301+0000] {taskinstance.py:1406} INFO - Marking task as SUCCESS. dag_id=get_hourly_demand_v2, task_id=get_hourly_demand, execution_date=20221027T220500, start_date=20221028T180204, end_date=20221028T180208
[2022-10-28T18:02:08.562+0000] {local_task_job.py:164} INFO - Task exited with return code 0
[2022-10-28T18:02:08.610+0000] {local_task_job.py:273} INFO - 0 downstream tasks scheduled from follow-on schedule check
