[2022-10-28T19:10:05.953+0000] {taskinstance.py:1165} INFO - Dependencies all met for <TaskInstance: ENG_hourly_process_v1.get_hourly_demand scheduled__2022-10-26T16:05:00+00:00 [queued]>
[2022-10-28T19:10:08.517+0000] {taskinstance.py:1165} INFO - Dependencies all met for <TaskInstance: ENG_hourly_process_v1.get_hourly_demand scheduled__2022-10-26T16:05:00+00:00 [queued]>
[2022-10-28T19:10:08.518+0000] {taskinstance.py:1362} INFO - 
--------------------------------------------------------------------------------
[2022-10-28T19:10:08.518+0000] {taskinstance.py:1363} INFO - Starting attempt 1 of 2
[2022-10-28T19:10:08.518+0000] {taskinstance.py:1364} INFO - 
--------------------------------------------------------------------------------
[2022-10-28T19:10:08.764+0000] {taskinstance.py:1383} INFO - Executing <Task(PythonOperator): get_hourly_demand> on 2022-10-26 16:05:00+00:00
[2022-10-28T19:10:08.893+0000] {standard_task_runner.py:55} INFO - Started process 6199 to run task
[2022-10-28T19:10:08.934+0000] {standard_task_runner.py:82} INFO - Running: ['***', 'tasks', 'run', 'ENG_hourly_process_v1', 'get_hourly_demand', 'scheduled__2022-10-26T16:05:00+00:00', '--job-id', '93', '--raw', '--subdir', 'DAGS_FOLDER/ENG_hourly_process_dag.py', '--cfg-path', '/tmp/tmph9edsmd7']
[2022-10-28T19:10:08.982+0000] {standard_task_runner.py:83} INFO - Job 93: Subtask get_hourly_demand
[2022-10-28T19:10:09.729+0000] {task_command.py:376} INFO - Running <TaskInstance: ENG_hourly_process_v1.get_hourly_demand scheduled__2022-10-26T16:05:00+00:00 [running]> on host f011703e6eb5
[2022-10-28T19:10:11.200+0000] {taskinstance.py:1592} INFO - Exporting the following env vars:
AIRFLOW_CTX_DAG_EMAIL=colmo786@gmail.com
AIRFLOW_CTX_DAG_OWNER=energy
AIRFLOW_CTX_DAG_ID=ENG_hourly_process_v1
AIRFLOW_CTX_TASK_ID=get_hourly_demand
AIRFLOW_CTX_EXECUTION_DATE=2022-10-26T16:05:00+00:00
AIRFLOW_CTX_TRY_NUMBER=1
AIRFLOW_CTX_DAG_RUN_ID=scheduled__2022-10-26T16:05:00+00:00
[2022-10-28T19:10:11.279+0000] {logging_mixin.py:120} WARNING - /home/***/.local/lib/python3.7/site-packages/***/utils/context.py:297 AirflowContextDeprecationWarning: Accessing 'execution_date' from the template is deprecated and will be removed in a future version. Please use 'data_interval_start' or 'logical_date' instead.
[2022-10-28T19:10:11.343+0000] {logging_mixin.py:120} INFO - INFO Module build_postgres_cnxn: DB Connection to host local_pgdb Ok
[2022-10-28T19:10:12.194+0000] {logging_mixin.py:120} INFO - INFO api_request_to_pandas: API request executed Ok. Number of records returned: 288
[2022-10-28T19:10:12.612+0000] {logging_mixin.py:120} INFO - INFO api_request_to_pandas: API request executed Ok. Number of records returned: 19
[2022-10-28T19:10:12.614+0000] {logging_mixin.py:120} INFO - INFO is_holiday. URL request for 2022-10-26 Ok.
[2022-10-28T19:10:12.694+0000] {logging_mixin.py:120} INFO - INFO get_hourly_demand - 24 records were upserted. Table cammesa_db.hourly_demand.
[2022-10-28T19:10:12.709+0000] {logging_mixin.py:120} INFO - INFO get_hourly_demand execution:  2022-10-26T16:05:00+00:00
[2022-10-28T19:10:12.709+0000] {python.py:177} INFO - Done. Returned value was: None
[2022-10-28T19:10:12.790+0000] {taskinstance.py:1406} INFO - Marking task as SUCCESS. dag_id=ENG_hourly_process_v1, task_id=get_hourly_demand, execution_date=20221026T160500, start_date=20221028T191008, end_date=20221028T191012
[2022-10-28T19:10:14.360+0000] {local_task_job.py:164} INFO - Task exited with return code 0
[2022-10-28T19:10:14.722+0000] {local_task_job.py:273} INFO - 1 downstream tasks scheduled from follow-on schedule check
[2022-10-28T22:39:09.965+0000] {taskinstance.py:1165} INFO - Dependencies all met for <TaskInstance: ENG_hourly_process_v1.get_hourly_demand scheduled__2022-10-26T16:05:00+00:00 [None]>
[2022-10-28T22:39:10.046+0000] {taskinstance.py:1165} INFO - Dependencies all met for <TaskInstance: ENG_hourly_process_v1.get_hourly_demand scheduled__2022-10-26T16:05:00+00:00 [None]>
[2022-10-28T22:39:10.048+0000] {taskinstance.py:1362} INFO - 
--------------------------------------------------------------------------------
[2022-10-28T22:39:10.049+0000] {taskinstance.py:1363} INFO - Starting attempt 1 of 2
[2022-10-28T22:39:10.049+0000] {taskinstance.py:1364} INFO - 
--------------------------------------------------------------------------------
[2022-10-28T22:39:10.131+0000] {taskinstance.py:1383} INFO - Executing <Task(PythonOperator): get_hourly_demand> on 2022-10-26 16:05:00+00:00
[2022-10-28T22:39:10.151+0000] {standard_task_runner.py:55} INFO - Started process 1107 to run task
[2022-10-28T22:39:10.169+0000] {standard_task_runner.py:82} INFO - Running: ['***', 'tasks', 'run', 'ENG_hourly_process_v1', 'get_hourly_demand', 'scheduled__2022-10-26T16:05:00+00:00', '--job-id', '16', '--raw', '--subdir', 'DAGS_FOLDER/ENG_hourly_process_dag.py', '--cfg-path', '/tmp/tmp1h58h35k']
[2022-10-28T22:39:10.172+0000] {standard_task_runner.py:83} INFO - Job 16: Subtask get_hourly_demand
[2022-10-28T22:39:10.407+0000] {task_command.py:376} INFO - Running <TaskInstance: ENG_hourly_process_v1.get_hourly_demand scheduled__2022-10-26T16:05:00+00:00 [running]> on host 74ce152bc4b9
[2022-10-28T22:39:10.923+0000] {taskinstance.py:1592} INFO - Exporting the following env vars:
AIRFLOW_CTX_DAG_EMAIL=colmo786@gmail.com
AIRFLOW_CTX_DAG_OWNER=energy
AIRFLOW_CTX_DAG_ID=ENG_hourly_process_v1
AIRFLOW_CTX_TASK_ID=get_hourly_demand
AIRFLOW_CTX_EXECUTION_DATE=2022-10-26T16:05:00+00:00
AIRFLOW_CTX_TRY_NUMBER=1
AIRFLOW_CTX_DAG_RUN_ID=scheduled__2022-10-26T16:05:00+00:00
[2022-10-28T22:39:10.965+0000] {logging_mixin.py:120} WARNING - /home/***/.local/lib/python3.7/site-packages/***/utils/context.py:297 AirflowContextDeprecationWarning: Accessing 'execution_date' from the template is deprecated and will be removed in a future version. Please use 'data_interval_start' or 'logical_date' instead.
[2022-10-28T22:39:11.103+0000] {logging_mixin.py:120} INFO - INFO Module build_postgres_cnxn: DB Connection to host local_pgdb Ok
[2022-10-28T22:39:16.179+0000] {logging_mixin.py:120} INFO - INFO api_request_to_pandas: API request executed Ok. Number of records returned: 288
[2022-10-28T22:39:16.583+0000] {logging_mixin.py:120} INFO - INFO api_request_to_pandas: API request executed Ok. Number of records returned: 19
[2022-10-28T22:39:16.586+0000] {logging_mixin.py:120} INFO - INFO is_holiday. URL request for 2022-10-26 Ok.
[2022-10-28T22:39:16.673+0000] {logging_mixin.py:120} INFO - INFO get_hourly_demand - 24 records were upserted. Table cammesa_db.hourly_demand.
[2022-10-28T22:39:16.673+0000] {logging_mixin.py:120} INFO - INFO get_hourly_demand execution:  2022-10-26T16:05:00+00:00
[2022-10-28T22:39:16.674+0000] {python.py:177} INFO - Done. Returned value was: None
[2022-10-28T22:39:16.715+0000] {taskinstance.py:1406} INFO - Marking task as SUCCESS. dag_id=ENG_hourly_process_v1, task_id=get_hourly_demand, execution_date=20221026T160500, start_date=20221028T223909, end_date=20221028T223916
[2022-10-28T22:39:16.820+0000] {local_task_job.py:164} INFO - Task exited with return code 0
[2022-10-28T22:39:16.964+0000] {local_task_job.py:273} INFO - 1 downstream tasks scheduled from follow-on schedule check
