[2022-10-28T18:35:11.700+0000] {taskinstance.py:1165} INFO - Dependencies all met for <TaskInstance: ENG_hourly_process_v0.calculate_hourly_demand_forecast manual__2022-10-28T18:35:00.440637+00:00 [queued]>
[2022-10-28T18:35:11.711+0000] {taskinstance.py:1165} INFO - Dependencies all met for <TaskInstance: ENG_hourly_process_v0.calculate_hourly_demand_forecast manual__2022-10-28T18:35:00.440637+00:00 [queued]>
[2022-10-28T18:35:11.711+0000] {taskinstance.py:1362} INFO - 
--------------------------------------------------------------------------------
[2022-10-28T18:35:11.711+0000] {taskinstance.py:1363} INFO - Starting attempt 1 of 2
[2022-10-28T18:35:11.711+0000] {taskinstance.py:1364} INFO - 
--------------------------------------------------------------------------------
[2022-10-28T18:35:11.729+0000] {taskinstance.py:1383} INFO - Executing <Task(PythonOperator): calculate_hourly_demand_forecast> on 2022-10-28 18:35:00.440637+00:00
[2022-10-28T18:35:11.738+0000] {standard_task_runner.py:55} INFO - Started process 3391 to run task
[2022-10-28T18:35:11.743+0000] {standard_task_runner.py:82} INFO - Running: ['***', 'tasks', 'run', 'ENG_hourly_process_v0', 'calculate_hourly_demand_forecast', 'manual__2022-10-28T18:35:00.440637+00:00', '--job-id', '74', '--raw', '--subdir', 'DAGS_FOLDER/ENG_hourly_process_dag.py', '--cfg-path', '/tmp/tmpe7b0u5ii']
[2022-10-28T18:35:11.746+0000] {standard_task_runner.py:83} INFO - Job 74: Subtask calculate_hourly_demand_forecast
[2022-10-28T18:35:11.920+0000] {task_command.py:376} INFO - Running <TaskInstance: ENG_hourly_process_v0.calculate_hourly_demand_forecast manual__2022-10-28T18:35:00.440637+00:00 [running]> on host f011703e6eb5
[2022-10-28T18:35:12.048+0000] {taskinstance.py:1592} INFO - Exporting the following env vars:
AIRFLOW_CTX_DAG_EMAIL=colmo786@gmail.com
AIRFLOW_CTX_DAG_OWNER=energy
AIRFLOW_CTX_DAG_ID=ENG_hourly_process_v0
AIRFLOW_CTX_TASK_ID=calculate_hourly_demand_forecast
AIRFLOW_CTX_EXECUTION_DATE=2022-10-28T18:35:00.440637+00:00
AIRFLOW_CTX_TRY_NUMBER=1
AIRFLOW_CTX_DAG_RUN_ID=manual__2022-10-28T18:35:00.440637+00:00
[2022-10-28T18:35:12.057+0000] {logging_mixin.py:120} WARNING - /home/***/.local/lib/python3.7/site-packages/***/utils/context.py:297 AirflowContextDeprecationWarning: Accessing 'execution_date' from the template is deprecated and will be removed in a future version. Please use 'data_interval_start' or 'logical_date' instead.
[2022-10-28T18:35:12.058+0000] {logging_mixin.py:120} INFO - INFO calculate_hourly_demand_forecast execution init:  2022-10-28T18:35:00.440637+00:00
[2022-10-28T18:35:12.066+0000] {logging_mixin.py:120} INFO - INFO Module build_postgres_cnxn: DB Connection to host local_pgdb Ok
[2022-10-28T18:35:12.071+0000] {logging_mixin.py:120} INFO - INFO pg_select_to_pandas: query executed Ok. Number of records returned: 1
[2022-10-28T18:35:12.074+0000] {logging_mixin.py:120} INFO - INFO pg_select_to_pandas: query executed Ok. Number of records returned: 49
[2022-10-28T18:35:12.080+0000] {taskinstance.py:1851} ERROR - Task failed with exception
Traceback (most recent call last):
  File "/home/airflow/.local/lib/python3.7/site-packages/airflow/operators/python.py", line 175, in execute
    return_value = self.execute_callable()
  File "/home/airflow/.local/lib/python3.7/site-packages/airflow/operators/python.py", line 193, in execute_callable
    return self.python_callable(*self.op_args, **self.op_kwargs)
  File "/opt/airflow/dags/ENG_hourly_process_dag.py", line 63, in calculate_hourly_demand_forecast
    , port=port, n_lookback=48, n_forecast=24, verbose=True)
  File "/opt/airflow/dags/energy.py", line 234, in _calculate_hourly_demand_forecast
    model = load_model('lstm_24_model.h5')
  File "/home/airflow/.local/lib/python3.7/site-packages/keras/utils/traceback_utils.py", line 70, in error_handler
    raise e.with_traceback(filtered_tb) from None
  File "/home/airflow/.local/lib/python3.7/site-packages/keras/saving/save.py", line 227, in load_model
    f"No file or directory found at {filepath_str}"
OSError: No file or directory found at lstm_24_model.h5
[2022-10-28T18:35:12.090+0000] {taskinstance.py:1406} INFO - Marking task as UP_FOR_RETRY. dag_id=ENG_hourly_process_v0, task_id=calculate_hourly_demand_forecast, execution_date=20221028T183500, start_date=20221028T183511, end_date=20221028T183512
[2022-10-28T18:35:12.126+0000] {standard_task_runner.py:105} ERROR - Failed to execute job 74 for task calculate_hourly_demand_forecast (No file or directory found at lstm_24_model.h5; 3391)
[2022-10-28T18:35:12.157+0000] {local_task_job.py:164} INFO - Task exited with return code 1
[2022-10-28T18:35:12.185+0000] {local_task_job.py:273} INFO - 0 downstream tasks scheduled from follow-on schedule check
