[2022-10-28T22:28:42.638+0000] {taskinstance.py:1165} INFO - Dependencies all met for <TaskInstance: ENG_hourly_process_v1.get_hourly_demand scheduled__2022-10-26T07:05:00+00:00 [queued]>
[2022-10-28T22:28:43.531+0000] {taskinstance.py:1165} INFO - Dependencies all met for <TaskInstance: ENG_hourly_process_v1.get_hourly_demand scheduled__2022-10-26T07:05:00+00:00 [queued]>
[2022-10-28T22:28:43.532+0000] {taskinstance.py:1362} INFO - 
--------------------------------------------------------------------------------
[2022-10-28T22:28:43.533+0000] {taskinstance.py:1363} INFO - Starting attempt 2 of 2
[2022-10-28T22:28:43.533+0000] {taskinstance.py:1364} INFO - 
--------------------------------------------------------------------------------
[2022-10-28T22:28:44.853+0000] {taskinstance.py:1383} INFO - Executing <Task(PythonOperator): get_hourly_demand> on 2022-10-26 07:05:00+00:00
[2022-10-28T22:28:44.905+0000] {standard_task_runner.py:55} INFO - Started process 832 to run task
[2022-10-28T22:28:50.660+0000] {standard_task_runner.py:82} INFO - Running: ['***', 'tasks', 'run', 'ENG_hourly_process_v1', 'get_hourly_demand', 'scheduled__2022-10-26T07:05:00+00:00', '--job-id', '8', '--raw', '--subdir', 'DAGS_FOLDER/ENG_hourly_process_dag.py', '--cfg-path', '/tmp/tmp1h4w4i0w']
[2022-10-28T22:28:52.932+0000] {standard_task_runner.py:83} INFO - Job 8: Subtask get_hourly_demand
[2022-10-28T22:28:58.402+0000] {task_command.py:376} INFO - Running <TaskInstance: ENG_hourly_process_v1.get_hourly_demand scheduled__2022-10-26T07:05:00+00:00 [running]> on host 74ce152bc4b9
[2022-10-28T22:29:48.762+0000] {taskinstance.py:1592} INFO - Exporting the following env vars:
AIRFLOW_CTX_DAG_EMAIL=colmo786@gmail.com
AIRFLOW_CTX_DAG_OWNER=energy
AIRFLOW_CTX_DAG_ID=ENG_hourly_process_v1
AIRFLOW_CTX_TASK_ID=get_hourly_demand
AIRFLOW_CTX_EXECUTION_DATE=2022-10-26T07:05:00+00:00
AIRFLOW_CTX_TRY_NUMBER=2
AIRFLOW_CTX_DAG_RUN_ID=scheduled__2022-10-26T07:05:00+00:00
[2022-10-28T22:29:48.857+0000] {logging_mixin.py:120} WARNING - /home/***/.local/lib/python3.7/site-packages/***/utils/context.py:297 AirflowContextDeprecationWarning: Accessing 'execution_date' from the template is deprecated and will be removed in a future version. Please use 'data_interval_start' or 'logical_date' instead.
[2022-10-28T22:29:48.892+0000] {logging_mixin.py:120} INFO - INFO Module build_postgres_cnxn: DB Connection to host local_pgdb Ok
[2022-10-28T22:29:49.349+0000] {logging_mixin.py:120} INFO - INFO api_request_to_pandas: API request executed Ok. Number of records returned: 288
[2022-10-28T22:29:49.769+0000] {logging_mixin.py:120} INFO - INFO api_request_to_pandas: API request executed Ok. Number of records returned: 19
[2022-10-28T22:29:49.772+0000] {logging_mixin.py:120} INFO - INFO is_holiday. URL request for 2022-10-26 Ok.
[2022-10-28T22:29:49.843+0000] {logging_mixin.py:120} INFO - INFO get_hourly_demand - 24 records were upserted. Table cammesa_db.hourly_demand.
[2022-10-28T22:29:49.845+0000] {logging_mixin.py:120} INFO - INFO get_hourly_demand execution:  2022-10-26T07:05:00+00:00
[2022-10-28T22:29:49.846+0000] {python.py:177} INFO - Done. Returned value was: None
[2022-10-28T22:29:49.898+0000] {taskinstance.py:1406} INFO - Marking task as SUCCESS. dag_id=ENG_hourly_process_v1, task_id=get_hourly_demand, execution_date=20221026T070500, start_date=20221028T222842, end_date=20221028T222949
[2022-10-28T22:29:50.203+0000] {local_task_job.py:164} INFO - Task exited with return code 0
[2022-10-28T22:29:50.343+0000] {local_task_job.py:273} INFO - 1 downstream tasks scheduled from follow-on schedule check
