[2022-10-28T19:31:29.916+0000] {taskinstance.py:1165} INFO - Dependencies all met for <TaskInstance: ENG_hourly_process_v1.get_hourly_demand scheduled__2022-10-28T13:05:00+00:00 [queued]>
[2022-10-28T19:31:29.968+0000] {taskinstance.py:1165} INFO - Dependencies all met for <TaskInstance: ENG_hourly_process_v1.get_hourly_demand scheduled__2022-10-28T13:05:00+00:00 [queued]>
[2022-10-28T19:31:29.969+0000] {taskinstance.py:1362} INFO - 
--------------------------------------------------------------------------------
[2022-10-28T19:31:29.974+0000] {taskinstance.py:1363} INFO - Starting attempt 1 of 2
[2022-10-28T19:31:29.975+0000] {taskinstance.py:1364} INFO - 
--------------------------------------------------------------------------------
[2022-10-28T19:31:48.143+0000] {taskinstance.py:1383} INFO - Executing <Task(PythonOperator): get_hourly_demand> on 2022-10-28 13:05:00+00:00
[2022-10-28T19:32:01.513+0000] {standard_task_runner.py:55} INFO - Started process 498 to run task
[2022-10-28T19:32:01.643+0000] {standard_task_runner.py:82} INFO - Running: ['***', 'tasks', 'run', 'ENG_hourly_process_v1', 'get_hourly_demand', 'scheduled__2022-10-28T13:05:00+00:00', '--job-id', '158', '--raw', '--subdir', 'DAGS_FOLDER/ENG_hourly_process_dag.py', '--cfg-path', '/tmp/tmpah1qlknl']
[2022-10-28T19:32:01.645+0000] {standard_task_runner.py:83} INFO - Job 158: Subtask get_hourly_demand
[2022-10-28T19:32:02.181+0000] {task_command.py:376} INFO - Running <TaskInstance: ENG_hourly_process_v1.get_hourly_demand scheduled__2022-10-28T13:05:00+00:00 [running]> on host f011703e6eb5
[2022-10-28T19:32:02.680+0000] {taskinstance.py:1592} INFO - Exporting the following env vars:
AIRFLOW_CTX_DAG_EMAIL=colmo786@gmail.com
AIRFLOW_CTX_DAG_OWNER=energy
AIRFLOW_CTX_DAG_ID=ENG_hourly_process_v1
AIRFLOW_CTX_TASK_ID=get_hourly_demand
AIRFLOW_CTX_EXECUTION_DATE=2022-10-28T13:05:00+00:00
AIRFLOW_CTX_TRY_NUMBER=1
AIRFLOW_CTX_DAG_RUN_ID=scheduled__2022-10-28T13:05:00+00:00
[2022-10-28T19:32:02.749+0000] {logging_mixin.py:120} WARNING - /home/***/.local/lib/python3.7/site-packages/***/utils/context.py:297 AirflowContextDeprecationWarning: Accessing 'execution_date' from the template is deprecated and will be removed in a future version. Please use 'data_interval_start' or 'logical_date' instead.
[2022-10-28T19:32:02.804+0000] {logging_mixin.py:120} INFO - INFO Module build_postgres_cnxn: DB Connection to host local_pgdb Ok
[2022-10-28T19:32:03.188+0000] {logging_mixin.py:120} INFO - INFO api_request_to_pandas: API request executed Ok. Number of records returned: 197
[2022-10-28T19:32:03.603+0000] {logging_mixin.py:120} INFO - INFO api_request_to_pandas: API request executed Ok. Number of records returned: 19
[2022-10-28T19:32:03.607+0000] {logging_mixin.py:120} INFO - INFO is_holiday. URL request for 2022-10-28 Ok.
[2022-10-28T19:32:03.639+0000] {logging_mixin.py:120} INFO - INFO get_hourly_demand - 16 records were upserted. Table cammesa_db.hourly_demand.
[2022-10-28T19:32:03.640+0000] {logging_mixin.py:120} INFO - INFO get_hourly_demand execution:  2022-10-28T13:05:00+00:00
[2022-10-28T19:32:03.640+0000] {python.py:177} INFO - Done. Returned value was: None
[2022-10-28T19:32:03.673+0000] {taskinstance.py:1406} INFO - Marking task as SUCCESS. dag_id=ENG_hourly_process_v1, task_id=get_hourly_demand, execution_date=20221028T130500, start_date=20221028T193129, end_date=20221028T193203
[2022-10-28T19:32:04.103+0000] {local_task_job.py:164} INFO - Task exited with return code 0
[2022-10-28T19:32:04.340+0000] {local_task_job.py:273} INFO - 1 downstream tasks scheduled from follow-on schedule check
[2022-10-29T00:41:13.651+0000] {taskinstance.py:1165} INFO - Dependencies all met for <TaskInstance: ENG_hourly_process_v1.get_hourly_demand scheduled__2022-10-28T13:05:00+00:00 [queued]>
[2022-10-29T00:41:13.809+0000] {taskinstance.py:1165} INFO - Dependencies all met for <TaskInstance: ENG_hourly_process_v1.get_hourly_demand scheduled__2022-10-28T13:05:00+00:00 [queued]>
[2022-10-29T00:41:13.809+0000] {taskinstance.py:1362} INFO - 
--------------------------------------------------------------------------------
[2022-10-29T00:41:13.810+0000] {taskinstance.py:1363} INFO - Starting attempt 1 of 2
[2022-10-29T00:41:13.810+0000] {taskinstance.py:1364} INFO - 
--------------------------------------------------------------------------------
[2022-10-29T00:41:14.035+0000] {taskinstance.py:1383} INFO - Executing <Task(PythonOperator): get_hourly_demand> on 2022-10-28 13:05:00+00:00
[2022-10-29T00:41:14.162+0000] {standard_task_runner.py:55} INFO - Started process 1934 to run task
[2022-10-29T00:41:14.323+0000] {standard_task_runner.py:82} INFO - Running: ['***', 'tasks', 'run', 'ENG_hourly_process_v1', 'get_hourly_demand', 'scheduled__2022-10-28T13:05:00+00:00', '--job-id', '105', '--raw', '--subdir', 'DAGS_FOLDER/ENG_hourly_process_dag.py', '--cfg-path', '/tmp/tmp4t35g5ns']
[2022-10-29T00:41:14.386+0000] {standard_task_runner.py:83} INFO - Job 105: Subtask get_hourly_demand
[2022-10-29T00:41:15.160+0000] {task_command.py:376} INFO - Running <TaskInstance: ENG_hourly_process_v1.get_hourly_demand scheduled__2022-10-28T13:05:00+00:00 [running]> on host 6800cd8e39a3
[2022-10-29T00:41:15.774+0000] {taskinstance.py:1592} INFO - Exporting the following env vars:
AIRFLOW_CTX_DAG_EMAIL=colmo786@gmail.com
AIRFLOW_CTX_DAG_OWNER=energy
AIRFLOW_CTX_DAG_ID=ENG_hourly_process_v1
AIRFLOW_CTX_TASK_ID=get_hourly_demand
AIRFLOW_CTX_EXECUTION_DATE=2022-10-28T13:05:00+00:00
AIRFLOW_CTX_TRY_NUMBER=1
AIRFLOW_CTX_DAG_RUN_ID=scheduled__2022-10-28T13:05:00+00:00
[2022-10-29T00:41:15.849+0000] {logging_mixin.py:120} WARNING - /home/***/.local/lib/python3.7/site-packages/***/utils/context.py:297 AirflowContextDeprecationWarning: Accessing 'execution_date' from the template is deprecated and will be removed in a future version. Please use 'data_interval_start' or 'logical_date' instead.
[2022-10-29T00:41:15.930+0000] {logging_mixin.py:120} INFO - INFO Module build_postgres_cnxn: DB Connection to host local_pgdb Ok
[2022-10-29T00:41:16.139+0000] {logging_mixin.py:120} INFO - INFO api_request_to_pandas: API request executed Ok. Number of records returned: 259
[2022-10-29T00:41:16.639+0000] {logging_mixin.py:120} INFO - INFO api_request_to_pandas: API request executed Ok. Number of records returned: 19
[2022-10-29T00:41:16.659+0000] {logging_mixin.py:120} INFO - INFO is_holiday. URL request for 2022-10-28 Ok.
[2022-10-29T00:41:16.738+0000] {logging_mixin.py:120} INFO - INFO get_hourly_demand - 21 records were upserted. Table cammesa_db.hourly_demand.
[2022-10-29T00:41:16.739+0000] {logging_mixin.py:120} INFO - INFO get_hourly_demand execution:  2022-10-28T13:05:00+00:00
[2022-10-29T00:41:16.739+0000] {python.py:177} INFO - Done. Returned value was: None
[2022-10-29T00:41:17.018+0000] {taskinstance.py:1406} INFO - Marking task as SUCCESS. dag_id=ENG_hourly_process_v1, task_id=get_hourly_demand, execution_date=20221028T130500, start_date=20221029T004113, end_date=20221029T004117
[2022-10-29T00:41:17.427+0000] {local_task_job.py:164} INFO - Task exited with return code 0
[2022-10-29T00:41:17.844+0000] {local_task_job.py:273} INFO - 1 downstream tasks scheduled from follow-on schedule check
