[2022-10-28T18:00:01.342+0000] {taskinstance.py:1165} INFO - Dependencies all met for <TaskInstance: get_hourly_demand_v2.get_hourly_demand scheduled__2022-10-26T07:05:00+00:00 [queued]>
[2022-10-28T18:00:01.396+0000] {taskinstance.py:1165} INFO - Dependencies all met for <TaskInstance: get_hourly_demand_v2.get_hourly_demand scheduled__2022-10-26T07:05:00+00:00 [queued]>
[2022-10-28T18:00:01.401+0000] {taskinstance.py:1362} INFO - 
--------------------------------------------------------------------------------
[2022-10-28T18:00:01.402+0000] {taskinstance.py:1363} INFO - Starting attempt 2 of 2
[2022-10-28T18:00:01.402+0000] {taskinstance.py:1364} INFO - 
--------------------------------------------------------------------------------
[2022-10-28T18:00:01.482+0000] {taskinstance.py:1383} INFO - Executing <Task(PythonOperator): get_hourly_demand> on 2022-10-26 07:05:00+00:00
[2022-10-28T18:00:01.502+0000] {standard_task_runner.py:55} INFO - Started process 875 to run task
[2022-10-28T18:00:01.516+0000] {standard_task_runner.py:82} INFO - Running: ['***', 'tasks', 'run', 'get_hourly_demand_v2', 'get_hourly_demand', 'scheduled__2022-10-26T07:05:00+00:00', '--job-id', '26', '--raw', '--subdir', 'DAGS_FOLDER/hourly_demand_dag.py', '--cfg-path', '/tmp/tmp0j3_0rwk']
[2022-10-28T18:00:01.519+0000] {standard_task_runner.py:83} INFO - Job 26: Subtask get_hourly_demand
[2022-10-28T18:00:01.762+0000] {task_command.py:376} INFO - Running <TaskInstance: get_hourly_demand_v2.get_hourly_demand scheduled__2022-10-26T07:05:00+00:00 [running]> on host f011703e6eb5
[2022-10-28T18:00:02.080+0000] {taskinstance.py:1592} INFO - Exporting the following env vars:
AIRFLOW_CTX_DAG_EMAIL=colmo786@gmail.com
AIRFLOW_CTX_DAG_OWNER=energy
AIRFLOW_CTX_DAG_ID=get_hourly_demand_v2
AIRFLOW_CTX_TASK_ID=get_hourly_demand
AIRFLOW_CTX_EXECUTION_DATE=2022-10-26T07:05:00+00:00
AIRFLOW_CTX_TRY_NUMBER=2
AIRFLOW_CTX_DAG_RUN_ID=scheduled__2022-10-26T07:05:00+00:00
[2022-10-28T18:00:02.104+0000] {logging_mixin.py:120} WARNING - /home/***/.local/lib/python3.7/site-packages/***/utils/context.py:297 AirflowContextDeprecationWarning: Accessing 'execution_date' from the template is deprecated and will be removed in a future version. Please use 'data_interval_start' or 'logical_date' instead.
[2022-10-28T18:00:02.146+0000] {logging_mixin.py:120} INFO - INFO Module build_postgres_cnxn: DB Connection to host local_pgdb Ok
[2022-10-28T18:00:02.281+0000] {logging_mixin.py:120} INFO - INFO api_request_to_pandas: API request executed Ok. Number of records returned: 288
[2022-10-28T18:00:02.654+0000] {logging_mixin.py:120} INFO - INFO api_request_to_pandas: API request executed Ok. Number of records returned: 19
[2022-10-28T18:00:02.656+0000] {logging_mixin.py:120} INFO - INFO is_holiday. URL request for 2022-10-26 Ok.
[2022-10-28T18:00:02.690+0000] {logging_mixin.py:120} INFO - INFO get_hourly_demand - 24 records were upserted. Table cammesa_db.hourly_demand.
[2022-10-28T18:00:02.691+0000] {logging_mixin.py:120} INFO - INFO get_hourly_demand execution:  2022-10-26T07:05:00+00:00
[2022-10-28T18:00:02.693+0000] {python.py:177} INFO - Done. Returned value was: None
[2022-10-28T18:00:02.732+0000] {taskinstance.py:1406} INFO - Marking task as SUCCESS. dag_id=get_hourly_demand_v2, task_id=get_hourly_demand, execution_date=20221026T070500, start_date=20221028T180001, end_date=20221028T180002
[2022-10-28T18:00:02.886+0000] {local_task_job.py:164} INFO - Task exited with return code 0
[2022-10-28T18:00:02.967+0000] {local_task_job.py:273} INFO - 0 downstream tasks scheduled from follow-on schedule check
