[2022-10-26T21:35:24.497+0000] {taskinstance.py:1165} INFO - Dependencies all met for <TaskInstance: get_hourly_demand_v2.get_hourly_demand scheduled__2022-10-26T07:05:00+00:00 [queued]>
[2022-10-26T21:35:24.594+0000] {taskinstance.py:1165} INFO - Dependencies all met for <TaskInstance: get_hourly_demand_v2.get_hourly_demand scheduled__2022-10-26T07:05:00+00:00 [queued]>
[2022-10-26T21:35:24.606+0000] {taskinstance.py:1362} INFO - 
--------------------------------------------------------------------------------
[2022-10-26T21:35:24.607+0000] {taskinstance.py:1363} INFO - Starting attempt 1 of 2
[2022-10-26T21:35:24.607+0000] {taskinstance.py:1364} INFO - 
--------------------------------------------------------------------------------
[2022-10-26T21:35:24.721+0000] {taskinstance.py:1383} INFO - Executing <Task(PythonOperator): get_hourly_demand> on 2022-10-26 07:05:00+00:00
[2022-10-26T21:35:24.771+0000] {standard_task_runner.py:55} INFO - Started process 323 to run task
[2022-10-26T21:35:24.810+0000] {standard_task_runner.py:82} INFO - Running: ['***', 'tasks', 'run', 'get_hourly_demand_v2', 'get_hourly_demand', 'scheduled__2022-10-26T07:05:00+00:00', '--job-id', '10', '--raw', '--subdir', 'DAGS_FOLDER/hourly_demand_dag.py', '--cfg-path', '/tmp/tmpnwpplb6q']
[2022-10-26T21:35:24.813+0000] {standard_task_runner.py:83} INFO - Job 10: Subtask get_hourly_demand
[2022-10-26T21:35:28.266+0000] {task_command.py:376} INFO - Running <TaskInstance: get_hourly_demand_v2.get_hourly_demand scheduled__2022-10-26T07:05:00+00:00 [running]> on host f694475c41c8
[2022-10-26T21:35:28.767+0000] {taskinstance.py:1592} INFO - Exporting the following env vars:
AIRFLOW_CTX_DAG_EMAIL=colmo786@gmail.com
AIRFLOW_CTX_DAG_OWNER=energy
AIRFLOW_CTX_DAG_ID=get_hourly_demand_v2
AIRFLOW_CTX_TASK_ID=get_hourly_demand
AIRFLOW_CTX_EXECUTION_DATE=2022-10-26T07:05:00+00:00
AIRFLOW_CTX_TRY_NUMBER=1
AIRFLOW_CTX_DAG_RUN_ID=scheduled__2022-10-26T07:05:00+00:00
[2022-10-26T21:35:28.792+0000] {logging_mixin.py:120} WARNING - /home/***/.local/lib/python3.7/site-packages/***/utils/context.py:297 AirflowContextDeprecationWarning: Accessing 'execution_date' from the template is deprecated and will be removed in a future version. Please use 'data_interval_start' or 'logical_date' instead.
[2022-10-26T21:35:28.840+0000] {logging_mixin.py:120} INFO - INFO Module build_postgres_cnxn: DB Connection to host local_pgdb Ok
[2022-10-26T21:35:29.403+0000] {logging_mixin.py:120} INFO - INFO api_request_to_pandas: API request executed Ok. Number of records returned: 222
[2022-10-26T21:35:29.820+0000] {logging_mixin.py:120} INFO - INFO api_request_to_pandas: API request executed Ok. Number of records returned: 19
[2022-10-26T21:35:29.824+0000] {logging_mixin.py:120} INFO - INFO is_holiday. URL request for 2022-10-26 Ok.
[2022-10-26T21:35:29.846+0000] {logging_mixin.py:120} INFO - INFO get_hourly_demand - 18 records were upserted. Table cammesa_db.hourly_demand.
[2022-10-26T21:35:29.847+0000] {logging_mixin.py:120} INFO - INFO get_hourly_demand execution:  2022-10-26T07:05:00+00:00
[2022-10-26T21:35:29.848+0000] {python.py:177} INFO - Done. Returned value was: None
[2022-10-26T21:35:29.877+0000] {taskinstance.py:1406} INFO - Marking task as SUCCESS. dag_id=get_hourly_demand_v2, task_id=get_hourly_demand, execution_date=20221026T070500, start_date=20221026T213524, end_date=20221026T213529
[2022-10-26T21:35:29.962+0000] {local_task_job.py:164} INFO - Task exited with return code 0
[2022-10-26T21:35:30.042+0000] {local_task_job.py:273} INFO - 0 downstream tasks scheduled from follow-on schedule check
[2022-10-26T22:31:58.456+0000] {taskinstance.py:1165} INFO - Dependencies all met for <TaskInstance: get_hourly_demand_v2.get_hourly_demand scheduled__2022-10-26T07:05:00+00:00 [queued]>
[2022-10-26T22:31:58.621+0000] {taskinstance.py:1165} INFO - Dependencies all met for <TaskInstance: get_hourly_demand_v2.get_hourly_demand scheduled__2022-10-26T07:05:00+00:00 [queued]>
[2022-10-26T22:31:58.621+0000] {taskinstance.py:1362} INFO - 
--------------------------------------------------------------------------------
[2022-10-26T22:31:58.621+0000] {taskinstance.py:1363} INFO - Starting attempt 1 of 2
[2022-10-26T22:31:58.622+0000] {taskinstance.py:1364} INFO - 
--------------------------------------------------------------------------------
[2022-10-26T22:31:59.415+0000] {taskinstance.py:1383} INFO - Executing <Task(PythonOperator): get_hourly_demand> on 2022-10-26 07:05:00+00:00
[2022-10-26T22:31:59.477+0000] {standard_task_runner.py:55} INFO - Started process 350 to run task
[2022-10-26T22:31:59.527+0000] {standard_task_runner.py:82} INFO - Running: ['***', 'tasks', 'run', 'get_hourly_demand_v2', 'get_hourly_demand', 'scheduled__2022-10-26T07:05:00+00:00', '--job-id', '9', '--raw', '--subdir', 'DAGS_FOLDER/hourly_demand_dag.py', '--cfg-path', '/tmp/tmp1ymrq503']
[2022-10-26T22:31:59.590+0000] {standard_task_runner.py:83} INFO - Job 9: Subtask get_hourly_demand
[2022-10-26T22:32:00.433+0000] {task_command.py:376} INFO - Running <TaskInstance: get_hourly_demand_v2.get_hourly_demand scheduled__2022-10-26T07:05:00+00:00 [running]> on host b19062265769
[2022-10-26T22:32:02.228+0000] {taskinstance.py:1592} INFO - Exporting the following env vars:
AIRFLOW_CTX_DAG_EMAIL=colmo786@gmail.com
AIRFLOW_CTX_DAG_OWNER=energy
AIRFLOW_CTX_DAG_ID=get_hourly_demand_v2
AIRFLOW_CTX_TASK_ID=get_hourly_demand
AIRFLOW_CTX_EXECUTION_DATE=2022-10-26T07:05:00+00:00
AIRFLOW_CTX_TRY_NUMBER=1
AIRFLOW_CTX_DAG_RUN_ID=scheduled__2022-10-26T07:05:00+00:00
[2022-10-26T22:32:02.295+0000] {logging_mixin.py:120} WARNING - /home/***/.local/lib/python3.7/site-packages/***/utils/context.py:297 AirflowContextDeprecationWarning: Accessing 'execution_date' from the template is deprecated and will be removed in a future version. Please use 'data_interval_start' or 'logical_date' instead.
[2022-10-26T22:32:02.348+0000] {logging_mixin.py:120} INFO - INFO Module build_postgres_cnxn: DB Connection to host local_pgdb Ok
[2022-10-26T22:32:03.065+0000] {logging_mixin.py:120} INFO - INFO api_request_to_pandas: API request executed Ok. Number of records returned: 233
[2022-10-26T22:32:11.602+0000] {logging_mixin.py:120} INFO - INFO api_request_to_pandas: API request executed Ok. Number of records returned: 19
[2022-10-26T22:32:11.606+0000] {logging_mixin.py:120} INFO - INFO is_holiday. URL request for 2022-10-26 Ok.
[2022-10-26T22:32:11.651+0000] {logging_mixin.py:120} INFO - INFO get_hourly_demand - 19 records were upserted. Table cammesa_db.hourly_demand.
[2022-10-26T22:32:11.652+0000] {logging_mixin.py:120} INFO - INFO get_hourly_demand execution:  2022-10-26T07:05:00+00:00
[2022-10-26T22:32:11.653+0000] {python.py:177} INFO - Done. Returned value was: None
[2022-10-26T22:32:11.880+0000] {taskinstance.py:1406} INFO - Marking task as SUCCESS. dag_id=get_hourly_demand_v2, task_id=get_hourly_demand, execution_date=20221026T070500, start_date=20221026T223158, end_date=20221026T223211
[2022-10-26T22:32:12.840+0000] {local_task_job.py:164} INFO - Task exited with return code 0
[2022-10-26T22:32:13.665+0000] {local_task_job.py:273} INFO - 0 downstream tasks scheduled from follow-on schedule check
[2022-10-28T03:14:04.050+0000] {taskinstance.py:1165} INFO - Dependencies all met for <TaskInstance: get_hourly_demand_v2.get_hourly_demand scheduled__2022-10-26T07:05:00+00:00 [queued]>
[2022-10-28T03:14:04.114+0000] {taskinstance.py:1165} INFO - Dependencies all met for <TaskInstance: get_hourly_demand_v2.get_hourly_demand scheduled__2022-10-26T07:05:00+00:00 [queued]>
[2022-10-28T03:14:04.115+0000] {taskinstance.py:1362} INFO - 
--------------------------------------------------------------------------------
[2022-10-28T03:14:04.115+0000] {taskinstance.py:1363} INFO - Starting attempt 1 of 2
[2022-10-28T03:14:04.115+0000] {taskinstance.py:1364} INFO - 
--------------------------------------------------------------------------------
[2022-10-28T03:14:04.214+0000] {taskinstance.py:1383} INFO - Executing <Task(PythonOperator): get_hourly_demand> on 2022-10-26 07:05:00+00:00
[2022-10-28T03:14:04.225+0000] {standard_task_runner.py:55} INFO - Started process 670 to run task
[2022-10-28T03:14:04.244+0000] {standard_task_runner.py:82} INFO - Running: ['***', 'tasks', 'run', 'get_hourly_demand_v2', 'get_hourly_demand', 'scheduled__2022-10-26T07:05:00+00:00', '--job-id', '10', '--raw', '--subdir', 'DAGS_FOLDER/hourly_demand_dag.py', '--cfg-path', '/tmp/tmpbs8bz2qt']
[2022-10-28T03:14:04.256+0000] {standard_task_runner.py:83} INFO - Job 10: Subtask get_hourly_demand
[2022-10-28T03:14:04.678+0000] {task_command.py:376} INFO - Running <TaskInstance: get_hourly_demand_v2.get_hourly_demand scheduled__2022-10-26T07:05:00+00:00 [running]> on host 96776771a69f
[2022-10-28T03:14:05.182+0000] {taskinstance.py:1592} INFO - Exporting the following env vars:
AIRFLOW_CTX_DAG_EMAIL=colmo786@gmail.com
AIRFLOW_CTX_DAG_OWNER=energy
AIRFLOW_CTX_DAG_ID=get_hourly_demand_v2
AIRFLOW_CTX_TASK_ID=get_hourly_demand
AIRFLOW_CTX_EXECUTION_DATE=2022-10-26T07:05:00+00:00
AIRFLOW_CTX_TRY_NUMBER=1
AIRFLOW_CTX_DAG_RUN_ID=scheduled__2022-10-26T07:05:00+00:00
[2022-10-28T03:14:05.200+0000] {logging_mixin.py:120} WARNING - /home/***/.local/lib/python3.7/site-packages/***/utils/context.py:297 AirflowContextDeprecationWarning: Accessing 'execution_date' from the template is deprecated and will be removed in a future version. Please use 'data_interval_start' or 'logical_date' instead.
[2022-10-28T03:14:05.234+0000] {logging_mixin.py:120} INFO - INFO Module build_postgres_cnxn: DB Connection to host local_pgdb Ok
[2022-10-28T03:14:05.393+0000] {logging_mixin.py:120} INFO - INFO api_request_to_pandas: API request executed Ok. Number of records returned: 288
[2022-10-28T03:14:05.795+0000] {logging_mixin.py:120} INFO - INFO api_request_to_pandas: API request executed Ok. Number of records returned: 19
[2022-10-28T03:14:05.800+0000] {logging_mixin.py:120} INFO - INFO is_holiday. URL request for 2022-10-26 Ok.
[2022-10-28T03:14:05.836+0000] {logging_mixin.py:120} INFO - INFO get_hourly_demand - 24 records were upserted. Table cammesa_db.hourly_demand.
[2022-10-28T03:14:05.838+0000] {logging_mixin.py:120} INFO - INFO get_hourly_demand execution:  2022-10-26T07:05:00+00:00
[2022-10-28T03:14:05.838+0000] {python.py:177} INFO - Done. Returned value was: None
[2022-10-28T03:14:05.862+0000] {taskinstance.py:1406} INFO - Marking task as SUCCESS. dag_id=get_hourly_demand_v2, task_id=get_hourly_demand, execution_date=20221026T070500, start_date=20221028T031404, end_date=20221028T031405
[2022-10-28T03:14:05.947+0000] {local_task_job.py:164} INFO - Task exited with return code 0
[2022-10-28T03:14:06.075+0000] {local_task_job.py:273} INFO - 0 downstream tasks scheduled from follow-on schedule check
