[2022-10-28T19:15:45.833+0000] {taskinstance.py:1165} INFO - Dependencies all met for <TaskInstance: ENG_hourly_process_v1.get_hourly_demand scheduled__2022-10-27T06:05:00+00:00 [None]>
[2022-10-28T19:15:45.990+0000] {taskinstance.py:1165} INFO - Dependencies all met for <TaskInstance: ENG_hourly_process_v1.get_hourly_demand scheduled__2022-10-27T06:05:00+00:00 [None]>
[2022-10-28T19:15:45.991+0000] {taskinstance.py:1362} INFO - 
--------------------------------------------------------------------------------
[2022-10-28T19:15:45.991+0000] {taskinstance.py:1363} INFO - Starting attempt 1 of 2
[2022-10-28T19:15:45.992+0000] {taskinstance.py:1364} INFO - 
--------------------------------------------------------------------------------
[2022-10-28T19:15:46.169+0000] {taskinstance.py:1383} INFO - Executing <Task(PythonOperator): get_hourly_demand> on 2022-10-27 06:05:00+00:00
[2022-10-28T19:15:46.246+0000] {standard_task_runner.py:55} INFO - Started process 6574 to run task
[2022-10-28T19:15:46.266+0000] {standard_task_runner.py:82} INFO - Running: ['***', 'tasks', 'run', 'ENG_hourly_process_v1', 'get_hourly_demand', 'scheduled__2022-10-27T06:05:00+00:00', '--job-id', '109', '--raw', '--subdir', 'DAGS_FOLDER/ENG_hourly_process_dag.py', '--cfg-path', '/tmp/tmpzmtb_w3m']
[2022-10-28T19:15:46.314+0000] {standard_task_runner.py:83} INFO - Job 109: Subtask get_hourly_demand
[2022-10-28T19:15:48.234+0000] {task_command.py:376} INFO - Running <TaskInstance: ENG_hourly_process_v1.get_hourly_demand scheduled__2022-10-27T06:05:00+00:00 [running]> on host f011703e6eb5
[2022-10-28T19:15:58.717+0000] {taskinstance.py:1592} INFO - Exporting the following env vars:
AIRFLOW_CTX_DAG_EMAIL=colmo786@gmail.com
AIRFLOW_CTX_DAG_OWNER=energy
AIRFLOW_CTX_DAG_ID=ENG_hourly_process_v1
AIRFLOW_CTX_TASK_ID=get_hourly_demand
AIRFLOW_CTX_EXECUTION_DATE=2022-10-27T06:05:00+00:00
AIRFLOW_CTX_TRY_NUMBER=1
AIRFLOW_CTX_DAG_RUN_ID=scheduled__2022-10-27T06:05:00+00:00
[2022-10-28T19:15:58.762+0000] {logging_mixin.py:120} WARNING - /home/***/.local/lib/python3.7/site-packages/***/utils/context.py:297 AirflowContextDeprecationWarning: Accessing 'execution_date' from the template is deprecated and will be removed in a future version. Please use 'data_interval_start' or 'logical_date' instead.
[2022-10-28T19:15:58.805+0000] {logging_mixin.py:120} INFO - INFO Module build_postgres_cnxn: DB Connection to host local_pgdb Ok
[2022-10-28T19:15:59.034+0000] {logging_mixin.py:120} INFO - INFO api_request_to_pandas: API request executed Ok. Number of records returned: 288
[2022-10-28T19:15:59.471+0000] {logging_mixin.py:120} INFO - INFO api_request_to_pandas: API request executed Ok. Number of records returned: 19
[2022-10-28T19:15:59.486+0000] {logging_mixin.py:120} INFO - INFO is_holiday. URL request for 2022-10-27 Ok.
[2022-10-28T19:15:59.549+0000] {logging_mixin.py:120} INFO - INFO get_hourly_demand - 24 records were upserted. Table cammesa_db.hourly_demand.
[2022-10-28T19:15:59.552+0000] {logging_mixin.py:120} INFO - INFO get_hourly_demand execution:  2022-10-27T06:05:00+00:00
[2022-10-28T19:15:59.552+0000] {python.py:177} INFO - Done. Returned value was: None
[2022-10-28T19:15:59.582+0000] {taskinstance.py:1406} INFO - Marking task as SUCCESS. dag_id=ENG_hourly_process_v1, task_id=get_hourly_demand, execution_date=20221027T060500, start_date=20221028T191545, end_date=20221028T191559
[2022-10-28T19:15:59.681+0000] {local_task_job.py:164} INFO - Task exited with return code 0
[2022-10-28T19:15:59.771+0000] {local_task_job.py:273} INFO - 1 downstream tasks scheduled from follow-on schedule check
[2022-10-29T00:37:18.494+0000] {taskinstance.py:1165} INFO - Dependencies all met for <TaskInstance: ENG_hourly_process_v1.get_hourly_demand scheduled__2022-10-27T06:05:00+00:00 [queued]>
[2022-10-29T00:37:18.507+0000] {taskinstance.py:1165} INFO - Dependencies all met for <TaskInstance: ENG_hourly_process_v1.get_hourly_demand scheduled__2022-10-27T06:05:00+00:00 [queued]>
[2022-10-29T00:37:18.507+0000] {taskinstance.py:1362} INFO - 
--------------------------------------------------------------------------------
[2022-10-29T00:37:18.507+0000] {taskinstance.py:1363} INFO - Starting attempt 1 of 2
[2022-10-29T00:37:18.508+0000] {taskinstance.py:1364} INFO - 
--------------------------------------------------------------------------------
[2022-10-29T00:37:18.539+0000] {taskinstance.py:1383} INFO - Executing <Task(PythonOperator): get_hourly_demand> on 2022-10-27 06:05:00+00:00
[2022-10-29T00:37:18.549+0000] {standard_task_runner.py:55} INFO - Started process 1266 to run task
[2022-10-29T00:37:18.552+0000] {standard_task_runner.py:82} INFO - Running: ['***', 'tasks', 'run', 'ENG_hourly_process_v1', 'get_hourly_demand', 'scheduled__2022-10-27T06:05:00+00:00', '--job-id', '60', '--raw', '--subdir', 'DAGS_FOLDER/ENG_hourly_process_dag.py', '--cfg-path', '/tmp/tmplb9xl__3']
[2022-10-29T00:37:18.554+0000] {standard_task_runner.py:83} INFO - Job 60: Subtask get_hourly_demand
[2022-10-29T00:37:18.628+0000] {task_command.py:376} INFO - Running <TaskInstance: ENG_hourly_process_v1.get_hourly_demand scheduled__2022-10-27T06:05:00+00:00 [running]> on host 6800cd8e39a3
[2022-10-29T00:37:18.713+0000] {taskinstance.py:1592} INFO - Exporting the following env vars:
AIRFLOW_CTX_DAG_EMAIL=colmo786@gmail.com
AIRFLOW_CTX_DAG_OWNER=energy
AIRFLOW_CTX_DAG_ID=ENG_hourly_process_v1
AIRFLOW_CTX_TASK_ID=get_hourly_demand
AIRFLOW_CTX_EXECUTION_DATE=2022-10-27T06:05:00+00:00
AIRFLOW_CTX_TRY_NUMBER=1
AIRFLOW_CTX_DAG_RUN_ID=scheduled__2022-10-27T06:05:00+00:00
[2022-10-29T00:37:18.723+0000] {logging_mixin.py:120} WARNING - /home/***/.local/lib/python3.7/site-packages/***/utils/context.py:297 AirflowContextDeprecationWarning: Accessing 'execution_date' from the template is deprecated and will be removed in a future version. Please use 'data_interval_start' or 'logical_date' instead.
[2022-10-29T00:37:18.733+0000] {logging_mixin.py:120} INFO - INFO Module build_postgres_cnxn: DB Connection to host local_pgdb Ok
[2022-10-29T00:37:18.853+0000] {logging_mixin.py:120} INFO - INFO api_request_to_pandas: API request executed Ok. Number of records returned: 288
[2022-10-29T00:37:19.192+0000] {logging_mixin.py:120} INFO - INFO api_request_to_pandas: API request executed Ok. Number of records returned: 19
[2022-10-29T00:37:19.194+0000] {logging_mixin.py:120} INFO - INFO is_holiday. URL request for 2022-10-27 Ok.
[2022-10-29T00:37:19.204+0000] {logging_mixin.py:120} INFO - INFO get_hourly_demand - 24 records were upserted. Table cammesa_db.hourly_demand.
[2022-10-29T00:37:19.205+0000] {logging_mixin.py:120} INFO - INFO get_hourly_demand execution:  2022-10-27T06:05:00+00:00
[2022-10-29T00:37:19.205+0000] {python.py:177} INFO - Done. Returned value was: None
[2022-10-29T00:37:19.219+0000] {taskinstance.py:1406} INFO - Marking task as SUCCESS. dag_id=ENG_hourly_process_v1, task_id=get_hourly_demand, execution_date=20221027T060500, start_date=20221029T003718, end_date=20221029T003719
[2022-10-29T00:37:19.247+0000] {local_task_job.py:164} INFO - Task exited with return code 0
[2022-10-29T00:37:19.288+0000] {local_task_job.py:273} INFO - 1 downstream tasks scheduled from follow-on schedule check
