[2022-10-28T19:24:10.913+0000] {taskinstance.py:1165} INFO - Dependencies all met for <TaskInstance: ENG_hourly_process_v1.get_hourly_demand scheduled__2022-10-27T22:05:00+00:00 [queued]>
[2022-10-28T19:24:11.051+0000] {taskinstance.py:1165} INFO - Dependencies all met for <TaskInstance: ENG_hourly_process_v1.get_hourly_demand scheduled__2022-10-27T22:05:00+00:00 [queued]>
[2022-10-28T19:24:11.052+0000] {taskinstance.py:1362} INFO - 
--------------------------------------------------------------------------------
[2022-10-28T19:24:11.052+0000] {taskinstance.py:1363} INFO - Starting attempt 1 of 2
[2022-10-28T19:24:11.052+0000] {taskinstance.py:1364} INFO - 
--------------------------------------------------------------------------------
[2022-10-28T19:24:28.679+0000] {taskinstance.py:1383} INFO - Executing <Task(PythonOperator): get_hourly_demand> on 2022-10-27 22:05:00+00:00
[2022-10-28T19:24:29.538+0000] {standard_task_runner.py:55} INFO - Started process 7201 to run task
[2022-10-28T19:24:29.598+0000] {standard_task_runner.py:82} INFO - Running: ['***', 'tasks', 'run', 'ENG_hourly_process_v1', 'get_hourly_demand', 'scheduled__2022-10-27T22:05:00+00:00', '--job-id', '131', '--raw', '--subdir', 'DAGS_FOLDER/ENG_hourly_process_dag.py', '--cfg-path', '/tmp/tmpajtj3790']
[2022-10-28T19:24:29.616+0000] {standard_task_runner.py:83} INFO - Job 131: Subtask get_hourly_demand
[2022-10-28T19:24:32.574+0000] {task_command.py:376} INFO - Running <TaskInstance: ENG_hourly_process_v1.get_hourly_demand scheduled__2022-10-27T22:05:00+00:00 [running]> on host f011703e6eb5
[2022-10-28T19:25:12.972+0000] {taskinstance.py:1592} INFO - Exporting the following env vars:
AIRFLOW_CTX_DAG_EMAIL=colmo786@gmail.com
AIRFLOW_CTX_DAG_OWNER=energy
AIRFLOW_CTX_DAG_ID=ENG_hourly_process_v1
AIRFLOW_CTX_TASK_ID=get_hourly_demand
AIRFLOW_CTX_EXECUTION_DATE=2022-10-27T22:05:00+00:00
AIRFLOW_CTX_TRY_NUMBER=1
AIRFLOW_CTX_DAG_RUN_ID=scheduled__2022-10-27T22:05:00+00:00
[2022-10-28T19:25:13.149+0000] {logging_mixin.py:120} WARNING - /home/***/.local/lib/python3.7/site-packages/***/utils/context.py:297 AirflowContextDeprecationWarning: Accessing 'execution_date' from the template is deprecated and will be removed in a future version. Please use 'data_interval_start' or 'logical_date' instead.
[2022-10-28T19:25:13.351+0000] {logging_mixin.py:120} INFO - INFO Module build_postgres_cnxn: DB Connection to host local_pgdb Ok
[2022-10-28T19:25:13.710+0000] {logging_mixin.py:120} INFO - INFO api_request_to_pandas: API request executed Ok. Number of records returned: 288
[2022-10-28T19:25:14.339+0000] {logging_mixin.py:120} INFO - INFO api_request_to_pandas: API request executed Ok. Number of records returned: 19
[2022-10-28T19:25:14.355+0000] {logging_mixin.py:120} INFO - INFO is_holiday. URL request for 2022-10-27 Ok.
[2022-10-28T19:25:14.413+0000] {logging_mixin.py:120} INFO - INFO get_hourly_demand - 24 records were upserted. Table cammesa_db.hourly_demand.
[2022-10-28T19:25:14.441+0000] {logging_mixin.py:120} INFO - INFO get_hourly_demand execution:  2022-10-27T22:05:00+00:00
[2022-10-28T19:25:14.441+0000] {python.py:177} INFO - Done. Returned value was: None
[2022-10-28T19:25:14.580+0000] {taskinstance.py:1406} INFO - Marking task as SUCCESS. dag_id=ENG_hourly_process_v1, task_id=get_hourly_demand, execution_date=20221027T220500, start_date=20221028T192410, end_date=20221028T192514
[2022-10-28T19:25:20.716+0000] {local_task_job.py:164} INFO - Task exited with return code 0
[2022-10-28T19:25:21.093+0000] {local_task_job.py:273} INFO - 0 downstream tasks scheduled from follow-on schedule check
[2022-10-29T00:40:31.125+0000] {taskinstance.py:1165} INFO - Dependencies all met for <TaskInstance: ENG_hourly_process_v1.get_hourly_demand scheduled__2022-10-27T22:05:00+00:00 [queued]>
[2022-10-29T00:40:31.211+0000] {taskinstance.py:1165} INFO - Dependencies all met for <TaskInstance: ENG_hourly_process_v1.get_hourly_demand scheduled__2022-10-27T22:05:00+00:00 [queued]>
[2022-10-29T00:40:31.211+0000] {taskinstance.py:1362} INFO - 
--------------------------------------------------------------------------------
[2022-10-29T00:40:31.212+0000] {taskinstance.py:1363} INFO - Starting attempt 1 of 2
[2022-10-29T00:40:31.212+0000] {taskinstance.py:1364} INFO - 
--------------------------------------------------------------------------------
[2022-10-29T00:40:31.975+0000] {taskinstance.py:1383} INFO - Executing <Task(PythonOperator): get_hourly_demand> on 2022-10-27 22:05:00+00:00
[2022-10-29T00:40:32.019+0000] {standard_task_runner.py:55} INFO - Started process 1860 to run task
[2022-10-29T00:40:32.022+0000] {standard_task_runner.py:82} INFO - Running: ['***', 'tasks', 'run', 'ENG_hourly_process_v1', 'get_hourly_demand', 'scheduled__2022-10-27T22:05:00+00:00', '--job-id', '93', '--raw', '--subdir', 'DAGS_FOLDER/ENG_hourly_process_dag.py', '--cfg-path', '/tmp/tmpaciccva3']
[2022-10-29T00:40:32.025+0000] {standard_task_runner.py:83} INFO - Job 93: Subtask get_hourly_demand
[2022-10-29T00:40:32.474+0000] {task_command.py:376} INFO - Running <TaskInstance: ENG_hourly_process_v1.get_hourly_demand scheduled__2022-10-27T22:05:00+00:00 [running]> on host 6800cd8e39a3
[2022-10-29T00:40:33.092+0000] {taskinstance.py:1592} INFO - Exporting the following env vars:
AIRFLOW_CTX_DAG_EMAIL=colmo786@gmail.com
AIRFLOW_CTX_DAG_OWNER=energy
AIRFLOW_CTX_DAG_ID=ENG_hourly_process_v1
AIRFLOW_CTX_TASK_ID=get_hourly_demand
AIRFLOW_CTX_EXECUTION_DATE=2022-10-27T22:05:00+00:00
AIRFLOW_CTX_TRY_NUMBER=1
AIRFLOW_CTX_DAG_RUN_ID=scheduled__2022-10-27T22:05:00+00:00
[2022-10-29T00:40:33.105+0000] {logging_mixin.py:120} WARNING - /home/***/.local/lib/python3.7/site-packages/***/utils/context.py:297 AirflowContextDeprecationWarning: Accessing 'execution_date' from the template is deprecated and will be removed in a future version. Please use 'data_interval_start' or 'logical_date' instead.
[2022-10-29T00:40:33.171+0000] {logging_mixin.py:120} INFO - INFO Module build_postgres_cnxn: DB Connection to host local_pgdb Ok
[2022-10-29T00:40:33.350+0000] {logging_mixin.py:120} INFO - INFO api_request_to_pandas: API request executed Ok. Number of records returned: 288
[2022-10-29T00:40:33.729+0000] {logging_mixin.py:120} INFO - INFO api_request_to_pandas: API request executed Ok. Number of records returned: 19
[2022-10-29T00:40:33.732+0000] {logging_mixin.py:120} INFO - INFO is_holiday. URL request for 2022-10-27 Ok.
[2022-10-29T00:40:33.783+0000] {logging_mixin.py:120} INFO - INFO get_hourly_demand - 24 records were upserted. Table cammesa_db.hourly_demand.
[2022-10-29T00:40:33.786+0000] {logging_mixin.py:120} INFO - INFO get_hourly_demand execution:  2022-10-27T22:05:00+00:00
[2022-10-29T00:40:33.787+0000] {python.py:177} INFO - Done. Returned value was: None
[2022-10-29T00:40:33.853+0000] {taskinstance.py:1406} INFO - Marking task as SUCCESS. dag_id=ENG_hourly_process_v1, task_id=get_hourly_demand, execution_date=20221027T220500, start_date=20221029T004031, end_date=20221029T004033
[2022-10-29T00:40:34.244+0000] {local_task_job.py:164} INFO - Task exited with return code 0
[2022-10-29T00:40:34.328+0000] {local_task_job.py:273} INFO - 1 downstream tasks scheduled from follow-on schedule check
