[2022-10-28T19:11:13.494+0000] {taskinstance.py:1165} INFO - Dependencies all met for <TaskInstance: ENG_hourly_process_v1.get_hourly_demand scheduled__2022-10-26T09:05:00+00:00 [queued]>
[2022-10-28T19:11:13.804+0000] {taskinstance.py:1165} INFO - Dependencies all met for <TaskInstance: ENG_hourly_process_v1.get_hourly_demand scheduled__2022-10-26T09:05:00+00:00 [queued]>
[2022-10-28T19:11:13.867+0000] {taskinstance.py:1362} INFO - 
--------------------------------------------------------------------------------
[2022-10-28T19:11:13.882+0000] {taskinstance.py:1363} INFO - Starting attempt 2 of 2
[2022-10-28T19:11:13.898+0000] {taskinstance.py:1364} INFO - 
--------------------------------------------------------------------------------
[2022-10-28T19:11:14.715+0000] {taskinstance.py:1383} INFO - Executing <Task(PythonOperator): get_hourly_demand> on 2022-10-26 09:05:00+00:00
[2022-10-28T19:11:14.991+0000] {standard_task_runner.py:55} INFO - Started process 6274 to run task
[2022-10-28T19:11:15.074+0000] {standard_task_runner.py:82} INFO - Running: ['***', 'tasks', 'run', 'ENG_hourly_process_v1', 'get_hourly_demand', 'scheduled__2022-10-26T09:05:00+00:00', '--job-id', '97', '--raw', '--subdir', 'DAGS_FOLDER/ENG_hourly_process_dag.py', '--cfg-path', '/tmp/tmpkyin8nuu']
[2022-10-28T19:11:15.226+0000] {standard_task_runner.py:83} INFO - Job 97: Subtask get_hourly_demand
[2022-10-28T19:11:23.201+0000] {task_command.py:376} INFO - Running <TaskInstance: ENG_hourly_process_v1.get_hourly_demand scheduled__2022-10-26T09:05:00+00:00 [running]> on host f011703e6eb5
[2022-10-28T19:11:45.100+0000] {taskinstance.py:1592} INFO - Exporting the following env vars:
AIRFLOW_CTX_DAG_EMAIL=colmo786@gmail.com
AIRFLOW_CTX_DAG_OWNER=energy
AIRFLOW_CTX_DAG_ID=ENG_hourly_process_v1
AIRFLOW_CTX_TASK_ID=get_hourly_demand
AIRFLOW_CTX_EXECUTION_DATE=2022-10-26T09:05:00+00:00
AIRFLOW_CTX_TRY_NUMBER=2
AIRFLOW_CTX_DAG_RUN_ID=scheduled__2022-10-26T09:05:00+00:00
[2022-10-28T19:11:46.957+0000] {logging_mixin.py:120} WARNING - /home/***/.local/lib/python3.7/site-packages/***/utils/context.py:297 AirflowContextDeprecationWarning: Accessing 'execution_date' from the template is deprecated and will be removed in a future version. Please use 'data_interval_start' or 'logical_date' instead.
[2022-10-28T19:11:48.464+0000] {logging_mixin.py:120} INFO - INFO Module build_postgres_cnxn: DB Connection to host local_pgdb Ok
[2022-10-28T19:11:50.644+0000] {logging_mixin.py:120} INFO - INFO api_request_to_pandas: API request executed Ok. Number of records returned: 288
[2022-10-28T19:11:51.797+0000] {logging_mixin.py:120} INFO - INFO api_request_to_pandas: API request executed Ok. Number of records returned: 19
[2022-10-28T19:11:51.815+0000] {logging_mixin.py:120} INFO - INFO is_holiday. URL request for 2022-10-26 Ok.
[2022-10-28T19:11:55.128+0000] {logging_mixin.py:120} INFO - INFO get_hourly_demand - 24 records were upserted. Table cammesa_db.hourly_demand.
[2022-10-28T19:11:55.130+0000] {logging_mixin.py:120} INFO - INFO get_hourly_demand execution:  2022-10-26T09:05:00+00:00
[2022-10-28T19:11:55.159+0000] {python.py:177} INFO - Done. Returned value was: None
[2022-10-28T19:11:55.677+0000] {taskinstance.py:1406} INFO - Marking task as SUCCESS. dag_id=ENG_hourly_process_v1, task_id=get_hourly_demand, execution_date=20221026T090500, start_date=20221028T191113, end_date=20221028T191155
[2022-10-28T19:11:56.185+0000] {local_task_job.py:164} INFO - Task exited with return code 0
[2022-10-28T19:11:56.495+0000] {local_task_job.py:273} INFO - 1 downstream tasks scheduled from follow-on schedule check
[2022-10-28T22:32:06.121+0000] {taskinstance.py:1165} INFO - Dependencies all met for <TaskInstance: ENG_hourly_process_v1.get_hourly_demand scheduled__2022-10-26T09:05:00+00:00 [queued]>
[2022-10-28T22:32:06.192+0000] {taskinstance.py:1165} INFO - Dependencies all met for <TaskInstance: ENG_hourly_process_v1.get_hourly_demand scheduled__2022-10-26T09:05:00+00:00 [queued]>
[2022-10-28T22:32:06.196+0000] {taskinstance.py:1362} INFO - 
--------------------------------------------------------------------------------
[2022-10-28T22:32:06.196+0000] {taskinstance.py:1363} INFO - Starting attempt 2 of 2
[2022-10-28T22:32:06.197+0000] {taskinstance.py:1364} INFO - 
--------------------------------------------------------------------------------
[2022-10-28T22:32:06.319+0000] {taskinstance.py:1383} INFO - Executing <Task(PythonOperator): get_hourly_demand> on 2022-10-26 09:05:00+00:00
[2022-10-28T22:32:06.359+0000] {standard_task_runner.py:55} INFO - Started process 924 to run task
[2022-10-28T22:32:06.364+0000] {standard_task_runner.py:82} INFO - Running: ['***', 'tasks', 'run', 'ENG_hourly_process_v1', 'get_hourly_demand', 'scheduled__2022-10-26T09:05:00+00:00', '--job-id', '11', '--raw', '--subdir', 'DAGS_FOLDER/ENG_hourly_process_dag.py', '--cfg-path', '/tmp/tmpa82zuvm5']
[2022-10-28T22:32:06.395+0000] {standard_task_runner.py:83} INFO - Job 11: Subtask get_hourly_demand
[2022-10-28T22:32:06.791+0000] {task_command.py:376} INFO - Running <TaskInstance: ENG_hourly_process_v1.get_hourly_demand scheduled__2022-10-26T09:05:00+00:00 [running]> on host 74ce152bc4b9
[2022-10-28T22:32:07.315+0000] {taskinstance.py:1592} INFO - Exporting the following env vars:
AIRFLOW_CTX_DAG_EMAIL=colmo786@gmail.com
AIRFLOW_CTX_DAG_OWNER=energy
AIRFLOW_CTX_DAG_ID=ENG_hourly_process_v1
AIRFLOW_CTX_TASK_ID=get_hourly_demand
AIRFLOW_CTX_EXECUTION_DATE=2022-10-26T09:05:00+00:00
AIRFLOW_CTX_TRY_NUMBER=2
AIRFLOW_CTX_DAG_RUN_ID=scheduled__2022-10-26T09:05:00+00:00
[2022-10-28T22:32:07.394+0000] {logging_mixin.py:120} WARNING - /home/***/.local/lib/python3.7/site-packages/***/utils/context.py:297 AirflowContextDeprecationWarning: Accessing 'execution_date' from the template is deprecated and will be removed in a future version. Please use 'data_interval_start' or 'logical_date' instead.
[2022-10-28T22:32:07.468+0000] {logging_mixin.py:120} INFO - INFO Module build_postgres_cnxn: DB Connection to host local_pgdb Ok
[2022-10-28T22:32:07.779+0000] {logging_mixin.py:120} INFO - INFO api_request_to_pandas: API request executed Ok. Number of records returned: 288
[2022-10-28T22:32:08.207+0000] {logging_mixin.py:120} INFO - INFO api_request_to_pandas: API request executed Ok. Number of records returned: 19
[2022-10-28T22:32:08.217+0000] {logging_mixin.py:120} INFO - INFO is_holiday. URL request for 2022-10-26 Ok.
[2022-10-28T22:32:08.270+0000] {logging_mixin.py:120} INFO - INFO get_hourly_demand - 24 records were upserted. Table cammesa_db.hourly_demand.
[2022-10-28T22:32:08.270+0000] {logging_mixin.py:120} INFO - INFO get_hourly_demand execution:  2022-10-26T09:05:00+00:00
[2022-10-28T22:32:08.271+0000] {python.py:177} INFO - Done. Returned value was: None
[2022-10-28T22:32:08.350+0000] {taskinstance.py:1406} INFO - Marking task as SUCCESS. dag_id=ENG_hourly_process_v1, task_id=get_hourly_demand, execution_date=20221026T090500, start_date=20221028T223206, end_date=20221028T223208
[2022-10-28T22:32:08.577+0000] {local_task_job.py:164} INFO - Task exited with return code 0
[2022-10-28T22:32:08.714+0000] {local_task_job.py:273} INFO - 1 downstream tasks scheduled from follow-on schedule check
