[2022-10-28T19:24:31.943+0000] {taskinstance.py:1165} INFO - Dependencies all met for <TaskInstance: ENG_hourly_process_v1.get_hourly_demand scheduled__2022-10-28T00:05:00+00:00 [queued]>
[2022-10-28T19:24:32.018+0000] {taskinstance.py:1165} INFO - Dependencies all met for <TaskInstance: ENG_hourly_process_v1.get_hourly_demand scheduled__2022-10-28T00:05:00+00:00 [queued]>
[2022-10-28T19:24:32.019+0000] {taskinstance.py:1362} INFO - 
--------------------------------------------------------------------------------
[2022-10-28T19:24:32.020+0000] {taskinstance.py:1363} INFO - Starting attempt 1 of 2
[2022-10-28T19:24:32.033+0000] {taskinstance.py:1364} INFO - 
--------------------------------------------------------------------------------
[2022-10-28T19:24:40.700+0000] {taskinstance.py:1383} INFO - Executing <Task(PythonOperator): get_hourly_demand> on 2022-10-28 00:05:00+00:00
[2022-10-28T19:24:40.763+0000] {standard_task_runner.py:55} INFO - Started process 7204 to run task
[2022-10-28T19:24:40.761+0000] {standard_task_runner.py:82} INFO - Running: ['***', 'tasks', 'run', 'ENG_hourly_process_v1', 'get_hourly_demand', 'scheduled__2022-10-28T00:05:00+00:00', '--job-id', '132', '--raw', '--subdir', 'DAGS_FOLDER/ENG_hourly_process_dag.py', '--cfg-path', '/tmp/tmpd227b9gs']
[2022-10-28T19:24:40.783+0000] {standard_task_runner.py:83} INFO - Job 132: Subtask get_hourly_demand
[2022-10-28T19:25:10.158+0000] {task_command.py:376} INFO - Running <TaskInstance: ENG_hourly_process_v1.get_hourly_demand scheduled__2022-10-28T00:05:00+00:00 [running]> on host f011703e6eb5
[2022-10-28T19:25:13.337+0000] {taskinstance.py:1592} INFO - Exporting the following env vars:
AIRFLOW_CTX_DAG_EMAIL=colmo786@gmail.com
AIRFLOW_CTX_DAG_OWNER=energy
AIRFLOW_CTX_DAG_ID=ENG_hourly_process_v1
AIRFLOW_CTX_TASK_ID=get_hourly_demand
AIRFLOW_CTX_EXECUTION_DATE=2022-10-28T00:05:00+00:00
AIRFLOW_CTX_TRY_NUMBER=1
AIRFLOW_CTX_DAG_RUN_ID=scheduled__2022-10-28T00:05:00+00:00
[2022-10-28T19:25:13.371+0000] {logging_mixin.py:120} WARNING - /home/***/.local/lib/python3.7/site-packages/***/utils/context.py:297 AirflowContextDeprecationWarning: Accessing 'execution_date' from the template is deprecated and will be removed in a future version. Please use 'data_interval_start' or 'logical_date' instead.
[2022-10-28T19:25:13.473+0000] {logging_mixin.py:120} INFO - INFO Module build_postgres_cnxn: DB Connection to host local_pgdb Ok
[2022-10-28T19:25:13.903+0000] {logging_mixin.py:120} INFO - INFO api_request_to_pandas: API request executed Ok. Number of records returned: 196
[2022-10-28T19:25:14.512+0000] {logging_mixin.py:120} INFO - INFO api_request_to_pandas: API request executed Ok. Number of records returned: 19
[2022-10-28T19:25:14.515+0000] {logging_mixin.py:120} INFO - INFO is_holiday. URL request for 2022-10-28 Ok.
[2022-10-28T19:25:14.794+0000] {logging_mixin.py:120} INFO - INFO get_hourly_demand - 16 records were upserted. Table cammesa_db.hourly_demand.
[2022-10-28T19:25:14.829+0000] {logging_mixin.py:120} INFO - INFO get_hourly_demand execution:  2022-10-28T00:05:00+00:00
[2022-10-28T19:25:14.829+0000] {python.py:177} INFO - Done. Returned value was: None
[2022-10-28T19:25:16.674+0000] {taskinstance.py:1406} INFO - Marking task as SUCCESS. dag_id=ENG_hourly_process_v1, task_id=get_hourly_demand, execution_date=20221028T000500, start_date=20221028T192431, end_date=20221028T192516
[2022-10-28T19:25:20.775+0000] {local_task_job.py:164} INFO - Task exited with return code 0
[2022-10-28T19:25:21.123+0000] {local_task_job.py:273} INFO - 0 downstream tasks scheduled from follow-on schedule check
[2022-10-29T00:40:29.571+0000] {taskinstance.py:1165} INFO - Dependencies all met for <TaskInstance: ENG_hourly_process_v1.get_hourly_demand scheduled__2022-10-28T00:05:00+00:00 [queued]>
[2022-10-29T00:40:29.652+0000] {taskinstance.py:1165} INFO - Dependencies all met for <TaskInstance: ENG_hourly_process_v1.get_hourly_demand scheduled__2022-10-28T00:05:00+00:00 [queued]>
[2022-10-29T00:40:29.652+0000] {taskinstance.py:1362} INFO - 
--------------------------------------------------------------------------------
[2022-10-29T00:40:29.653+0000] {taskinstance.py:1363} INFO - Starting attempt 1 of 2
[2022-10-29T00:40:29.653+0000] {taskinstance.py:1364} INFO - 
--------------------------------------------------------------------------------
[2022-10-29T00:40:29.809+0000] {taskinstance.py:1383} INFO - Executing <Task(PythonOperator): get_hourly_demand> on 2022-10-28 00:05:00+00:00
[2022-10-29T00:40:29.828+0000] {standard_task_runner.py:55} INFO - Started process 1849 to run task
[2022-10-29T00:40:29.845+0000] {standard_task_runner.py:82} INFO - Running: ['***', 'tasks', 'run', 'ENG_hourly_process_v1', 'get_hourly_demand', 'scheduled__2022-10-28T00:05:00+00:00', '--job-id', '91', '--raw', '--subdir', 'DAGS_FOLDER/ENG_hourly_process_dag.py', '--cfg-path', '/tmp/tmpdk0h23qk']
[2022-10-29T00:40:29.859+0000] {standard_task_runner.py:83} INFO - Job 91: Subtask get_hourly_demand
[2022-10-29T00:40:30.065+0000] {task_command.py:376} INFO - Running <TaskInstance: ENG_hourly_process_v1.get_hourly_demand scheduled__2022-10-28T00:05:00+00:00 [running]> on host 6800cd8e39a3
[2022-10-29T00:40:30.553+0000] {taskinstance.py:1592} INFO - Exporting the following env vars:
AIRFLOW_CTX_DAG_EMAIL=colmo786@gmail.com
AIRFLOW_CTX_DAG_OWNER=energy
AIRFLOW_CTX_DAG_ID=ENG_hourly_process_v1
AIRFLOW_CTX_TASK_ID=get_hourly_demand
AIRFLOW_CTX_EXECUTION_DATE=2022-10-28T00:05:00+00:00
AIRFLOW_CTX_TRY_NUMBER=1
AIRFLOW_CTX_DAG_RUN_ID=scheduled__2022-10-28T00:05:00+00:00
[2022-10-29T00:40:30.602+0000] {logging_mixin.py:120} WARNING - /home/***/.local/lib/python3.7/site-packages/***/utils/context.py:297 AirflowContextDeprecationWarning: Accessing 'execution_date' from the template is deprecated and will be removed in a future version. Please use 'data_interval_start' or 'logical_date' instead.
[2022-10-29T00:40:30.647+0000] {logging_mixin.py:120} INFO - INFO Module build_postgres_cnxn: DB Connection to host local_pgdb Ok
[2022-10-29T00:40:31.128+0000] {logging_mixin.py:120} INFO - INFO api_request_to_pandas: API request executed Ok. Number of records returned: 259
[2022-10-29T00:40:31.601+0000] {logging_mixin.py:120} INFO - INFO api_request_to_pandas: API request executed Ok. Number of records returned: 19
[2022-10-29T00:40:31.648+0000] {logging_mixin.py:120} INFO - INFO is_holiday. URL request for 2022-10-28 Ok.
[2022-10-29T00:40:31.663+0000] {logging_mixin.py:120} INFO - INFO get_hourly_demand - 21 records were upserted. Table cammesa_db.hourly_demand.
[2022-10-29T00:40:31.664+0000] {logging_mixin.py:120} INFO - INFO get_hourly_demand execution:  2022-10-28T00:05:00+00:00
[2022-10-29T00:40:31.665+0000] {python.py:177} INFO - Done. Returned value was: None
[2022-10-29T00:40:31.727+0000] {taskinstance.py:1406} INFO - Marking task as SUCCESS. dag_id=ENG_hourly_process_v1, task_id=get_hourly_demand, execution_date=20221028T000500, start_date=20221029T004029, end_date=20221029T004031
[2022-10-29T00:40:32.014+0000] {local_task_job.py:164} INFO - Task exited with return code 0
[2022-10-29T00:40:32.121+0000] {local_task_job.py:273} INFO - 1 downstream tasks scheduled from follow-on schedule check
