[2022-10-28T15:05:01.722+0000] {taskinstance.py:1165} INFO - Dependencies all met for <TaskInstance: get_hourly_demand_v2.get_hourly_demand scheduled__2022-10-28T14:05:00+00:00 [queued]>
[2022-10-28T15:05:01.732+0000] {taskinstance.py:1165} INFO - Dependencies all met for <TaskInstance: get_hourly_demand_v2.get_hourly_demand scheduled__2022-10-28T14:05:00+00:00 [queued]>
[2022-10-28T15:05:01.733+0000] {taskinstance.py:1362} INFO - 
--------------------------------------------------------------------------------
[2022-10-28T15:05:01.733+0000] {taskinstance.py:1363} INFO - Starting attempt 1 of 2
[2022-10-28T15:05:01.733+0000] {taskinstance.py:1364} INFO - 
--------------------------------------------------------------------------------
[2022-10-28T15:05:01.750+0000] {taskinstance.py:1383} INFO - Executing <Task(PythonOperator): get_hourly_demand> on 2022-10-28 14:05:00+00:00
[2022-10-28T15:05:01.754+0000] {standard_task_runner.py:55} INFO - Started process 10278 to run task
[2022-10-28T15:05:01.758+0000] {standard_task_runner.py:82} INFO - Running: ['***', 'tasks', 'run', 'get_hourly_demand_v2', 'get_hourly_demand', 'scheduled__2022-10-28T14:05:00+00:00', '--job-id', '66', '--raw', '--subdir', 'DAGS_FOLDER/hourly_demand_dag.py', '--cfg-path', '/tmp/tmpang0xy8f']
[2022-10-28T15:05:01.760+0000] {standard_task_runner.py:83} INFO - Job 66: Subtask get_hourly_demand
[2022-10-28T15:05:01.828+0000] {task_command.py:376} INFO - Running <TaskInstance: get_hourly_demand_v2.get_hourly_demand scheduled__2022-10-28T14:05:00+00:00 [running]> on host 96776771a69f
[2022-10-28T15:05:01.925+0000] {taskinstance.py:1592} INFO - Exporting the following env vars:
AIRFLOW_CTX_DAG_EMAIL=colmo786@gmail.com
AIRFLOW_CTX_DAG_OWNER=energy
AIRFLOW_CTX_DAG_ID=get_hourly_demand_v2
AIRFLOW_CTX_TASK_ID=get_hourly_demand
AIRFLOW_CTX_EXECUTION_DATE=2022-10-28T14:05:00+00:00
AIRFLOW_CTX_TRY_NUMBER=1
AIRFLOW_CTX_DAG_RUN_ID=scheduled__2022-10-28T14:05:00+00:00
[2022-10-28T15:05:01.937+0000] {logging_mixin.py:120} WARNING - /home/***/.local/lib/python3.7/site-packages/***/utils/context.py:297 AirflowContextDeprecationWarning: Accessing 'execution_date' from the template is deprecated and will be removed in a future version. Please use 'data_interval_start' or 'logical_date' instead.
[2022-10-28T15:05:01.945+0000] {logging_mixin.py:120} INFO - INFO Module build_postgres_cnxn: DB Connection to host local_pgdb Ok
[2022-10-28T15:05:02.139+0000] {logging_mixin.py:120} INFO - INFO api_request_to_pandas: API request executed Ok. Number of records returned: 144
[2022-10-28T15:05:02.471+0000] {logging_mixin.py:120} INFO - INFO api_request_to_pandas: API request executed Ok. Number of records returned: 19
[2022-10-28T15:05:02.476+0000] {logging_mixin.py:120} INFO - INFO is_holiday. URL request for 2022-10-28 Ok.
[2022-10-28T15:05:02.485+0000] {logging_mixin.py:120} INFO - INFO get_hourly_demand - 12 records were upserted. Table cammesa_db.hourly_demand.
[2022-10-28T15:05:02.486+0000] {logging_mixin.py:120} INFO - INFO get_hourly_demand execution:  2022-10-28T14:05:00+00:00
[2022-10-28T15:05:02.486+0000] {python.py:177} INFO - Done. Returned value was: None
[2022-10-28T15:05:02.499+0000] {taskinstance.py:1406} INFO - Marking task as SUCCESS. dag_id=get_hourly_demand_v2, task_id=get_hourly_demand, execution_date=20221028T140500, start_date=20221028T150501, end_date=20221028T150502
[2022-10-28T15:05:02.535+0000] {local_task_job.py:164} INFO - Task exited with return code 0
[2022-10-28T15:05:02.563+0000] {local_task_job.py:273} INFO - 0 downstream tasks scheduled from follow-on schedule check
[2022-10-28T18:02:43.386+0000] {taskinstance.py:1165} INFO - Dependencies all met for <TaskInstance: get_hourly_demand_v2.get_hourly_demand scheduled__2022-10-28T14:05:00+00:00 [queued]>
[2022-10-28T18:02:43.482+0000] {taskinstance.py:1165} INFO - Dependencies all met for <TaskInstance: get_hourly_demand_v2.get_hourly_demand scheduled__2022-10-28T14:05:00+00:00 [queued]>
[2022-10-28T18:02:43.482+0000] {taskinstance.py:1362} INFO - 
--------------------------------------------------------------------------------
[2022-10-28T18:02:43.483+0000] {taskinstance.py:1363} INFO - Starting attempt 1 of 2
[2022-10-28T18:02:43.483+0000] {taskinstance.py:1364} INFO - 
--------------------------------------------------------------------------------
[2022-10-28T18:02:43.606+0000] {taskinstance.py:1383} INFO - Executing <Task(PythonOperator): get_hourly_demand> on 2022-10-28 14:05:00+00:00
[2022-10-28T18:02:43.636+0000] {standard_task_runner.py:55} INFO - Started process 1104 to run task
[2022-10-28T18:02:43.672+0000] {standard_task_runner.py:82} INFO - Running: ['***', 'tasks', 'run', 'get_hourly_demand_v2', 'get_hourly_demand', 'scheduled__2022-10-28T14:05:00+00:00', '--job-id', '63', '--raw', '--subdir', 'DAGS_FOLDER/hourly_demand_dag.py', '--cfg-path', '/tmp/tmp7h45fs81']
[2022-10-28T18:02:43.684+0000] {standard_task_runner.py:83} INFO - Job 63: Subtask get_hourly_demand
[2022-10-28T18:02:43.963+0000] {task_command.py:376} INFO - Running <TaskInstance: get_hourly_demand_v2.get_hourly_demand scheduled__2022-10-28T14:05:00+00:00 [running]> on host f011703e6eb5
[2022-10-28T18:02:44.439+0000] {taskinstance.py:1592} INFO - Exporting the following env vars:
AIRFLOW_CTX_DAG_EMAIL=colmo786@gmail.com
AIRFLOW_CTX_DAG_OWNER=energy
AIRFLOW_CTX_DAG_ID=get_hourly_demand_v2
AIRFLOW_CTX_TASK_ID=get_hourly_demand
AIRFLOW_CTX_EXECUTION_DATE=2022-10-28T14:05:00+00:00
AIRFLOW_CTX_TRY_NUMBER=1
AIRFLOW_CTX_DAG_RUN_ID=scheduled__2022-10-28T14:05:00+00:00
[2022-10-28T18:02:44.462+0000] {logging_mixin.py:120} WARNING - /home/***/.local/lib/python3.7/site-packages/***/utils/context.py:297 AirflowContextDeprecationWarning: Accessing 'execution_date' from the template is deprecated and will be removed in a future version. Please use 'data_interval_start' or 'logical_date' instead.
[2022-10-28T18:02:44.523+0000] {logging_mixin.py:120} INFO - INFO Module build_postgres_cnxn: DB Connection to host local_pgdb Ok
[2022-10-28T18:02:44.809+0000] {logging_mixin.py:120} INFO - INFO api_request_to_pandas: API request executed Ok. Number of records returned: 180
[2022-10-28T18:02:45.283+0000] {logging_mixin.py:120} INFO - INFO api_request_to_pandas: API request executed Ok. Number of records returned: 19
[2022-10-28T18:02:45.288+0000] {logging_mixin.py:120} INFO - INFO is_holiday. URL request for 2022-10-28 Ok.
[2022-10-28T18:02:45.357+0000] {logging_mixin.py:120} INFO - INFO get_hourly_demand - 14 records were upserted. Table cammesa_db.hourly_demand.
[2022-10-28T18:02:45.358+0000] {logging_mixin.py:120} INFO - INFO get_hourly_demand execution:  2022-10-28T14:05:00+00:00
[2022-10-28T18:02:45.358+0000] {python.py:177} INFO - Done. Returned value was: None
[2022-10-28T18:02:45.414+0000] {taskinstance.py:1406} INFO - Marking task as SUCCESS. dag_id=get_hourly_demand_v2, task_id=get_hourly_demand, execution_date=20221028T140500, start_date=20221028T180243, end_date=20221028T180245
[2022-10-28T18:02:45.571+0000] {local_task_job.py:164} INFO - Task exited with return code 0
[2022-10-28T18:02:45.755+0000] {local_task_job.py:273} INFO - 0 downstream tasks scheduled from follow-on schedule check
