[2022-10-28T19:35:20.305+0000] {taskinstance.py:1165} INFO - Dependencies all met for <TaskInstance: ENG_hourly_process_v1.get_hourly_demand scheduled__2022-10-28T12:05:00+00:00 [queued]>
[2022-10-28T19:35:20.459+0000] {taskinstance.py:1165} INFO - Dependencies all met for <TaskInstance: ENG_hourly_process_v1.get_hourly_demand scheduled__2022-10-28T12:05:00+00:00 [queued]>
[2022-10-28T19:35:20.459+0000] {taskinstance.py:1362} INFO - 
--------------------------------------------------------------------------------
[2022-10-28T19:35:20.459+0000] {taskinstance.py:1363} INFO - Starting attempt 2 of 2
[2022-10-28T19:35:20.460+0000] {taskinstance.py:1364} INFO - 
--------------------------------------------------------------------------------
[2022-10-28T19:35:22.164+0000] {taskinstance.py:1383} INFO - Executing <Task(PythonOperator): get_hourly_demand> on 2022-10-28 12:05:00+00:00
[2022-10-28T19:35:22.202+0000] {standard_task_runner.py:55} INFO - Started process 751 to run task
[2022-10-28T19:35:22.274+0000] {standard_task_runner.py:82} INFO - Running: ['***', 'tasks', 'run', 'ENG_hourly_process_v1', 'get_hourly_demand', 'scheduled__2022-10-28T12:05:00+00:00', '--job-id', '170', '--raw', '--subdir', 'DAGS_FOLDER/ENG_hourly_process_dag.py', '--cfg-path', '/tmp/tmp1ne9fjmw']
[2022-10-28T19:35:22.283+0000] {standard_task_runner.py:83} INFO - Job 170: Subtask get_hourly_demand
[2022-10-28T19:35:22.632+0000] {task_command.py:376} INFO - Running <TaskInstance: ENG_hourly_process_v1.get_hourly_demand scheduled__2022-10-28T12:05:00+00:00 [running]> on host f011703e6eb5
[2022-10-28T19:35:23.109+0000] {taskinstance.py:1592} INFO - Exporting the following env vars:
AIRFLOW_CTX_DAG_EMAIL=colmo786@gmail.com
AIRFLOW_CTX_DAG_OWNER=energy
AIRFLOW_CTX_DAG_ID=ENG_hourly_process_v1
AIRFLOW_CTX_TASK_ID=get_hourly_demand
AIRFLOW_CTX_EXECUTION_DATE=2022-10-28T12:05:00+00:00
AIRFLOW_CTX_TRY_NUMBER=2
AIRFLOW_CTX_DAG_RUN_ID=scheduled__2022-10-28T12:05:00+00:00
[2022-10-28T19:35:23.153+0000] {logging_mixin.py:120} WARNING - /home/***/.local/lib/python3.7/site-packages/***/utils/context.py:297 AirflowContextDeprecationWarning: Accessing 'execution_date' from the template is deprecated and will be removed in a future version. Please use 'data_interval_start' or 'logical_date' instead.
[2022-10-28T19:35:23.187+0000] {logging_mixin.py:120} INFO - INFO Module build_postgres_cnxn: DB Connection to host local_pgdb Ok
[2022-10-28T19:35:23.392+0000] {logging_mixin.py:120} INFO - INFO api_request_to_pandas: API request executed Ok. Number of records returned: 197
[2022-10-28T19:35:23.939+0000] {logging_mixin.py:120} INFO - INFO api_request_to_pandas: API request executed Ok. Number of records returned: 19
[2022-10-28T19:35:23.941+0000] {logging_mixin.py:120} INFO - INFO is_holiday. URL request for 2022-10-28 Ok.
[2022-10-28T19:35:23.961+0000] {logging_mixin.py:120} INFO - INFO get_hourly_demand - 16 records were upserted. Table cammesa_db.hourly_demand.
[2022-10-28T19:35:23.963+0000] {logging_mixin.py:120} INFO - INFO get_hourly_demand execution:  2022-10-28T12:05:00+00:00
[2022-10-28T19:35:23.963+0000] {python.py:177} INFO - Done. Returned value was: None
[2022-10-28T19:35:23.987+0000] {taskinstance.py:1406} INFO - Marking task as SUCCESS. dag_id=ENG_hourly_process_v1, task_id=get_hourly_demand, execution_date=20221028T120500, start_date=20221028T193520, end_date=20221028T193523
[2022-10-28T19:35:24.221+0000] {local_task_job.py:164} INFO - Task exited with return code 0
[2022-10-28T19:35:24.289+0000] {local_task_job.py:273} INFO - 1 downstream tasks scheduled from follow-on schedule check
[2022-10-29T00:43:57.346+0000] {taskinstance.py:1165} INFO - Dependencies all met for <TaskInstance: ENG_hourly_process_v1.get_hourly_demand scheduled__2022-10-28T12:05:00+00:00 [queued]>
[2022-10-29T00:43:57.530+0000] {taskinstance.py:1165} INFO - Dependencies all met for <TaskInstance: ENG_hourly_process_v1.get_hourly_demand scheduled__2022-10-28T12:05:00+00:00 [queued]>
[2022-10-29T00:43:57.530+0000] {taskinstance.py:1362} INFO - 
--------------------------------------------------------------------------------
[2022-10-29T00:43:57.531+0000] {taskinstance.py:1363} INFO - Starting attempt 2 of 2
[2022-10-29T00:43:57.531+0000] {taskinstance.py:1364} INFO - 
--------------------------------------------------------------------------------
[2022-10-29T00:43:57.891+0000] {taskinstance.py:1383} INFO - Executing <Task(PythonOperator): get_hourly_demand> on 2022-10-28 12:05:00+00:00
[2022-10-29T00:43:58.022+0000] {standard_task_runner.py:55} INFO - Started process 2482 to run task
[2022-10-29T00:43:58.027+0000] {standard_task_runner.py:82} INFO - Running: ['***', 'tasks', 'run', 'ENG_hourly_process_v1', 'get_hourly_demand', 'scheduled__2022-10-28T12:05:00+00:00', '--job-id', '133', '--raw', '--subdir', 'DAGS_FOLDER/ENG_hourly_process_dag.py', '--cfg-path', '/tmp/tmpw7kgwr_l']
[2022-10-29T00:43:58.031+0000] {standard_task_runner.py:83} INFO - Job 133: Subtask get_hourly_demand
[2022-10-29T00:43:58.570+0000] {task_command.py:376} INFO - Running <TaskInstance: ENG_hourly_process_v1.get_hourly_demand scheduled__2022-10-28T12:05:00+00:00 [running]> on host 6800cd8e39a3
[2022-10-29T00:43:59.485+0000] {taskinstance.py:1592} INFO - Exporting the following env vars:
AIRFLOW_CTX_DAG_EMAIL=colmo786@gmail.com
AIRFLOW_CTX_DAG_OWNER=energy
AIRFLOW_CTX_DAG_ID=ENG_hourly_process_v1
AIRFLOW_CTX_TASK_ID=get_hourly_demand
AIRFLOW_CTX_EXECUTION_DATE=2022-10-28T12:05:00+00:00
AIRFLOW_CTX_TRY_NUMBER=2
AIRFLOW_CTX_DAG_RUN_ID=scheduled__2022-10-28T12:05:00+00:00
[2022-10-29T00:43:59.804+0000] {logging_mixin.py:120} WARNING - /home/***/.local/lib/python3.7/site-packages/***/utils/context.py:297 AirflowContextDeprecationWarning: Accessing 'execution_date' from the template is deprecated and will be removed in a future version. Please use 'data_interval_start' or 'logical_date' instead.
[2022-10-29T00:44:00.064+0000] {logging_mixin.py:120} INFO - INFO Module build_postgres_cnxn: DB Connection to host local_pgdb Ok
[2022-10-29T00:44:00.524+0000] {logging_mixin.py:120} INFO - INFO api_request_to_pandas: API request executed Ok. Number of records returned: 259
[2022-10-29T00:44:01.765+0000] {logging_mixin.py:120} INFO - INFO api_request_to_pandas: API request executed Ok. Number of records returned: 19
[2022-10-29T00:44:01.767+0000] {logging_mixin.py:120} INFO - INFO is_holiday. URL request for 2022-10-28 Ok.
[2022-10-29T00:44:01.928+0000] {logging_mixin.py:120} INFO - INFO get_hourly_demand - 21 records were upserted. Table cammesa_db.hourly_demand.
[2022-10-29T00:44:01.931+0000] {logging_mixin.py:120} INFO - INFO get_hourly_demand execution:  2022-10-28T12:05:00+00:00
[2022-10-29T00:44:01.932+0000] {python.py:177} INFO - Done. Returned value was: None
[2022-10-29T00:44:02.299+0000] {taskinstance.py:1406} INFO - Marking task as SUCCESS. dag_id=ENG_hourly_process_v1, task_id=get_hourly_demand, execution_date=20221028T120500, start_date=20221029T004357, end_date=20221029T004402
[2022-10-29T00:44:03.002+0000] {local_task_job.py:164} INFO - Task exited with return code 0
[2022-10-29T00:44:04.029+0000] {local_task_job.py:273} INFO - 1 downstream tasks scheduled from follow-on schedule check
