[2022-10-28T13:44:27.629+0000] {taskinstance.py:1165} INFO - Dependencies all met for <TaskInstance: get_hourly_demand_v2.get_hourly_demand scheduled__2022-10-28T07:05:00+00:00 [queued]>
[2022-10-28T13:44:28.193+0000] {taskinstance.py:1165} INFO - Dependencies all met for <TaskInstance: get_hourly_demand_v2.get_hourly_demand scheduled__2022-10-28T07:05:00+00:00 [queued]>
[2022-10-28T13:44:28.208+0000] {taskinstance.py:1362} INFO - 
--------------------------------------------------------------------------------
[2022-10-28T13:44:28.208+0000] {taskinstance.py:1363} INFO - Starting attempt 1 of 2
[2022-10-28T13:44:28.210+0000] {taskinstance.py:1364} INFO - 
--------------------------------------------------------------------------------
[2022-10-28T13:44:30.004+0000] {taskinstance.py:1383} INFO - Executing <Task(PythonOperator): get_hourly_demand> on 2022-10-28 07:05:00+00:00
[2022-10-28T13:44:30.153+0000] {standard_task_runner.py:55} INFO - Started process 4661 to run task
[2022-10-28T13:44:30.159+0000] {standard_task_runner.py:82} INFO - Running: ['***', 'tasks', 'run', 'get_hourly_demand_v2', 'get_hourly_demand', 'scheduled__2022-10-28T07:05:00+00:00', '--job-id', '58', '--raw', '--subdir', 'DAGS_FOLDER/hourly_demand_dag.py', '--cfg-path', '/tmp/tmpdgtq30ze']
[2022-10-28T13:44:30.274+0000] {standard_task_runner.py:83} INFO - Job 58: Subtask get_hourly_demand
[2022-10-28T13:44:32.273+0000] {task_command.py:376} INFO - Running <TaskInstance: get_hourly_demand_v2.get_hourly_demand scheduled__2022-10-28T07:05:00+00:00 [running]> on host 96776771a69f
[2022-10-28T13:44:34.622+0000] {taskinstance.py:1592} INFO - Exporting the following env vars:
AIRFLOW_CTX_DAG_EMAIL=colmo786@gmail.com
AIRFLOW_CTX_DAG_OWNER=energy
AIRFLOW_CTX_DAG_ID=get_hourly_demand_v2
AIRFLOW_CTX_TASK_ID=get_hourly_demand
AIRFLOW_CTX_EXECUTION_DATE=2022-10-28T07:05:00+00:00
AIRFLOW_CTX_TRY_NUMBER=1
AIRFLOW_CTX_DAG_RUN_ID=scheduled__2022-10-28T07:05:00+00:00
[2022-10-28T13:44:35.117+0000] {logging_mixin.py:120} WARNING - /home/***/.local/lib/python3.7/site-packages/***/utils/context.py:297 AirflowContextDeprecationWarning: Accessing 'execution_date' from the template is deprecated and will be removed in a future version. Please use 'data_interval_start' or 'logical_date' instead.
[2022-10-28T13:44:35.507+0000] {logging_mixin.py:120} INFO - INFO Module build_postgres_cnxn: DB Connection to host local_pgdb Ok
[2022-10-28T13:44:35.827+0000] {logging_mixin.py:120} INFO - INFO api_request_to_pandas: API request executed Ok. Number of records returned: 128
[2022-10-28T13:44:36.367+0000] {logging_mixin.py:120} INFO - INFO api_request_to_pandas: API request executed Ok. Number of records returned: 19
[2022-10-28T13:44:36.371+0000] {logging_mixin.py:120} INFO - INFO is_holiday. URL request for 2022-10-28 Ok.
[2022-10-28T13:44:36.406+0000] {logging_mixin.py:120} INFO - INFO get_hourly_demand - 10 records were upserted. Table cammesa_db.hourly_demand.
[2022-10-28T13:44:36.421+0000] {logging_mixin.py:120} INFO - INFO get_hourly_demand execution:  2022-10-28T07:05:00+00:00
[2022-10-28T13:44:36.421+0000] {python.py:177} INFO - Done. Returned value was: None
[2022-10-28T13:44:36.648+0000] {taskinstance.py:1406} INFO - Marking task as SUCCESS. dag_id=get_hourly_demand_v2, task_id=get_hourly_demand, execution_date=20221028T070500, start_date=20221028T134427, end_date=20221028T134436
[2022-10-28T13:44:37.163+0000] {local_task_job.py:164} INFO - Task exited with return code 0
[2022-10-28T13:44:37.613+0000] {local_task_job.py:273} INFO - 0 downstream tasks scheduled from follow-on schedule check
[2022-10-28T18:02:19.874+0000] {taskinstance.py:1165} INFO - Dependencies all met for <TaskInstance: get_hourly_demand_v2.get_hourly_demand scheduled__2022-10-28T07:05:00+00:00 [queued]>
[2022-10-28T18:02:19.959+0000] {taskinstance.py:1165} INFO - Dependencies all met for <TaskInstance: get_hourly_demand_v2.get_hourly_demand scheduled__2022-10-28T07:05:00+00:00 [queued]>
[2022-10-28T18:02:19.959+0000] {taskinstance.py:1362} INFO - 
--------------------------------------------------------------------------------
[2022-10-28T18:02:19.960+0000] {taskinstance.py:1363} INFO - Starting attempt 1 of 2
[2022-10-28T18:02:19.960+0000] {taskinstance.py:1364} INFO - 
--------------------------------------------------------------------------------
[2022-10-28T18:02:20.123+0000] {taskinstance.py:1383} INFO - Executing <Task(PythonOperator): get_hourly_demand> on 2022-10-28 07:05:00+00:00
[2022-10-28T18:02:20.152+0000] {standard_task_runner.py:55} INFO - Started process 1069 to run task
[2022-10-28T18:02:20.173+0000] {standard_task_runner.py:82} INFO - Running: ['***', 'tasks', 'run', 'get_hourly_demand_v2', 'get_hourly_demand', 'scheduled__2022-10-28T07:05:00+00:00', '--job-id', '55', '--raw', '--subdir', 'DAGS_FOLDER/hourly_demand_dag.py', '--cfg-path', '/tmp/tmpf9vwbttx']
[2022-10-28T18:02:20.198+0000] {standard_task_runner.py:83} INFO - Job 55: Subtask get_hourly_demand
[2022-10-28T18:02:20.568+0000] {task_command.py:376} INFO - Running <TaskInstance: get_hourly_demand_v2.get_hourly_demand scheduled__2022-10-28T07:05:00+00:00 [running]> on host f011703e6eb5
[2022-10-28T18:02:21.138+0000] {taskinstance.py:1592} INFO - Exporting the following env vars:
AIRFLOW_CTX_DAG_EMAIL=colmo786@gmail.com
AIRFLOW_CTX_DAG_OWNER=energy
AIRFLOW_CTX_DAG_ID=get_hourly_demand_v2
AIRFLOW_CTX_TASK_ID=get_hourly_demand
AIRFLOW_CTX_EXECUTION_DATE=2022-10-28T07:05:00+00:00
AIRFLOW_CTX_TRY_NUMBER=1
AIRFLOW_CTX_DAG_RUN_ID=scheduled__2022-10-28T07:05:00+00:00
[2022-10-28T18:02:21.157+0000] {logging_mixin.py:120} WARNING - /home/***/.local/lib/python3.7/site-packages/***/utils/context.py:297 AirflowContextDeprecationWarning: Accessing 'execution_date' from the template is deprecated and will be removed in a future version. Please use 'data_interval_start' or 'logical_date' instead.
[2022-10-28T18:02:21.191+0000] {logging_mixin.py:120} INFO - INFO Module build_postgres_cnxn: DB Connection to host local_pgdb Ok
[2022-10-28T18:02:21.313+0000] {logging_mixin.py:120} INFO - INFO api_request_to_pandas: API request executed Ok. Number of records returned: 180
[2022-10-28T18:02:21.687+0000] {logging_mixin.py:120} INFO - INFO api_request_to_pandas: API request executed Ok. Number of records returned: 19
[2022-10-28T18:02:21.701+0000] {logging_mixin.py:120} INFO - INFO is_holiday. URL request for 2022-10-28 Ok.
[2022-10-28T18:02:21.738+0000] {logging_mixin.py:120} INFO - INFO get_hourly_demand - 14 records were upserted. Table cammesa_db.hourly_demand.
[2022-10-28T18:02:21.739+0000] {logging_mixin.py:120} INFO - INFO get_hourly_demand execution:  2022-10-28T07:05:00+00:00
[2022-10-28T18:02:21.739+0000] {python.py:177} INFO - Done. Returned value was: None
[2022-10-28T18:02:21.782+0000] {taskinstance.py:1406} INFO - Marking task as SUCCESS. dag_id=get_hourly_demand_v2, task_id=get_hourly_demand, execution_date=20221028T070500, start_date=20221028T180219, end_date=20221028T180221
[2022-10-28T18:02:21.890+0000] {local_task_job.py:164} INFO - Task exited with return code 0
[2022-10-28T18:02:22.290+0000] {local_task_job.py:273} INFO - 0 downstream tasks scheduled from follow-on schedule check
