[2022-10-26T22:34:04.407+0000] {taskinstance.py:1165} INFO - Dependencies all met for <TaskInstance: get_hourly_demand_v2.get_hourly_demand scheduled__2022-10-26T06:05:00+00:00 [queued]>
[2022-10-26T22:34:04.459+0000] {taskinstance.py:1165} INFO - Dependencies all met for <TaskInstance: get_hourly_demand_v2.get_hourly_demand scheduled__2022-10-26T06:05:00+00:00 [queued]>
[2022-10-26T22:34:04.460+0000] {taskinstance.py:1362} INFO - 
--------------------------------------------------------------------------------
[2022-10-26T22:34:04.461+0000] {taskinstance.py:1363} INFO - Starting attempt 2 of 2
[2022-10-26T22:34:04.461+0000] {taskinstance.py:1364} INFO - 
--------------------------------------------------------------------------------
[2022-10-26T22:34:04.504+0000] {taskinstance.py:1383} INFO - Executing <Task(PythonOperator): get_hourly_demand> on 2022-10-26 06:05:00+00:00
[2022-10-26T22:34:04.510+0000] {standard_task_runner.py:55} INFO - Started process 460 to run task
[2022-10-26T22:34:04.514+0000] {standard_task_runner.py:82} INFO - Running: ['***', 'tasks', 'run', 'get_hourly_demand_v2', 'get_hourly_demand', 'scheduled__2022-10-26T06:05:00+00:00', '--job-id', '24', '--raw', '--subdir', 'DAGS_FOLDER/hourly_demand_dag.py', '--cfg-path', '/tmp/tmp5doxyqjr']
[2022-10-26T22:34:04.516+0000] {standard_task_runner.py:83} INFO - Job 24: Subtask get_hourly_demand
[2022-10-26T22:34:04.853+0000] {task_command.py:376} INFO - Running <TaskInstance: get_hourly_demand_v2.get_hourly_demand scheduled__2022-10-26T06:05:00+00:00 [running]> on host b19062265769
[2022-10-26T22:34:05.234+0000] {taskinstance.py:1592} INFO - Exporting the following env vars:
AIRFLOW_CTX_DAG_EMAIL=colmo786@gmail.com
AIRFLOW_CTX_DAG_OWNER=energy
AIRFLOW_CTX_DAG_ID=get_hourly_demand_v2
AIRFLOW_CTX_TASK_ID=get_hourly_demand
AIRFLOW_CTX_EXECUTION_DATE=2022-10-26T06:05:00+00:00
AIRFLOW_CTX_TRY_NUMBER=2
AIRFLOW_CTX_DAG_RUN_ID=scheduled__2022-10-26T06:05:00+00:00
[2022-10-26T22:34:05.244+0000] {logging_mixin.py:120} WARNING - /home/***/.local/lib/python3.7/site-packages/***/utils/context.py:297 AirflowContextDeprecationWarning: Accessing 'execution_date' from the template is deprecated and will be removed in a future version. Please use 'data_interval_start' or 'logical_date' instead.
[2022-10-26T22:34:05.258+0000] {logging_mixin.py:120} INFO - INFO Module build_postgres_cnxn: DB Connection to host local_pgdb Ok
[2022-10-26T22:34:05.606+0000] {logging_mixin.py:120} INFO - INFO api_request_to_pandas: API request executed Ok. Number of records returned: 233
[2022-10-26T22:34:05.967+0000] {logging_mixin.py:120} INFO - INFO api_request_to_pandas: API request executed Ok. Number of records returned: 19
[2022-10-26T22:34:05.970+0000] {logging_mixin.py:120} INFO - INFO is_holiday. URL request for 2022-10-26 Ok.
[2022-10-26T22:34:05.976+0000] {logging_mixin.py:120} INFO - INFO get_hourly_demand - 19 records were upserted. Table cammesa_db.hourly_demand.
[2022-10-26T22:34:05.976+0000] {logging_mixin.py:120} INFO - INFO get_hourly_demand execution:  2022-10-26T06:05:00+00:00
[2022-10-26T22:34:05.976+0000] {python.py:177} INFO - Done. Returned value was: None
[2022-10-26T22:34:05.989+0000] {taskinstance.py:1406} INFO - Marking task as SUCCESS. dag_id=get_hourly_demand_v2, task_id=get_hourly_demand, execution_date=20221026T060500, start_date=20221026T223404, end_date=20221026T223405
[2022-10-26T22:34:06.030+0000] {local_task_job.py:164} INFO - Task exited with return code 0
[2022-10-26T22:34:06.053+0000] {local_task_job.py:273} INFO - 0 downstream tasks scheduled from follow-on schedule check
